<?xml version="1.0" encoding="UTF-8"?>
<coverage generated="1780801827873" clover="3.2.0">
  <project timestamp="1780801827873" name="All files">
    <metrics statements="2341" coveredstatements="2339" conditionals="1388" coveredconditionals="1293" methods="175" coveredmethods="171" elements="3904" coveredelements="3803" complexity="0" loc="2341" ncloc="2341" packages="3" files="14" classes="14"/>
    <package name="server">
      <metrics statements="200" coveredstatements="199" conditionals="95" coveredconditionals="92" methods="31" coveredmethods="27"/>
      <file name="index.js" path="/Users/mac/Documents/Rezzy Semester 6/mental health/sales-point-pos/server/index.js">
        <metrics statements="200" coveredstatements="199" conditionals="95" coveredconditionals="92" methods="31" coveredmethods="27"/>
        <line num="1" count="342" type="stmt"/>
        <line num="2" count="342" type="stmt"/>
        <line num="3" count="342" type="stmt"/>
        <line num="4" count="342" type="stmt"/>
        <line num="5" count="342" type="stmt"/>
        <line num="6" count="342" type="stmt"/>
        <line num="7" count="342" type="stmt"/>
        <line num="8" count="342" type="stmt"/>
        <line num="9" count="342" type="stmt"/>
        <line num="10" count="342" type="stmt"/>
        <line num="11" count="342" type="stmt"/>
        <line num="12" count="342" type="stmt"/>
        <line num="13" count="342" type="stmt"/>
        <line num="14" count="342" type="stmt"/>
        <line num="15" count="342" type="stmt"/>
        <line num="16" count="342" type="stmt"/>
        <line num="17" count="342" type="stmt"/>
        <line num="18" count="342" type="stmt"/>
        <line num="19" count="342" type="stmt"/>
        <line num="20" count="342" type="stmt"/>
        <line num="22" count="342" type="stmt"/>
        <line num="23" count="342" type="stmt"/>
        <line num="24" count="342" type="stmt"/>
        <line num="26" count="342" type="stmt"/>
        <line num="28" count="342" type="stmt"/>
        <line num="29" count="342" type="cond" truecount="2" falsecount="0"/>
        <line num="30" count="342" type="cond" truecount="1" falsecount="1"/>
        <line num="32" count="342" type="stmt"/>
        <line num="33" count="342" type="stmt"/>
        <line num="36" count="342" type="stmt"/>
        <line num="38" count="2" type="stmt"/>
        <line num="41" count="2" type="stmt"/>
        <line num="42" count="2" type="stmt"/>
        <line num="46" count="342" type="stmt"/>
        <line num="49" count="3" type="stmt"/>
        <line num="50" count="3" type="stmt"/>
        <line num="51" count="3" type="stmt"/>
        <line num="52" count="3" type="cond" truecount="4" falsecount="0"/>
        <line num="53" count="2" type="stmt"/>
        <line num="55" count="1" type="stmt"/>
        <line num="61" count="342" type="stmt"/>
        <line num="63" count="342" type="stmt"/>
        <line num="64" count="2" type="stmt"/>
        <line num="68" count="342" type="stmt"/>
        <line num="69" count="19" type="stmt"/>
        <line num="71" count="19" type="cond" truecount="5" falsecount="0"/>
        <line num="72" count="4" type="stmt"/>
        <line num="75" count="15" type="cond" truecount="2" falsecount="0"/>
        <line num="76" count="3" type="stmt"/>
        <line num="79" count="12" type="cond" truecount="2" falsecount="0"/>
        <line num="80" count="3" type="stmt"/>
        <line num="83" count="9" type="stmt"/>
        <line num="84" count="9" type="stmt"/>
        <line num="85" count="9" type="stmt"/>
        <line num="90" count="3" type="stmt"/>
        <line num="101" count="3" type="stmt"/>
        <line num="107" count="3" type="stmt"/>
        <line num="119" count="6" type="cond" truecount="2" falsecount="0"/>
        <line num="120" count="3" type="stmt"/>
        <line num="122" count="3" type="stmt"/>
        <line num="123" count="3" type="stmt"/>
        <line num="128" count="342" type="stmt"/>
        <line num="129" count="16" type="stmt"/>
        <line num="131" count="16" type="stmt"/>
        <line num="132" count="16" type="stmt"/>
        <line num="134" count="12" type="cond" truecount="2" falsecount="0"/>
        <line num="135" count="3" type="stmt"/>
        <line num="138" count="9" type="stmt"/>
        <line num="140" count="9" type="cond" truecount="2" falsecount="0"/>
        <line num="141" count="3" type="stmt"/>
        <line num="144" count="6" type="stmt"/>
        <line num="146" count="6" type="cond" truecount="2" falsecount="0"/>
        <line num="147" count="3" type="stmt"/>
        <line num="150" count="3" type="stmt"/>
        <line num="161" count="3" type="stmt"/>
        <line num="165" count="3" type="stmt"/>
        <line num="175" count="4" type="stmt"/>
        <line num="176" count="4" type="stmt"/>
        <line num="180" count="342" type="stmt"/>
        <line num="181" count="300" type="cond" truecount="2" falsecount="0"/>
        <line num="182" count="300" type="cond" truecount="2" falsecount="0"/>
        <line num="183" count="300" type="cond" truecount="2" falsecount="0"/>
        <line num="184" count="282" type="stmt"/>
        <line num="185" count="282" type="stmt"/>
        <line num="186" count="278" type="stmt"/>
        <line num="187" count="278" type="stmt"/>
        <line num="189" count="4" type="stmt"/>
        <line num="193" count="342" type="stmt"/>
        <line num="194" count="67" type="cond" truecount="2" falsecount="0"/>
        <line num="195" count="61" type="stmt"/>
        <line num="198" count="342" type="stmt"/>
        <line num="199" count="19254" type="stmt"/>
        <line num="201" count="167" type="cond" truecount="5" falsecount="0"/>
        <line num="203" count="163" type="stmt"/>
        <line num="204" count="163" type="stmt"/>
        <line num="207" count="159" type="cond" truecount="2" falsecount="0"/>
        <line num="208" count="63" type="cond" truecount="2" falsecount="0"/>
        <line num="209" count="4" type="stmt"/>
        <line num="212" count="96" type="stmt"/>
        <line num="213" count="96" type="stmt"/>
        <line num="218" count="96" type="cond" truecount="4" falsecount="0"/>
        <line num="219" count="38" type="stmt"/>
        <line num="220" count="58" type="cond" truecount="4" falsecount="0"/>
        <line num="222" count="2" type="stmt"/>
        <line num="224" count="56" type="stmt"/>
        <line num="227" count="4" type="stmt"/>
        <line num="228" count="4" type="stmt"/>
        <line num="233" count="342" type="stmt"/>
        <line num="252" count="342" type="stmt"/>
        <line num="253" count="5" type="stmt"/>
        <line num="256" count="342" type="stmt"/>
        <line num="257" count="8" type="stmt"/>
        <line num="258" count="8" type="stmt"/>
        <line num="259" count="4" type="stmt"/>
        <line num="261" count="4" type="stmt"/>
        <line num="265" count="342" type="stmt"/>
        <line num="266" count="15" type="stmt"/>
        <line num="267" count="15" type="cond" truecount="2" falsecount="0"/>
        <line num="268" count="11" type="stmt"/>
        <line num="269" count="11" type="stmt"/>
        <line num="270" count="4" type="stmt"/>
        <line num="272" count="7" type="cond" truecount="2" falsecount="0"/>
        <line num="273" count="3" type="stmt"/>
        <line num="277" count="342" type="stmt"/>
        <line num="278" count="20" type="stmt"/>
        <line num="279" count="20" type="cond" truecount="2" falsecount="0"/>
        <line num="280" count="16" type="stmt"/>
        <line num="283" count="16" type="stmt"/>
        <line num="284" count="12" type="cond" truecount="2" falsecount="0"/>
        <line num="285" count="8" type="cond" truecount="2" falsecount="0"/>
        <line num="286" count="4" type="stmt"/>
        <line num="289" count="4" type="stmt"/>
        <line num="290" count="4" type="stmt"/>
        <line num="291" count="4" type="stmt"/>
        <line num="293" count="4" type="stmt"/>
        <line num="297" count="342" type="stmt"/>
        <line num="298" count="20" type="stmt"/>
        <line num="299" count="20" type="stmt"/>
        <line num="301" count="20" type="cond" truecount="4" falsecount="0"/>
        <line num="303" count="16" type="stmt"/>
        <line num="304" count="16" type="stmt"/>
        <line num="307" count="16" type="cond" truecount="4" falsecount="0"/>
        <line num="308" count="8" type="stmt"/>
        <line num="309" count="8" type="cond" truecount="2" falsecount="0"/>
        <line num="310" count="4" type="stmt"/>
        <line num="317" count="64" type="stmt"/>
        <line num="324" count="12" type="stmt"/>
        <line num="325" count="8" type="stmt"/>
        <line num="326" count="8" type="stmt"/>
        <line num="327" count="128" type="stmt"/>
        <line num="328" count="128" type="stmt"/>
        <line num="329" count="512" type="cond" truecount="2" falsecount="0"/>
        <line num="330" count="512" type="cond" truecount="2" falsecount="0"/>
        <line num="332" count="128" type="stmt"/>
        <line num="334" count="8" type="stmt"/>
        <line num="336" count="4" type="stmt"/>
        <line num="340" count="342" type="stmt"/>
        <line num="341" count="26" type="stmt"/>
        <line num="344" count="26" type="cond" truecount="4" falsecount="0"/>
        <line num="345" count="12" type="cond" truecount="2" falsecount="0"/>
        <line num="347" count="8" type="stmt"/>
        <line num="348" count="8" type="stmt"/>
        <line num="349" count="8" type="stmt"/>
        <line num="353" count="8" type="stmt"/>
        <line num="356" count="8" type="stmt"/>
        <line num="357" count="8" type="stmt"/>
        <line num="358" count="20" type="cond" truecount="2" falsecount="0"/>
        <line num="359" count="18" type="stmt"/>
        <line num="367" count="4" type="stmt"/>
        <line num="368" count="4" type="stmt"/>
        <line num="370" count="4" type="stmt"/>
        <line num="371" count="4" type="stmt"/>
        <line num="373" count="8" type="stmt"/>
        <line num="375" count="8" type="stmt"/>
        <line num="379" count="14" type="cond" truecount="5" falsecount="0"/>
        <line num="380" count="10" type="stmt"/>
        <line num="381" count="10" type="stmt"/>
        <line num="385" count="6" type="stmt"/>
        <line num="387" count="4" type="stmt"/>
        <line num="394" count="342" type="stmt"/>
        <line num="395" count="342" type="stmt"/>
        <line num="396" count="342" type="stmt"/>
        <line num="397" count="342" type="stmt"/>
        <line num="398" count="342" type="stmt"/>
        <line num="399" count="342" type="stmt"/>
        <line num="400" count="342" type="stmt"/>
        <line num="401" count="342" type="stmt"/>
        <line num="402" count="342" type="stmt"/>
        <line num="403" count="342" type="stmt"/>
        <line num="404" count="342" type="stmt"/>
        <line num="405" count="342" type="stmt"/>
        <line num="406" count="342" type="stmt"/>
        <line num="409" count="1" type="stmt"/>
        <line num="410" count="1" type="cond" truecount="1" falsecount="1"/>
        <line num="411" count="1" type="stmt"/>
        <line num="417" count="1" type="stmt"/>
        <line num="418" count="1" type="stmt"/>
        <line num="422" count="342" type="cond" truecount="1" falsecount="1"/>
        <line num="423" count="0" type="stmt"/>
        <line num="426" count="342" type="stmt"/>
      </file>
    </package>
    <package name="server.routes">
      <metrics statements="2132" coveredstatements="2131" conditionals="1287" coveredconditionals="1195" methods="143" coveredmethods="143"/>
      <file name="audit-trails.js" path="/Users/mac/Documents/Rezzy Semester 6/mental health/sales-point-pos/server/routes/audit-trails.js">
        <metrics statements="57" coveredstatements="57" conditionals="20" coveredconditionals="20" methods="4" coveredmethods="4"/>
        <line num="1" count="343" type="stmt"/>
        <line num="4" count="343" type="stmt"/>
        <line num="5" count="26" type="stmt"/>
        <line num="6" count="26" type="stmt"/>
        <line num="11" count="1" type="stmt"/>
        <line num="15" count="343" type="stmt"/>
        <line num="16" count="349" type="stmt"/>
        <line num="19" count="349" type="stmt"/>
        <line num="20" count="4" type="stmt"/>
        <line num="21" count="4" type="cond" truecount="2" falsecount="0"/>
        <line num="22" count="4" type="stmt"/>
        <line num="24" count="4" type="stmt"/>
        <line num="25" count="4" type="stmt"/>
        <line num="27" count="4" type="cond" truecount="2" falsecount="0"/>
        <line num="28" count="1" type="stmt"/>
        <line num="29" count="1" type="stmt"/>
        <line num="31" count="4" type="cond" truecount="2" falsecount="0"/>
        <line num="32" count="1" type="stmt"/>
        <line num="33" count="1" type="stmt"/>
        <line num="35" count="4" type="cond" truecount="2" falsecount="0"/>
        <line num="36" count="1" type="stmt"/>
        <line num="37" count="1" type="stmt"/>
        <line num="39" count="4" type="cond" truecount="2" falsecount="0"/>
        <line num="40" count="1" type="stmt"/>
        <line num="41" count="1" type="stmt"/>
        <line num="44" count="4" type="stmt"/>
        <line num="45" count="4" type="stmt"/>
        <line num="47" count="4" type="stmt"/>
        <line num="50" count="3" type="stmt"/>
        <line num="51" count="3" type="stmt"/>
        <line num="53" count="3" type="cond" truecount="2" falsecount="0"/>
        <line num="54" count="1" type="stmt"/>
        <line num="55" count="1" type="stmt"/>
        <line num="57" count="3" type="cond" truecount="2" falsecount="0"/>
        <line num="58" count="1" type="stmt"/>
        <line num="59" count="1" type="stmt"/>
        <line num="61" count="3" type="cond" truecount="2" falsecount="0"/>
        <line num="62" count="1" type="stmt"/>
        <line num="63" count="1" type="stmt"/>
        <line num="65" count="3" type="cond" truecount="2" falsecount="0"/>
        <line num="66" count="1" type="stmt"/>
        <line num="67" count="1" type="stmt"/>
        <line num="70" count="3" type="stmt"/>
        <line num="71" count="3" type="stmt"/>
        <line num="73" count="3" type="stmt"/>
        <line num="81" count="1" type="stmt"/>
        <line num="82" count="1" type="stmt"/>
        <line num="87" count="349" type="stmt"/>
        <line num="88" count="3" type="stmt"/>
        <line num="89" count="3" type="stmt"/>
        <line num="91" count="2" type="cond" truecount="2" falsecount="0"/>
        <line num="92" count="1" type="stmt"/>
        <line num="95" count="1" type="stmt"/>
        <line num="97" count="1" type="stmt"/>
        <line num="98" count="1" type="stmt"/>
        <line num="103" count="349" type="stmt"/>
        <line num="106" count="343" type="stmt"/>
      </file>
      <file name="inventory.js" path="/Users/mac/Documents/Rezzy Semester 6/mental health/sales-point-pos/server/routes/inventory.js">
        <metrics statements="347" coveredstatements="346" conditionals="205" coveredconditionals="173" methods="19" coveredmethods="19"/>
        <line num="2" count="343" type="stmt"/>
        <line num="6" count="426" type="stmt"/>
        <line num="7" count="6" type="stmt"/>
        <line num="8" count="6" type="stmt"/>
        <line num="9" count="6" type="stmt"/>
        <line num="18" count="5" type="stmt"/>
        <line num="19" count="4" type="stmt"/>
        <line num="20" count="4" type="stmt"/>
        <line num="24" count="3" type="stmt"/>
        <line num="26" count="1" type="stmt"/>
        <line num="28" count="4" type="stmt"/>
        <line num="29" count="4" type="stmt"/>
        <line num="33" count="3" type="stmt"/>
        <line num="35" count="1" type="stmt"/>
        <line num="37" count="4" type="stmt"/>
        <line num="38" count="4" type="stmt"/>
        <line num="42" count="3" type="stmt"/>
        <line num="44" count="1" type="stmt"/>
        <line num="48" count="5" type="stmt"/>
        <line num="50" count="1" type="stmt"/>
        <line num="51" count="1" type="stmt"/>
        <line num="56" count="426" type="stmt"/>
        <line num="57" count="6" type="stmt"/>
        <line num="58" count="6" type="stmt"/>
        <line num="59" count="6" type="stmt"/>
        <line num="61" count="6" type="cond" truecount="4" falsecount="0"/>
        <line num="62" count="2" type="stmt"/>
        <line num="65" count="4" type="stmt"/>
        <line num="66" count="4" type="stmt"/>
        <line num="67" count="4" type="stmt"/>
        <line num="69" count="4" type="cond" truecount="2" falsecount="0"/>
        <line num="70" count="4" type="cond" truecount="2" falsecount="0"/>
        <line num="72" count="4" type="stmt"/>
        <line num="78" count="3" type="stmt"/>
        <line num="82" count="3" type="cond" truecount="2" falsecount="0"/>
        <line num="85" count="3" type="cond" truecount="2" falsecount="0"/>
        <line num="86" count="3" type="stmt"/>
        <line num="94" count="3" type="stmt"/>
        <line num="96" count="1" type="stmt"/>
        <line num="97" count="1" type="stmt"/>
        <line num="99" count="4" type="stmt"/>
        <line num="102" count="3" type="stmt"/>
        <line num="111" count="3" type="stmt"/>
        <line num="113" count="1" type="stmt"/>
        <line num="114" count="1" type="stmt"/>
        <line num="119" count="426" type="stmt"/>
        <line num="120" count="2" type="stmt"/>
        <line num="121" count="2" type="stmt"/>
        <line num="123" count="2" type="stmt"/>
        <line num="125" count="1" type="stmt"/>
        <line num="134" count="1" type="stmt"/>
        <line num="136" count="1" type="stmt"/>
        <line num="137" count="1" type="stmt"/>
        <line num="142" count="426" type="stmt"/>
        <line num="143" count="4" type="stmt"/>
        <line num="144" count="4" type="stmt"/>
        <line num="153" count="3" type="stmt"/>
        <line num="154" count="2" type="stmt"/>
        <line num="155" count="2" type="stmt"/>
        <line num="159" count="1" type="stmt"/>
        <line num="161" count="1" type="stmt"/>
        <line num="165" count="3" type="stmt"/>
        <line num="167" count="1" type="stmt"/>
        <line num="168" count="1" type="stmt"/>
        <line num="173" count="426" type="stmt"/>
        <line num="174" count="7" type="stmt"/>
        <line num="175" count="7" type="stmt"/>
        <line num="176" count="7" type="stmt"/>
        <line num="179" count="7" type="stmt"/>
        <line num="180" count="6" type="cond" truecount="2" falsecount="0"/>
        <line num="181" count="1" type="stmt"/>
        <line num="185" count="5" type="cond" truecount="5" falsecount="0"/>
        <line num="186" count="1" type="stmt"/>
        <line num="190" count="4" type="cond" truecount="4" falsecount="0"/>
        <line num="191" count="2" type="stmt"/>
        <line num="195" count="2" type="stmt"/>
        <line num="196" count="2" type="cond" truecount="2" falsecount="0"/>
        <line num="197" count="1" type="stmt"/>
        <line num="204" count="3" type="cond" truecount="2" falsecount="0"/>
        <line num="206" count="3" type="stmt"/>
        <line num="215" count="3" type="stmt"/>
        <line num="217" count="1" type="stmt"/>
        <line num="218" count="1" type="stmt"/>
        <line num="223" count="426" type="stmt"/>
        <line num="224" count="3" type="stmt"/>
        <line num="225" count="3" type="stmt"/>
        <line num="233" count="2" type="stmt"/>
        <line num="235" count="1" type="stmt"/>
        <line num="236" count="1" type="stmt"/>
        <line num="241" count="426" type="stmt"/>
        <line num="242" count="51" type="cond" truecount="2" falsecount="0"/>
        <line num="243" count="17" type="stmt"/>
        <line num="244" count="17" type="cond" truecount="1" falsecount="1"/>
        <line num="245" count="17" type="stmt"/>
        <line num="249" count="426" type="stmt"/>
        <line num="250" count="8" type="stmt"/>
        <line num="251" count="8" type="stmt"/>
        <line num="252" count="8" type="cond" truecount="1" falsecount="1"/>
        <line num="254" count="8" type="stmt"/>
        <line num="255" count="8" type="stmt"/>
        <line num="256" count="8" type="stmt"/>
        <line num="259" count="8" type="stmt"/>
        <line num="260" count="8" type="stmt"/>
        <line num="261" count="8" type="cond" truecount="2" falsecount="0"/>
        <line num="263" count="8" type="stmt"/>
        <line num="284" count="7" type="stmt"/>
        <line num="285" count="7" type="cond" truecount="5" falsecount="0"/>
        <line num="286" count="2" type="stmt"/>
        <line num="287" count="2" type="stmt"/>
        <line num="292" count="1" type="stmt"/>
        <line num="297" count="7" type="cond" truecount="2" falsecount="0"/>
        <line num="298" count="6" type="stmt"/>
        <line num="299" count="6" type="stmt"/>
        <line num="300" count="6" type="stmt"/>
        <line num="302" count="6" type="stmt"/>
        <line num="309" count="5" type="stmt"/>
        <line num="310" count="5" type="cond" truecount="1" falsecount="1"/>
        <line num="313" count="5" type="stmt"/>
        <line num="317" count="5" type="cond" truecount="2" falsecount="0"/>
        <line num="318" count="2" type="stmt"/>
        <line num="319" count="3" type="cond" truecount="4" falsecount="0"/>
        <line num="320" count="2" type="stmt"/>
        <line num="325" count="1" type="stmt"/>
        <line num="328" count="5" type="cond" truecount="1" falsecount="1"/>
        <line num="333" count="5" type="stmt"/>
        <line num="335" count="1" type="stmt"/>
        <line num="336" count="1" type="stmt"/>
        <line num="340" count="6" type="stmt"/>
        <line num="344" count="7" type="stmt"/>
        <line num="353" count="7" type="stmt"/>
        <line num="355" count="1" type="stmt"/>
        <line num="356" count="1" type="stmt"/>
        <line num="361" count="426" type="stmt"/>
        <line num="362" count="13" type="stmt"/>
        <line num="363" count="13" type="stmt"/>
        <line num="364" count="13" type="stmt"/>
        <line num="367" count="13" type="stmt"/>
        <line num="368" count="12" type="cond" truecount="2" falsecount="0"/>
        <line num="369" count="1" type="stmt"/>
        <line num="373" count="11" type="cond" truecount="4" falsecount="0"/>
        <line num="374" count="1" type="stmt"/>
        <line num="376" count="10" type="cond" truecount="4" falsecount="0"/>
        <line num="377" count="1" type="stmt"/>
        <line num="379" count="9" type="stmt"/>
        <line num="380" count="9" type="stmt"/>
        <line num="381" count="9" type="stmt"/>
        <line num="382" count="9" type="stmt"/>
        <line num="383" count="9" type="cond" truecount="1" falsecount="1"/>
        <line num="384" count="9" type="cond" truecount="2" falsecount="0"/>
        <line num="386" count="9" type="stmt"/>
        <line num="387" count="9" type="stmt"/>
        <line num="388" count="9" type="stmt"/>
        <line num="391" count="9" type="stmt"/>
        <line num="392" count="9" type="stmt"/>
        <line num="394" count="9" type="cond" truecount="2" falsecount="0"/>
        <line num="397" count="1" type="cond" truecount="1" falsecount="1"/>
        <line num="398" count="1" type="stmt"/>
        <line num="402" count="8" type="stmt"/>
        <line num="407" count="9" type="cond" truecount="3" falsecount="3"/>
        <line num="409" count="9" type="stmt"/>
        <line num="431" count="9" type="stmt"/>
        <line num="432" count="9" type="stmt"/>
        <line num="433" count="9" type="stmt"/>
        <line num="436" count="9" type="cond" truecount="4" falsecount="0"/>
        <line num="437" count="4" type="stmt"/>
        <line num="438" count="4" type="stmt"/>
        <line num="443" count="5" type="cond" truecount="4" falsecount="0"/>
        <line num="444" count="4" type="stmt"/>
        <line num="449" count="1" type="cond" truecount="2" falsecount="2"/>
        <line num="450" count="0" type="stmt"/>
        <line num="458" count="9" type="cond" truecount="2" falsecount="0"/>
        <line num="459" count="8" type="stmt"/>
        <line num="460" count="7" type="cond" truecount="1" falsecount="1"/>
        <line num="461" count="7" type="stmt"/>
        <line num="462" count="7" type="cond" truecount="2" falsecount="0"/>
        <line num="464" count="7" type="cond" truecount="4" falsecount="0"/>
        <line num="466" count="6" type="stmt"/>
        <line num="467" count="6" type="cond" truecount="2" falsecount="0"/>
        <line num="468" count="2" type="cond" truecount="4" falsecount="0"/>
        <line num="469" count="1" type="stmt"/>
        <line num="470" count="1" type="stmt"/>
        <line num="471" count="1" type="stmt"/>
        <line num="473" count="6" type="cond" truecount="1" falsecount="1"/>
        <line num="477" count="1" type="cond" truecount="1" falsecount="1"/>
        <line num="479" count="1" type="cond" truecount="3" falsecount="2"/>
        <line num="480" count="1" type="cond" truecount="1" falsecount="1"/>
        <line num="484" count="1" type="cond" truecount="1" falsecount="1"/>
        <line num="485" count="1" type="stmt"/>
        <line num="489" count="1" type="stmt"/>
        <line num="498" count="8" type="stmt"/>
        <line num="500" count="1" type="stmt"/>
        <line num="501" count="1" type="stmt"/>
        <line num="503" count="9" type="stmt"/>
        <line num="506" count="9" type="stmt"/>
        <line num="515" count="9" type="stmt"/>
        <line num="517" count="1" type="stmt"/>
        <line num="518" count="1" type="stmt"/>
        <line num="523" count="426" type="stmt"/>
        <line num="524" count="3" type="stmt"/>
        <line num="525" count="3" type="stmt"/>
        <line num="526" count="3" type="stmt"/>
        <line num="527" count="2" type="cond" truecount="2" falsecount="0"/>
        <line num="528" count="1" type="stmt"/>
        <line num="529" count="1" type="stmt"/>
        <line num="530" count="1" type="stmt"/>
        <line num="531" count="1" type="stmt"/>
        <line num="537" count="1" type="stmt"/>
        <line num="546" count="1" type="stmt"/>
        <line num="548" count="2" type="stmt"/>
        <line num="550" count="1" type="stmt"/>
        <line num="551" count="1" type="stmt"/>
        <line num="556" count="426" type="stmt"/>
        <line num="557" count="5" type="stmt"/>
        <line num="558" count="5" type="stmt"/>
        <line num="559" count="5" type="stmt"/>
        <line num="560" count="5" type="stmt"/>
        <line num="562" count="5" type="stmt"/>
        <line num="563" count="4" type="cond" truecount="2" falsecount="0"/>
        <line num="564" count="1" type="stmt"/>
        <line num="565" count="1" type="stmt"/>
        <line num="567" count="3" type="stmt"/>
        <line num="568" count="3" type="stmt"/>
        <line num="569" count="3" type="cond" truecount="2" falsecount="0"/>
        <line num="570" count="1" type="stmt"/>
        <line num="571" count="1" type="stmt"/>
        <line num="575" count="2" type="stmt"/>
        <line num="578" count="2" type="stmt"/>
        <line num="581" count="2" type="stmt"/>
        <line num="582" count="2" type="cond" truecount="1" falsecount="1"/>
        <line num="583" count="2" type="stmt"/>
        <line num="584" count="2" type="cond" truecount="2" falsecount="0"/>
        <line num="585" count="2" type="cond" truecount="1" falsecount="1"/>
        <line num="588" count="2" type="stmt"/>
        <line num="593" count="2" type="stmt"/>
        <line num="598" count="2" type="stmt"/>
        <line num="599" count="2" type="stmt"/>
        <line num="601" count="1" type="stmt"/>
        <line num="602" count="1" type="stmt"/>
        <line num="603" count="1" type="stmt"/>
        <line num="605" count="5" type="stmt"/>
        <line num="610" count="426" type="stmt"/>
        <line num="611" count="7" type="stmt"/>
        <line num="612" count="7" type="stmt"/>
        <line num="613" count="7" type="stmt"/>
        <line num="615" count="6" type="cond" truecount="2" falsecount="0"/>
        <line num="616" count="5" type="stmt"/>
        <line num="617" count="5" type="cond" truecount="2" falsecount="0"/>
        <line num="619" count="4" type="stmt"/>
        <line num="620" count="4" type="stmt"/>
        <line num="621" count="4" type="stmt"/>
        <line num="623" count="4" type="stmt"/>
        <line num="626" count="3" type="stmt"/>
        <line num="629" count="3" type="stmt"/>
        <line num="630" count="3" type="cond" truecount="1" falsecount="1"/>
        <line num="631" count="3" type="stmt"/>
        <line num="632" count="3" type="cond" truecount="2" falsecount="0"/>
        <line num="635" count="3" type="stmt"/>
        <line num="636" count="3" type="stmt"/>
        <line num="640" count="3" type="cond" truecount="2" falsecount="0"/>
        <line num="641" count="1" type="stmt"/>
        <line num="642" count="2" type="cond" truecount="4" falsecount="0"/>
        <line num="643" count="1" type="stmt"/>
        <line num="648" count="1" type="stmt"/>
        <line num="651" count="3" type="cond" truecount="2" falsecount="2"/>
        <line num="653" count="3" type="stmt"/>
        <line num="658" count="3" type="stmt"/>
        <line num="660" count="1" type="stmt"/>
        <line num="661" count="1" type="stmt"/>
        <line num="662" count="1" type="stmt"/>
        <line num="664" count="4" type="stmt"/>
        <line num="667" count="3" type="stmt"/>
        <line num="676" count="3" type="stmt"/>
        <line num="678" count="1" type="stmt"/>
        <line num="679" count="1" type="stmt"/>
        <line num="683" count="426" type="stmt"/>
        <line num="684" count="4" type="stmt"/>
        <line num="685" count="4" type="stmt"/>
        <line num="686" count="4" type="stmt"/>
        <line num="688" count="3" type="cond" truecount="2" falsecount="0"/>
        <line num="689" count="2" type="cond" truecount="2" falsecount="0"/>
        <line num="691" count="1" type="stmt"/>
        <line num="693" count="1" type="stmt"/>
        <line num="702" count="1" type="stmt"/>
        <line num="704" count="1" type="stmt"/>
        <line num="705" count="1" type="stmt"/>
        <line num="709" count="426" type="stmt"/>
        <line num="710" count="3" type="stmt"/>
        <line num="711" count="3" type="stmt"/>
        <line num="712" count="3" type="stmt"/>
        <line num="713" count="2" type="cond" truecount="2" falsecount="0"/>
        <line num="715" count="2" type="stmt"/>
        <line num="724" count="2" type="stmt"/>
        <line num="726" count="1" type="stmt"/>
        <line num="727" count="1" type="stmt"/>
        <line num="733" count="426" type="stmt"/>
        <line num="734" count="3" type="stmt"/>
        <line num="735" count="3" type="stmt"/>
        <line num="744" count="2" type="stmt"/>
        <line num="745" count="2" type="stmt"/>
        <line num="746" count="1" type="stmt"/>
        <line num="753" count="1" type="stmt"/>
        <line num="759" count="2" type="stmt"/>
        <line num="761" count="1" type="stmt"/>
        <line num="762" count="1" type="stmt"/>
        <line num="767" count="426" type="stmt"/>
        <line num="768" count="5" type="stmt"/>
        <line num="769" count="5" type="stmt"/>
        <line num="770" count="5" type="cond" truecount="2" falsecount="0"/>
        <line num="773" count="5" type="cond" truecount="2" falsecount="0"/>
        <line num="775" count="5" type="stmt"/>
        <line num="781" count="4" type="cond" truecount="2" falsecount="0"/>
        <line num="782" count="2" type="cond" truecount="2" falsecount="0"/>
        <line num="783" count="2" type="stmt"/>
        <line num="784" count="3" type="stmt"/>
        <line num="791" count="4" type="stmt"/>
        <line num="800" count="4" type="stmt"/>
        <line num="802" count="1" type="stmt"/>
        <line num="803" count="1" type="stmt"/>
        <line num="808" count="426" type="stmt"/>
        <line num="809" count="6" type="stmt"/>
        <line num="810" count="6" type="stmt"/>
        <line num="811" count="6" type="stmt"/>
        <line num="814" count="6" type="cond" truecount="1" falsecount="1"/>
        <line num="817" count="6" type="stmt"/>
        <line num="818" count="5" type="stmt"/>
        <line num="820" count="5" type="cond" truecount="2" falsecount="0"/>
        <line num="821" count="2" type="stmt"/>
        <line num="824" count="5" type="stmt"/>
        <line num="831" count="5" type="cond" truecount="2" falsecount="0"/>
        <line num="833" count="1" type="stmt"/>
        <line num="836" count="1" type="cond" truecount="1" falsecount="1"/>
        <line num="837" count="1" type="stmt"/>
        <line num="838" count="1" type="stmt"/>
        <line num="845" count="5" type="stmt"/>
        <line num="854" count="5" type="stmt"/>
        <line num="856" count="1" type="stmt"/>
        <line num="857" count="1" type="stmt"/>
        <line num="862" count="426" type="stmt"/>
        <line num="863" count="2" type="stmt"/>
        <line num="864" count="2" type="stmt"/>
        <line num="865" count="2" type="stmt"/>
        <line num="866" count="1" type="stmt"/>
        <line num="868" count="1" type="stmt"/>
        <line num="877" count="1" type="stmt"/>
        <line num="879" count="1" type="stmt"/>
        <line num="880" count="1" type="stmt"/>
        <line num="885" count="343" type="stmt"/>
      </file>
      <file name="password-reset.js" path="/Users/mac/Documents/Rezzy Semester 6/mental health/sales-point-pos/server/routes/password-reset.js">
        <metrics statements="74" coveredstatements="74" conditionals="44" coveredconditionals="44" methods="7" coveredmethods="7"/>
        <line num="1" count="343" type="stmt"/>
        <line num="2" count="343" type="stmt"/>
        <line num="5" count="27" type="cond" truecount="2" falsecount="0"/>
        <line num="6" count="26" type="stmt"/>
        <line num="7" count="26" type="cond" truecount="2" falsecount="0"/>
        <line num="8" count="21" type="stmt"/>
        <line num="12" count="2" type="stmt"/>
        <line num="13" count="2" type="stmt"/>
        <line num="17" count="2" type="stmt"/>
        <line num="18" count="2" type="stmt"/>
        <line num="19" count="2" type="stmt"/>
        <line num="20" count="2" type="stmt"/>
        <line num="21" count="2" type="stmt"/>
        <line num="23" count="2" type="stmt"/>
        <line num="54" count="358" type="stmt"/>
        <line num="62" count="358" type="stmt"/>
        <line num="63" count="6" type="cond" truecount="2" falsecount="0"/>
        <line num="64" count="6" type="cond" truecount="2" falsecount="0"/>
        <line num="65" count="2" type="stmt"/>
        <line num="68" count="4" type="cond" truecount="4" falsecount="0"/>
        <line num="69" count="1" type="stmt"/>
        <line num="70" count="1" type="stmt"/>
        <line num="73" count="3" type="stmt"/>
        <line num="74" count="3" type="stmt"/>
        <line num="76" count="2" type="cond" truecount="2" falsecount="0"/>
        <line num="78" count="1" type="stmt"/>
        <line num="81" count="1" type="stmt"/>
        <line num="82" count="1" type="stmt"/>
        <line num="84" count="1" type="stmt"/>
        <line num="90" count="1" type="stmt"/>
        <line num="92" count="1" type="stmt"/>
        <line num="99" count="1" type="stmt"/>
        <line num="100" count="1" type="stmt"/>
        <line num="102" count="1" type="stmt"/>
        <line num="103" count="1" type="stmt"/>
        <line num="107" count="358" type="stmt"/>
        <line num="108" count="8" type="cond" truecount="2" falsecount="0"/>
        <line num="109" count="8" type="cond" truecount="2" falsecount="0"/>
        <line num="110" count="8" type="cond" truecount="2" falsecount="0"/>
        <line num="111" count="5" type="cond" truecount="2" falsecount="0"/>
        <line num="113" count="4" type="stmt"/>
        <line num="114" count="4" type="stmt"/>
        <line num="125" count="3" type="cond" truecount="2" falsecount="0"/>
        <line num="127" count="2" type="stmt"/>
        <line num="128" count="2" type="stmt"/>
        <line num="129" count="2" type="cond" truecount="2" falsecount="0"/>
        <line num="131" count="1" type="stmt"/>
        <line num="132" count="1" type="stmt"/>
        <line num="134" count="1" type="stmt"/>
        <line num="143" count="1" type="stmt"/>
        <line num="145" count="1" type="stmt"/>
        <line num="146" count="1" type="stmt"/>
        <line num="150" count="358" type="stmt"/>
        <line num="151" count="10" type="cond" truecount="2" falsecount="0"/>
        <line num="152" count="10" type="cond" truecount="2" falsecount="0"/>
        <line num="153" count="10" type="cond" truecount="2" falsecount="0"/>
        <line num="155" count="10" type="cond" truecount="2" falsecount="0"/>
        <line num="156" count="8" type="cond" truecount="2" falsecount="0"/>
        <line num="157" count="7" type="cond" truecount="2" falsecount="0"/>
        <line num="159" count="5" type="stmt"/>
        <line num="160" count="5" type="stmt"/>
        <line num="172" count="4" type="cond" truecount="2" falsecount="0"/>
        <line num="174" count="3" type="stmt"/>
        <line num="175" count="3" type="stmt"/>
        <line num="176" count="3" type="cond" truecount="2" falsecount="0"/>
        <line num="178" count="2" type="stmt"/>
        <line num="179" count="2" type="stmt"/>
        <line num="180" count="2" type="cond" truecount="2" falsecount="0"/>
        <line num="182" count="1" type="stmt"/>
        <line num="184" count="1" type="stmt"/>
        <line num="186" count="1" type="stmt"/>
        <line num="187" count="1" type="stmt"/>
        <line num="192" count="343" type="stmt"/>
        <line num="198" count="343" type="stmt"/>
      </file>
      <file name="products.js" path="/Users/mac/Documents/Rezzy Semester 6/mental health/sales-point-pos/server/routes/products.js">
        <metrics statements="146" coveredstatements="146" conditionals="93" coveredconditionals="93" methods="9" coveredmethods="9"/>
        <line num="1" count="343" type="stmt"/>
        <line num="3" count="343" type="stmt"/>
        <line num="5" count="373" type="stmt"/>
        <line num="10" count="5" type="cond" truecount="2" falsecount="0"/>
        <line num="11" count="5" type="cond" truecount="2" falsecount="0"/>
        <line num="12" count="5" type="cond" truecount="2" falsecount="0"/>
        <line num="13" count="5" type="stmt"/>
        <line num="15" count="5" type="stmt"/>
        <line num="16" count="5" type="stmt"/>
        <line num="19" count="3" type="stmt"/>
        <line num="40" count="3" type="stmt"/>
        <line num="41" count="3" type="stmt"/>
        <line num="43" count="3" type="cond" truecount="2" falsecount="0"/>
        <line num="44" count="1" type="stmt"/>
        <line num="45" count="1" type="stmt"/>
        <line num="46" count="1" type="stmt"/>
        <line num="48" count="2" type="stmt"/>
        <line num="49" count="2" type="stmt"/>
        <line num="52" count="3" type="stmt"/>
        <line num="53" count="3" type="stmt"/>
        <line num="55" count="3" type="stmt"/>
        <line num="57" count="3" type="stmt"/>
        <line num="61" count="3" type="stmt"/>
        <line num="63" count="3" type="stmt"/>
        <line num="65" count="3" type="stmt"/>
        <line num="75" count="2" type="stmt"/>
        <line num="76" count="2" type="stmt"/>
        <line num="81" count="373" type="stmt"/>
        <line num="87" count="8" type="stmt"/>
        <line num="89" count="8" type="cond" truecount="4" falsecount="0"/>
        <line num="90" count="2" type="stmt"/>
        <line num="96" count="6" type="stmt"/>
        <line num="97" count="6" type="cond" truecount="2" falsecount="0"/>
        <line num="98" count="2" type="stmt"/>
        <line num="99" count="2" type="cond" truecount="2" falsecount="0"/>
        <line num="100" count="1" type="stmt"/>
        <line num="103" count="6" type="stmt"/>
        <line num="106" count="6" type="cond" truecount="2" falsecount="0"/>
        <line num="108" count="6" type="stmt"/>
        <line num="109" count="6" type="stmt"/>
        <line num="126" count="5" type="stmt"/>
        <line num="128" count="5" type="stmt"/>
        <line num="137" count="5" type="stmt"/>
        <line num="153" count="1" type="stmt"/>
        <line num="154" count="1" type="stmt"/>
        <line num="159" count="373" type="stmt"/>
        <line num="164" count="5" type="stmt"/>
        <line num="166" count="5" type="stmt"/>
        <line num="169" count="5" type="stmt"/>
        <line num="170" count="4" type="cond" truecount="2" falsecount="0"/>
        <line num="171" count="2" type="stmt"/>
        <line num="172" count="2" type="cond" truecount="2" falsecount="0"/>
        <line num="173" count="1" type="stmt"/>
        <line num="176" count="5" type="stmt"/>
        <line num="177" count="5" type="stmt"/>
        <line num="180" count="5" type="stmt"/>
        <line num="182" count="4" type="stmt"/>
        <line num="186" count="4" type="stmt"/>
        <line num="188" count="4" type="stmt"/>
        <line num="197" count="4" type="stmt"/>
        <line num="199" count="1" type="stmt"/>
        <line num="200" count="1" type="stmt"/>
        <line num="205" count="373" type="stmt"/>
        <line num="210" count="6" type="stmt"/>
        <line num="212" count="6" type="stmt"/>
        <line num="213" count="6" type="stmt"/>
        <line num="215" count="6" type="stmt"/>
        <line num="219" count="5" type="cond" truecount="2" falsecount="0"/>
        <line num="220" count="2" type="stmt"/>
        <line num="221" count="2" type="stmt"/>
        <line num="224" count="3" type="stmt"/>
        <line num="226" count="3" type="stmt"/>
        <line num="228" count="3" type="stmt"/>
        <line num="232" count="3" type="stmt"/>
        <line num="235" count="3" type="cond" truecount="2" falsecount="0"/>
        <line num="236" count="3" type="stmt"/>
        <line num="238" count="3" type="stmt"/>
        <line num="240" count="3" type="stmt"/>
        <line num="249" count="3" type="stmt"/>
        <line num="251" count="1" type="stmt"/>
        <line num="252" count="1" type="stmt"/>
        <line num="257" count="373" type="stmt"/>
        <line num="262" count="10" type="stmt"/>
        <line num="264" count="10" type="cond" truecount="5" falsecount="0"/>
        <line num="265" count="2" type="stmt"/>
        <line num="268" count="8" type="stmt"/>
        <line num="269" count="8" type="stmt"/>
        <line num="270" count="8" type="stmt"/>
        <line num="272" count="8" type="stmt"/>
        <line num="276" count="7" type="cond" truecount="2" falsecount="0"/>
        <line num="277" count="1" type="stmt"/>
        <line num="278" count="1" type="stmt"/>
        <line num="280" count="6" type="stmt"/>
        <line num="281" count="6" type="stmt"/>
        <line num="282" count="6" type="stmt"/>
        <line num="284" count="6" type="cond" truecount="2" falsecount="0"/>
        <line num="285" count="2" type="stmt"/>
        <line num="286" count="2" type="stmt"/>
        <line num="287" count="4" type="cond" truecount="2" falsecount="0"/>
        <line num="288" count="3" type="cond" truecount="2" falsecount="0"/>
        <line num="289" count="2" type="stmt"/>
        <line num="290" count="2" type="stmt"/>
        <line num="292" count="1" type="stmt"/>
        <line num="293" count="1" type="stmt"/>
        <line num="295" count="1" type="stmt"/>
        <line num="296" count="1" type="stmt"/>
        <line num="299" count="3" type="stmt"/>
        <line num="304" count="3" type="stmt"/>
        <line num="316" count="3" type="stmt"/>
        <line num="317" count="3" type="stmt"/>
        <line num="319" count="1" type="stmt"/>
        <line num="320" count="1" type="stmt"/>
        <line num="321" count="1" type="stmt"/>
        <line num="323" count="8" type="stmt"/>
        <line num="328" count="373" type="stmt"/>
        <line num="333" count="8" type="stmt"/>
        <line num="335" count="8" type="cond" truecount="4" falsecount="0"/>
        <line num="336" count="2" type="stmt"/>
        <line num="339" count="6" type="stmt"/>
        <line num="340" count="6" type="stmt"/>
        <line num="341" count="6" type="stmt"/>
        <line num="342" count="6" type="stmt"/>
        <line num="344" count="6" type="stmt"/>
        <line num="345" count="7" type="stmt"/>
        <line num="346" count="7" type="stmt"/>
        <line num="348" count="7" type="cond" truecount="2" falsecount="0"/>
        <line num="349" count="6" type="stmt"/>
        <line num="356" count="5" type="stmt"/>
        <line num="357" count="5" type="cond" truecount="2" falsecount="0"/>
        <line num="358" count="5" type="stmt"/>
        <line num="359" count="5" type="cond" truecount="2" falsecount="0"/>
        <line num="360" count="5" type="cond" truecount="2" falsecount="0"/>
        <line num="361" count="5" type="stmt"/>
        <line num="364" count="5" type="stmt"/>
        <line num="365" count="5" type="cond" truecount="2" falsecount="0"/>
        <line num="367" count="1" type="stmt"/>
        <line num="373" count="4" type="stmt"/>
        <line num="374" count="4" type="stmt"/>
        <line num="380" count="5" type="stmt"/>
        <line num="385" count="5" type="stmt"/>
        <line num="399" count="5" type="stmt"/>
        <line num="400" count="5" type="stmt"/>
        <line num="402" count="1" type="stmt"/>
        <line num="403" count="1" type="stmt"/>
        <line num="404" count="1" type="stmt"/>
        <line num="406" count="6" type="stmt"/>
      </file>
      <file name="profile.js" path="/Users/mac/Documents/Rezzy Semester 6/mental health/sales-point-pos/server/routes/profile.js">
        <metrics statements="40" coveredstatements="40" conditionals="18" coveredconditionals="18" methods="4" coveredmethods="4"/>
        <line num="1" count="343" type="stmt"/>
        <line num="3" count="355" type="stmt"/>
        <line num="4" count="4" type="stmt"/>
        <line num="5" count="4" type="stmt"/>
        <line num="10" count="3" type="cond" truecount="2" falsecount="0"/>
        <line num="11" count="1" type="stmt"/>
        <line num="14" count="2" type="stmt"/>
        <line num="16" count="1" type="stmt"/>
        <line num="17" count="1" type="stmt"/>
        <line num="22" count="355" type="stmt"/>
        <line num="23" count="7" type="stmt"/>
        <line num="25" count="7" type="cond" truecount="4" falsecount="0"/>
        <line num="26" count="2" type="stmt"/>
        <line num="29" count="5" type="stmt"/>
        <line num="31" count="5" type="stmt"/>
        <line num="36" count="4" type="cond" truecount="2" falsecount="0"/>
        <line num="37" count="2" type="stmt"/>
        <line num="40" count="2" type="stmt"/>
        <line num="45" count="2" type="stmt"/>
        <line num="47" count="1" type="stmt"/>
        <line num="48" count="1" type="stmt"/>
        <line num="53" count="355" type="stmt"/>
        <line num="54" count="8" type="stmt"/>
        <line num="56" count="8" type="cond" truecount="4" falsecount="0"/>
        <line num="57" count="1" type="stmt"/>
        <line num="60" count="7" type="cond" truecount="2" falsecount="0"/>
        <line num="61" count="1" type="stmt"/>
        <line num="64" count="6" type="stmt"/>
        <line num="66" count="6" type="stmt"/>
        <line num="68" count="5" type="cond" truecount="2" falsecount="0"/>
        <line num="69" count="1" type="stmt"/>
        <line num="72" count="4" type="stmt"/>
        <line num="75" count="4" type="stmt"/>
        <line num="76" count="4" type="cond" truecount="2" falsecount="0"/>
        <line num="77" count="2" type="stmt"/>
        <line num="81" count="2" type="stmt"/>
        <line num="84" count="2" type="stmt"/>
        <line num="86" count="2" type="stmt"/>
        <line num="88" count="1" type="stmt"/>
        <line num="89" count="1" type="stmt"/>
      </file>
      <file name="reports.js" path="/Users/mac/Documents/Rezzy Semester 6/mental health/sales-point-pos/server/routes/reports.js">
        <metrics statements="176" coveredstatements="176" conditionals="87" coveredconditionals="87" methods="16" coveredmethods="16"/>
        <line num="1" count="343" type="stmt"/>
        <line num="2" count="379" type="stmt"/>
        <line num="7" count="5" type="stmt"/>
        <line num="9" count="5" type="cond" truecount="4" falsecount="0"/>
        <line num="10" count="2" type="stmt"/>
        <line num="13" count="3" type="stmt"/>
        <line num="14" count="3" type="stmt"/>
        <line num="16" count="2" type="stmt"/>
        <line num="20" count="2" type="cond" truecount="2" falsecount="0"/>
        <line num="22" count="2" type="stmt"/>
        <line num="32" count="2" type="cond" truecount="2" falsecount="0"/>
        <line num="34" count="2" type="stmt"/>
        <line num="44" count="2" type="cond" truecount="2" falsecount="0"/>
        <line num="45" count="2" type="stmt"/>
        <line num="47" count="2" type="stmt"/>
        <line num="49" count="2" type="stmt"/>
        <line num="51" count="2" type="stmt"/>
        <line num="82" count="1" type="stmt"/>
        <line num="83" count="1" type="stmt"/>
        <line num="89" count="379" type="stmt"/>
        <line num="94" count="3" type="stmt"/>
        <line num="95" count="3" type="cond" truecount="4" falsecount="0"/>
        <line num="96" count="1" type="stmt"/>
        <line num="99" count="2" type="stmt"/>
        <line num="100" count="2" type="stmt"/>
        <line num="101" count="1" type="stmt"/>
        <line num="102" count="1" type="stmt"/>
        <line num="105" count="1" type="stmt"/>
        <line num="117" count="1" type="stmt"/>
        <line num="119" count="1" type="stmt"/>
        <line num="124" count="1" type="stmt"/>
        <line num="125" count="1" type="stmt"/>
        <line num="131" count="379" type="stmt"/>
        <line num="136" count="9" type="stmt"/>
        <line num="137" count="9" type="cond" truecount="2" falsecount="0"/>
        <line num="138" count="9" type="cond" truecount="2" falsecount="0"/>
        <line num="139" count="9" type="stmt"/>
        <line num="140" count="9" type="stmt"/>
        <line num="142" count="9" type="stmt"/>
        <line num="143" count="9" type="stmt"/>
        <line num="146" count="8" type="stmt"/>
        <line num="159" count="8" type="stmt"/>
        <line num="173" count="8" type="stmt"/>
        <line num="174" count="8" type="stmt"/>
        <line num="176" count="8" type="stmt"/>
        <line num="177" count="13" type="cond" truecount="2" falsecount="0"/>
        <line num="180" count="13" type="cond" truecount="2" falsecount="0"/>
        <line num="181" count="7" type="stmt"/>
        <line num="182" count="6" type="cond" truecount="2" falsecount="0"/>
        <line num="183" count="5" type="stmt"/>
        <line num="187" count="8" type="stmt"/>
        <line num="190" count="12" type="stmt"/>
        <line num="191" count="8" type="cond" truecount="2" falsecount="0"/>
        <line num="193" count="4" type="cond" truecount="2" falsecount="0"/>
        <line num="194" count="2" type="cond" truecount="2" falsecount="0"/>
        <line num="195" count="1" type="stmt"/>
        <line num="197" count="1" type="stmt"/>
        <line num="200" count="2" type="cond" truecount="2" falsecount="0"/>
        <line num="201" count="1" type="stmt"/>
        <line num="203" count="1" type="stmt"/>
        <line num="208" count="4" type="stmt"/>
        <line num="219" count="8" type="stmt"/>
        <line num="221" count="8" type="stmt"/>
        <line num="226" count="1" type="stmt"/>
        <line num="227" count="1" type="stmt"/>
        <line num="233" count="379" type="stmt"/>
        <line num="238" count="4" type="stmt"/>
        <line num="239" count="4" type="cond" truecount="2" falsecount="0"/>
        <line num="240" count="4" type="cond" truecount="2" falsecount="0"/>
        <line num="241" count="4" type="stmt"/>
        <line num="242" count="4" type="stmt"/>
        <line num="244" count="4" type="stmt"/>
        <line num="245" count="4" type="stmt"/>
        <line num="247" count="3" type="stmt"/>
        <line num="257" count="3" type="stmt"/>
        <line num="259" count="3" type="cond" truecount="2" falsecount="0"/>
        <line num="260" count="1" type="stmt"/>
        <line num="261" count="1" type="stmt"/>
        <line num="264" count="3" type="stmt"/>
        <line num="266" count="3" type="stmt"/>
        <line num="269" count="3" type="stmt"/>
        <line num="271" count="3" type="stmt"/>
        <line num="273" count="3" type="stmt"/>
        <line num="279" count="1" type="stmt"/>
        <line num="280" count="1" type="stmt"/>
        <line num="285" count="379" type="stmt"/>
        <line num="290" count="7" type="stmt"/>
        <line num="292" count="7" type="cond" truecount="4" falsecount="0"/>
        <line num="293" count="2" type="stmt"/>
        <line num="298" count="5" type="stmt"/>
        <line num="299" count="5" type="stmt"/>
        <line num="301" count="4" type="stmt"/>
        <line num="312" count="6" type="stmt"/>
        <line num="313" count="4" type="stmt"/>
        <line num="314" count="4" type="cond" truecount="2" falsecount="0"/>
        <line num="315" count="3" type="stmt"/>
        <line num="324" count="3" type="stmt"/>
        <line num="327" count="6" type="stmt"/>
        <line num="329" count="12" type="stmt"/>
        <line num="332" count="4" type="stmt"/>
        <line num="333" count="4" type="stmt"/>
        <line num="334" count="6" type="stmt"/>
        <line num="335" count="6" type="cond" truecount="2" falsecount="0"/>
        <line num="336" count="5" type="stmt"/>
        <line num="338" count="6" type="stmt"/>
        <line num="341" count="4" type="stmt"/>
        <line num="343" count="5" type="stmt"/>
        <line num="348" count="4" type="stmt"/>
        <line num="350" count="4" type="stmt"/>
        <line num="355" count="1" type="stmt"/>
        <line num="356" count="1" type="stmt"/>
        <line num="361" count="379" type="stmt"/>
        <line num="366" count="4" type="stmt"/>
        <line num="367" count="4" type="stmt"/>
        <line num="369" count="3" type="stmt"/>
        <line num="372" count="3" type="cond" truecount="2" falsecount="0"/>
        <line num="374" count="3" type="stmt"/>
        <line num="377" count="3" type="cond" truecount="2" falsecount="0"/>
        <line num="379" count="3" type="stmt"/>
        <line num="381" count="3" type="stmt"/>
        <line num="383" count="3" type="stmt"/>
        <line num="384" count="3" type="stmt"/>
        <line num="386" count="3" type="stmt"/>
        <line num="388" count="3" type="stmt"/>
        <line num="391" count="3" type="cond" truecount="2" falsecount="0"/>
        <line num="393" count="3" type="stmt"/>
        <line num="400" count="3" type="cond" truecount="2" falsecount="0"/>
        <line num="402" count="3" type="stmt"/>
        <line num="404" count="3" type="stmt"/>
        <line num="406" count="3" type="stmt"/>
        <line num="408" count="3" type="stmt"/>
        <line num="428" count="1" type="stmt"/>
        <line num="429" count="1" type="stmt"/>
        <line num="435" count="379" type="stmt"/>
        <line num="436" count="5" type="stmt"/>
        <line num="437" count="5" type="stmt"/>
        <line num="438" count="5" type="stmt"/>
        <line num="439" count="4" type="stmt"/>
        <line num="448" count="4" type="stmt"/>
        <line num="449" count="4" type="cond" truecount="4" falsecount="0"/>
        <line num="450" count="1" type="stmt"/>
        <line num="451" count="1" type="stmt"/>
        <line num="453" count="4" type="stmt"/>
        <line num="454" count="4" type="stmt"/>
        <line num="455" count="4" type="stmt"/>
        <line num="458" count="4" type="stmt"/>
        <line num="459" count="4" type="stmt"/>
        <line num="460" count="4" type="cond" truecount="2" falsecount="0"/>
        <line num="461" count="3" type="stmt"/>
        <line num="469" count="4" type="cond" truecount="2" falsecount="0"/>
        <line num="470" count="3" type="stmt"/>
        <line num="480" count="4" type="stmt"/>
        <line num="482" count="1" type="stmt"/>
        <line num="483" count="1" type="stmt"/>
        <line num="488" count="379" type="stmt"/>
        <line num="489" count="4" type="stmt"/>
        <line num="490" count="4" type="cond" truecount="7" falsecount="0"/>
        <line num="491" count="1" type="stmt"/>
        <line num="495" count="3" type="stmt"/>
        <line num="496" count="3" type="stmt"/>
        <line num="497" count="3" type="stmt"/>
        <line num="498" count="6" type="cond" truecount="2" falsecount="0"/>
        <line num="499" count="6" type="cond" truecount="2" falsecount="0"/>
        <line num="502" count="3" type="cond" truecount="2" falsecount="0"/>
        <line num="503" count="1" type="stmt"/>
        <line num="506" count="2" type="stmt"/>
        <line num="507" count="2" type="stmt"/>
        <line num="508" count="2" type="stmt"/>
        <line num="510" count="2" type="stmt"/>
        <line num="511" count="2" type="stmt"/>
        <line num="513" count="1" type="stmt"/>
        <line num="514" count="1" type="stmt"/>
        <line num="516" count="1" type="stmt"/>
        <line num="517" count="1" type="stmt"/>
        <line num="518" count="1" type="stmt"/>
        <line num="520" count="2" type="stmt"/>
      </file>
      <file name="returns.js" path="/Users/mac/Documents/Rezzy Semester 6/mental health/sales-point-pos/server/routes/returns.js">
        <metrics statements="258" coveredstatements="258" conditionals="138" coveredconditionals="136" methods="15" coveredmethods="15"/>
        <line num="1" count="343" type="stmt"/>
        <line num="3" count="343" type="stmt"/>
        <line num="4" count="17" type="stmt"/>
        <line num="8" count="17" type="stmt"/>
        <line num="9" count="17" type="cond" truecount="2" falsecount="0"/>
        <line num="10" count="1" type="stmt"/>
        <line num="11" count="1" type="stmt"/>
        <line num="12" count="1" type="stmt"/>
        <line num="14" count="17" type="stmt"/>
        <line num="17" count="343" type="stmt"/>
        <line num="23" count="408" type="stmt"/>
        <line num="25" count="16" type="stmt"/>
        <line num="28" count="16" type="cond" truecount="2" falsecount="0"/>
        <line num="31" count="10" type="stmt"/>
        <line num="36" count="10" type="cond" truecount="2" falsecount="0"/>
        <line num="38" count="10" type="stmt"/>
        <line num="42" count="10" type="stmt"/>
        <line num="46" count="408" type="stmt"/>
        <line num="47" count="12" type="stmt"/>
        <line num="51" count="12" type="cond" truecount="2" falsecount="0"/>
        <line num="53" count="10" type="stmt"/>
        <line num="57" count="10" type="stmt"/>
        <line num="61" count="408" type="stmt"/>
        <line num="62" count="6" type="stmt"/>
        <line num="63" count="6" type="stmt"/>
        <line num="64" count="6" type="cond" truecount="2" falsecount="0"/>
        <line num="67" count="5" type="stmt"/>
        <line num="77" count="4" type="cond" truecount="2" falsecount="0"/>
        <line num="79" count="3" type="stmt"/>
        <line num="86" count="4" type="stmt"/>
        <line num="88" count="3" type="stmt"/>
        <line num="89" count="3" type="stmt"/>
        <line num="91" count="4" type="stmt"/>
        <line num="97" count="4" type="cond" truecount="2" falsecount="0"/>
        <line num="100" count="4" type="stmt"/>
        <line num="101" count="4" type="cond" truecount="2" falsecount="0"/>
        <line num="102" count="3" type="stmt"/>
        <line num="106" count="3" type="stmt"/>
        <line num="108" count="1" type="stmt"/>
        <line num="112" count="1" type="stmt"/>
        <line num="115" count="4" type="stmt"/>
        <line num="117" count="4" type="stmt"/>
        <line num="132" count="3" type="stmt"/>
        <line num="143" count="1" type="stmt"/>
        <line num="144" count="1" type="stmt"/>
        <line num="149" count="408" type="stmt"/>
        <line num="150" count="26" type="stmt"/>
        <line num="152" count="26" type="cond" truecount="5" falsecount="0"/>
        <line num="153" count="2" type="stmt"/>
        <line num="156" count="24" type="cond" truecount="4" falsecount="0"/>
        <line num="157" count="1" type="stmt"/>
        <line num="160" count="23" type="cond" truecount="4" falsecount="0"/>
        <line num="161" count="1" type="stmt"/>
        <line num="164" count="22" type="stmt"/>
        <line num="165" count="22" type="stmt"/>
        <line num="166" count="22" type="stmt"/>
        <line num="169" count="22" type="stmt"/>
        <line num="170" count="22" type="cond" truecount="4" falsecount="0"/>
        <line num="171" count="2" type="stmt"/>
        <line num="172" count="2" type="cond" truecount="2" falsecount="0"/>
        <line num="173" count="1" type="stmt"/>
        <line num="177" count="21" type="stmt"/>
        <line num="181" count="20" type="cond" truecount="2" falsecount="0"/>
        <line num="183" count="19" type="stmt"/>
        <line num="186" count="19" type="stmt"/>
        <line num="187" count="17" type="cond" truecount="5" falsecount="0"/>
        <line num="188" count="1" type="stmt"/>
        <line num="192" count="16" type="stmt"/>
        <line num="195" count="16" type="stmt"/>
        <line num="196" count="16" type="stmt"/>
        <line num="198" count="16" type="stmt"/>
        <line num="199" count="17" type="stmt"/>
        <line num="200" count="17" type="cond" truecount="5" falsecount="0"/>
        <line num="201" count="1" type="stmt"/>
        <line num="203" count="16" type="cond" truecount="2" falsecount="0"/>
        <line num="206" count="16" type="stmt"/>
        <line num="207" count="15" type="cond" truecount="2" falsecount="0"/>
        <line num="210" count="14" type="stmt"/>
        <line num="217" count="14" type="stmt"/>
        <line num="218" count="14" type="stmt"/>
        <line num="219" count="14" type="cond" truecount="2" falsecount="0"/>
        <line num="224" count="13" type="stmt"/>
        <line num="225" count="13" type="cond" truecount="2" falsecount="0"/>
        <line num="230" count="12" type="stmt"/>
        <line num="232" count="12" type="stmt"/>
        <line num="233" count="12" type="stmt"/>
        <line num="235" count="12" type="stmt"/>
        <line num="248" count="11" type="stmt"/>
        <line num="249" count="11" type="stmt"/>
        <line num="252" count="11" type="stmt"/>
        <line num="256" count="11" type="stmt"/>
        <line num="259" count="11" type="stmt"/>
        <line num="260" count="11" type="stmt"/>
        <line num="262" count="11" type="stmt"/>
        <line num="263" count="12" type="stmt"/>
        <line num="269" count="12" type="stmt"/>
        <line num="275" count="12" type="stmt"/>
        <line num="281" count="12" type="stmt"/>
        <line num="286" count="12" type="stmt"/>
        <line num="287" count="12" type="cond" truecount="2" falsecount="0"/>
        <line num="288" count="4" type="stmt"/>
        <line num="292" count="11" type="stmt"/>
        <line num="294" count="11" type="cond" truecount="2" falsecount="0"/>
        <line num="295" count="7" type="stmt"/>
        <line num="296" count="7" type="cond" truecount="2" falsecount="0"/>
        <line num="297" count="7" type="cond" truecount="2" falsecount="0"/>
        <line num="298" count="7" type="stmt"/>
        <line num="299" count="7" type="stmt"/>
        <line num="300" count="4" type="cond" truecount="2" falsecount="0"/>
        <line num="301" count="2" type="stmt"/>
        <line num="305" count="2" type="stmt"/>
        <line num="306" count="2" type="cond" truecount="2" falsecount="0"/>
        <line num="307" count="2" type="cond" truecount="2" falsecount="0"/>
        <line num="308" count="2" type="stmt"/>
        <line num="309" count="2" type="stmt"/>
        <line num="310" count="2" type="cond" truecount="1" falsecount="1"/>
        <line num="311" count="2" type="stmt"/>
        <line num="312" count="2" type="cond" truecount="2" falsecount="0"/>
        <line num="313" count="2" type="cond" truecount="2" falsecount="0"/>
        <line num="314" count="2" type="stmt"/>
        <line num="315" count="2" type="stmt"/>
        <line num="318" count="11" type="stmt"/>
        <line num="320" count="11" type="stmt"/>
        <line num="329" count="11" type="stmt"/>
        <line num="331" count="11" type="stmt"/>
        <line num="332" count="11" type="stmt"/>
        <line num="333" count="11" type="stmt"/>
        <line num="335" count="22" type="stmt"/>
        <line num="340" count="408" type="stmt"/>
        <line num="341" count="3" type="stmt"/>
        <line num="342" count="3" type="stmt"/>
        <line num="349" count="2" type="stmt"/>
        <line num="351" count="1" type="stmt"/>
        <line num="352" count="1" type="stmt"/>
        <line num="357" count="408" type="stmt"/>
        <line num="358" count="3" type="stmt"/>
        <line num="359" count="3" type="stmt"/>
        <line num="360" count="3" type="stmt"/>
        <line num="367" count="2" type="cond" truecount="2" falsecount="0"/>
        <line num="369" count="1" type="stmt"/>
        <line num="376" count="1" type="stmt"/>
        <line num="378" count="1" type="stmt"/>
        <line num="379" count="1" type="stmt"/>
        <line num="388" count="408" type="stmt"/>
        <line num="389" count="4" type="stmt"/>
        <line num="390" count="4" type="stmt"/>
        <line num="391" count="4" type="cond" truecount="2" falsecount="0"/>
        <line num="393" count="3" type="stmt"/>
        <line num="398" count="2" type="cond" truecount="2" falsecount="0"/>
        <line num="400" count="1" type="stmt"/>
        <line num="402" count="1" type="stmt"/>
        <line num="411" count="1" type="stmt"/>
        <line num="412" count="1" type="stmt"/>
        <line num="413" count="2" type="stmt"/>
        <line num="417" count="2" type="stmt"/>
        <line num="418" count="2" type="stmt"/>
        <line num="419" count="2" type="stmt"/>
        <line num="426" count="1" type="stmt"/>
        <line num="436" count="1" type="stmt"/>
        <line num="437" count="1" type="stmt"/>
        <line num="442" count="408" type="stmt"/>
        <line num="443" count="18" type="stmt"/>
        <line num="445" count="18" type="cond" truecount="7" falsecount="0"/>
        <line num="446" count="2" type="stmt"/>
        <line num="449" count="16" type="cond" truecount="2" falsecount="0"/>
        <line num="450" count="1" type="stmt"/>
        <line num="453" count="15" type="stmt"/>
        <line num="454" count="15" type="stmt"/>
        <line num="455" count="15" type="stmt"/>
        <line num="457" count="15" type="stmt"/>
        <line num="461" count="14" type="cond" truecount="2" falsecount="0"/>
        <line num="462" count="13" type="stmt"/>
        <line num="464" count="13" type="stmt"/>
        <line num="465" count="13" type="stmt"/>
        <line num="466" count="13" type="stmt"/>
        <line num="467" count="13" type="stmt"/>
        <line num="468" count="13" type="stmt"/>
        <line num="470" count="13" type="stmt"/>
        <line num="471" count="14" type="stmt"/>
        <line num="472" count="14" type="cond" truecount="4" falsecount="0"/>
        <line num="473" count="12" type="cond" truecount="2" falsecount="0"/>
        <line num="475" count="11" type="stmt"/>
        <line num="479" count="11" type="cond" truecount="2" falsecount="0"/>
        <line num="480" count="10" type="stmt"/>
        <line num="481" count="10" type="cond" truecount="2" falsecount="0"/>
        <line num="483" count="9" type="stmt"/>
        <line num="487" count="9" type="stmt"/>
        <line num="488" count="9" type="stmt"/>
        <line num="489" count="9" type="cond" truecount="2" falsecount="0"/>
        <line num="493" count="8" type="stmt"/>
        <line num="494" count="8" type="stmt"/>
        <line num="496" count="8" type="cond" truecount="2" falsecount="0"/>
        <line num="497" count="8" type="stmt"/>
        <line num="498" count="8" type="stmt"/>
        <line num="500" count="8" type="stmt"/>
        <line num="501" count="8" type="cond" truecount="2" falsecount="0"/>
        <line num="502" count="2" type="stmt"/>
        <line num="514" count="8" type="stmt"/>
        <line num="518" count="8" type="cond" truecount="2" falsecount="0"/>
        <line num="519" count="1" type="stmt"/>
        <line num="521" count="7" type="stmt"/>
        <line num="523" count="7" type="stmt"/>
        <line num="538" count="6" type="stmt"/>
        <line num="539" count="6" type="stmt"/>
        <line num="541" count="6" type="stmt"/>
        <line num="545" count="6" type="stmt"/>
        <line num="547" count="6" type="stmt"/>
        <line num="548" count="7" type="stmt"/>
        <line num="554" count="7" type="cond" truecount="1" falsecount="1"/>
        <line num="555" count="7" type="stmt"/>
        <line num="562" count="7" type="stmt"/>
        <line num="569" count="6" type="stmt"/>
        <line num="570" count="6" type="stmt"/>
        <line num="573" count="6" type="stmt"/>
        <line num="576" count="6" type="stmt"/>
        <line num="577" count="6" type="cond" truecount="4" falsecount="0"/>
        <line num="578" count="3" type="cond" truecount="4" falsecount="0"/>
        <line num="579" count="2" type="stmt"/>
        <line num="583" count="6" type="cond" truecount="2" falsecount="0"/>
        <line num="584" count="6" type="stmt"/>
        <line num="587" count="6" type="cond" truecount="2" falsecount="0"/>
        <line num="588" count="4" type="stmt"/>
        <line num="589" count="4" type="stmt"/>
        <line num="591" count="6" type="cond" truecount="2" falsecount="0"/>
        <line num="592" count="2" type="stmt"/>
        <line num="593" count="2" type="stmt"/>
        <line num="596" count="6" type="stmt"/>
        <line num="599" count="6" type="stmt"/>
        <line num="603" count="6" type="stmt"/>
        <line num="604" count="6" type="stmt"/>
        <line num="605" count="6" type="stmt"/>
        <line num="609" count="6" type="cond" truecount="2" falsecount="0"/>
        <line num="610" count="4" type="stmt"/>
        <line num="611" count="4" type="stmt"/>
        <line num="614" count="6" type="cond" truecount="2" falsecount="0"/>
        <line num="615" count="2" type="stmt"/>
        <line num="618" count="6" type="stmt"/>
        <line num="620" count="6" type="stmt"/>
        <line num="629" count="6" type="stmt"/>
        <line num="631" count="9" type="stmt"/>
        <line num="632" count="9" type="stmt"/>
        <line num="633" count="9" type="stmt"/>
        <line num="635" count="15" type="stmt"/>
        <line num="640" count="408" type="stmt"/>
        <line num="641" count="3" type="stmt"/>
        <line num="642" count="3" type="stmt"/>
        <line num="648" count="2" type="stmt"/>
        <line num="650" count="1" type="stmt"/>
        <line num="651" count="1" type="stmt"/>
        <line num="656" count="408" type="stmt"/>
        <line num="657" count="3" type="stmt"/>
        <line num="658" count="3" type="stmt"/>
        <line num="659" count="3" type="stmt"/>
        <line num="665" count="2" type="cond" truecount="2" falsecount="0"/>
        <line num="667" count="1" type="stmt"/>
        <line num="674" count="1" type="stmt"/>
        <line num="676" count="1" type="stmt"/>
        <line num="677" count="1" type="stmt"/>
      </file>
      <file name="settings.js" path="/Users/mac/Documents/Rezzy Semester 6/mental health/sales-point-pos/server/routes/settings.js">
        <metrics statements="62" coveredstatements="62" conditionals="16" coveredconditionals="16" methods="7" coveredmethods="7"/>
        <line num="1" count="343" type="stmt"/>
        <line num="2" count="361" type="stmt"/>
        <line num="3" count="3" type="stmt"/>
        <line num="4" count="3" type="stmt"/>
        <line num="5" count="2" type="stmt"/>
        <line num="6" count="2" type="stmt"/>
        <line num="8" count="2" type="stmt"/>
        <line num="9" count="2" type="stmt"/>
        <line num="10" count="3" type="stmt"/>
        <line num="13" count="2" type="stmt"/>
        <line num="15" count="1" type="stmt"/>
        <line num="16" count="1" type="stmt"/>
        <line num="20" count="361" type="stmt"/>
        <line num="21" count="5" type="stmt"/>
        <line num="23" count="5" type="cond" truecount="4" falsecount="0"/>
        <line num="24" count="2" type="stmt"/>
        <line num="27" count="3" type="stmt"/>
        <line num="28" count="3" type="stmt"/>
        <line num="29" count="2" type="stmt"/>
        <line num="33" count="1" type="stmt"/>
        <line num="34" count="1" type="stmt"/>
        <line num="36" count="2" type="stmt"/>
        <line num="37" count="2" type="cond" truecount="2" falsecount="0"/>
        <line num="38" count="1" type="stmt"/>
        <line num="40" count="1" type="stmt"/>
        <line num="44" count="361" type="stmt"/>
        <line num="45" count="6" type="stmt"/>
        <line num="47" count="6" type="stmt"/>
        <line num="48" count="6" type="stmt"/>
        <line num="50" count="5" type="cond" truecount="2" falsecount="0"/>
        <line num="51" count="3" type="stmt"/>
        <line num="57" count="5" type="cond" truecount="2" falsecount="0"/>
        <line num="58" count="3" type="stmt"/>
        <line num="64" count="5" type="stmt"/>
        <line num="65" count="5" type="stmt"/>
        <line num="67" count="1" type="stmt"/>
        <line num="68" count="1" type="stmt"/>
        <line num="72" count="361" type="stmt"/>
        <line num="73" count="4" type="stmt"/>
        <line num="74" count="4" type="stmt"/>
        <line num="76" count="4" type="cond" truecount="2" falsecount="0"/>
        <line num="77" count="1" type="stmt"/>
        <line num="80" count="3" type="stmt"/>
        <line num="81" count="3" type="stmt"/>
        <line num="82" count="2" type="stmt"/>
        <line num="86" count="2" type="stmt"/>
        <line num="88" count="2" type="cond" truecount="2" falsecount="0"/>
        <line num="89" count="1" type="stmt"/>
        <line num="91" count="1" type="stmt"/>
        <line num="93" count="1" type="stmt"/>
        <line num="94" count="1" type="stmt"/>
        <line num="98" count="361" type="stmt"/>
        <line num="99" count="3" type="stmt"/>
        <line num="101" count="3" type="stmt"/>
        <line num="102" count="3" type="stmt"/>
        <line num="103" count="2" type="stmt"/>
        <line num="107" count="2" type="stmt"/>
        <line num="109" count="2" type="cond" truecount="2" falsecount="0"/>
        <line num="110" count="1" type="stmt"/>
        <line num="112" count="1" type="stmt"/>
        <line num="114" count="1" type="stmt"/>
        <line num="115" count="1" type="stmt"/>
      </file>
      <file name="stock-forecast.js" path="/Users/mac/Documents/Rezzy Semester 6/mental health/sales-point-pos/server/routes/stock-forecast.js">
        <metrics statements="543" coveredstatements="543" conditionals="438" coveredconditionals="380" methods="46" coveredmethods="46"/>
        <line num="2" count="344" type="stmt"/>
        <line num="3" count="344" type="stmt"/>
        <line num="4" count="344" type="stmt"/>
        <line num="5" count="344" type="stmt"/>
        <line num="7" count="344" type="stmt"/>
        <line num="10" count="3" type="stmt"/>
        <line num="11" count="3" type="stmt"/>
        <line num="12" count="4" type="stmt"/>
        <line num="13" count="4" type="stmt"/>
        <line num="14" count="4" type="stmt"/>
        <line num="15" count="4" type="stmt"/>
        <line num="17" count="3" type="stmt"/>
        <line num="21" count="10" type="cond" truecount="2" falsecount="0"/>
        <line num="22" count="9" type="stmt"/>
        <line num="24" count="9" type="stmt"/>
        <line num="25" count="1109" type="cond" truecount="2" falsecount="0"/>
        <line num="27" count="1100" type="stmt"/>
        <line num="28" count="1100" type="stmt"/>
        <line num="29" count="3264" type="cond" truecount="1" falsecount="1"/>
        <line num="30" count="3264" type="stmt"/>
        <line num="34" count="1100" type="stmt"/>
        <line num="35" count="1100" type="stmt"/>
        <line num="36" count="3273" type="cond" truecount="2" falsecount="0"/>
        <line num="37" count="13" type="stmt"/>
        <line num="41" count="1100" type="cond" truecount="4" falsecount="0"/>
        <line num="42" count="11" type="stmt"/>
        <line num="43" count="1089" type="cond" truecount="2" falsecount="0"/>
        <line num="44" count="3234" type="stmt"/>
        <line num="45" count="7" type="cond" truecount="2" falsecount="0"/>
        <line num="46" count="1" type="stmt"/>
        <line num="48" count="6" type="stmt"/>
        <line num="52" count="9" type="stmt"/>
        <line num="56" count="13" type="cond" truecount="4" falsecount="0"/>
        <line num="58" count="7" type="stmt"/>
        <line num="59" count="7" type="stmt"/>
        <line num="61" count="7" type="stmt"/>
        <line num="62" count="1116" type="stmt"/>
        <line num="63" count="1116" type="cond" truecount="2" falsecount="0"/>
        <line num="65" count="1113" type="stmt"/>
        <line num="66" count="1113" type="stmt"/>
        <line num="68" count="1113" type="stmt"/>
        <line num="69" count="16348" type="stmt"/>
        <line num="71" count="1113" type="cond" truecount="2" falsecount="0"/>
        <line num="73" count="15261" type="stmt"/>
        <line num="75" count="1112" type="stmt"/>
        <line num="76" count="1112" type="stmt"/>
        <line num="77" count="1112" type="stmt"/>
        <line num="79" count="1112" type="stmt"/>
        <line num="80" count="1112" type="stmt"/>
        <line num="82" count="1112" type="cond" truecount="4" falsecount="0"/>
        <line num="83" count="2" type="stmt"/>
        <line num="84" count="2" type="stmt"/>
        <line num="88" count="7" type="stmt"/>
        <line num="92" count="7" type="cond" truecount="2" falsecount="0"/>
        <line num="95" count="7" type="cond" truecount="2" falsecount="0"/>
        <line num="96" count="2" type="stmt"/>
        <line num="97" count="5" type="cond" truecount="4" falsecount="0"/>
        <line num="98" count="4" type="stmt"/>
        <line num="99" count="4" type="cond" truecount="2" falsecount="0"/>
        <line num="100" count="3" type="stmt"/>
        <line num="102" count="1" type="stmt"/>
        <line num="105" count="1" type="stmt"/>
        <line num="108" count="7" type="stmt"/>
        <line num="109" count="7" type="stmt"/>
        <line num="111" count="7" type="stmt"/>
        <line num="112" count="7" type="cond" truecount="2" falsecount="0"/>
        <line num="113" count="7" type="cond" truecount="1" falsecount="1"/>
[...]
        <line num="24" count="8" type="stmt"/>
        <line num="25" count="8" type="stmt"/>
        <line num="27" count="8" type="stmt"/>
        <line num="28" count="8" type="stmt"/>
        <line num="30" count="8" type="stmt"/>
        <line num="34" count="7" type="stmt"/>
        <line num="37" count="7" type="stmt"/>
        <line num="38" count="7" type="stmt"/>
        <line num="39" count="7" type="stmt"/>
        <line num="40" count="7" type="stmt"/>
        <line num="41" count="7" type="stmt"/>
        <line num="43" count="7" type="stmt"/>
        <line num="44" count="8" type="stmt"/>
        <line num="50" count="8" type="stmt"/>
        <line num="51" count="8" type="cond" truecount="2" falsecount="0"/>
        <line num="52" count="5" type="cond" truecount="2" falsecount="0"/>
        <line num="53" count="5" type="stmt"/>
        <line num="54" count="5" type="stmt"/>
        <line num="55" count="5" type="stmt"/>
        <line num="57" count="5" type="stmt"/>
        <line num="58" count="5" type="cond" truecount="2" falsecount="0"/>
        <line num="59" count="3" type="stmt"/>
        <line num="60" count="3" type="stmt"/>
        <line num="62" count="2" type="stmt"/>
        <line num="63" count="2" type="stmt"/>
        <line num="67" count="8" type="cond" truecount="2" falsecount="0"/>
        <line num="69" count="5" type="stmt"/>
        <line num="72" count="5" type="stmt"/>
        <line num="77" count="5" type="stmt"/>
        <line num="78" count="3" type="cond" truecount="2" falsecount="0"/>
        <line num="80" count="2" type="stmt"/>
        <line num="83" count="2" type="stmt"/>
        <line num="88" count="2" type="stmt"/>
        <line num="92" count="5" type="stmt"/>
        <line num="100" count="7" type="cond" truecount="2" falsecount="0"/>
        <line num="101" count="4" type="stmt"/>
        <line num="107" count="4" type="cond" truecount="2" falsecount="0"/>
        <line num="108" count="4" type="cond" truecount="2" falsecount="0"/>
        <line num="111" count="4" type="stmt"/>
        <line num="116" count="4" type="stmt"/>
        <line num="117" count="4" type="stmt"/>
        <line num="118" count="4" type="stmt"/>
        <line num="120" count="4" type="cond" truecount="4" falsecount="0"/>
        <line num="121" count="1" type="stmt"/>
        <line num="122" count="1" type="stmt"/>
        <line num="125" count="4" type="cond" truecount="2" falsecount="0"/>
        <line num="126" count="4" type="cond" truecount="2" falsecount="0"/>
        <line num="127" count="4" type="cond" truecount="2" falsecount="0"/>
        <line num="129" count="4" type="cond" truecount="2" falsecount="0"/>
        <line num="130" count="3" type="stmt"/>
        <line num="131" count="3" type="stmt"/>
        <line num="133" count="4" type="cond" truecount="2" falsecount="0"/>
        <line num="134" count="1" type="stmt"/>
        <line num="135" count="1" type="stmt"/>
        <line num="138" count="4" type="stmt"/>
        <line num="141" count="7" type="cond" truecount="2" falsecount="0"/>
        <line num="142" count="2" type="stmt"/>
        <line num="152" count="2" type="stmt"/>
        <line num="153" count="2" type="stmt"/>
        <line num="155" count="2" type="stmt"/>
        <line num="157" count="2" type="stmt"/>
        <line num="166" count="2" type="stmt"/>
        <line num="168" count="5" type="stmt"/>
        <line num="170" count="5" type="stmt"/>
        <line num="179" count="5" type="stmt"/>
        <line num="182" count="1" type="stmt"/>
        <line num="183" count="1" type="stmt"/>
        <line num="184" count="1" type="stmt"/>
        <line num="186" count="8" type="stmt"/>
        <line num="191" count="381" type="stmt"/>
        <line num="192" count="16" type="stmt"/>
        <line num="193" count="16" type="stmt"/>
        <line num="194" count="16" type="stmt"/>
        <line num="196" count="16" type="stmt"/>
        <line num="201" count="15" type="cond" truecount="2" falsecount="0"/>
        <line num="202" count="2" type="stmt"/>
        <line num="205" count="13" type="stmt"/>
        <line num="207" count="13" type="stmt"/>
        <line num="209" count="13" type="stmt"/>
        <line num="210" count="13" type="stmt"/>
        <line num="212" count="13" type="stmt"/>
        <line num="214" count="13" type="cond" truecount="2" falsecount="0"/>
        <line num="215" count="3" type="cond" truecount="2" falsecount="0"/>
        <line num="216" count="1" type="stmt"/>
        <line num="217" count="2" type="cond" truecount="2" falsecount="0"/>
        <line num="218" count="1" type="stmt"/>
        <line num="220" count="10" type="cond" truecount="2" falsecount="0"/>
        <line num="221" count="6" type="stmt"/>
        <line num="222" count="4" type="cond" truecount="2" falsecount="0"/>
        <line num="223" count="1" type="stmt"/>
        <line num="224" count="3" type="cond" truecount="2" falsecount="0"/>
        <line num="225" count="1" type="stmt"/>
        <line num="226" count="2" type="cond" truecount="2" falsecount="0"/>
        <line num="227" count="1" type="stmt"/>
        <line num="230" count="13" type="stmt"/>
        <line num="232" count="13" type="stmt"/>
        <line num="237" count="13" type="cond" truecount="4" falsecount="0"/>
        <line num="238" count="6" type="stmt"/>
        <line num="243" count="6" type="stmt"/>
        <line num="244" count="6" type="stmt"/>
        <line num="245" count="6" type="stmt"/>
        <line num="246" count="6" type="stmt"/>
        <line num="247" count="6" type="stmt"/>
        <line num="249" count="6" type="stmt"/>
        <line num="251" count="6" type="stmt"/>
        <line num="254" count="6" type="stmt"/>
        <line num="259" count="6" type="stmt"/>
        <line num="260" count="4" type="cond" truecount="2" falsecount="0"/>
        <line num="262" count="3" type="stmt"/>
        <line num="265" count="3" type="stmt"/>
        <line num="270" count="3" type="stmt"/>
        <line num="274" count="6" type="stmt"/>
        <line num="279" count="6" type="cond" truecount="2" falsecount="0"/>
        <line num="280" count="6" type="stmt"/>
        <line num="281" count="6" type="stmt"/>
        <line num="282" count="6" type="stmt"/>
        <line num="284" count="6" type="stmt"/>
        <line num="285" count="6" type="cond" truecount="2" falsecount="0"/>
        <line num="286" count="3" type="stmt"/>
        <line num="287" count="3" type="stmt"/>
        <line num="289" count="3" type="stmt"/>
        <line num="290" count="3" type="stmt"/>
        <line num="295" count="6" type="cond" truecount="2" falsecount="0"/>
        <line num="296" count="6" type="cond" truecount="2" falsecount="0"/>
        <line num="299" count="6" type="stmt"/>
        <line num="300" count="6" type="stmt"/>
        <line num="301" count="6" type="cond" truecount="2" falsecount="0"/>
        <line num="303" count="4" type="stmt"/>
        <line num="307" count="4" type="stmt"/>
        <line num="309" count="4" type="stmt"/>
        <line num="314" count="4" type="stmt"/>
        <line num="315" count="4" type="stmt"/>
        <line num="316" count="4" type="stmt"/>
        <line num="318" count="4" type="cond" truecount="4" falsecount="0"/>
        <line num="319" count="3" type="stmt"/>
        <line num="320" count="3" type="stmt"/>
        <line num="323" count="4" type="cond" truecount="2" falsecount="0"/>
        <line num="324" count="4" type="cond" truecount="2" falsecount="0"/>
        <line num="325" count="4" type="cond" truecount="2" falsecount="0"/>
        <line num="327" count="4" type="cond" truecount="2" falsecount="0"/>
        <line num="328" count="3" type="stmt"/>
        <line num="329" count="3" type="stmt"/>
        <line num="331" count="4" type="cond" truecount="2" falsecount="0"/>
        <line num="332" count="2" type="stmt"/>
        <line num="333" count="2" type="stmt"/>
        <line num="336" count="4" type="stmt"/>
        <line num="337" count="20" type="stmt"/>
        <line num="338" count="20" type="cond" truecount="2" falsecount="0"/>
        <line num="339" count="17" type="stmt"/>
        <line num="348" count="13" type="stmt"/>
        <line num="349" count="13" type="stmt"/>
        <line num="351" count="1" type="stmt"/>
        <line num="352" count="1" type="stmt"/>
        <line num="353" count="1" type="stmt"/>
        <line num="355" count="16" type="stmt"/>
        <line num="359" count="381" type="stmt"/>
        <line num="360" count="18" type="stmt"/>
        <line num="361" count="18" type="stmt"/>
        <line num="362" count="18" type="stmt"/>
        <line num="363" count="18" type="stmt"/>
        <line num="364" count="18" type="stmt"/>
        <line num="365" count="18" type="stmt"/>
        <line num="366" count="18" type="stmt"/>
        <line num="368" count="18" type="cond" truecount="2" falsecount="0"/>
        <line num="369" count="1" type="stmt"/>
        <line num="372" count="17" type="stmt"/>
        <line num="374" count="17" type="stmt"/>
        <line num="379" count="16" type="cond" truecount="2" falsecount="0"/>
        <line num="380" count="2" type="stmt"/>
        <line num="381" count="2" type="stmt"/>
        <line num="384" count="14" type="stmt"/>
        <line num="387" count="14" type="cond" truecount="2" falsecount="0"/>
        <line num="388" count="1" type="stmt"/>
        <line num="389" count="1" type="stmt"/>
        <line num="392" count="13" type="stmt"/>
        <line num="393" count="13" type="cond" truecount="2" falsecount="0"/>
        <line num="394" count="3" type="cond" truecount="2" falsecount="0"/>
        <line num="395" count="1" type="stmt"/>
        <line num="396" count="2" type="cond" truecount="2" falsecount="0"/>
        <line num="397" count="1" type="stmt"/>
        <line num="399" count="10" type="cond" truecount="2" falsecount="0"/>
        <line num="400" count="5" type="stmt"/>
        <line num="401" count="5" type="cond" truecount="2" falsecount="0"/>
        <line num="402" count="1" type="stmt"/>
        <line num="403" count="4" type="cond" truecount="2" falsecount="0"/>
        <line num="404" count="1" type="stmt"/>
        <line num="405" count="3" type="cond" truecount="2" falsecount="0"/>
        <line num="406" count="2" type="stmt"/>
        <line num="409" count="13" type="stmt"/>
        <line num="414" count="13" type="cond" truecount="2" falsecount="0"/>
        <line num="415" count="6" type="stmt"/>
        <line num="420" count="6" type="stmt"/>
        <line num="421" count="6" type="stmt"/>
        <line num="422" count="6" type="stmt"/>
        <line num="423" count="6" type="stmt"/>
        <line num="424" count="6" type="stmt"/>
        <line num="426" count="6" type="stmt"/>
        <line num="427" count="6" type="stmt"/>
        <line num="429" count="6" type="stmt"/>
        <line num="434" count="6" type="stmt"/>
        <line num="435" count="4" type="cond" truecount="2" falsecount="0"/>
        <line num="437" count="3" type="stmt"/>
        <line num="439" count="3" type="stmt"/>
        <line num="444" count="3" type="stmt"/>
        <line num="447" count="6" type="stmt"/>
        <line num="452" count="6" type="cond" truecount="2" falsecount="0"/>
        <line num="453" count="6" type="stmt"/>
        <line num="454" count="6" type="stmt"/>
        <line num="455" count="6" type="stmt"/>
        <line num="457" count="6" type="stmt"/>
        <line num="458" count="6" type="cond" truecount="2" falsecount="0"/>
        <line num="459" count="3" type="stmt"/>
        <line num="460" count="3" type="stmt"/>
        <line num="462" count="3" type="stmt"/>
        <line num="463" count="3" type="stmt"/>
        <line num="467" count="6" type="cond" truecount="2" falsecount="0"/>
        <line num="468" count="6" type="cond" truecount="2" falsecount="0"/>
        <line num="470" count="6" type="stmt"/>
        <line num="471" count="6" type="stmt"/>
        <line num="472" count="6" type="cond" truecount="2" falsecount="0"/>
        <line num="473" count="4" type="stmt"/>
        <line num="477" count="4" type="stmt"/>
        <line num="479" count="4" type="stmt"/>
        <line num="483" count="4" type="stmt"/>
        <line num="484" count="4" type="stmt"/>
        <line num="485" count="4" type="stmt"/>
        <line num="487" count="4" type="cond" truecount="4" falsecount="0"/>
        <line num="488" count="3" type="stmt"/>
        <line num="489" count="3" type="stmt"/>
        <line num="492" count="4" type="cond" truecount="2" falsecount="0"/>
        <line num="493" count="4" type="cond" truecount="2" falsecount="0"/>
        <line num="494" count="4" type="cond" truecount="2" falsecount="0"/>
        <line num="496" count="4" type="cond" truecount="2" falsecount="0"/>
        <line num="497" count="3" type="stmt"/>
        <line num="498" count="3" type="stmt"/>
        <line num="500" count="4" type="cond" truecount="2" falsecount="0"/>
        <line num="501" count="2" type="stmt"/>
        <line num="502" count="2" type="stmt"/>
        <line num="505" count="4" type="stmt"/>
        <line num="506" count="20" type="stmt"/>
        <line num="507" count="20" type="cond" truecount="2" falsecount="0"/>
        <line num="508" count="17" type="stmt"/>
        <line num="517" count="13" type="stmt"/>
        <line num="518" count="13" type="stmt"/>
        <line num="520" count="1" type="stmt"/>
        <line num="521" count="1" type="stmt"/>
        <line num="522" count="1" type="stmt"/>
        <line num="524" count="18" type="stmt"/>
        <line num="528" count="381" type="stmt"/>
        <line num="529" count="3" type="stmt"/>
        <line num="530" count="3" type="stmt"/>
        <line num="532" count="2" type="stmt"/>
        <line num="550" count="2" type="stmt"/>
        <line num="560" count="2" type="stmt"/>
        <line num="566" count="2" type="stmt"/>
        <line num="568" count="2" type="stmt"/>
        <line num="574" count="1" type="stmt"/>
        <line num="575" count="1" type="stmt"/>
      </file>
      <file name="users.js" path="/Users/mac/Documents/Rezzy Semester 6/mental health/sales-point-pos/server/routes/users.js">
        <metrics statements="85" coveredstatements="85" conditionals="56" coveredconditionals="56" methods="5" coveredmethods="5"/>
        <line num="1" count="343" type="stmt"/>
        <line num="3" count="364" type="stmt"/>
        <line num="8" count="4" type="cond" truecount="2" falsecount="0"/>
        <line num="9" count="4" type="cond" truecount="2" falsecount="0"/>
        <line num="10" count="4" type="cond" truecount="2" falsecount="0"/>
        <line num="11" count="4" type="stmt"/>
        <line num="13" count="4" type="stmt"/>
        <line num="14" count="4" type="stmt"/>
        <line num="17" count="3" type="stmt"/>
        <line num="18" count="3" type="stmt"/>
        <line num="19" count="3" type="stmt"/>
        <line num="21" count="3" type="cond" truecount="2" falsecount="0"/>
        <line num="22" count="1" type="stmt"/>
        <line num="23" count="1" type="stmt"/>
        <line num="24" count="1" type="stmt"/>
        <line num="25" count="1" type="stmt"/>
        <line num="28" count="3" type="stmt"/>
        <line num="29" count="3" type="stmt"/>
        <line num="31" count="3" type="stmt"/>
        <line num="34" count="3" type="stmt"/>
        <line num="38" count="3" type="stmt"/>
        <line num="40" count="3" type="stmt"/>
        <line num="42" count="3" type="stmt"/>
        <line num="53" count="3" type="stmt"/>
        <line num="63" count="1" type="stmt"/>
        <line num="64" count="1" type="stmt"/>
        <line num="70" count="364" type="stmt"/>
        <line num="75" count="7" type="stmt"/>
        <line num="77" count="7" type="cond" truecount="6" falsecount="0"/>
        <line num="78" count="2" type="stmt"/>
        <line num="84" count="5" type="cond" truecount="4" falsecount="0"/>
        <line num="85" count="1" type="stmt"/>
        <line num="88" count="4" type="stmt"/>
        <line num="89" count="4" type="stmt"/>
        <line num="90" count="4" type="stmt"/>
        <line num="95" count="2" type="stmt"/>
        <line num="106" count="2" type="stmt"/>
        <line num="114" count="2" type="cond" truecount="2" falsecount="0"/>
        <line num="115" count="1" type="stmt"/>
        <line num="117" count="1" type="stmt"/>
        <line num="118" count="1" type="stmt"/>
        <line num="124" count="364" type="stmt"/>
        <line num="129" count="10" type="stmt"/>
        <line num="130" count="10" type="stmt"/>
        <line num="132" count="10" type="cond" truecount="2" falsecount="0"/>
        <line num="134" count="9" type="stmt"/>
        <line num="136" count="9" type="stmt"/>
        <line num="140" count="9" type="cond" truecount="2" falsecount="0"/>
        <line num="141" count="2" type="stmt"/>
        <line num="145" count="7" type="cond" truecount="4" falsecount="0"/>
        <line num="146" count="1" type="stmt"/>
        <line num="152" count="6" type="cond" truecount="4" falsecount="0"/>
        <line num="153" count="1" type="stmt"/>
        <line num="159" count="5" type="stmt"/>
        <line num="160" count="5" type="cond" truecount="2" falsecount="0"/>
        <line num="162" count="5" type="cond" truecount="2" falsecount="0"/>
        <line num="163" count="1" type="stmt"/>
        <line num="164" count="1" type="stmt"/>
        <line num="165" count="1" type="stmt"/>
        <line num="168" count="5" type="stmt"/>
        <line num="169" count="5" type="stmt"/>
        <line num="171" count="5" type="stmt"/>
        <line num="173" count="3" type="stmt"/>
        <line num="184" count="3" type="stmt"/>
        <line num="186" count="2" type="cond" truecount="2" falsecount="0"/>
        <line num="187" count="1" type="stmt"/>
        <line num="189" count="1" type="stmt"/>
        <line num="190" count="1" type="stmt"/>
        <line num="196" count="364" type="stmt"/>
        <line num="201" count="8" type="stmt"/>
        <line num="203" count="8" type="stmt"/>
        <line num="205" count="8" type="cond" truecount="2" falsecount="0"/>
        <line num="206" count="2" type="stmt"/>
        <line num="212" count="6" type="stmt"/>
        <line num="216" count="5" type="cond" truecount="2" falsecount="0"/>
        <line num="217" count="1" type="stmt"/>
        <line num="221" count="4" type="cond" truecount="4" falsecount="0"/>
        <line num="222" count="1" type="stmt"/>
        <line num="227" count="3" type="stmt"/>
        <line num="231" count="3" type="cond" truecount="2" falsecount="0"/>
        <line num="232" count="1" type="stmt"/>
        <line num="235" count="2" type="stmt"/>
        <line num="246" count="2" type="stmt"/>
        <line num="248" count="1" type="stmt"/>
        <line num="249" count="1" type="stmt"/>
      </file>
    </package>
    <package name="server.utils">
      <metrics statements="9" coveredstatements="9" conditionals="6" coveredconditionals="6" methods="1" coveredmethods="1"/>
      <file name="journal.js" path="/Users/mac/Documents/Rezzy Semester 6/mental health/sales-point-pos/server/utils/journal.js">
        <metrics statements="9" coveredstatements="9" conditionals="6" coveredconditionals="6" methods="1" coveredmethods="1"/>
        <line num="9" count="346" type="stmt"/>
        <line num="11" count="10" type="stmt"/>
        <line num="15" count="10" type="stmt"/>
        <line num="18" count="10" type="stmt"/>
        <line num="19" count="26" type="stmt"/>
        <line num="20" count="26" type="cond" truecount="2" falsecount="0"/>
        <line num="21" count="3" type="stmt"/>
        <line num="28" count="10" type="stmt"/>
        <line num="31" count="346" type="stmt"/>
      </file>
    </package>
  </project>
</coverage>
