<?xml version="1.0" encoding="UTF-8"?>
<coverage generated="1779517327664" clover="3.2.0">
  <project timestamp="1779517327664" name="All files">
    <metrics statements="1265" coveredstatements="1264" conditionals="786" coveredconditionals="724" methods="110" coveredmethods="109" elements="2161" coveredelements="2097" complexity="0" loc="1265" ncloc="1265" packages="2" files="10" classes="10"/>
    <package name="server">
      <metrics statements="175" coveredstatements="174" conditionals="82" coveredconditionals="76" methods="20" coveredmethods="19"/>
      <file name="index.js" path="/Users/mac/Documents/Rezzy Semester 6/mental health/sales-point-pos/server/index.js">
        <metrics statements="175" coveredstatements="174" conditionals="82" coveredconditionals="76" methods="20" coveredmethods="19"/>
        <line num="1" count="52" type="stmt"/>
        <line num="2" count="52" type="stmt"/>
        <line num="3" count="52" type="stmt"/>
        <line num="4" count="52" type="stmt"/>
        <line num="5" count="52" type="stmt"/>
        <line num="6" count="52" type="stmt"/>
        <line num="7" count="52" type="stmt"/>
        <line num="8" count="52" type="stmt"/>
        <line num="9" count="52" type="stmt"/>
        <line num="10" count="52" type="stmt"/>
        <line num="11" count="52" type="stmt"/>
        <line num="12" count="52" type="stmt"/>
        <line num="13" count="52" type="stmt"/>
        <line num="14" count="52" type="stmt"/>
        <line num="15" count="52" type="stmt"/>
        <line num="16" count="52" type="stmt"/>
        <line num="18" count="52" type="stmt"/>
        <line num="19" count="52" type="stmt"/>
        <line num="20" count="52" type="stmt"/>
        <line num="22" count="52" type="stmt"/>
        <line num="24" count="52" type="stmt"/>
        <line num="25" count="52" type="cond" truecount="2" falsecount="0"/>
        <line num="26" count="52" type="cond" truecount="1" falsecount="1"/>
        <line num="28" count="52" type="stmt"/>
        <line num="29" count="52" type="stmt"/>
        <line num="31" count="52" type="stmt"/>
        <line num="32" count="1" type="stmt"/>
        <line num="36" count="52" type="stmt"/>
        <line num="37" count="6" type="stmt"/>
        <line num="39" count="6" type="cond" truecount="5" falsecount="0"/>
        <line num="40" count="1" type="stmt"/>
        <line num="43" count="5" type="cond" truecount="2" falsecount="0"/>
        <line num="44" count="1" type="stmt"/>
        <line num="47" count="4" type="cond" truecount="2" falsecount="0"/>
        <line num="48" count="1" type="stmt"/>
        <line num="51" count="3" type="stmt"/>
        <line num="52" count="3" type="stmt"/>
        <line num="53" count="3" type="stmt"/>
        <line num="58" count="1" type="stmt"/>
        <line num="64" count="1" type="stmt"/>
        <line num="76" count="2" type="cond" truecount="2" falsecount="0"/>
        <line num="77" count="1" type="stmt"/>
        <line num="79" count="1" type="stmt"/>
        <line num="80" count="1" type="stmt"/>
        <line num="85" count="52" type="stmt"/>
        <line num="86" count="5" type="stmt"/>
        <line num="88" count="5" type="stmt"/>
        <line num="89" count="5" type="stmt"/>
        <line num="91" count="4" type="cond" truecount="2" falsecount="0"/>
        <line num="92" count="1" type="stmt"/>
        <line num="95" count="3" type="stmt"/>
        <line num="97" count="3" type="cond" truecount="2" falsecount="0"/>
        <line num="98" count="1" type="stmt"/>
        <line num="101" count="2" type="stmt"/>
        <line num="103" count="2" type="cond" truecount="2" falsecount="0"/>
        <line num="104" count="1" type="stmt"/>
        <line num="107" count="1" type="stmt"/>
        <line num="111" count="1" type="stmt"/>
        <line num="121" count="1" type="stmt"/>
        <line num="122" count="1" type="stmt"/>
        <line num="126" count="52" type="stmt"/>
        <line num="127" count="39" type="cond" truecount="2" falsecount="0"/>
        <line num="128" count="39" type="cond" truecount="2" falsecount="0"/>
        <line num="129" count="39" type="cond" truecount="2" falsecount="0"/>
        <line num="130" count="38" type="stmt"/>
        <line num="131" count="38" type="stmt"/>
        <line num="132" count="37" type="stmt"/>
        <line num="133" count="37" type="stmt"/>
        <line num="135" count="1" type="stmt"/>
        <line num="139" count="52" type="stmt"/>
        <line num="140" count="15" type="cond" truecount="1" falsecount="1"/>
        <line num="141" count="15" type="stmt"/>
        <line num="144" count="52" type="stmt"/>
        <line num="145" count="1248" type="stmt"/>
        <line num="146" count="14" type="cond" truecount="2" falsecount="0"/>
        <line num="148" count="4" type="stmt"/>
        <line num="149" count="4" type="stmt"/>
        <line num="150" count="3" type="cond" truecount="2" falsecount="0"/>
        <line num="152" count="2" type="stmt"/>
        <line num="153" count="2" type="stmt"/>
        <line num="158" count="2" type="cond" truecount="4" falsecount="0"/>
        <line num="159" count="1" type="stmt"/>
        <line num="161" count="1" type="stmt"/>
        <line num="164" count="1" type="stmt"/>
        <line num="165" count="1" type="stmt"/>
        <line num="170" count="52" type="stmt"/>
        <line num="182" count="52" type="stmt"/>
        <line num="183" count="1" type="stmt"/>
        <line num="186" count="52" type="stmt"/>
        <line num="187" count="2" type="stmt"/>
        <line num="188" count="2" type="stmt"/>
        <line num="189" count="1" type="stmt"/>
        <line num="191" count="1" type="stmt"/>
        <line num="195" count="52" type="stmt"/>
        <line num="196" count="4" type="stmt"/>
        <line num="197" count="4" type="cond" truecount="2" falsecount="0"/>
        <line num="198" count="3" type="stmt"/>
        <line num="199" count="3" type="stmt"/>
        <line num="200" count="1" type="stmt"/>
        <line num="202" count="2" type="cond" truecount="2" falsecount="0"/>
        <line num="203" count="1" type="stmt"/>
        <line num="207" count="52" type="stmt"/>
        <line num="208" count="5" type="stmt"/>
        <line num="209" count="5" type="cond" truecount="2" falsecount="0"/>
        <line num="210" count="4" type="stmt"/>
        <line num="213" count="4" type="stmt"/>
        <line num="214" count="3" type="cond" truecount="2" falsecount="0"/>
        <line num="215" count="2" type="cond" truecount="2" falsecount="0"/>
        <line num="216" count="1" type="stmt"/>
        <line num="219" count="1" type="stmt"/>
        <line num="220" count="1" type="stmt"/>
        <line num="221" count="1" type="stmt"/>
        <line num="223" count="1" type="stmt"/>
        <line num="227" count="52" type="stmt"/>
        <line num="228" count="5" type="stmt"/>
        <line num="229" count="5" type="stmt"/>
        <line num="231" count="5" type="cond" truecount="4" falsecount="0"/>
        <line num="233" count="4" type="stmt"/>
        <line num="234" count="4" type="stmt"/>
        <line num="237" count="4" type="cond" truecount="4" falsecount="0"/>
        <line num="238" count="2" type="stmt"/>
        <line num="239" count="2" type="cond" truecount="2" falsecount="0"/>
        <line num="240" count="1" type="stmt"/>
        <line num="247" count="9" type="stmt"/>
        <line num="254" count="3" type="stmt"/>
        <line num="255" count="2" type="stmt"/>
        <line num="256" count="2" type="stmt"/>
        <line num="257" count="18" type="stmt"/>
        <line num="258" count="18" type="stmt"/>
        <line num="259" count="72" type="cond" truecount="2" falsecount="0"/>
        <line num="260" count="72" type="cond" truecount="2" falsecount="0"/>
        <line num="262" count="18" type="stmt"/>
        <line num="264" count="2" type="stmt"/>
        <line num="266" count="1" type="stmt"/>
        <line num="270" count="52" type="stmt"/>
        <line num="271" count="6" type="stmt"/>
        <line num="274" count="6" type="cond" truecount="4" falsecount="0"/>
        <line num="275" count="3" type="cond" truecount="2" falsecount="0"/>
        <line num="277" count="2" type="stmt"/>
        <line num="278" count="2" type="stmt"/>
        <line num="279" count="2" type="stmt"/>
        <line num="283" count="2" type="stmt"/>
        <line num="286" count="2" type="stmt"/>
        <line num="287" count="2" type="stmt"/>
        <line num="288" count="5" type="cond" truecount="1" falsecount="1"/>
        <line num="289" count="5" type="stmt"/>
        <line num="297" count="1" type="stmt"/>
        <line num="298" count="1" type="stmt"/>
        <line num="300" count="1" type="stmt"/>
        <line num="301" count="1" type="stmt"/>
        <line num="303" count="2" type="stmt"/>
        <line num="305" count="2" type="stmt"/>
        <line num="309" count="3" type="cond" truecount="5" falsecount="0"/>
        <line num="310" count="2" type="stmt"/>
        <line num="311" count="2" type="stmt"/>
        <line num="315" count="1" type="stmt"/>
        <line num="317" count="1" type="stmt"/>
        <line num="324" count="52" type="stmt"/>
        <line num="325" count="52" type="stmt"/>
        <line num="326" count="52" type="stmt"/>
        <line num="327" count="52" type="stmt"/>
        <line num="328" count="52" type="stmt"/>
        <line num="329" count="52" type="stmt"/>
        <line num="330" count="52" type="stmt"/>
        <line num="331" count="52" type="stmt"/>
        <line num="332" count="52" type="stmt"/>
        <line num="333" count="52" type="stmt"/>
        <line num="336" count="1" type="stmt"/>
        <line num="337" count="1" type="cond" truecount="1" falsecount="1"/>
        <line num="338" count="1" type="stmt"/>
        <line num="344" count="1" type="stmt"/>
        <line num="345" count="1" type="stmt"/>
        <line num="349" count="52" type="cond" truecount="1" falsecount="1"/>
        <line num="350" count="0" type="stmt"/>
        <line num="353" count="52" type="stmt"/>
      </file>
    </package>
    <package name="server.routes">
      <metrics statements="1090" coveredstatements="1090" conditionals="704" coveredconditionals="648" methods="90" coveredmethods="90"/>
      <file name="password-reset.js" path="/Users/mac/Documents/Rezzy Semester 6/mental health/sales-point-pos/server/routes/password-reset.js">
        <metrics statements="74" coveredstatements="74" conditionals="44" coveredconditionals="44" methods="7" coveredmethods="7"/>
        <line num="1" count="53" type="stmt"/>
        <line num="2" count="53" type="stmt"/>
        <line num="5" count="25" type="cond" truecount="2" falsecount="0"/>
        <line num="6" count="24" type="stmt"/>
        <line num="7" count="24" type="cond" truecount="2" falsecount="0"/>
        <line num="8" count="19" type="stmt"/>
        <line num="12" count="2" type="stmt"/>
        <line num="13" count="2" type="stmt"/>
        <line num="17" count="2" type="stmt"/>
        <line num="18" count="2" type="stmt"/>
        <line num="19" count="2" type="stmt"/>
        <line num="20" count="2" type="stmt"/>
        <line num="21" count="2" type="stmt"/>
        <line num="23" count="2" type="stmt"/>
        <line num="54" count="68" type="stmt"/>
        <line num="62" count="68" type="stmt"/>
        <line num="63" count="6" type="cond" truecount="2" falsecount="0"/>
        <line num="64" count="6" type="cond" truecount="2" falsecount="0"/>
        <line num="65" count="2" type="stmt"/>
        <line num="68" count="4" type="cond" truecount="4" falsecount="0"/>
        <line num="69" count="1" type="stmt"/>
        <line num="70" count="1" type="stmt"/>
        <line num="73" count="3" type="stmt"/>
        <line num="74" count="3" type="stmt"/>
        <line num="76" count="2" type="cond" truecount="2" falsecount="0"/>
        <line num="78" count="1" type="stmt"/>
        <line num="81" count="1" type="stmt"/>
        <line num="82" count="1" type="stmt"/>
        <line num="84" count="1" type="stmt"/>
        <line num="90" count="1" type="stmt"/>
        <line num="92" count="1" type="stmt"/>
        <line num="99" count="1" type="stmt"/>
        <line num="100" count="1" type="stmt"/>
        <line num="102" count="1" type="stmt"/>
        <line num="103" count="1" type="stmt"/>
        <line num="107" count="68" type="stmt"/>
        <line num="108" count="7" type="cond" truecount="2" falsecount="0"/>
        <line num="109" count="7" type="cond" truecount="2" falsecount="0"/>
        <line num="110" count="7" type="cond" truecount="2" falsecount="0"/>
        <line num="111" count="5" type="cond" truecount="2" falsecount="0"/>
        <line num="113" count="4" type="stmt"/>
        <line num="114" count="4" type="stmt"/>
        <line num="125" count="3" type="cond" truecount="2" falsecount="0"/>
        <line num="127" count="2" type="stmt"/>
        <line num="128" count="2" type="stmt"/>
        <line num="129" count="2" type="cond" truecount="2" falsecount="0"/>
        <line num="131" count="1" type="stmt"/>
        <line num="132" count="1" type="stmt"/>
        <line num="134" count="1" type="stmt"/>
        <line num="143" count="1" type="stmt"/>
        <line num="145" count="1" type="stmt"/>
        <line num="146" count="1" type="stmt"/>
        <line num="150" count="68" type="stmt"/>
        <line num="151" count="9" type="cond" truecount="2" falsecount="0"/>
        <line num="152" count="9" type="cond" truecount="2" falsecount="0"/>
        <line num="153" count="9" type="cond" truecount="2" falsecount="0"/>
        <line num="155" count="9" type="cond" truecount="2" falsecount="0"/>
        <line num="156" count="7" type="cond" truecount="2" falsecount="0"/>
        <line num="157" count="6" type="cond" truecount="2" falsecount="0"/>
        <line num="159" count="5" type="stmt"/>
        <line num="160" count="5" type="stmt"/>
        <line num="172" count="4" type="cond" truecount="2" falsecount="0"/>
        <line num="174" count="3" type="stmt"/>
        <line num="175" count="3" type="stmt"/>
        <line num="176" count="3" type="cond" truecount="2" falsecount="0"/>
        <line num="178" count="2" type="stmt"/>
        <line num="179" count="2" type="stmt"/>
        <line num="180" count="2" type="cond" truecount="2" falsecount="0"/>
        <line num="182" count="1" type="stmt"/>
        <line num="184" count="1" type="stmt"/>
        <line num="186" count="1" type="stmt"/>
        <line num="187" count="1" type="stmt"/>
        <line num="192" count="53" type="stmt"/>
        <line num="198" count="53" type="stmt"/>
      </file>
      <file name="products.js" path="/Users/mac/Documents/Rezzy Semester 6/mental health/sales-point-pos/server/routes/products.js">
        <metrics statements="115" coveredstatements="115" conditionals="51" coveredconditionals="51" methods="7" coveredmethods="7"/>
        <line num="1" count="53" type="stmt"/>
        <line num="2" count="75" type="stmt"/>
        <line num="7" count="3" type="cond" truecount="2" falsecount="0"/>
        <line num="8" count="3" type="cond" truecount="2" falsecount="0"/>
        <line num="9" count="3" type="cond" truecount="2" falsecount="0"/>
        <line num="10" count="3" type="stmt"/>
        <line num="12" count="3" type="stmt"/>
        <line num="13" count="3" type="stmt"/>
        <line num="15" count="2" type="stmt"/>
        <line num="16" count="2" type="stmt"/>
        <line num="17" count="2" type="stmt"/>
        <line num="19" count="2" type="cond" truecount="2" falsecount="0"/>
        <line num="20" count="1" type="stmt"/>
        <line num="21" count="1" type="stmt"/>
        <line num="22" count="1" type="stmt"/>
        <line num="23" count="1" type="stmt"/>
        <line num="26" count="2" type="stmt"/>
        <line num="27" count="2" type="stmt"/>
        <line num="29" count="2" type="stmt"/>
        <line num="31" count="2" type="stmt"/>
        <line num="35" count="2" type="stmt"/>
        <line num="37" count="2" type="stmt"/>
        <line num="39" count="2" type="stmt"/>
        <line num="49" count="1" type="stmt"/>
        <line num="50" count="1" type="stmt"/>
        <line num="55" count="75" type="stmt"/>
        <line num="61" count="3" type="stmt"/>
        <line num="63" count="3" type="cond" truecount="4" falsecount="0"/>
        <line num="64" count="1" type="stmt"/>
        <line num="69" count="2" type="stmt"/>
        <line num="70" count="2" type="stmt"/>
        <line num="71" count="2" type="stmt"/>
        <line num="83" count="1" type="stmt"/>
        <line num="85" count="1" type="stmt"/>
        <line num="96" count="1" type="stmt"/>
        <line num="97" count="1" type="stmt"/>
        <line num="102" count="75" type="stmt"/>
        <line num="107" count="2" type="stmt"/>
        <line num="109" count="2" type="stmt"/>
        <line num="111" count="2" type="stmt"/>
        <line num="112" count="2" type="stmt"/>
        <line num="113" count="2" type="stmt"/>
        <line num="117" count="1" type="stmt"/>
        <line num="119" count="1" type="stmt"/>
        <line num="121" count="1" type="stmt"/>
        <line num="122" count="1" type="stmt"/>
        <line num="127" count="75" type="stmt"/>
        <line num="132" count="4" type="stmt"/>
        <line num="134" count="4" type="stmt"/>
        <line num="135" count="4" type="stmt"/>
        <line num="137" count="4" type="stmt"/>
        <line num="141" count="3" type="cond" truecount="2" falsecount="0"/>
        <line num="142" count="1" type="stmt"/>
        <line num="143" count="1" type="stmt"/>
        <line num="146" count="2" type="stmt"/>
        <line num="148" count="2" type="stmt"/>
        <line num="152" count="2" type="stmt"/>
        <line num="155" count="2" type="cond" truecount="2" falsecount="0"/>
        <line num="156" count="2" type="stmt"/>
        <line num="158" count="2" type="stmt"/>
        <line num="160" count="2" type="stmt"/>
        <line num="162" count="1" type="stmt"/>
        <line num="163" count="1" type="stmt"/>
        <line num="168" count="75" type="stmt"/>
        <line num="173" count="7" type="stmt"/>
        <line num="175" count="7" type="cond" truecount="5" falsecount="0"/>
        <line num="176" count="1" type="stmt"/>
        <line num="179" count="6" type="stmt"/>
        <line num="180" count="6" type="stmt"/>
        <line num="181" count="6" type="stmt"/>
        <line num="183" count="6" type="stmt"/>
        <line num="187" count="5" type="cond" truecount="2" falsecount="0"/>
        <line num="188" count="1" type="stmt"/>
        <line num="189" count="1" type="stmt"/>
        <line num="191" count="4" type="stmt"/>
        <line num="192" count="4" type="stmt"/>
        <line num="193" count="4" type="stmt"/>
        <line num="195" count="4" type="cond" truecount="2" falsecount="0"/>
        <line num="196" count="1" type="stmt"/>
        <line num="197" count="1" type="stmt"/>
        <line num="198" count="3" type="cond" truecount="2" falsecount="0"/>
        <line num="199" count="2" type="cond" truecount="2" falsecount="0"/>
        <line num="200" count="1" type="stmt"/>
        <line num="201" count="1" type="stmt"/>
        <line num="203" count="1" type="stmt"/>
        <line num="204" count="1" type="stmt"/>
        <line num="206" count="1" type="stmt"/>
        <line num="207" count="1" type="stmt"/>
        <line num="210" count="2" type="stmt"/>
        <line num="215" count="2" type="stmt"/>
        <line num="227" count="2" type="stmt"/>
        <line num="228" count="2" type="stmt"/>
        <line num="230" count="1" type="stmt"/>
        <line num="231" count="1" type="stmt"/>
        <line num="232" count="1" type="stmt"/>
        <line num="234" count="6" type="stmt"/>
        <line num="239" count="75" type="stmt"/>
        <line num="244" count="4" type="stmt"/>
        <line num="246" count="4" type="cond" truecount="4" falsecount="0"/>
        <line num="247" count="1" type="stmt"/>
        <line num="250" count="3" type="stmt"/>
        <line num="251" count="3" type="stmt"/>
        <line num="252" count="3" type="stmt"/>
        <line num="254" count="3" type="stmt"/>
        <line num="255" count="4" type="stmt"/>
        <line num="256" count="4" type="stmt"/>
        <line num="258" count="4" type="cond" truecount="2" falsecount="0"/>
        <line num="259" count="3" type="stmt"/>
        <line num="264" count="2" type="stmt"/>
        <line num="278" count="2" type="stmt"/>
        <line num="279" count="2" type="stmt"/>
        <line num="281" count="1" type="stmt"/>
        <line num="282" count="1" type="stmt"/>
        <line num="283" count="1" type="stmt"/>
        <line num="285" count="3" type="stmt"/>
      </file>
      <file name="profile.js" path="/Users/mac/Documents/Rezzy Semester 6/mental health/sales-point-pos/server/routes/profile.js">
        <metrics statements="40" coveredstatements="40" conditionals="18" coveredconditionals="18" methods="4" coveredmethods="4"/>
        <line num="1" count="53" type="stmt"/>
        <line num="3" count="65" type="stmt"/>
        <line num="4" count="3" type="stmt"/>
        <line num="5" count="3" type="stmt"/>
        <line num="10" count="2" type="cond" truecount="2" falsecount="0"/>
        <line num="11" count="1" type="stmt"/>
        <line num="14" count="1" type="stmt"/>
        <line num="16" count="1" type="stmt"/>
        <line num="17" count="1" type="stmt"/>
        <line num="22" count="65" type="stmt"/>
        <line num="23" count="4" type="stmt"/>
        <line num="25" count="4" type="cond" truecount="4" falsecount="0"/>
        <line num="26" count="1" type="stmt"/>
        <line num="29" count="3" type="stmt"/>
        <line num="31" count="3" type="stmt"/>
        <line num="36" count="2" type="cond" truecount="2" falsecount="0"/>
        <line num="37" count="1" type="stmt"/>
        <line num="40" count="1" type="stmt"/>
        <line num="45" count="1" type="stmt"/>
        <line num="47" count="1" type="stmt"/>
        <line num="48" count="1" type="stmt"/>
        <line num="53" count="65" type="stmt"/>
        <line num="54" count="6" type="stmt"/>
        <line num="56" count="6" type="cond" truecount="4" falsecount="0"/>
        <line num="57" count="1" type="stmt"/>
        <line num="60" count="5" type="cond" truecount="2" falsecount="0"/>
        <line num="61" count="1" type="stmt"/>
        <line num="64" count="4" type="stmt"/>
        <line num="66" count="4" type="stmt"/>
        <line num="68" count="3" type="cond" truecount="2" falsecount="0"/>
        <line num="69" count="1" type="stmt"/>
        <line num="72" count="2" type="stmt"/>
        <line num="75" count="2" type="stmt"/>
        <line num="76" count="2" type="cond" truecount="2" falsecount="0"/>
        <line num="77" count="1" type="stmt"/>
        <line num="81" count="1" type="stmt"/>
        <line num="84" count="1" type="stmt"/>
        <line num="86" count="1" type="stmt"/>
        <line num="88" count="1" type="stmt"/>
        <line num="89" count="1" type="stmt"/>
      </file>
      <file name="reports.js" path="/Users/mac/Documents/Rezzy Semester 6/mental health/sales-point-pos/server/routes/reports.js">
        <metrics statements="65" coveredstatements="65" conditionals="28" coveredconditionals="28" methods="9" coveredmethods="9"/>
        <line num="1" count="53" type="stmt"/>
        <line num="2" count="64" type="stmt"/>
        <line num="7" count="4" type="stmt"/>
        <line num="9" count="4" type="cond" truecount="4" falsecount="0"/>
        <line num="10" count="1" type="stmt"/>
        <line num="13" count="3" type="stmt"/>
        <line num="14" count="3" type="stmt"/>
        <line num="16" count="2" type="stmt"/>
        <line num="20" count="2" type="cond" truecount="2" falsecount="0"/>
        <line num="22" count="2" type="stmt"/>
        <line num="32" count="2" type="cond" truecount="2" falsecount="0"/>
        <line num="34" count="2" type="stmt"/>
        <line num="44" count="2" type="cond" truecount="2" falsecount="0"/>
        <line num="45" count="2" type="stmt"/>
        <line num="47" count="2" type="stmt"/>
        <line num="49" count="2" type="stmt"/>
        <line num="51" count="2" type="stmt"/>
        <line num="82" count="1" type="stmt"/>
        <line num="83" count="1" type="stmt"/>
        <line num="88" count="64" type="stmt"/>
        <line num="93" count="5" type="stmt"/>
        <line num="95" count="5" type="cond" truecount="4" falsecount="0"/>
        <line num="96" count="1" type="stmt"/>
        <line num="101" count="4" type="stmt"/>
        <line num="102" count="4" type="stmt"/>
        <line num="104" count="3" type="stmt"/>
        <line num="114" count="4" type="stmt"/>
        <line num="115" count="3" type="stmt"/>
        <line num="116" count="3" type="cond" truecount="2" falsecount="0"/>
        <line num="117" count="2" type="stmt"/>
        <line num="126" count="2" type="stmt"/>
        <line num="129" count="4" type="stmt"/>
        <line num="131" count="8" type="stmt"/>
        <line num="134" count="3" type="stmt"/>
        <line num="135" count="3" type="stmt"/>
        <line num="136" count="4" type="stmt"/>
        <line num="137" count="4" type="cond" truecount="2" falsecount="0"/>
        <line num="138" count="3" type="stmt"/>
        <line num="140" count="4" type="stmt"/>
        <line num="143" count="3" type="stmt"/>
        <line num="145" count="3" type="stmt"/>
        <line num="150" count="3" type="stmt"/>
        <line num="152" count="3" type="stmt"/>
        <line num="157" count="1" type="stmt"/>
        <line num="158" count="1" type="stmt"/>
        <line num="163" count="64" type="stmt"/>
        <line num="168" count="3" type="stmt"/>
        <line num="169" count="3" type="stmt"/>
        <line num="171" count="2" type="stmt"/>
        <line num="174" count="2" type="cond" truecount="2" falsecount="0"/>
        <line num="176" count="2" type="stmt"/>
        <line num="179" count="2" type="cond" truecount="2" falsecount="0"/>
        <line num="181" count="2" type="stmt"/>
        <line num="183" count="2" type="stmt"/>
        <line num="185" count="2" type="stmt"/>
        <line num="186" count="2" type="stmt"/>
        <line num="188" count="2" type="stmt"/>
        <line num="190" count="2" type="stmt"/>
        <line num="197" count="2" type="cond" truecount="2" falsecount="0"/>
        <line num="199" count="2" type="stmt"/>
        <line num="201" count="2" type="stmt"/>
        <line num="203" count="2" type="stmt"/>
        <line num="205" count="2" type="stmt"/>
        <line num="225" count="1" type="stmt"/>
        <line num="226" count="1" type="stmt"/>
      </file>
      <file name="settings.js" path="/Users/mac/Documents/Rezzy Semester 6/mental health/sales-point-pos/server/routes/settings.js">
        <metrics statements="24" coveredstatements="24" conditionals="4" coveredconditionals="4" methods="4" coveredmethods="4"/>
        <line num="1" count="53" type="stmt"/>
        <line num="2" count="59" type="stmt"/>
        <line num="3" count="2" type="stmt"/>
        <line num="4" count="2" type="stmt"/>
        <line num="5" count="1" type="stmt"/>
        <line num="6" count="1" type="stmt"/>
        <line num="8" count="1" type="stmt"/>
        <line num="9" count="1" type="stmt"/>
        <line num="10" count="1" type="stmt"/>
        <line num="13" count="1" type="stmt"/>
        <line num="15" count="1" type="stmt"/>
        <line num="16" count="1" type="stmt"/>
        <line num="20" count="59" type="stmt"/>
        <line num="21" count="5" type="stmt"/>
        <line num="23" count="5" type="stmt"/>
        <line num="24" count="5" type="stmt"/>
        <line num="26" count="4" type="cond" truecount="2" falsecount="0"/>
        <line num="27" count="2" type="stmt"/>
        <line num="33" count="4" type="cond" truecount="2" falsecount="0"/>
        <line num="34" count="2" type="stmt"/>
        <line num="40" count="4" type="stmt"/>
        <line num="41" count="4" type="stmt"/>
        <line num="43" count="1" type="stmt"/>
        <line num="44" count="1" type="stmt"/>
      </file>
      <file name="stock-forecast.js" path="/Users/mac/Documents/Rezzy Semester 6/mental health/sales-point-pos/server/routes/stock-forecast.js">
        <metrics statements="530" coveredstatements="530" conditionals="435" coveredconditionals="379" methods="44" coveredmethods="44"/>
        <line num="2" count="53" type="stmt"/>
        <line num="3" count="53" type="stmt"/>
        <line num="4" count="53" type="stmt"/>
        <line num="5" count="53" type="stmt"/>
        <line num="7" count="53" type="stmt"/>
        <line num="10" count="3" type="stmt"/>
        <line num="11" count="3" type="stmt"/>
        <line num="12" count="4" type="stmt"/>
        <line num="13" count="4" type="stmt"/>
        <line num="14" count="4" type="stmt"/>
        <line num="15" count="4" type="stmt"/>
        <line num="17" count="3" type="stmt"/>
        <line num="21" count="10" type="cond" truecount="4" falsecount="0"/>
        <line num="23" count="9" type="stmt"/>
        <line num="25" count="9" type="stmt"/>
        <line num="26" count="1109" type="cond" truecount="4" falsecount="0"/>
        <line num="28" count="1100" type="stmt"/>
        <line num="29" count="1100" type="stmt"/>
        <line num="30" count="1093" type="cond" truecount="1" falsecount="1"/>
        <line num="31" count="1093" type="stmt"/>
        <line num="32" count="1093" type="stmt"/>
        <line num="36" count="1100" type="stmt"/>
        <line num="37" count="1100" type="stmt"/>
        <line num="38" count="199294" type="cond" truecount="2" falsecount="0"/>
        <line num="39" count="1095" type="stmt"/>
        <line num="40" count="1095" type="stmt"/>
        <line num="44" count="1100" type="stmt"/>
        <line num="46" count="1100" type="cond" truecount="4" falsecount="0"/>
        <line num="47" count="1091" type="stmt"/>
        <line num="48" count="1091" type="stmt"/>
        <line num="49" count="9" type="cond" truecount="2" falsecount="0"/>
        <line num="50" count="2" type="stmt"/>
        <line num="51" count="7" type="cond" truecount="2" falsecount="0"/>
        <line num="52" count="4" type="stmt"/>
        <line num="55" count="1100" type="stmt"/>
        <line num="58" count="9" type="stmt"/>
        <line num="62" count="13" type="cond" truecount="4" falsecount="0"/>
        <line num="64" count="7" type="stmt"/>
        <line num="65" count="7" type="stmt"/>
        <line num="67" count="7" type="stmt"/>
        <line num="68" count="1116" type="stmt"/>
        <line num="69" count="1116" type="cond" truecount="2" falsecount="0"/>
        <line num="71" count="1113" type="stmt"/>
        <line num="72" count="1113" type="stmt"/>
        <line num="74" count="1113" type="stmt"/>
        <line num="75" count="16348" type="stmt"/>
        <line num="77" count="1113" type="cond" truecount="2" falsecount="0"/>
        <line num="79" count="15261" type="stmt"/>
        <line num="81" count="1112" type="stmt"/>
        <line num="82" count="1112" type="stmt"/>
        <line num="83" count="1112" type="stmt"/>
        <line num="85" count="1112" type="stmt"/>
        <line num="86" count="1112" type="stmt"/>
        <line num="88" count="1112" type="cond" truecount="4" falsecount="0"/>
        <line num="89" count="2" type="stmt"/>
        <line num="90" count="2" type="stmt"/>
        <line num="94" count="7" type="stmt"/>
        <line num="98" count="7" type="cond" truecount="2" falsecount="0"/>
        <line num="101" count="7" type="cond" truecount="2" falsecount="0"/>
        <line num="102" count="2" type="stmt"/>
        <line num="103" count="5" type="cond" truecount="4" falsecount="0"/>
        <line num="104" count="4" type="stmt"/>
        <line num="105" count="4" type="cond" truecount="2" falsecount="0"/>
        <line num="106" count="3" type="stmt"/>
        <line num="108" count="1" type="stmt"/>
        <line num="111" count="1" type="stmt"/>
        <line num="114" count="7" type="stmt"/>
        <line num="115" count="7" type="stmt"/>
        <line num="117" count="7" type="stmt"/>
        <line num="118" count="7" type="cond" truecount="2" falsecount="0"/>
        <line num="119" count="7" type="cond" truecount="1" falsecount="1"/>
        <line num="120" count="7" type="cond" truecount="4" falsecount="0"/>
        <line num="121" count="5" type="stmt"/>
        <line num="122" count="5" type="cond" truecount="2" falsecount="0"/>
        <line num="123" count="5" type="cond" truecount="3" falsecount="1"/>
        <line num="126" count="7" type="stmt"/>
        <line num="127" count="7" type="stmt"/>
        <line num="128" count="1102" type="stmt"/>
        <line num="129" count="1102" type="stmt"/>
        <line num="130" count="1102" type="stmt"/>
        <line num="131" count="1102" type="stmt"/>
        <line num="132" count="1102" type="cond" truecount="2" falsecount="0"/>
        <line num="135" count="7" type="stmt"/>
        <line num="136" count="7" type="stmt"/>
        <line num="138" count="7" type="stmt"/>
        <line num="142" count="11" type="cond" truecount="1" falsecount="1"/>
        <line num="143" count="11" type="cond" truecount="1" falsecount="1"/>
        <line num="145" count="11" type="cond" truecount="4" falsecount="0"/>
        <line num="147" count="9" type="stmt"/>
        <line num="148" count="9" type="stmt"/>
        <line num="149" count="791" type="stmt"/>
        <line num="150" count="5532" type="cond" truecount="1" falsecount="1"/>
        <line num="151" count="791" type="stmt"/>
        <line num="153" count="9" type="stmt"/>
        <line num="157" count="10" type="stmt"/>
        <line num="172" count="10" type="stmt"/>
        <line num="176" count="15" type="stmt"/>
        <line num="187" count="15" type="cond" truecount="2" falsecount="0"/>
        <line num="188" count="5" type="stmt"/>
        <line num="189" count="5" type="stmt"/>
        <line num="190" count="5" type="stmt"/>
        <line num="193" count="10" type="stmt"/>
        <line num="194" count="10" type="stmt"/>
        <line num="195" count="10" type="stmt"/>
        <line num="197" count="10" type="stmt"/>
        <line num="198" count="10" type="stmt"/>
        <line num="199" count="10" type="stmt"/>
        <line num="200" count="10" type="stmt"/>
        <line num="201" count="10" type="stmt"/>
        <line num="202" count="10" type="stmt"/>
        <line num="204" count="10" type="stmt"/>
        <line num="205" count="16" type="stmt"/>
        <line num="209" count="16" type="stmt"/>
        <line num="210" count="16" type="stmt"/>
        <line num="212" count="16" type="stmt"/>
        <line num="213" count="16" type="stmt"/>
        <line num="234" count="16" type="stmt"/>
        <line num="239" count="4" type="stmt"/>
        <line num="240" count="4" type="stmt"/>
        <line num="241" count="4" type="stmt"/>
        <line num="243" count="4" type="stmt"/>
        <line num="244" count="4" type="cond" truecount="4" falsecount="0"/>
        <line num="245" count="3" type="cond" truecount="1" falsecount="1"/>
        <line num="248" count="4" type="stmt"/>
        <line num="249" count="4" type="stmt"/>
        <line num="250" count="4" type="stmt"/>
        <line num="252" count="4" type="stmt"/>
        <line num="254" count="12" type="stmt"/>
        <line num="255" count="12" type="stmt"/>
        <line num="256" count="12" type="stmt"/>
        <line num="257" count="12" type="cond" truecount="2" falsecount="0"/>
        <line num="258" count="2" type="stmt"/>
        <line num="259" count="2" type="stmt"/>
        <line num="260" count="2" type="stmt"/>
        <line num="261" count="10" type="cond" truecount="2" falsecount="0"/>
        <line num="262" count="2" type="stmt"/>
        <line num="264" count="8" type="stmt"/>
        <line num="266" count="12" type="stmt"/>
        <line num="271" count="6" type="stmt"/>
        <line num="272" count="6" type="cond" truecount="2" falsecount="0"/>
        <line num="273" count="6" type="stmt"/>
        <line num="277" count="16" type="cond" truecount="1" falsecount="1"/>
        <line num="278" count="16" type="cond" truecount="4" falsecount="0"/>
        <line num="280" count="14" type="stmt"/>
        <line num="281" count="14" type="stmt"/>
        <line num="282" count="896" type="cond" truecount="1" falsecount="1"/>
        <line num="283" count="128" type="stmt"/>
        <line num="286" count="128" type="stmt"/>
        <line num="288" count="128" type="cond" truecount="1" falsecount="1"/>
        <line num="289" count="14" type="stmt"/>
        <line num="290" count="14" type="stmt"/>
        <line num="294" count="4" type="cond" truecount="4" falsecount="0"/>
        <line num="295" count="3" type="stmt"/>
        <line num="296" count="3" type="stmt"/>
        <line num="297" count="3" type="stmt"/>
        <line num="298" count="3" type="stmt"/>
        <line num="299" count="3" type="cond" truecount="4" falsecount="0"/>
        <line num="303" count="14" type="cond" truecount="2" falsecount="0"/>
        <line num="305" count="13" type="stmt"/>
        <line num="306" count="13" type="stmt"/>
        <line num="308" count="13" type="stmt"/>
        <line num="313" count="13" type="stmt"/>
        <line num="315" count="13" type="stmt"/>
        <line num="316" count="13" type="cond" truecount="2" falsecount="0"/>
        <line num="317" count="3" type="stmt"/>
        <line num="320" count="13" type="cond" truecount="2" falsecount="0"/>
        <line num="321" count="10" type="stmt"/>
        <line num="322" count="10" type="stmt"/>
        <line num="323" count="10" type="cond" truecount="5" falsecount="0"/>
        <line num="324" count="3" type="stmt"/>
        <line num="328" count="13" type="cond" truecount="2" falsecount="0"/>
        <line num="329" count="7" type="stmt"/>
        <line num="332" count="6" type="stmt"/>
        <line num="339" count="6" type="stmt"/>
        <line num="341" count="4" type="cond" truecount="3" falsecount="1"/>
        <line num="342" count="4" type="stmt"/>
        <line num="344" count="4" type="cond" truecount="4" falsecount="0"/>
        <line num="345" count="2" type="stmt"/>
        <line num="346" count="2" type="cond" truecount="2" falsecount="0"/>
        <line num="347" count="1" type="stmt"/>
        <line num="349" count="2" type="cond" truecount="4" falsecount="1"/>
        <line num="350" count="2" type="stmt"/>
        <line num="354" count="4" type="stmt"/>
        <line num="355" count="4" type="stmt"/>
        <line num="356" count="14" type="cond" truecount="4" falsecount="0"/>
        <line num="357" count="3" type="stmt"/>
        <line num="358" count="3" type="cond" truecount="2" falsecount="0"/>
        <line num="359" count="1" type="stmt"/>
        <line num="361" count="3" type="cond" truecount="4" falsecount="1"/>
        <line num="362" count="3" type="stmt"/>
        <line num="363" count="3" type="stmt"/>
        <line num="368" count="4" type="cond" truecount="2" falsecount="0"/>
        <line num="369" count="3" type="stmt"/>
        <line num="373" count="1" type="stmt"/>
        <line num="375" count="2" type="stmt"/>
        <line num="376" count="2" type="stmt"/>
        <line num="381" count="20" type="stmt"/>
        <line num="382" count="20" type="stmt"/>
        <line num="383" count="20" type="stmt"/>
        <line num="384" count="20" type="stmt"/>
        <line num="386" count="20" type="stmt"/>
        <line num="388" count="20" type="stmt"/>
        <line num="389" count="20" type="stmt"/>
        <line num="390" count="13" type="stmt"/>
        <line num="392" count="13" type="cond" truecount="2" falsecount="0"/>
        <line num="393" count="1" type="stmt"/>
        <line num="394" count="12" type="cond" truecount="3" falsecount="1"/>
        <line num="395" count="12" type="stmt"/>
        <line num="398" count="7" type="stmt"/>
        <line num="401" count="20" type="cond" truecount="2" falsecount="0"/>
        <line num="402" count="7" type="stmt"/>
        <line num="403" count="7" type="stmt"/>
        <line num="404" count="7" type="cond" truecount="2" falsecount="0"/>
        <line num="407" count="20" type="cond" truecount="2" falsecount="0"/>
        <line num="408" count="6" type="stmt"/>
        <line num="409" count="6" type="stmt"/>
        <line num="421" count="6" type="stmt"/>
        <line num="422" count="38" type="stmt"/>
        <line num="423" count="38" type="cond" truecount="4" falsecount="0"/>
        <line num="424" count="2" type="stmt"/>
        <line num="425" count="2" type="cond" truecount="4" falsecount="1"/>
        <line num="426" count="2" type="stmt"/>
        <line num="427" count="2" type="stmt"/>
        <line num="428" count="2" type="stmt"/>
        <line num="434" count="20" type="cond" truecount="2" falsecount="0"/>
        <line num="435" count="4" type="stmt"/>
        <line num="436" count="4" type="stmt"/>
        <line num="437" count="4" type="cond" truecount="4" falsecount="0"/>
        <line num="438" count="3" type="cond" truecount="3" falsecount="0"/>
        <line num="440" count="2" type="cond" truecount="1" falsecount="1"/>
        <line num="441" count="2" type="stmt"/>
        <line num="443" count="2" type="stmt"/>
        <line num="444" count="3" type="cond" truecount="2" falsecount="0"/>
        <line num="445" count="1" type="stmt"/>
        <line num="446" count="1" type="stmt"/>
        <line num="447" count="1" type="stmt"/>
        <line num="451" count="2" type="cond" truecount="2" falsecount="0"/>
        <line num="452" count="1" type="stmt"/>
        <line num="453" count="1" type="stmt"/>
        <line num="459" count="20" type="cond" truecount="2" falsecount="0"/>
        <line num="460" count="2" type="stmt"/>
        <line num="461" count="2" type="stmt"/>
        <line num="464" count="18" type="stmt"/>
        <line num="465" count="18" type="cond" truecount="4" falsecount="0"/>
        <line num="466" count="5" type="stmt"/>
        <line num="468" count="18" type="cond" truecount="4" falsecount="0"/>
        <line num="469" count="4" type="stmt"/>
        <line num="471" count="18" type="cond" truecount="4" falsecount="0"/>
        <line num="472" count="3" type="stmt"/>
        <line num="473" count="3" type="stmt"/>
        <line num="474" count="3" type="stmt"/>
        <line num="475" count="3" type="cond" truecount="4" falsecount="0"/>
        <line num="476" count="1" type="stmt"/>
        <line num="477" count="1" type="stmt"/>
        <line num="479" count="2" type="cond" truecount="1" falsecount="1"/>
        <line num="480" count="2" type="stmt"/>
        <line num="481" count="2" type="cond" truecount="2" falsecount="0"/>
        <line num="482" count="1" type="stmt"/>
        <line num="483" count="1" type="stmt"/>
        <line num="489" count="18" type="cond" truecount="4" falsecount="0"/>
        <line num="490" count="1" type="stmt"/>
        <line num="493" count="17" type="cond" truecount="2" falsecount="0"/>
        <line num="494" count="1" type="stmt"/>
        <line num="495" count="1" type="cond" truecount="1" falsecount="1"/>
        <line num="496" count="1" type="stmt"/>
        <line num="500" count="16" type="cond" truecount="2" falsecount="0"/>
        <line num="501" count="1" type="stmt"/>
        <line num="504" count="15" type="stmt"/>
        <line num="505" count="15" type="stmt"/>
        <line num="507" count="15" type="cond" truecount="2" falsecount="0"/>
        <line num="510" count="15" type="cond" truecount="2" falsecount="0"/>
        <line num="514" count="15" type="cond" truecount="2" falsecount="0"/>
        <line num="515" count="1" type="stmt"/>
        <line num="518" count="15" type="stmt"/>
        <line num="519" count="15" type="stmt"/>
        <line num="521" count="15" type="cond" truecount="2" falsecount="2"/>
        <line num="522" count="15" type="stmt"/>
        <line num="524" count="15" type="stmt"/>
        <line num="525" count="15" type="stmt"/>
        <line num="526" count="15" type="stmt"/>
        <line num="528" count="15" type="stmt"/>
        <line num="529" count="15" type="stmt"/>
        <line num="530" count="15" type="stmt"/>
        <line num="531" count="15" type="stmt"/>
        <line num="532" count="15" type="stmt"/>
        <line num="533" count="15" type="stmt"/>
        <line num="534" count="15" type="stmt"/>
        <line num="535" count="15" type="stmt"/>
        <line num="537" count="15" type="cond" truecount="1" falsecount="1"/>
        <line num="538" count="15" type="cond" truecount="2" falsecount="0"/>
        <line num="539" count="196" type="cond" truecount="1" falsecount="1"/>
        <line num="541" count="14" type="stmt"/>
        <line num="542" count="14" type="stmt"/>
        <line num="544" count="14" type="stmt"/>
        <line num="546" count="14" type="stmt"/>
        <line num="547" count="14" type="stmt"/>
        <line num="549" count="14" type="stmt"/>
        <line num="550" count="14" type="stmt"/>
        <line num="551" count="14" type="stmt"/>
        <line num="552" count="14" type="stmt"/>
        <line num="553" count="14" type="stmt"/>
        <line num="554" count="14" type="stmt"/>
        <line num="556" count="14" type="stmt"/>
        <line num="558" count="14" type="cond" truecount="2" falsecount="0"/>
        <line num="564" count="1" type="stmt"/>
        <line num="565" count="1" type="stmt"/>
        <line num="569" count="14" type="cond" truecount="4" falsecount="0"/>
        <line num="570" count="1" type="stmt"/>
        <line num="571" count="1" type="stmt"/>
        <line num="574" count="13" type="stmt"/>
        <line num="575" count="13" type="stmt"/>
        <line num="576" count="13" type="stmt"/>
        <line num="577" count="13" type="stmt"/>
        <line num="581" count="10" type="cond" truecount="4" falsecount="0"/>
        <line num="582" count="9" type="cond" truecount="1" falsecount="1"/>
        <line num="583" count="9" type="cond" truecount="2" falsecount="0"/>
        <line num="584" count="9" type="stmt"/>
        <line num="585" count="876" type="cond" truecount="2" falsecount="0"/>
        <line num="586" count="876" type="stmt"/>
        <line num="589" count="9" type="cond" truecount="1" falsecount="1"/>
        <line num="590" count="9" type="stmt"/>
        <line num="591" count="9" type="stmt"/>
        <line num="595" count="3" type="stmt"/>
        <line num="596" count="3" type="stmt"/>
        <line num="597" count="3" type="cond" truecount="2" falsecount="0"/>
        <line num="598" count="2" type="stmt"/>
        <line num="602" count="8" type="cond" truecount="1" falsecount="1"/>
        <line num="603" count="8" type="cond" truecount="1" falsecount="1"/>
        <line num="605" count="8" type="cond" truecount="1" falsecount="1"/>
        <line num="606" count="8" type="stmt"/>
        <line num="608" count="8" type="cond" truecount="2" falsecount="0"/>
        <line num="609" count="8" type="stmt"/>
        <line num="610" count="8" type="stmt"/>
        <line num="611" count="213" type="cond" truecount="1" falsecount="1"/>
        <line num="612" count="883" type="cond" truecount="1" falsecount="1"/>
        <line num="614" count="8" type="stmt"/>
        <line num="615" count="8" type="stmt"/>
        <line num="616" count="8" type="stmt"/>
        <line num="617" count="8" type="stmt"/>
        <line num="618" count="8" type="stmt"/>
        <line num="619" count="8" type="stmt"/>
        <line num="620" count="8" type="stmt"/>
        <line num="621" count="8" type="cond" truecount="4" falsecount="0"/>
        <line num="623" count="8" type="stmt"/>
        <line num="624" count="8" type="stmt"/>
        <line num="639" count="8" type="stmt"/>
        <line num="677" count="8" type="stmt"/>
        <line num="678" count="2" type="stmt"/>
        <line num="679" count="2" type="stmt"/>
        <line num="681" count="2" type="stmt"/>
        <line num="687" count="2" type="cond" truecount="2" falsecount="0"/>
        <line num="688" count="1" type="stmt"/>
        <line num="689" count="1" type="stmt"/>
        <line num="690" count="1" type="stmt"/>
        <line num="692" count="1" type="cond" truecount="3" falsecount="1"/>
        <line num="693" count="1" type="stmt"/>
        <line num="695" count="1" type="stmt"/>
        <line num="696" count="1" type="stmt"/>
        <line num="699" count="6" type="stmt"/>
        <line num="700" count="6" type="cond" truecount="1" falsecount="1"/>
        <line num="701" count="6" type="stmt"/>
        <line num="704" count="8" type="cond" truecount="2" falsecount="0"/>
        <line num="705" count="7" type="cond" truecount="4" falsecount="0"/>
        <line num="706" count="1" type="stmt"/>
        <line num="708" count="7" type="stmt"/>
        <line num="711" count="8" type="stmt"/>
        <line num="712" count="8" type="cond" truecount="2" falsecount="0"/>
        <line num="713" count="8" type="cond" truecount="2" falsecount="0"/>
        <line num="715" count="8" type="stmt"/>
        <line num="743" count="8" type="stmt"/>
        <line num="744" count="8" type="stmt"/>
        <line num="745" count="8" type="stmt"/>
        <line num="746" count="8" type="stmt"/>
        <line num="747" count="8" type="stmt"/>
        <line num="749" count="8" type="stmt"/>
        <line num="753" count="4" type="cond" truecount="2" falsecount="0"/>
        <line num="763" count="3" type="stmt"/>
        <line num="764" count="3" type="stmt"/>
        <line num="766" count="3" type="cond" truecount="2" falsecount="0"/>
        <line num="767" count="2" type="cond" truecount="2" falsecount="0"/>
        <line num="769" count="1" type="stmt"/>
        <line num="770" count="1" type="stmt"/>
        <line num="772" count="1" type="stmt"/>
        <line num="773" count="5" type="cond" truecount="2" falsecount="0"/>
        <line num="774" count="4" type="stmt"/>
        <line num="775" count="4" type="cond" truecount="2" falsecount="0"/>
        <line num="777" count="3" type="stmt"/>
        <line num="778" count="3" type="cond" truecount="4" falsecount="0"/>
        <line num="780" count="2" type="cond" truecount="1" falsecount="1"/>
        <line num="781" count="2" type="stmt"/>
        <line num="782" count="2" type="stmt"/>
        <line num="783" count="7" type="stmt"/>
        <line num="784" count="7" type="cond" truecount="4" falsecount="0"/>
        <line num="785" count="3" type="stmt"/>
        <line num="789" count="2" type="stmt"/>
        <line num="790" count="3" type="cond" truecount="1" falsecount="1"/>
        <line num="791" count="3" type="stmt"/>
        <line num="792" count="3" type="stmt"/>
        <line num="793" count="3" type="cond" truecount="2" falsecount="0"/>
        <line num="795" count="2" type="stmt"/>
        <line num="796" count="2" type="cond" truecount="2" falsecount="0"/>
        <line num="797" count="1" type="stmt"/>
        <line num="798" count="1" type="stmt"/>
        <line num="801" count="2" type="stmt"/>
        <line num="802" count="3" type="stmt"/>
        <line num="803" count="3" type="stmt"/>
        <line num="804" count="3" type="cond" truecount="2" falsecount="0"/>
        <line num="805" count="1" type="stmt"/>
        <line num="806" count="2" type="cond" truecount="3" falsecount="1"/>
        <line num="807" count="2" type="stmt"/>
        <line num="808" count="2" type="stmt"/>
        <line num="809" count="2" type="cond" truecount="1" falsecount="1"/>
        <line num="810" count="2" type="stmt"/>
        <line num="813" count="3" type="cond" truecount="3" falsecount="1"/>
        <line num="814" count="3" type="cond" truecount="2" falsecount="0"/>
        <line num="820" count="1" type="stmt"/>
        <line num="824" count="1" type="stmt"/>
        <line num="826" count="1" type="stmt"/>
        <line num="827" count="3" type="stmt"/>
        <line num="828" count="3" type="stmt"/>
        <line num="829" count="3" type="cond" truecount="2" falsecount="0"/>
        <line num="832" count="1" type="stmt"/>
        <line num="833" count="1" type="stmt"/>
        <line num="835" count="1" type="stmt"/>
        <line num="839" count="3" type="cond" truecount="4" falsecount="0"/>
        <line num="840" count="2" type="stmt"/>
        <line num="841" count="2" type="stmt"/>
        <line num="842" count="2" type="stmt"/>
        <line num="843" count="4" type="stmt"/>
        <line num="844" count="4" type="cond" truecount="2" falsecount="0"/>
        <line num="845" count="3" type="cond" truecount="4" falsecount="0"/>
        <line num="846" count="3" type="cond" truecount="3" falsecount="1"/>
        <line num="848" count="2" type="stmt"/>
        <line num="852" count="3" type="cond" truecount="4" falsecount="0"/>
        <line num="853" count="2" type="stmt"/>
        <line num="854" count="2" type="cond" truecount="4" falsecount="0"/>
        <line num="855" count="1" type="stmt"/>
        <line num="859" count="10" type="cond" truecount="2" falsecount="0"/>
        <line num="860" count="10" type="cond" truecount="2" falsecount="0"/>
        <line num="862" count="10" type="stmt"/>
        <line num="864" count="2" type="stmt"/>
        <line num="865" count="2" type="stmt"/>
        <line num="866" count="2" type="stmt"/>
        <line num="871" count="2" type="stmt"/>
        <line num="872" count="2" type="stmt"/>
        <line num="876" count="2" type="stmt"/>
        <line num="877" count="2" type="cond" truecount="1" falsecount="1"/>
        <line num="879" count="2" type="stmt"/>
        <line num="894" count="2" type="stmt"/>
        <line num="897" count="2" type="cond" truecount="1" falsecount="1"/>
        <line num="899" count="2" type="stmt"/>
        <line num="900" count="2" type="stmt"/>
        <line num="922" count="2" type="stmt"/>
        <line num="927" count="2" type="cond" truecount="1" falsecount="1"/>
        <line num="931" count="4" type="cond" truecount="2" falsecount="0"/>
        <line num="932" count="4" type="stmt"/>
        <line num="933" count="6003" type="stmt"/>
        <line num="934" count="6003" type="stmt"/>
        <line num="937" count="8" type="cond" truecount="2" falsecount="0"/>
        <line num="938" count="8" type="stmt"/>
        <line num="939" count="8" type="cond" truecount="2" falsecount="0"/>
        <line num="940" count="8" type="cond" truecount="2" falsecount="0"/>
        <line num="941" count="7" type="stmt"/>
        <line num="943" count="6002" type="stmt"/>
        <line num="944" count="6002" type="stmt"/>
        <line num="951" count="4" type="stmt"/>
        <line num="952" count="4" type="stmt"/>
        <line num="955" count="53" type="stmt"/>
        <line num="956" count="60" type="stmt"/>
        <line num="960" count="2" type="stmt"/>
        <line num="961" count="2" type="stmt"/>
        <line num="962" count="2" type="stmt"/>
        <line num="967" count="1" type="stmt"/>
        <line num="968" count="1" type="stmt"/>
        <line num="970" count="1" type="stmt"/>
        <line num="971" count="1" type="stmt"/>
        <line num="976" count="60" type="stmt"/>
        <line num="981" count="4" type="cond" truecount="2" falsecount="0"/>
        <line num="982" count="4" type="stmt"/>
        <line num="983" count="4" type="stmt"/>
        <line num="984" count="4" type="stmt"/>
        <line num="985" count="4" type="cond" truecount="2" falsecount="0"/>
        <line num="986" count="1" type="stmt"/>
        <line num="987" count="1" type="stmt"/>
        <line num="989" count="4" type="stmt"/>
        <line num="990" count="4" type="stmt"/>
        <line num="991" count="3" type="cond" truecount="1" falsecount="1"/>
        <line num="993" count="1" type="stmt"/>
        <line num="998" count="60" type="stmt"/>
        <line num="1003" count="3" type="cond" truecount="2" falsecount="0"/>
        <line num="1004" count="3" type="stmt"/>
        <line num="1005" count="3" type="stmt"/>
        <line num="1006" count="3" type="stmt"/>
        <line num="1035" count="3" type="cond" truecount="2" falsecount="0"/>
        <line num="1036" count="1" type="stmt"/>
        <line num="1037" count="1" type="stmt"/>
        <line num="1039" count="3" type="stmt"/>
        <line num="1040" count="3" type="stmt"/>
        <line num="1041" count="2" type="cond" truecount="1" falsecount="1"/>
        <line num="1043" count="1" type="stmt"/>
        <line num="1048" count="60" type="stmt"/>
        <line num="1053" count="6" type="stmt"/>
        <line num="1055" count="6" type="cond" truecount="4" falsecount="0"/>
        <line num="1056" count="1" type="stmt"/>
        <line num="1059" count="5" type="stmt"/>
        <line num="1060" count="5" type="stmt"/>
        <line num="1063" count="5" type="cond" truecount="4" falsecount="0"/>
        <line num="1064" count="1" type="stmt"/>
        <line num="1067" count="4" type="stmt"/>
        <line num="1069" count="4" type="stmt"/>
        <line num="1074" count="3" type="cond" truecount="2" falsecount="0"/>
        <line num="1075" count="1" type="stmt"/>
        <line num="1078" count="2" type="stmt"/>
        <line num="1080" count="2" type="stmt"/>
        <line num="1107" count="2" type="stmt"/>
        <line num="1109" count="1" type="stmt"/>
        <line num="1110" count="1" type="stmt"/>
        <line num="1116" count="53" type="stmt"/>
        <line num="1117" count="53" type="stmt"/>
        <line num="1118" count="53" type="stmt"/>
        <line num="1119" count="53" type="stmt"/>
        <line num="1120" count="53" type="stmt"/>
        <line num="1121" count="53" type="stmt"/>
        <line num="1122" count="53" type="stmt"/>
        <line num="1123" count="53" type="stmt"/>
        <line num="1124" count="53" type="stmt"/>
        <line num="1125" count="53" type="stmt"/>
        <line num="1126" count="53" type="stmt"/>
        <line num="1127" count="53" type="stmt"/>
        <line num="1129" count="53" type="stmt"/>
      </file>
      <file name="suppliers.js" path="/Users/mac/Documents/Rezzy Semester 6/mental health/sales-point-pos/server/routes/suppliers.js">
        <metrics statements="47" coveredstatements="47" conditionals="12" coveredconditionals="12" methods="5" coveredmethods="5"/>
        <line num="1" count="52" type="stmt"/>
        <line num="2" count="52" type="stmt"/>
        <line num="7" count="3" type="cond" truecount="2" falsecount="0"/>
        <line num="8" count="3" type="cond" truecount="2" falsecount="0"/>
        <line num="9" count="3" type="cond" truecount="2" falsecount="0"/>
        <line num="10" count="3" type="stmt"/>
        <line num="12" count="3" type="stmt"/>
        <line num="13" count="3" type="stmt"/>
        <line num="14" count="2" type="stmt"/>
        <line num="15" count="2" type="stmt"/>
        <line num="16" count="2" type="stmt"/>
        <line num="18" count="2" type="cond" truecount="2" falsecount="0"/>
        <line num="19" count="1" type="stmt"/>
        <line num="20" count="1" type="stmt"/>
        <line num="21" count="1" type="stmt"/>
        <line num="24" count="2" type="stmt"/>
        <line num="25" count="2" type="stmt"/>
        <line num="27" count="2" type="stmt"/>
        <line num="28" count="2" type="stmt"/>
        <line num="32" count="2" type="stmt"/>
        <line num="34" count="2" type="stmt"/>
        <line num="36" count="2" type="stmt"/>
        <line num="46" count="1" type="stmt"/>
        <line num="47" count="1" type="stmt"/>
        <line num="52" count="52" type="stmt"/>
        <line num="57" count="3" type="stmt"/>
        <line num="58" count="3" type="cond" truecount="2" falsecount="0"/>
        <line num="60" count="2" type="stmt"/>
        <line num="61" count="2" type="stmt"/>
        <line num="65" count="1" type="stmt"/>
        <line num="69" count="1" type="stmt"/>
        <line num="70" count="1" type="stmt"/>
        <line num="75" count="52" type="stmt"/>
        <line num="80" count="2" type="stmt"/>
        <line num="81" count="2" type="stmt"/>
        <line num="83" count="2" type="stmt"/>
        <line num="84" count="2" type="stmt"/>
        <line num="88" count="1" type="stmt"/>
        <line num="90" count="1" type="stmt"/>
        <line num="91" count="1" type="stmt"/>
        <line num="96" count="52" type="stmt"/>
        <line num="101" count="2" type="stmt"/>
        <line num="103" count="2" type="stmt"/>
        <line num="104" count="2" type="stmt"/>
        <line num="105" count="1" type="stmt"/>
        <line num="107" count="1" type="stmt"/>
        <line num="108" count="1" type="stmt"/>
      </file>
      <file name="transactions.js" path="/Users/mac/Documents/Rezzy Semester 6/mental health/sales-point-pos/server/routes/transactions.js">
        <metrics statements="114" coveredstatements="114" conditionals="58" coveredconditionals="58" methods="5" coveredmethods="5"/>
        <line num="1" count="53" type="stmt"/>
        <line num="3" count="53" type="stmt"/>
        <line num="4" count="81" type="stmt"/>
        <line num="10" count="81" type="stmt"/>
        <line num="16" count="5" type="stmt"/>
        <line num="18" count="5" type="cond" truecount="4" falsecount="0"/>
        <line num="19" count="1" type="stmt"/>
        <line num="22" count="4" type="stmt"/>
        <line num="23" count="4" type="stmt"/>
        <line num="24" count="4" type="stmt"/>
        <line num="26" count="4" type="stmt"/>
        <line num="28" count="4" type="stmt"/>
        <line num="32" count="3" type="stmt"/>
        <line num="34" count="3" type="stmt"/>
        <line num="35" count="3" type="stmt"/>
        <line num="40" count="3" type="cond" truecount="2" falsecount="0"/>
        <line num="41" count="1" type="stmt"/>
        <line num="48" count="3" type="cond" truecount="2" falsecount="0"/>
        <line num="49" count="1" type="stmt"/>
        <line num="59" count="1" type="stmt"/>
        <line num="60" count="1" type="stmt"/>
        <line num="62" count="1" type="stmt"/>
        <line num="63" count="1" type="stmt"/>
        <line num="65" count="2" type="stmt"/>
        <line num="69" count="2" type="stmt"/>
        <line num="70" count="2" type="stmt"/>
        <line num="73" count="1" type="stmt"/>
        <line num="74" count="1" type="stmt"/>
        <line num="75" count="1" type="stmt"/>
        <line num="77" count="4" type="stmt"/>
        <line num="82" count="81" type="stmt"/>
        <line num="83" count="11" type="stmt"/>
        <line num="84" count="11" type="stmt"/>
        <line num="85" count="11" type="stmt"/>
        <line num="87" count="11" type="stmt"/>
        <line num="92" count="10" type="cond" truecount="2" falsecount="0"/>
        <line num="93" count="1" type="stmt"/>
        <line num="96" count="9" type="stmt"/>
        <line num="98" count="9" type="stmt"/>
        <line num="100" count="9" type="stmt"/>
        <line num="101" count="9" type="stmt"/>
        <line num="103" count="9" type="stmt"/>
        <line num="105" count="9" type="cond" truecount="2" falsecount="0"/>
        <line num="106" count="3" type="cond" truecount="2" falsecount="0"/>
        <line num="107" count="1" type="stmt"/>
        <line num="108" count="2" type="cond" truecount="2" falsecount="0"/>
        <line num="109" count="1" type="stmt"/>
        <line num="111" count="6" type="cond" truecount="2" falsecount="0"/>
        <line num="112" count="2" type="stmt"/>
        <line num="113" count="4" type="cond" truecount="2" falsecount="0"/>
        <line num="114" count="1" type="stmt"/>
        <line num="115" count="3" type="cond" truecount="2" falsecount="0"/>
        <line num="116" count="1" type="stmt"/>
        <line num="117" count="2" type="cond" truecount="2" falsecount="0"/>
        <line num="118" count="1" type="stmt"/>
        <line num="121" count="9" type="stmt"/>
        <line num="123" count="9" type="stmt"/>
        <line num="128" count="9" type="cond" truecount="4" falsecount="0"/>
        <line num="129" count="2" type="stmt"/>
        <line num="134" count="2" type="stmt"/>
        <line num="135" count="1" type="stmt"/>
        <line num="142" count="9" type="stmt"/>
        <line num="143" count="9" type="stmt"/>
        <line num="145" count="1" type="stmt"/>
        <line num="146" count="1" type="stmt"/>
        <line num="147" count="1" type="stmt"/>
        <line num="149" count="11" type="stmt"/>
        <line num="153" count="81" type="stmt"/>
        <line num="154" count="11" type="stmt"/>
        <line num="155" count="11" type="stmt"/>
        <line num="156" count="11" type="stmt"/>
        <line num="157" count="11" type="stmt"/>
        <line num="158" count="11" type="stmt"/>
        <line num="159" count="11" type="stmt"/>
        <line num="161" count="11" type="stmt"/>
        <line num="166" count="10" type="cond" truecount="2" falsecount="0"/>
        <line num="167" count="1" type="stmt"/>
        <line num="170" count="9" type="stmt"/>
        <line num="171" count="9" type="stmt"/>
        <line num="173" count="9" type="cond" truecount="2" falsecount="0"/>
        <line num="174" count="3" type="cond" truecount="2" falsecount="0"/>
        <line num="175" count="1" type="stmt"/>
        <line num="176" count="2" type="cond" truecount="2" falsecount="0"/>
        <line num="177" count="1" type="stmt"/>
        <line num="179" count="6" type="cond" truecount="2" falsecount="0"/>
        <line num="180" count="1" type="stmt"/>
        <line num="181" count="5" type="cond" truecount="2" falsecount="0"/>
        <line num="182" count="1" type="stmt"/>
        <line num="183" count="4" type="cond" truecount="2" falsecount="0"/>
        <line num="184" count="1" type="stmt"/>
        <line num="185" count="3" type="cond" truecount="2" falsecount="0"/>
        <line num="186" count="2" type="stmt"/>
        <line num="189" count="9" type="stmt"/>
        <line num="191" count="9" type="stmt"/>
        <line num="196" count="9" type="cond" truecount="4" falsecount="0"/>
        <line num="197" count="2" type="stmt"/>
        <line num="202" count="2" type="stmt"/>
        <line num="203" count="1" type="stmt"/>
        <line num="210" count="9" type="stmt"/>
        <line num="211" count="9" type="stmt"/>
        <line num="213" count="1" type="stmt"/>
        <line num="214" count="1" type="stmt"/>
        <line num="215" count="1" type="stmt"/>
        <line num="217" count="11" type="stmt"/>
        <line num="221" count="81" type="stmt"/>
        <line num="222" count="2" type="stmt"/>
        <line num="223" count="2" type="stmt"/>
        <line num="225" count="1" type="stmt"/>
        <line num="232" count="1" type="stmt"/>
        <line num="242" count="1" type="stmt"/>
        <line num="248" count="1" type="stmt"/>
        <line num="250" count="1" type="stmt"/>
        <line num="256" count="1" type="stmt"/>
        <line num="257" count="1" type="stmt"/>
      </file>
      <file name="users.js" path="/Users/mac/Documents/Rezzy Semester 6/mental health/sales-point-pos/server/routes/users.js">
        <metrics statements="81" coveredstatements="81" conditionals="54" coveredconditionals="54" methods="5" coveredmethods="5"/>
        <line num="1" count="53" type="stmt"/>
        <line num="3" count="74" type="stmt"/>
        <line num="8" count="3" type="cond" truecount="2" falsecount="0"/>
        <line num="9" count="3" type="cond" truecount="2" falsecount="0"/>
        <line num="10" count="3" type="cond" truecount="2" falsecount="0"/>
        <line num="11" count="3" type="stmt"/>
        <line num="13" count="3" type="stmt"/>
        <line num="14" count="3" type="stmt"/>
        <line num="17" count="2" type="stmt"/>
        <line num="18" count="2" type="stmt"/>
        <line num="19" count="2" type="stmt"/>
        <line num="21" count="2" type="cond" truecount="2" falsecount="0"/>
        <line num="22" count="1" type="stmt"/>
        <line num="23" count="1" type="stmt"/>
        <line num="24" count="1" type="stmt"/>
        <line num="25" count="1" type="stmt"/>
        <line num="28" count="2" type="stmt"/>
        <line num="29" count="2" type="stmt"/>
        <line num="31" count="2" type="stmt"/>
        <line num="34" count="2" type="stmt"/>
        <line num="38" count="2" type="stmt"/>
        <line num="40" count="2" type="stmt"/>
        <line num="42" count="2" type="stmt"/>
        <line num="52" count="1" type="stmt"/>
        <line num="53" count="1" type="stmt"/>
        <line num="59" count="74" type="stmt"/>
        <line num="64" count="5" type="stmt"/>
        <line num="66" count="5" type="cond" truecount="6" falsecount="0"/>
        <line num="67" count="1" type="stmt"/>
        <line num="73" count="4" type="cond" truecount="4" falsecount="0"/>
        <line num="74" count="1" type="stmt"/>
        <line num="77" count="3" type="stmt"/>
        <line num="78" count="3" type="stmt"/>
        <line num="79" count="3" type="stmt"/>
        <line num="83" count="1" type="stmt"/>
        <line num="91" count="2" type="cond" truecount="2" falsecount="0"/>
        <line num="92" count="1" type="stmt"/>
        <line num="94" count="1" type="stmt"/>
        <line num="95" count="1" type="stmt"/>
        <line num="101" count="74" type="stmt"/>
        <line num="106" count="8" type="stmt"/>
        <line num="107" count="8" type="stmt"/>
        <line num="109" count="8" type="cond" truecount="2" falsecount="0"/>
        <line num="111" count="7" type="stmt"/>
        <line num="113" count="7" type="stmt"/>
        <line num="117" count="7" type="cond" truecount="2" falsecount="0"/>
        <line num="118" count="1" type="stmt"/>
        <line num="122" count="6" type="cond" truecount="4" falsecount="0"/>
        <line num="123" count="1" type="stmt"/>
        <line num="129" count="5" type="cond" truecount="4" falsecount="0"/>
        <line num="130" count="1" type="stmt"/>
        <line num="136" count="4" type="stmt"/>
        <line num="137" count="4" type="cond" truecount="2" falsecount="0"/>
        <line num="139" count="4" type="cond" truecount="2" falsecount="0"/>
        <line num="140" count="1" type="stmt"/>
        <line num="141" count="1" type="stmt"/>
        <line num="142" count="1" type="stmt"/>
        <line num="145" count="4" type="stmt"/>
        <line num="146" count="4" type="stmt"/>
        <line num="148" count="4" type="stmt"/>
        <line num="149" count="2" type="stmt"/>
        <line num="151" count="2" type="cond" truecount="2" falsecount="0"/>
        <line num="152" count="1" type="stmt"/>
        <line num="154" count="1" type="stmt"/>
        <line num="155" count="1" type="stmt"/>
        <line num="161" count="74" type="stmt"/>
        <line num="166" count="6" type="stmt"/>
        <line num="168" count="6" type="stmt"/>
        <line num="170" count="6" type="cond" truecount="2" falsecount="0"/>
        <line num="171" count="1" type="stmt"/>
        <line num="177" count="5" type="stmt"/>
        <line num="181" count="4" type="cond" truecount="2" falsecount="0"/>
        <line num="182" count="1" type="stmt"/>
        <line num="186" count="3" type="cond" truecount="4" falsecount="0"/>
        <line num="187" count="1" type="stmt"/>
        <line num="192" count="2" type="stmt"/>
        <line num="196" count="2" type="cond" truecount="2" falsecount="0"/>
        <line num="197" count="1" type="stmt"/>
        <line num="200" count="1" type="stmt"/>
        <line num="202" count="1" type="stmt"/>
        <line num="203" count="1" type="stmt"/>
      </file>
    </package>
  </project>
</coverage>
