{"/Users/mac/Documents/Rezzy Semester 6/mental health/sales-point-pos/server/index.js": {"path":"/Users/mac/Documents/Rezzy Semester 6/mental health/sales-point-pos/server/index.js","statementMap":{"0":{"start":{"line":1,"column":16},"end":{"line":1,"column":34}},"1":{"start":{"line":2,"column":13},"end":{"line":2,"column":28}},"2":{"start":{"line":3,"column":15},"end":{"line":3,"column":32}},"3":{"start":{"line":4,"column":13},"end":{"line":4,"column":28}},"4":{"start":{"line":5,"column":15},"end":{"line":5,"column":34}},"5":{"start":{"line":6,"column":12},"end":{"line":6,"column":35}},"6":{"start":{"line":7,"column":27},"end":{"line":7,"column":52}},"7":{"start":{"line":8,"column":30},"end":{"line":8,"column":58}},"8":{"start":{"line":9,"column":31},"end":{"line":9,"column":59}},"9":{"start":{"line":10,"column":34},"end":{"line":10,"column":66}},"10":{"start":{"line":11,"column":31},"end":{"line":11,"column":60}},"11":{"start":{"line":12,"column":29},"end":{"line":12,"column":56}},"12":{"start":{"line":13,"column":36},"end":{"line":13,"column":70}},"13":{"start":{"line":14,"column":30},"end":{"line":14,"column":57}},"14":{"start":{"line":15,"column":36},"end":{"line":15,"column":70}},"15":{"start":{"line":16,"column":46},"end":{"line":16,"column":91}},"16":{"start":{"line":18,"column":16},"end":{"line":18,"column":50}},"17":{"start":{"line":19,"column":0},"end":{"line":19,"column":43}},"18":{"start":{"line":20,"column":0},"end":{"line":20,"column":33}},"19":{"start":{"line":22,"column":25},"end":{"line":22,"column":40}},"20":{"start":{"line":24,"column":12},"end":{"line":24,"column":21}},"21":{"start":{"line":25,"column":13},"end":{"line":25,"column":37}},"22":{"start":{"line":26,"column":19},"end":{"line":26,"column":68}},"23":{"start":{"line":28,"column":0},"end":{"line":28,"column":16}},"24":{"start":{"line":29,"column":0},"end":{"line":29,"column":24}},"25":{"start":{"line":31,"column":0},"end":{"line":33,"column":3}},"26":{"start":{"line":32,"column":2},"end":{"line":32,"column":32}},"27":{"start":{"line":36,"column":0},"end":{"line":82,"column":3}},"28":{"start":{"line":37,"column":57},"end":{"line":37,"column":65}},"29":{"start":{"line":39,"column":2},"end":{"line":41,"column":3}},"30":{"start":{"line":40,"column":4},"end":{"line":40,"column":90}},"31":{"start":{"line":43,"column":2},"end":{"line":45,"column":3}},"32":{"start":{"line":44,"column":4},"end":{"line":44,"column":93}},"33":{"start":{"line":47,"column":2},"end":{"line":49,"column":3}},"34":{"start":{"line":48,"column":4},"end":{"line":48,"column":76}},"35":{"start":{"line":51,"column":2},"end":{"line":81,"column":3}},"36":{"start":{"line":52,"column":27},"end":{"line":52,"column":58}},"37":{"start":{"line":53,"column":21},"end":{"line":56,"column":5}},"38":{"start":{"line":58,"column":18},"end":{"line":62,"column":5}},"39":{"start":{"line":64,"column":4},"end":{"line":74,"column":7}},"40":{"start":{"line":76,"column":4},"end":{"line":78,"column":5}},"41":{"start":{"line":77,"column":6},"end":{"line":77,"column":86}},"42":{"start":{"line":79,"column":4},"end":{"line":79,"column":44}},"43":{"start":{"line":80,"column":4},"end":{"line":80,"column":54}},"44":{"start":{"line":85,"column":0},"end":{"line":124,"column":3}},"45":{"start":{"line":86,"column":30},"end":{"line":86,"column":38}},"46":{"start":{"line":88,"column":2},"end":{"line":123,"column":3}},"47":{"start":{"line":89,"column":20},"end":{"line":89,"column":84}},"48":{"start":{"line":91,"column":4},"end":{"line":93,"column":5}},"49":{"start":{"line":92,"column":6},"end":{"line":92,"column":70}},"50":{"start":{"line":95,"column":17},"end":{"line":95,"column":25}},"51":{"start":{"line":97,"column":4},"end":{"line":99,"column":5}},"52":{"start":{"line":98,"column":6},"end":{"line":98,"column":129}},"53":{"start":{"line":101,"column":20},"end":{"line":101,"column":65}},"54":{"start":{"line":103,"column":4},"end":{"line":105,"column":5}},"55":{"start":{"line":104,"column":6},"end":{"line":104,"column":70}},"56":{"start":{"line":107,"column":18},"end":{"line":109,"column":6}},"57":{"start":{"line":111,"column":4},"end":{"line":119,"column":7}},"58":{"start":{"line":121,"column":4},"end":{"line":121,"column":41}},"59":{"start":{"line":122,"column":4},"end":{"line":122,"column":54}},"60":{"start":{"line":126,"column":21},"end":{"line":137,"column":1}},"61":{"start":{"line":127,"column":15},"end":{"line":127,"column":46}},"62":{"start":{"line":128,"column":16},"end":{"line":128,"column":65}},"63":{"start":{"line":129,"column":2},"end":{"line":129,"column":71}},"64":{"start":{"line":129,"column":14},"end":{"line":129,"column":71}},"65":{"start":{"line":130,"column":2},"end":{"line":136,"column":3}},"66":{"start":{"line":131,"column":20},"end":{"line":131,"column":49}},"67":{"start":{"line":132,"column":4},"end":{"line":132,"column":23}},"68":{"start":{"line":133,"column":4},"end":{"line":133,"column":11}},"69":{"start":{"line":135,"column":4},"end":{"line":135,"column":61}},"70":{"start":{"line":139,"column":26},"end":{"line":142,"column":1}},"71":{"start":{"line":140,"column":2},"end":{"line":140,"column":93}},"72":{"start":{"line":140,"column":39},"end":{"line":140,"column":93}},"73":{"start":{"line":141,"column":2},"end":{"line":141,"column":9}},"74":{"start":{"line":144,"column":24},"end":{"line":168,"column":1}},"75":{"start":{"line":145,"column":2},"end":{"line":167,"column":4}},"76":{"start":{"line":146,"column":4},"end":{"line":146,"column":54}},"77":{"start":{"line":146,"column":40},"end":{"line":146,"column":54}},"78":{"start":{"line":148,"column":4},"end":{"line":166,"column":5}},"79":{"start":{"line":149,"column":22},"end":{"line":149,"column":94}},"80":{"start":{"line":150,"column":6},"end":{"line":150,"column":84}},"81":{"start":{"line":150,"column":30},"end":{"line":150,"column":84}},"82":{"start":{"line":152,"column":21},"end":{"line":152,"column":32}},"83":{"start":{"line":153,"column":22},"end":{"line":156,"column":7}},"84":{"start":{"line":158,"column":6},"end":{"line":162,"column":7}},"85":{"start":{"line":159,"column":8},"end":{"line":159,"column":15}},"86":{"start":{"line":161,"column":8},"end":{"line":161,"column":55}},"87":{"start":{"line":164,"column":6},"end":{"line":164,"column":50}},"88":{"start":{"line":165,"column":6},"end":{"line":165,"column":56}},"89":{"start":{"line":170,"column":21},"end":{"line":180,"column":1}},"90":{"start":{"line":182,"column":0},"end":{"line":184,"column":3}},"91":{"start":{"line":183,"column":2},"end":{"line":183,"column":25}},"92":{"start":{"line":186,"column":0},"end":{"line":193,"column":3}},"93":{"start":{"line":187,"column":2},"end":{"line":192,"column":3}},"94":{"start":{"line":188,"column":19},"end":{"line":188,"column":83}},"95":{"start":{"line":189,"column":4},"end":{"line":189,"column":19}},"96":{"start":{"line":191,"column":4},"end":{"line":191,"column":54}},"97":{"start":{"line":195,"column":0},"end":{"line":205,"column":3}},"98":{"start":{"line":196,"column":19},"end":{"line":196,"column":27}},"99":{"start":{"line":197,"column":2},"end":{"line":197,"column":74}},"100":{"start":{"line":197,"column":13},"end":{"line":197,"column":74}},"101":{"start":{"line":198,"column":2},"end":{"line":204,"column":3}},"102":{"start":{"line":199,"column":21},"end":{"line":199,"column":84}},"103":{"start":{"line":200,"column":4},"end":{"line":200,"column":56}},"104":{"start":{"line":202,"column":4},"end":{"line":202,"column":91}},"105":{"start":{"line":202,"column":35},"end":{"line":202,"column":91}},"106":{"start":{"line":203,"column":4},"end":{"line":203,"column":54}},"107":{"start":{"line":207,"column":0},"end":{"line":225,"column":3}},"108":{"start":{"line":208,"column":13},"end":{"line":208,"column":36}},"109":{"start":{"line":209,"column":2},"end":{"line":209,"column":66}},"110":{"start":{"line":209,"column":11},"end":{"line":209,"column":66}},"111":{"start":{"line":210,"column":2},"end":{"line":224,"column":3}},"112":{"start":{"line":213,"column":19},"end":{"line":213,"column":80}},"113":{"start":{"line":214,"column":4},"end":{"line":214,"column":86}},"114":{"start":{"line":214,"column":27},"end":{"line":214,"column":86}},"115":{"start":{"line":215,"column":4},"end":{"line":217,"column":5}},"116":{"start":{"line":216,"column":6},"end":{"line":216,"column":80}},"117":{"start":{"line":219,"column":4},"end":{"line":219,"column":61}},"118":{"start":{"line":220,"column":4},"end":{"line":220,"column":77}},"119":{"start":{"line":221,"column":4},"end":{"line":221,"column":55}},"120":{"start":{"line":223,"column":4},"end":{"line":223,"column":54}},"121":{"start":{"line":227,"column":0},"end":{"line":268,"column":3}},"122":{"start":{"line":228,"column":17},"end":{"line":228,"column":47}},"123":{"start":{"line":229,"column":19},"end":{"line":229,"column":37}},"124":{"start":{"line":231,"column":2},"end":{"line":231,"column":100}},"125":{"start":{"line":231,"column":28},"end":{"line":231,"column":100}},"126":{"start":{"line":233,"column":2},"end":{"line":267,"column":3}},"127":{"start":{"line":234,"column":23},"end":{"line":234,"column":29}},"128":{"start":{"line":237,"column":4},"end":{"line":252,"column":5}},"129":{"start":{"line":238,"column":22},"end":{"line":238,"column":89}},"130":{"start":{"line":239,"column":6},"end":{"line":251,"column":7}},"131":{"start":{"line":240,"column":8},"end":{"line":240,"column":35}},"132":{"start":{"line":247,"column":8},"end":{"line":250,"column":13}},"133":{"start":{"line":247,"column":47},"end":{"line":250,"column":9}},"134":{"start":{"line":254,"column":19},"end":{"line":254,"column":125}},"135":{"start":{"line":255,"column":20},"end":{"line":255,"column":53}},"136":{"start":{"line":256,"column":19},"end":{"line":263,"column":6}},"137":{"start":{"line":257,"column":19},"end":{"line":257,"column":32}},"138":{"start":{"line":258,"column":6},"end":{"line":261,"column":9}},"139":{"start":{"line":259,"column":18},"end":{"line":259,"column":66}},"140":{"start":{"line":259,"column":33},"end":{"line":259,"column":65}},"141":{"start":{"line":260,"column":8},"end":{"line":260,"column":42}},"142":{"start":{"line":262,"column":6},"end":{"line":262,"column":18}},"143":{"start":{"line":264,"column":4},"end":{"line":264,"column":21}},"144":{"start":{"line":266,"column":4},"end":{"line":266,"column":54}},"145":{"start":{"line":270,"column":0},"end":{"line":319,"column":3}},"146":{"start":{"line":271,"column":59},"end":{"line":271,"column":67}},"147":{"start":{"line":274,"column":2},"end":{"line":306,"column":3}},"148":{"start":{"line":275,"column":4},"end":{"line":275,"column":80}},"149":{"start":{"line":275,"column":17},"end":{"line":275,"column":80}},"150":{"start":{"line":277,"column":23},"end":{"line":277,"column":49}},"151":{"start":{"line":278,"column":4},"end":{"line":304,"column":5}},"152":{"start":{"line":279,"column":6},"end":{"line":279,"column":42}},"153":{"start":{"line":283,"column":6},"end":{"line":295,"column":7}},"154":{"start":{"line":286,"column":24},"end":{"line":286,"column":60}},"155":{"start":{"line":287,"column":8},"end":{"line":294,"column":9}},"156":{"start":{"line":288,"column":10},"end":{"line":293,"column":11}},"157":{"start":{"line":289,"column":13},"end":{"line":292,"column":14}},"158":{"start":{"line":297,"column":6},"end":{"line":297,"column":32}},"159":{"start":{"line":298,"column":6},"end":{"line":298,"column":64}},"160":{"start":{"line":300,"column":6},"end":{"line":300,"column":34}},"161":{"start":{"line":301,"column":6},"end":{"line":301,"column":56}},"162":{"start":{"line":303,"column":6},"end":{"line":303,"column":27}},"163":{"start":{"line":305,"column":4},"end":{"line":305,"column":11}},"164":{"start":{"line":309,"column":2},"end":{"line":309,"column":97}},"165":{"start":{"line":309,"column":37},"end":{"line":309,"column":97}},"166":{"start":{"line":310,"column":2},"end":{"line":318,"column":3}},"167":{"start":{"line":311,"column":4},"end":{"line":314,"column":6}},"168":{"start":{"line":315,"column":4},"end":{"line":315,"column":61}},"169":{"start":{"line":317,"column":4},"end":{"line":317,"column":54}},"170":{"start":{"line":324,"column":0},"end":{"line":324,"column":69}},"171":{"start":{"line":325,"column":0},"end":{"line":325,"column":47}},"172":{"start":{"line":326,"column":0},"end":{"line":326,"column":55}},"173":{"start":{"line":327,"column":0},"end":{"line":327,"column":64}},"174":{"start":{"line":328,"column":0},"end":{"line":328,"column":48}},"175":{"start":{"line":329,"column":0},"end":{"line":329,"column":68}},"176":{"start":{"line":330,"column":0},"end":{"line":330,"column":65}},"177":{"start":{"line":331,"column":0},"end":{"line":331,"column":63}},"178":{"start":{"line":332,"column":0},"end":{"line":332,"column":70}},"179":{"start":{"line":333,"column":0},"end":{"line":333,"column":80}},"180":{"start":{"line":336,"column":2},"end":{"line":336,"column":17}},"181":{"start":{"line":337,"column":2},"end":{"line":343,"column":3}},"182":{"start":{"line":338,"column":4},"end":{"line":342,"column":7}},"183":{"start":{"line":344,"column":2},"end":{"line":346,"column":5}},"184":{"start":{"line":345,"column":4},"end":{"line":345,"column":53}},"185":{"start":{"line":349,"column":0},"end":{"line":351,"column":1}},"186":{"start":{"line":350,"column":2},"end":{"line":350,"column":68}},"187":{"start":{"line":350,"column":29},"end":{"line":350,"column":66}},"188":{"start":{"line":353,"column":0},"end":{"line":353,"column":44}}},"fnMap":{"0":{"name":"(anonymous_0)","decl":{"start":{"line":31,"column":13},"end":{"line":31,"column":14}},"loc":{"start":{"line":31,"column":27},"end":{"line":33,"column":1}},"line":31},"1":{"name":"(anonymous_1)","decl":{"start":{"line":36,"column":26},"end":{"line":36,"column":27}},"loc":{"start":{"line":36,"column":46},"end":{"line":82,"column":1}},"line":36},"2":{"name":"(anonymous_2)","decl":{"start":{"line":85,"column":23},"end":{"line":85,"column":24}},"loc":{"start":{"line":85,"column":43},"end":{"line":124,"column":1}},"line":85},"3":{"name":"(anonymous_3)","decl":{"start":{"line":126,"column":21},"end":{"line":126,"column":22}},"loc":{"start":{"line":126,"column":47},"end":{"line":137,"column":1}},"line":126},"4":{"name":"(anonymous_4)","decl":{"start":{"line":139,"column":26},"end":{"line":139,"column":27}},"loc":{"start":{"line":139,"column":46},"end":{"line":142,"column":1}},"line":139},"5":{"name":"(anonymous_5)","decl":{"start":{"line":144,"column":24},"end":{"line":144,"column":25}},"loc":{"start":{"line":144,"column":48},"end":{"line":168,"column":1}},"line":144},"6":{"name":"(anonymous_6)","decl":{"start":{"line":145,"column":9},"end":{"line":145,"column":10}},"loc":{"start":{"line":145,"column":35},"end":{"line":167,"column":3}},"line":145},"7":{"name":"(anonymous_7)","decl":{"start":{"line":182,"column":43},"end":{"line":182,"column":44}},"loc":{"start":{"line":182,"column":57},"end":{"line":184,"column":1}},"line":182},"8":{"name":"(anonymous_8)","decl":{"start":{"line":186,"column":41},"end":{"line":186,"column":42}},"loc":{"start":{"line":186,"column":61},"end":{"line":193,"column":1}},"line":186},"9":{"name":"(anonymous_9)","decl":{"start":{"line":195,"column":61},"end":{"line":195,"column":62}},"loc":{"start":{"line":195,"column":81},"end":{"line":205,"column":1}},"line":195},"10":{"name":"(anonymous_10)","decl":{"start":{"line":207,"column":67},"end":{"line":207,"column":68}},"loc":{"start":{"line":207,"column":87},"end":{"line":225,"column":1}},"line":207},"11":{"name":"(anonymous_11)","decl":{"start":{"line":227,"column":47},"end":{"line":227,"column":48}},"loc":{"start":{"line":227,"column":67},"end":{"line":268,"column":1}},"line":227},"12":{"name":"(anonymous_12)","decl":{"start":{"line":247,"column":41},"end":{"line":247,"column":42}},"loc":{"start":{"line":247,"column":47},"end":{"line":250,"column":9}},"line":247},"13":{"name":"(anonymous_13)","decl":{"start":{"line":256,"column":36},"end":{"line":256,"column":37}},"loc":{"start":{"line":256,"column":41},"end":{"line":263,"column":5}},"line":256},"14":{"name":"(anonymous_14)","decl":{"start":{"line":258,"column":22},"end":{"line":258,"column":23}},"loc":{"start":{"line":258,"column":27},"end":{"line":261,"column":7}},"line":258},"15":{"name":"(anonymous_15)","decl":{"start":{"line":259,"column":28},"end":{"line":259,"column":29}},"loc":{"start":{"line":259,"column":33},"end":{"line":259,"column":65}},"line":259},"16":{"name":"(anonymous_16)","decl":{"start":{"line":270,"column":66},"end":{"line":270,"column":67}},"loc":{"start":{"line":270,"column":86},"end":{"line":319,"column":1}},"line":270},"17":{"name":"startServer","decl":{"start":{"line":335,"column":15},"end":{"line":335,"column":26}},"loc":{"start":{"line":335,"column":29},"end":{"line":347,"column":1}},"line":335},"18":{"name":"(anonymous_18)","decl":{"start":{"line":344,"column":26},"end":{"line":344,"column":27}},"loc":{"start":{"line":344,"column":32},"end":{"line":346,"column":3}},"line":344},"19":{"name":"(anonymous_19)","decl":{"start":{"line":350,"column":22},"end":{"line":350,"column":23}},"loc":{"start":{"line":350,"column":29},"end":{"line":350,"column":66}},"line":350}},"branchMap":{"0":{"loc":{"start":{"line":25,"column":13},"end":{"line":25,"column":37}},"type":"binary-expr","locations":[{"start":{"line":25,"column":13},"end":{"line":25,"column":29}},{"start":{"line":25,"column":33},"end":{"line":25,"column":37}}],"line":25},"1":{"loc":{"start":{"line":26,"column":19},"end":{"line":26,"column":68}},"type":"binary-expr","locations":[{"start":{"line":26,"column":19},"end":{"line":26,"column":41}},{"start":{"line":26,"column":45},"end":{"line":26,"column":68}}],"line":26},"2":{"loc":{"start":{"line":39,"column":2},"end":{"line":41,"column":3}},"type":"if","locations":[{"start":{"line":39,"column":2},"end":{"line":41,"column":3}},{"start":{},"end":{}}],"line":39},"3":{"loc":{"start":{"line":39,"column":6},"end":{"line":39,"column":38}},"type":"binary-expr","locations":[{"start":{"line":39,"column":6},"end":{"line":39,"column":15}},{"start":{"line":39,"column":19},"end":{"line":39,"column":25}},{"start":{"line":39,"column":29},"end":{"line":39,"column":38}}],"line":39},"4":{"loc":{"start":{"line":43,"column":2},"end":{"line":45,"column":3}},"type":"if","locations":[{"start":{"line":43,"column":2},"end":{"line":45,"column":3}},{"start":{},"end":{}}],"line":43},"5":{"loc":{"start":{"line":47,"column":2},"end":{"line":49,"column":3}},"type":"if","locations":[{"start":{"line":47,"column":2},"end":{"line":49,"column":3}},{"start":{},"end":{}}],"line":47},"6":{"loc":{"start":{"line":76,"column":4},"end":{"line":78,"column":5}},"type":"if","locations":[{"start":{"line":76,"column":4},"end":{"line":78,"column":5}},{"start":{},"end":{}}],"line":76},"7":{"loc":{"start":{"line":91,"column":4},"end":{"line":93,"column":5}},"type":"if","locations":[{"start":{"line":91,"column":4},"end":{"line":93,"column":5}},{"start":{},"end":{}}],"line":91},"8":{"loc":{"start":{"line":97,"column":4},"end":{"line":99,"column":5}},"type":"if","locations":[{"start":{"line":97,"column":4},"end":{"line":99,"column":5}},{"start":{},"end":{}}],"line":97},"9":{"loc":{"start":{"line":103,"column":4},"end":{"line":105,"column":5}},"type":"if","locations":[{"start":{"line":103,"column":4},"end":{"line":105,"column":5}},{"start":{},"end":{}}],"line":103},"10":{"loc":{"start":{"line":127,"column":15},"end":{"line":127,"column":46}},"type":"binary-expr","locations":[{"start":{"line":127,"column":15},"end":{"line":127,"column":40}},{"start":{"line":127,"column":44},"end":{"line":127,"column":46}}],"line":127},"11":{"loc":{"start":{"line":128,"column":16},"end":{"line":128,"column":65}},"type":"cond-expr","locations":[{"start":{"line":128,"column":45},"end":{"line":128,"column":58}},{"start":{"line":128,"column":61},"end":{"line":128,"column":65}}],"line":128},"12":{"loc":{"start":{"line":129,"column":2},"end":{"line":129,"column":71}},"type":"if","locations":[{"start":{"line":129,"column":2},"end":{"line":129,"column":71}},{"start":{},"end":{}}],"line":129},"13":{"loc":{"start":{"line":140,"column":2},"end":{"line":140,"column":93}},"type":"if","locations":[{"start":{"line":140,"column":2},"end":{"line":140,"column":93}},{"start":{},"end":{}}],"line":140},"14":{"loc":{"start":{"line":146,"column":4},"end":{"line":146,"column":54}},"type":"if","locations":[{"start":{"line":146,"column":4},"end":{"line":146,"column":54}},{"start":{},"end":{}}],"line":146},"15":{"loc":{"start":{"line":150,"column":6},"end":{"line":150,"column":84}},"type":"if","locations":[{"start":{"line":150,"column":6},"end":{"line":150,"column":84}},{"start":{},"end":{}}],"line":150},"16":{"loc":{"start":{"line":158,"column":6},"end":{"line":162,"column":7}},"type":"if","locations":[{"start":{"line":158,"column":6},"end":{"line":162,"column":7}},{"start":{"line":160,"column":13},"end":{"line":162,"column":7}}],"line":158},"17":{"loc":{"start":{"line":158,"column":10},"end":{"line":158,"column":46}},"type":"binary-expr","locations":[{"start":{"line":158,"column":10},"end":{"line":158,"column":26}},{"start":{"line":158,"column":30},"end":{"line":158,"column":46}}],"line":158},"18":{"loc":{"start":{"line":197,"column":2},"end":{"line":197,"column":74}},"type":"if","locations":[{"start":{"line":197,"column":2},"end":{"line":197,"column":74}},{"start":{},"end":{}}],"line":197},"19":{"loc":{"start":{"line":202,"column":4},"end":{"line":202,"column":91}},"type":"if","locations":[{"start":{"line":202,"column":4},"end":{"line":202,"column":91}},{"start":{},"end":{}}],"line":202},"20":{"loc":{"start":{"line":209,"column":2},"end":{"line":209,"column":66}},"type":"if","locations":[{"start":{"line":209,"column":2},"end":{"line":209,"column":66}},{"start":{},"end":{}}],"line":209},"21":{"loc":{"start":{"line":214,"column":4},"end":{"line":214,"column":86}},"type":"if","locations":[{"start":{"line":214,"column":4},"end":{"line":214,"column":86}},{"start":{},"end":{}}],"line":214},"22":{"loc":{"start":{"line":215,"column":4},"end":{"line":217,"column":5}},"type":"if","locations":[{"start":{"line":215,"column":4},"end":{"line":217,"column":5}},{"start":{},"end":{}}],"line":215},"23":{"loc":{"start":{"line":231,"column":2},"end":{"line":231,"column":100}},"type":"if","locations":[{"start":{"line":231,"column":2},"end":{"line":231,"column":100}},{"start":{},"end":{}}],"line":231},"24":{"loc":{"start":{"line":231,"column":6},"end":{"line":231,"column":26}},"type":"binary-expr","locations":[{"start":{"line":231,"column":6},"end":{"line":231,"column":13}},{"start":{"line":231,"column":17},"end":{"line":231,"column":26}}],"line":231},"25":{"loc":{"start":{"line":237,"column":4},"end":{"line":252,"column":5}},"type":"if","locations":[{"start":{"line":237,"column":4},"end":{"line":252,"column":5}},{"start":{},"end":{}}],"line":237},"26":{"loc":{"start":{"line":237,"column":8},"end":{"line":237,"column":33}},"type":"binary-expr","locations":[{"start":{"line":237,"column":8},"end":{"line":237,"column":21}},{"start":{"line":237,"column":25},"end":{"line":237,"column":33}}],"line":237},"27":{"loc":{"start":{"line":239,"column":6},"end":{"line":251,"column":7}},"type":"if","locations":[{"start":{"line":239,"column":6},"end":{"line":251,"column":7}},{"start":{"line":241,"column":13},"end":{"line":251,"column":7}}],"line":239},"28":{"loc":{"start":{"line":259,"column":33},"end":{"line":259,"column":65}},"type":"binary-expr","locations":[{"start":{"line":259,"column":33},"end":{"line":259,"column":47}},{"start":{"line":259,"column":51},"end":{"line":259,"column":65}}],"line":259},"29":{"loc":{"start":{"line":260,"column":18},"end":{"line":260,"column":41}},"type":"cond-expr","locations":[{"start":{"line":260,"column":22},"end":{"line":260,"column":33}},{"start":{"line":260,"column":36},"end":{"line":260,"column":41}}],"line":260},"30":{"loc":{"start":{"line":274,"column":2},"end":{"line":306,"column":3}},"type":"if","locations":[{"start":{"line":274,"column":2},"end":{"line":306,"column":3}},{"start":{},"end":{}}],"line":274},"31":{"loc":{"start":{"line":274,"column":6},"end":{"line":274,"column":47}},"type":"binary-expr","locations":[{"start":{"line":274,"column":6},"end":{"line":274,"column":17}},{"start":{"line":274,"column":21},"end":{"line":274,"column":47}}],"line":274},"32":{"loc":{"start":{"line":275,"column":4},"end":{"line":275,"column":80}},"type":"if","locations":[{"start":{"line":275,"column":4},"end":{"line":275,"column":80}},{"start":{},"end":{}}],"line":275},"33":{"loc":{"start":{"line":288,"column":10},"end":{"line":293,"column":11}},"type":"if","locations":[{"start":{"line":288,"column":10},"end":{"line":293,"column":11}},{"start":{},"end":{}}],"line":288},"34":{"loc":{"start":{"line":291,"column":38},"end":{"line":291,"column":52}},"type":"cond-expr","locations":[{"start":{"line":291,"column":47},"end":{"line":291,"column":48}},{"start":{"line":291,"column":51},"end":{"line":291,"column":52}}],"line":291},"35":{"loc":{"start":{"line":309,"column":2},"end":{"line":309,"column":97}},"type":"if","locations":[{"start":{"line":309,"column":2},"end":{"line":309,"column":97}},{"start":{},"end":{}}],"line":309},"36":{"loc":{"start":{"line":309,"column":6},"end":{"line":309,"column":35}},"type":"binary-expr","locations":[{"start":{"line":309,"column":6},"end":{"line":309,"column":13}},{"start":{"line":309,"column":17},"end":{"line":309,"column":24}},{"start":{"line":309,"column":28},"end":{"line":309,"column":35}}],"line":309},"37":{"loc":{"start":{"line":313,"column":31},"end":{"line":313,"column":46}},"type":"cond-expr","locations":[{"start":{"line":313,"column":41},"end":{"line":313,"column":42}},{"start":{"line":313,"column":45},"end":{"line":313,"column":46}}],"line":313},"38":{"loc":{"start":{"line":337,"column":2},"end":{"line":343,"column":3}},"type":"if","locations":[{"start":{"line":337,"column":2},"end":{"line":343,"column":3}},{"start":{},"end":{}}],"line":337},"39":{"loc":{"start":{"line":349,"column":0},"end":{"line":351,"column":1}},"type":"if","locations":[{"start":{"line":349,"column":0},"end":{"line":351,"column":1}},{"start":{},"end":{}}],"line":349}},"s":{"0":52,"1":52,"2":52,"3":52,"4":52,"5":52,"6":52,"7":52,"8":52,"9":52,"10":52,"11":52,"12":52,"13":52,"14":52,"15":52,"16":52,"17":52,"18":52,"19":52,"20":52,"21":52,"22":52,"23":52,"24":52,"25":52,"26":1,"27":52,"28":6,"29":6,"30":1,"31":5,"32":1,"33":4,"34":1,"35":3,"36":3,"37":3,"38":1,"39":1,"40":2,"41":1,"42":1,"43":1,"44":52,"45":5,"46":5,"47":5,"48":4,"49":1,"50":3,"51":3,"52":1,"53":2,"54":2,"55":1,"56":1,"57":1,"58":1,"59":1,"60":52,"61":39,"62":39,"63":39,"64":1,"65":38,"66":38,"67":37,"68":37,"69":1,"70":52,"71":15,"72":0,"73":15,"74":52,"75":1248,"76":14,"77":10,"78":4,"79":4,"80":3,"81":1,"82":2,"83":2,"84":2,"85":1,"86":1,"87":1,"88":1,"89":52,"90":52,"91":1,"92":52,"93":2,"94":2,"95":1,"96":1,"97":52,"98":4,"99":4,"100":1,"101":3,"102":3,"103":1,"104":2,"105":1,"106":1,"107":52,"108":5,"109":5,"110":1,"111":4,"112":4,"113":3,"114":1,"115":2,"116":1,"117":1,"118":1,"119":1,"120":1,"121":52,"122":5,"123":5,"124":5,"125":1,"126":4,"127":4,"128":4,"129":2,"130":2,"131":1,"132":1,"133":9,"134":3,"135":2,"136":2,"137":18,"138":18,"139":72,"140":72,"141":72,"142":18,"143":2,"144":1,"145":52,"146":6,"147":6,"148":3,"149":1,"150":2,"151":2,"152":2,"153":2,"154":2,"155":2,"156":5,"157":5,"158":1,"159":1,"160":1,"161":1,"162":2,"163":2,"164":3,"165":1,"166":2,"167":2,"168":1,"169":1,"170":52,"171":52,"172":52,"173":52,"174":52,"175":52,"176":52,"177":52,"178":52,"179":52,"180":1,"181":1,"182":1,"183":1,"184":1,"185":52,"186":0,"187":0,"188":52},"f":{"0":1,"1":6,"2":5,"3":39,"4":15,"5":1248,"6":14,"7":1,"8":2,"9":4,"10":5,"11":5,"12":9,"13":18,"14":72,"15":72,"16":6,"17":1,"18":1,"19":0},"b":{"0":[52,52],"1":[52,0],"2":[1,5],"3":[6,5,5],"4":[1,4],"5":[1,3],"6":[1,1],"7":[1,3],"8":[1,2],"9":[1,1],"10":[39,1],"11":[38,1],"12":[1,38],"13":[0,15],"14":[10,4],"15":[1,2],"16":[1,1],"17":[2,1],"18":[1,3],"19":[1,1],"20":[1,4],"21":[1,2],"22":[1,1],"23":[1,4],"24":[5,3],"25":[2,2],"26":[4,2],"27":[1,1],"28":[72,8],"29":[2,70],"30":[3,3],"31":[6,3],"32":[1,2],"33":[5,0],"34":[3,2],"35":[1,2],"36":[3,2,2],"37":[2,0],"38":[1,0],"39":[0,52]},"_coverageSchema":"1a1c01bbd47fc00a2c39e90264f33305004495a9","hash":"538935a1e0359601283a60fc1b0534489758e678"}
,"/Users/mac/Documents/Rezzy Semester 6/mental health/sales-point-pos/server/routes/password-reset.js": {"path":"/Users/mac/Documents/Rezzy Semester 6/mental health/sales-point-pos/server/routes/password-reset.js","statementMap":{"0":{"start":{"line":1,"column":15},"end":{"line":1,"column":32}},"1":{"start":{"line":2,"column":19},"end":{"line":2,"column":40}},"2":{"start":{"line":5,"column":2},"end":{"line":5,"column":46}},"3":{"start":{"line":5,"column":33},"end":{"line":5,"column":46}},"4":{"start":{"line":6,"column":12},"end":{"line":6,"column":24}},"5":{"start":{"line":7,"column":2},"end":{"line":7,"column":23}},"6":{"start":{"line":7,"column":10},"end":{"line":7,"column":23}},"7":{"start":{"line":8,"column":2},"end":{"line":8,"column":46}},"8":{"start":{"line":12,"column":12},"end":{"line":12,"column":40}},"9":{"start":{"line":13,"column":2},"end":{"line":13,"column":39}},"10":{"start":{"line":17,"column":16},"end":{"line":17,"column":25}},"11":{"start":{"line":18,"column":17},"end":{"line":18,"column":26}},"12":{"start":{"line":19,"column":16},"end":{"line":19,"column":25}},"13":{"start":{"line":20,"column":15},"end":{"line":20,"column":24}},"14":{"start":{"line":21,"column":13},"end":{"line":21,"column":22}},"15":{"start":{"line":23,"column":2},"end":{"line":49,"column":4}},"16":{"start":{"line":54,"column":22},"end":{"line":60,"column":4}},"17":{"start":{"line":62,"column":2},"end":{"line":105,"column":5}},"18":{"start":{"line":63,"column":18},"end":{"line":63,"column":82}},"19":{"start":{"line":64,"column":4},"end":{"line":66,"column":5}},"20":{"start":{"line":65,"column":6},"end":{"line":65,"column":68}},"21":{"start":{"line":68,"column":4},"end":{"line":71,"column":5}},"22":{"start":{"line":69,"column":6},"end":{"line":69,"column":54}},"23":{"start":{"line":70,"column":6},"end":{"line":70,"column":106}},"24":{"start":{"line":73,"column":4},"end":{"line":104,"column":5}},"25":{"start":{"line":74,"column":22},"end":{"line":74,"column":112}},"26":{"start":{"line":76,"column":6},"end":{"line":79,"column":7}},"27":{"start":{"line":78,"column":8},"end":{"line":78,"column":91}},"28":{"start":{"line":81,"column":19},"end":{"line":81,"column":41}},"29":{"start":{"line":82,"column":23},"end":{"line":82,"column":50}},"30":{"start":{"line":84,"column":6},"end":{"line":88,"column":8}},"31":{"start":{"line":90,"column":19},"end":{"line":90,"column":52}},"32":{"start":{"line":92,"column":19},"end":{"line":97,"column":8}},"33":{"start":{"line":99,"column":6},"end":{"line":99,"column":54}},"34":{"start":{"line":100,"column":6},"end":{"line":100,"column":79}},"35":{"start":{"line":102,"column":6},"end":{"line":102,"column":48}},"36":{"start":{"line":103,"column":6},"end":{"line":103,"column":77}},"37":{"start":{"line":107,"column":2},"end":{"line":148,"column":5}},"38":{"start":{"line":108,"column":18},"end":{"line":108,"column":82}},"39":{"start":{"line":109,"column":17},"end":{"line":109,"column":79}},"40":{"start":{"line":110,"column":4},"end":{"line":110,"column":92}},"41":{"start":{"line":110,"column":30},"end":{"line":110,"column":92}},"42":{"start":{"line":111,"column":4},"end":{"line":111,"column":92}},"43":{"start":{"line":111,"column":31},"end":{"line":111,"column":92}},"44":{"start":{"line":113,"column":4},"end":{"line":147,"column":5}},"45":{"start":{"line":114,"column":21},"end":{"line":123,"column":7}},"46":{"start":{"line":125,"column":6},"end":{"line":125,"column":107}},"47":{"start":{"line":125,"column":29},"end":{"line":125,"column":107}},"48":{"start":{"line":127,"column":18},"end":{"line":127,"column":25}},"49":{"start":{"line":128,"column":17},"end":{"line":128,"column":58}},"50":{"start":{"line":129,"column":6},"end":{"line":129,"column":93}},"51":{"start":{"line":129,"column":15},"end":{"line":129,"column":93}},"52":{"start":{"line":131,"column":25},"end":{"line":131,"column":63}},"53":{"start":{"line":132,"column":29},"end":{"line":132,"column":62}},"54":{"start":{"line":134,"column":6},"end":{"line":141,"column":8}},"55":{"start":{"line":143,"column":6},"end":{"line":143,"column":38}},"56":{"start":{"line":145,"column":6},"end":{"line":145,"column":23}},"57":{"start":{"line":146,"column":6},"end":{"line":146,"column":63}},"58":{"start":{"line":150,"column":2},"end":{"line":189,"column":5}},"59":{"start":{"line":151,"column":18},"end":{"line":151,"column":82}},"60":{"start":{"line":152,"column":23},"end":{"line":152,"column":97}},"61":{"start":{"line":153,"column":24},"end":{"line":153,"column":93}},"62":{"start":{"line":155,"column":4},"end":{"line":155,"column":92}},"63":{"start":{"line":155,"column":30},"end":{"line":155,"column":92}},"64":{"start":{"line":156,"column":4},"end":{"line":156,"column":83}},"65":{"start":{"line":156,"column":21},"end":{"line":156,"column":83}},"66":{"start":{"line":157,"column":4},"end":{"line":157,"column":111}},"67":{"start":{"line":157,"column":39},"end":{"line":157,"column":111}},"68":{"start":{"line":159,"column":4},"end":{"line":188,"column":5}},"69":{"start":{"line":160,"column":21},"end":{"line":170,"column":7}},"70":{"start":{"line":172,"column":6},"end":{"line":172,"column":125}},"71":{"start":{"line":172,"column":29},"end":{"line":172,"column":125}},"72":{"start":{"line":174,"column":18},"end":{"line":174,"column":25}},"73":{"start":{"line":175,"column":17},"end":{"line":175,"column":71}},"74":{"start":{"line":176,"column":6},"end":{"line":176,"column":111}},"75":{"start":{"line":176,"column":15},"end":{"line":176,"column":111}},"76":{"start":{"line":178,"column":29},"end":{"line":178,"column":63}},"77":{"start":{"line":179,"column":23},"end":{"line":179,"column":113}},"78":{"start":{"line":180,"column":6},"end":{"line":180,"column":98}},"79":{"start":{"line":180,"column":32},"end":{"line":180,"column":98}},"80":{"start":{"line":182,"column":6},"end":{"line":182,"column":100}},"81":{"start":{"line":184,"column":6},"end":{"line":184,"column":67}},"82":{"start":{"line":186,"column":6},"end":{"line":186,"column":23}},"83":{"start":{"line":187,"column":6},"end":{"line":187,"column":63}},"84":{"start":{"line":192,"column":0},"end":{"line":196,"column":2}},"85":{"start":{"line":198,"column":0},"end":{"line":198,"column":45}}},"fnMap":{"0":{"name":"isValidEmail","decl":{"start":{"line":4,"column":9},"end":{"line":4,"column":21}},"loc":{"start":{"line":4,"column":29},"end":{"line":9,"column":1}},"line":4},"1":{"name":"generateSixDigitCode","decl":{"start":{"line":11,"column":9},"end":{"line":11,"column":29}},"loc":{"start":{"line":11,"column":32},"end":{"line":14,"column":1}},"line":11},"2":{"name":"buildResetCodeEmailHtml","decl":{"start":{"line":16,"column":9},"end":{"line":16,"column":32}},"loc":{"start":{"line":16,"column":43},"end":{"line":50,"column":1}},"line":16},"3":{"name":"registerPasswordResetRoutes","decl":{"start":{"line":52,"column":9},"end":{"line":52,"column":36}},"loc":{"start":{"line":52,"column":56},"end":{"line":190,"column":1}},"line":52},"4":{"name":"(anonymous_4)","decl":{"start":{"line":62,"column":40},"end":{"line":62,"column":41}},"loc":{"start":{"line":62,"column":60},"end":{"line":105,"column":3}},"line":62},"5":{"name":"(anonymous_5)","decl":{"start":{"line":107,"column":42},"end":{"line":107,"column":43}},"loc":{"start":{"line":107,"column":62},"end":{"line":148,"column":3}},"line":107},"6":{"name":"(anonymous_6)","decl":{"start":{"line":150,"column":39},"end":{"line":150,"column":40}},"loc":{"start":{"line":150,"column":59},"end":{"line":189,"column":3}},"line":150}},"branchMap":{"0":{"loc":{"start":{"line":5,"column":2},"end":{"line":5,"column":46}},"type":"if","locations":[{"start":{"line":5,"column":2},"end":{"line":5,"column":46}},{"start":{},"end":{}}],"line":5},"1":{"loc":{"start":{"line":7,"column":2},"end":{"line":7,"column":23}},"type":"if","locations":[{"start":{"line":7,"column":2},"end":{"line":7,"column":23}},{"start":{},"end":{}}],"line":7},"2":{"loc":{"start":{"line":63,"column":18},"end":{"line":63,"column":82}},"type":"cond-expr","locations":[{"start":{"line":63,"column":56},"end":{"line":63,"column":77}},{"start":{"line":63,"column":80},"end":{"line":63,"column":82}}],"line":63},"3":{"loc":{"start":{"line":64,"column":4},"end":{"line":66,"column":5}},"type":"if","locations":[{"start":{"line":64,"column":4},"end":{"line":66,"column":5}},{"start":{},"end":{}}],"line":64},"4":{"loc":{"start":{"line":68,"column":4},"end":{"line":71,"column":5}},"type":"if","locations":[{"start":{"line":68,"column":4},"end":{"line":71,"column":5}},{"start":{},"end":{}}],"line":68},"5":{"loc":{"start":{"line":68,"column":8},"end":{"line":68,"column":56}},"type":"binary-expr","locations":[{"start":{"line":68,"column":8},"end":{"line":68,"column":30}},{"start":{"line":68,"column":34},"end":{"line":68,"column":56}}],"line":68},"6":{"loc":{"start":{"line":76,"column":6},"end":{"line":79,"column":7}},"type":"if","locations":[{"start":{"line":76,"column":6},"end":{"line":79,"column":7}},{"start":{},"end":{}}],"line":76},"7":{"loc":{"start":{"line":108,"column":18},"end":{"line":108,"column":82}},"type":"cond-expr","locations":[{"start":{"line":108,"column":56},"end":{"line":108,"column":77}},{"start":{"line":108,"column":80},"end":{"line":108,"column":82}}],"line":108},"8":{"loc":{"start":{"line":109,"column":17},"end":{"line":109,"column":79}},"type":"cond-expr","locations":[{"start":{"line":109,"column":54},"end":{"line":109,"column":74}},{"start":{"line":109,"column":77},"end":{"line":109,"column":79}}],"line":109},"9":{"loc":{"start":{"line":110,"column":4},"end":{"line":110,"column":92}},"type":"if","locations":[{"start":{"line":110,"column":4},"end":{"line":110,"column":92}},{"start":{},"end":{}}],"line":110},"10":{"loc":{"start":{"line":111,"column":4},"end":{"line":111,"column":92}},"type":"if","locations":[{"start":{"line":111,"column":4},"end":{"line":111,"column":92}},{"start":{},"end":{}}],"line":111},"11":{"loc":{"start":{"line":125,"column":6},"end":{"line":125,"column":107}},"type":"if","locations":[{"start":{"line":125,"column":6},"end":{"line":125,"column":107}},{"start":{},"end":{}}],"line":125},"12":{"loc":{"start":{"line":129,"column":6},"end":{"line":129,"column":93}},"type":"if","locations":[{"start":{"line":129,"column":6},"end":{"line":129,"column":93}},{"start":{},"end":{}}],"line":129},"13":{"loc":{"start":{"line":151,"column":18},"end":{"line":151,"column":82}},"type":"cond-expr","locations":[{"start":{"line":151,"column":56},"end":{"line":151,"column":77}},{"start":{"line":151,"column":80},"end":{"line":151,"column":82}}],"line":151},"14":{"loc":{"start":{"line":152,"column":23},"end":{"line":152,"column":97}},"type":"cond-expr","locations":[{"start":{"line":152,"column":66},"end":{"line":152,"column":92}},{"start":{"line":152,"column":95},"end":{"line":152,"column":97}}],"line":152},"15":{"loc":{"start":{"line":153,"column":24},"end":{"line":153,"column":93}},"type":"cond-expr","locations":[{"start":{"line":153,"column":68},"end":{"line":153,"column":88}},{"start":{"line":153,"column":91},"end":{"line":153,"column":93}}],"line":153},"16":{"loc":{"start":{"line":155,"column":4},"end":{"line":155,"column":92}},"type":"if","locations":[{"start":{"line":155,"column":4},"end":{"line":155,"column":92}},{"start":{},"end":{}}],"line":155},"17":{"loc":{"start":{"line":156,"column":4},"end":{"line":156,"column":83}},"type":"if","locations":[{"start":{"line":156,"column":4},"end":{"line":156,"column":83}},{"start":{},"end":{}}],"line":156},"18":{"loc":{"start":{"line":157,"column":4},"end":{"line":157,"column":111}},"type":"if","locations":[{"start":{"line":157,"column":4},"end":{"line":157,"column":111}},{"start":{},"end":{}}],"line":157},"19":{"loc":{"start":{"line":172,"column":6},"end":{"line":172,"column":125}},"type":"if","locations":[{"start":{"line":172,"column":6},"end":{"line":172,"column":125}},{"start":{},"end":{}}],"line":172},"20":{"loc":{"start":{"line":176,"column":6},"end":{"line":176,"column":111}},"type":"if","locations":[{"start":{"line":176,"column":6},"end":{"line":176,"column":111}},{"start":{},"end":{}}],"line":176},"21":{"loc":{"start":{"line":180,"column":6},"end":{"line":180,"column":98}},"type":"if","locations":[{"start":{"line":180,"column":6},"end":{"line":180,"column":98}},{"start":{},"end":{}}],"line":180}},"s":{"0":53,"1":53,"2":25,"3":1,"4":24,"5":24,"6":5,"7":19,"8":2,"9":2,"10":2,"11":2,"12":2,"13":2,"14":2,"15":2,"16":68,"17":68,"18":6,"19":6,"20":2,"21":4,"22":1,"23":1,"24":3,"25":3,"26":2,"27":1,"28":1,"29":1,"30":1,"31":1,"32":1,"33":1,"34":1,"35":1,"36":1,"37":68,"38":7,"39":7,"40":7,"41":2,"42":5,"43":1,"44":4,"45":4,"46":3,"47":1,"48":2,"49":2,"50":2,"51":1,"52":1,"53":1,"54":1,"55":1,"56":1,"57":1,"58":68,"59":9,"60":9,"61":9,"62":9,"63":2,"64":7,"65":1,"66":6,"67":1,"68":5,"69":5,"70":4,"71":1,"72":3,"73":3,"74":3,"75":1,"76":2,"77":2,"78":2,"79":1,"80":1,"81":1,"82":1,"83":1,"84":53,"85":53},"f":{"0":25,"1":2,"2":2,"3":68,"4":6,"5":7,"6":9},"b":{"0":[1,24],"1":[5,19],"2":[5,1],"3":[2,4],"4":[1,3],"5":[4,3],"6":[1,1],"7":[6,1],"8":[6,1],"9":[2,5],"10":[1,4],"11":[1,2],"12":[1,1],"13":[8,1],"14":[8,1],"15":[8,1],"16":[2,7],"17":[1,6],"18":[1,5],"19":[1,3],"20":[1,2],"21":[1,1]},"_coverageSchema":"1a1c01bbd47fc00a2c39e90264f33305004495a9","hash":"64bd8a178bdb5a47ffab489cf3cceb136181127e"}
,"/Users/mac/Documents/Rezzy Semester 6/mental health/sales-point-pos/server/routes/products.js": {"path":"/Users/mac/Documents/Rezzy Semester 6/mental health/sales-point-pos/server/routes/products.js","statementMap":{"0":{"start":{"line":1,"column":0},"end":{"line":289,"column":2}},"1":{"start":{"line":2,"column":2},"end":{"line":53,"column":4}},"2":{"start":{"line":7,"column":17},"end":{"line":7,"column":46}},"3":{"start":{"line":8,"column":18},"end":{"line":8,"column":49}},"4":{"start":{"line":9,"column":19},"end":{"line":9,"column":41}},"5":{"start":{"line":10,"column":19},"end":{"line":10,"column":37}},"6":{"start":{"line":12,"column":4},"end":{"line":51,"column":5}},"7":{"start":{"line":13,"column":25},"end":{"line":13,"column":51}},"8":{"start":{"line":15,"column":18},"end":{"line":15,"column":42}},"9":{"start":{"line":16,"column":23},"end":{"line":16,"column":63}},"10":{"start":{"line":17,"column":19},"end":{"line":17,"column":21}},"11":{"start":{"line":19,"column":6},"end":{"line":24,"column":7}},"12":{"start":{"line":20,"column":32},"end":{"line":20,"column":52}},"13":{"start":{"line":21,"column":8},"end":{"line":21,"column":33}},"14":{"start":{"line":22,"column":8},"end":{"line":22,"column":38}},"15":{"start":{"line":23,"column":8},"end":{"line":23,"column":35}},"16":{"start":{"line":26,"column":6},"end":{"line":26,"column":60}},"17":{"start":{"line":27,"column":6},"end":{"line":27,"column":33}},"18":{"start":{"line":29,"column":25},"end":{"line":29,"column":62}},"19":{"start":{"line":31,"column":28},"end":{"line":34,"column":7}},"20":{"start":{"line":35,"column":20},"end":{"line":35,"column":40}},"21":{"start":{"line":37,"column":6},"end":{"line":37,"column":27}},"22":{"start":{"line":39,"column":6},"end":{"line":47,"column":9}},"23":{"start":{"line":49,"column":6},"end":{"line":49,"column":55}},"24":{"start":{"line":50,"column":6},"end":{"line":50,"column":56}},"25":{"start":{"line":55,"column":2},"end":{"line":100,"column":4}},"26":{"start":{"line":61,"column":6},"end":{"line":61,"column":14}},"27":{"start":{"line":63,"column":4},"end":{"line":67,"column":5}},"28":{"start":{"line":64,"column":6},"end":{"line":66,"column":63}},"29":{"start":{"line":69,"column":4},"end":{"line":98,"column":5}},"30":{"start":{"line":70,"column":25},"end":{"line":70,"column":51}},"31":{"start":{"line":71,"column":23},"end":{"line":82,"column":7}},"32":{"start":{"line":83,"column":6},"end":{"line":83,"column":27}},"33":{"start":{"line":85,"column":6},"end":{"line":94,"column":9}},"34":{"start":{"line":96,"column":6},"end":{"line":96,"column":52}},"35":{"start":{"line":97,"column":6},"end":{"line":97,"column":56}},"36":{"start":{"line":102,"column":2},"end":{"line":125,"column":4}},"37":{"start":{"line":107,"column":19},"end":{"line":107,"column":29}},"38":{"start":{"line":109,"column":6},"end":{"line":109,"column":14}},"39":{"start":{"line":111,"column":4},"end":{"line":123,"column":5}},"40":{"start":{"line":112,"column":25},"end":{"line":112,"column":51}},"41":{"start":{"line":113,"column":6},"end":{"line":116,"column":8}},"42":{"start":{"line":117,"column":6},"end":{"line":117,"column":27}},"43":{"start":{"line":119,"column":6},"end":{"line":119,"column":60}},"44":{"start":{"line":121,"column":6},"end":{"line":121,"column":54}},"45":{"start":{"line":122,"column":6},"end":{"line":122,"column":56}},"46":{"start":{"line":127,"column":2},"end":{"line":166,"column":4}},"47":{"start":{"line":132,"column":15},"end":{"line":132,"column":38}},"48":{"start":{"line":134,"column":4},"end":{"line":164,"column":5}},"49":{"start":{"line":135,"column":25},"end":{"line":135,"column":51}},"50":{"start":{"line":137,"column":21},"end":{"line":140,"column":7}},"51":{"start":{"line":141,"column":6},"end":{"line":144,"column":7}},"52":{"start":{"line":142,"column":8},"end":{"line":142,"column":29}},"53":{"start":{"line":143,"column":8},"end":{"line":143,"column":70}},"54":{"start":{"line":146,"column":6},"end":{"line":146,"column":72}},"55":{"start":{"line":148,"column":6},"end":{"line":150,"column":9}},"56":{"start":{"line":152,"column":26},"end":{"line":154,"column":7}},"57":{"start":{"line":155,"column":21},"end":{"line":155,"column":50}},"58":{"start":{"line":156,"column":6},"end":{"line":156,"column":80}},"59":{"start":{"line":158,"column":6},"end":{"line":158,"column":27}},"60":{"start":{"line":160,"column":6},"end":{"line":160,"column":78}},"61":{"start":{"line":162,"column":6},"end":{"line":162,"column":54}},"62":{"start":{"line":163,"column":6},"end":{"line":163,"column":56}},"63":{"start":{"line":168,"column":2},"end":{"line":237,"column":4}},"64":{"start":{"line":173,"column":50},"end":{"line":173,"column":58}},"65":{"start":{"line":175,"column":6},"end":{"line":177,"column":7}},"66":{"start":{"line":176,"column":8},"end":{"line":176,"column":76}},"67":{"start":{"line":179,"column":25},"end":{"line":179,"column":51}},"68":{"start":{"line":180,"column":6},"end":{"line":235,"column":7}},"69":{"start":{"line":181,"column":8},"end":{"line":181,"column":44}},"70":{"start":{"line":183,"column":27},"end":{"line":186,"column":9}},"71":{"start":{"line":187,"column":8},"end":{"line":190,"column":9}},"72":{"start":{"line":188,"column":10},"end":{"line":188,"column":31}},"73":{"start":{"line":189,"column":10},"end":{"line":189,"column":72}},"74":{"start":{"line":191,"column":29},"end":{"line":191,"column":46}},"75":{"start":{"line":192,"column":23},"end":{"line":192,"column":35}},"76":{"start":{"line":193,"column":21},"end":{"line":193,"column":22}},"77":{"start":{"line":195,"column":8},"end":{"line":208,"column":9}},"78":{"start":{"line":196,"column":10},"end":{"line":196,"column":31}},"79":{"start":{"line":197,"column":10},"end":{"line":197,"column":28}},"80":{"start":{"line":198,"column":15},"end":{"line":208,"column":9}},"81":{"start":{"line":199,"column":10},"end":{"line":202,"column":11}},"82":{"start":{"line":200,"column":12},"end":{"line":200,"column":33}},"83":{"start":{"line":201,"column":12},"end":{"line":201,"column":75}},"84":{"start":{"line":203,"column":10},"end":{"line":203,"column":31}},"85":{"start":{"line":204,"column":10},"end":{"line":204,"column":29}},"86":{"start":{"line":206,"column":10},"end":{"line":206,"column":31}},"87":{"start":{"line":207,"column":10},"end":{"line":207,"column":78}},"88":{"start":{"line":210,"column":8},"end":{"line":213,"column":11}},"89":{"start":{"line":215,"column":8},"end":{"line":225,"column":10}},"90":{"start":{"line":227,"column":8},"end":{"line":227,"column":34}},"91":{"start":{"line":228,"column":8},"end":{"line":228,"column":71}},"92":{"start":{"line":230,"column":8},"end":{"line":230,"column":36}},"93":{"start":{"line":231,"column":8},"end":{"line":231,"column":55}},"94":{"start":{"line":232,"column":8},"end":{"line":232,"column":58}},"95":{"start":{"line":234,"column":8},"end":{"line":234,"column":29}},"96":{"start":{"line":239,"column":2},"end":{"line":288,"column":4}},"97":{"start":{"line":244,"column":28},"end":{"line":244,"column":36}},"98":{"start":{"line":246,"column":4},"end":{"line":248,"column":5}},"99":{"start":{"line":247,"column":6},"end":{"line":247,"column":69}},"100":{"start":{"line":250,"column":23},"end":{"line":250,"column":49}},"101":{"start":{"line":251,"column":4},"end":{"line":286,"column":5}},"102":{"start":{"line":252,"column":6},"end":{"line":252,"column":42}},"103":{"start":{"line":254,"column":6},"end":{"line":276,"column":7}},"104":{"start":{"line":255,"column":51},"end":{"line":255,"column":55}},"105":{"start":{"line":256,"column":27},"end":{"line":256,"column":54}},"106":{"start":{"line":258,"column":8},"end":{"line":275,"column":9}},"107":{"start":{"line":259,"column":10},"end":{"line":262,"column":13}},"108":{"start":{"line":264,"column":10},"end":{"line":274,"column":12}},"109":{"start":{"line":278,"column":6},"end":{"line":278,"column":32}},"110":{"start":{"line":279,"column":6},"end":{"line":279,"column":67}},"111":{"start":{"line":281,"column":6},"end":{"line":281,"column":34}},"112":{"start":{"line":282,"column":6},"end":{"line":282,"column":61}},"113":{"start":{"line":283,"column":6},"end":{"line":283,"column":56}},"114":{"start":{"line":285,"column":6},"end":{"line":285,"column":27}}},"fnMap":{"0":{"name":"registerProductRoutes","decl":{"start":{"line":1,"column":26},"end":{"line":1,"column":47}},"loc":{"start":{"line":1,"column":90},"end":{"line":289,"column":1}},"line":1},"1":{"name":"(anonymous_1)","decl":{"start":{"line":6,"column":4},"end":{"line":6,"column":5}},"loc":{"start":{"line":6,"column":24},"end":{"line":52,"column":5}},"line":6},"2":{"name":"(anonymous_2)","decl":{"start":{"line":59,"column":4},"end":{"line":59,"column":5}},"loc":{"start":{"line":59,"column":24},"end":{"line":99,"column":5}},"line":59},"3":{"name":"(anonymous_3)","decl":{"start":{"line":106,"column":4},"end":{"line":106,"column":5}},"loc":{"start":{"line":106,"column":24},"end":{"line":124,"column":5}},"line":106},"4":{"name":"(anonymous_4)","decl":{"start":{"line":131,"column":4},"end":{"line":131,"column":5}},"loc":{"start":{"line":131,"column":24},"end":{"line":165,"column":5}},"line":131},"5":{"name":"(anonymous_5)","decl":{"start":{"line":172,"column":4},"end":{"line":172,"column":5}},"loc":{"start":{"line":172,"column":24},"end":{"line":236,"column":5}},"line":172},"6":{"name":"(anonymous_6)","decl":{"start":{"line":243,"column":4},"end":{"line":243,"column":5}},"loc":{"start":{"line":243,"column":24},"end":{"line":287,"column":5}},"line":243}},"branchMap":{"0":{"loc":{"start":{"line":7,"column":17},"end":{"line":7,"column":46}},"type":"binary-expr","locations":[{"start":{"line":7,"column":17},"end":{"line":7,"column":41}},{"start":{"line":7,"column":45},"end":{"line":7,"column":46}}],"line":7},"1":{"loc":{"start":{"line":8,"column":18},"end":{"line":8,"column":49}},"type":"binary-expr","locations":[{"start":{"line":8,"column":18},"end":{"line":8,"column":43}},{"start":{"line":8,"column":47},"end":{"line":8,"column":49}}],"line":8},"2":{"loc":{"start":{"line":9,"column":19},"end":{"line":9,"column":41}},"type":"binary-expr","locations":[{"start":{"line":9,"column":19},"end":{"line":9,"column":35}},{"start":{"line":9,"column":39},"end":{"line":9,"column":41}}],"line":9},"3":{"loc":{"start":{"line":19,"column":6},"end":{"line":24,"column":7}},"type":"if","locations":[{"start":{"line":19,"column":6},"end":{"line":24,"column":7}},{"start":{},"end":{}}],"line":19},"4":{"loc":{"start":{"line":33,"column":8},"end":{"line":33,"column":37}},"type":"cond-expr","locations":[{"start":{"line":33,"column":17},"end":{"line":33,"column":32}},{"start":{"line":33,"column":35},"end":{"line":33,"column":37}}],"line":33},"5":{"loc":{"start":{"line":63,"column":4},"end":{"line":67,"column":5}},"type":"if","locations":[{"start":{"line":63,"column":4},"end":{"line":67,"column":5}},{"start":{},"end":{}}],"line":63},"6":{"loc":{"start":{"line":63,"column":8},"end":{"line":63,"column":28}},"type":"binary-expr","locations":[{"start":{"line":63,"column":8},"end":{"line":63,"column":13}},{"start":{"line":63,"column":17},"end":{"line":63,"column":28}}],"line":63},"7":{"loc":{"start":{"line":76,"column":10},"end":{"line":76,"column":28}},"type":"binary-expr","locations":[{"start":{"line":76,"column":10},"end":{"line":76,"column":23}},{"start":{"line":76,"column":27},"end":{"line":76,"column":28}}],"line":76},"8":{"loc":{"start":{"line":77,"column":10},"end":{"line":77,"column":20}},"type":"binary-expr","locations":[{"start":{"line":77,"column":10},"end":{"line":77,"column":15}},{"start":{"line":77,"column":19},"end":{"line":77,"column":20}}],"line":77},"9":{"loc":{"start":{"line":78,"column":10},"end":{"line":78,"column":31}},"type":"binary-expr","locations":[{"start":{"line":78,"column":10},"end":{"line":78,"column":18}},{"start":{"line":78,"column":22},"end":{"line":78,"column":31}}],"line":78},"10":{"loc":{"start":{"line":79,"column":10},"end":{"line":79,"column":23}},"type":"binary-expr","locations":[{"start":{"line":79,"column":10},"end":{"line":79,"column":14}},{"start":{"line":79,"column":18},"end":{"line":79,"column":23}}],"line":79},"11":{"loc":{"start":{"line":80,"column":10},"end":{"line":80,"column":30}},"type":"binary-expr","locations":[{"start":{"line":80,"column":10},"end":{"line":80,"column":22}},{"start":{"line":80,"column":26},"end":{"line":80,"column":30}}],"line":80},"12":{"loc":{"start":{"line":141,"column":6},"end":{"line":144,"column":7}},"type":"if","locations":[{"start":{"line":141,"column":6},"end":{"line":144,"column":7}},{"start":{},"end":{}}],"line":141},"13":{"loc":{"start":{"line":155,"column":22},"end":{"line":155,"column":45}},"type":"binary-expr","locations":[{"start":{"line":155,"column":22},"end":{"line":155,"column":40}},{"start":{"line":155,"column":44},"end":{"line":155,"column":45}}],"line":155},"14":{"loc":{"start":{"line":175,"column":6},"end":{"line":177,"column":7}},"type":"if","locations":[{"start":{"line":175,"column":6},"end":{"line":177,"column":7}},{"start":{},"end":{}}],"line":175},"15":{"loc":{"start":{"line":175,"column":10},"end":{"line":175,"column":42}},"type":"binary-expr","locations":[{"start":{"line":175,"column":10},"end":{"line":175,"column":20}},{"start":{"line":175,"column":24},"end":{"line":175,"column":29}},{"start":{"line":175,"column":33},"end":{"line":175,"column":42}}],"line":175},"16":{"loc":{"start":{"line":187,"column":8},"end":{"line":190,"column":9}},"type":"if","locations":[{"start":{"line":187,"column":8},"end":{"line":190,"column":9}},{"start":{},"end":{}}],"line":187},"17":{"loc":{"start":{"line":195,"column":8},"end":{"line":208,"column":9}},"type":"if","locations":[{"start":{"line":195,"column":8},"end":{"line":208,"column":9}},{"start":{"line":198,"column":15},"end":{"line":208,"column":9}}],"line":195},"18":{"loc":{"start":{"line":198,"column":15},"end":{"line":208,"column":9}},"type":"if","locations":[{"start":{"line":198,"column":15},"end":{"line":208,"column":9}},{"start":{"line":205,"column":15},"end":{"line":208,"column":9}}],"line":198},"19":{"loc":{"start":{"line":199,"column":10},"end":{"line":202,"column":11}},"type":"if","locations":[{"start":{"line":199,"column":10},"end":{"line":202,"column":11}},{"start":{},"end":{}}],"line":199},"20":{"loc":{"start":{"line":223,"column":12},"end":{"line":223,"column":39}},"type":"binary-expr","locations":[{"start":{"line":223,"column":12},"end":{"line":223,"column":16}},{"start":{"line":223,"column":20},"end":{"line":223,"column":39}}],"line":223},"21":{"loc":{"start":{"line":246,"column":4},"end":{"line":248,"column":5}},"type":"if","locations":[{"start":{"line":246,"column":4},"end":{"line":248,"column":5}},{"start":{},"end":{}}],"line":246},"22":{"loc":{"start":{"line":246,"column":8},"end":{"line":246,"column":39}},"type":"binary-expr","locations":[{"start":{"line":246,"column":8},"end":{"line":246,"column":14}},{"start":{"line":246,"column":18},"end":{"line":246,"column":39}}],"line":246},"23":{"loc":{"start":{"line":258,"column":8},"end":{"line":275,"column":9}},"type":"if","locations":[{"start":{"line":258,"column":8},"end":{"line":275,"column":9}},{"start":{},"end":{}}],"line":258},"24":{"loc":{"start":{"line":272,"column":14},"end":{"line":272,"column":47}},"type":"binary-expr","locations":[{"start":{"line":272,"column":14},"end":{"line":272,"column":18}},{"start":{"line":272,"column":22},"end":{"line":272,"column":47}}],"line":272}},"s":{"0":53,"1":75,"2":3,"3":3,"4":3,"5":3,"6":3,"7":3,"8":2,"9":2,"10":2,"11":2,"12":1,"13":1,"14":1,"15":1,"16":2,"17":2,"18":2,"19":2,"20":2,"21":2,"22":2,"23":1,"24":1,"25":75,"26":3,"27":3,"28":1,"29":2,"30":2,"31":2,"32":1,"33":1,"34":1,"35":1,"36":75,"37":2,"38":2,"39":2,"40":2,"41":2,"42":1,"43":1,"44":1,"45":1,"46":75,"47":4,"48":4,"49":4,"50":4,"51":3,"52":1,"53":1,"54":2,"55":2,"56":2,"57":2,"58":2,"59":2,"60":2,"61":1,"62":1,"63":75,"64":7,"65":7,"66":1,"67":6,"68":6,"69":6,"70":6,"71":5,"72":1,"73":1,"74":4,"75":4,"76":4,"77":4,"78":1,"79":1,"80":3,"81":2,"82":1,"83":1,"84":1,"85":1,"86":1,"87":1,"88":2,"89":2,"90":2,"91":2,"92":1,"93":1,"94":1,"95":6,"96":75,"97":4,"98":4,"99":1,"100":3,"101":3,"102":3,"103":3,"104":4,"105":4,"106":4,"107":3,"108":2,"109":2,"110":2,"111":1,"112":1,"113":1,"114":3},"f":{"0":75,"1":3,"2":3,"3":2,"4":4,"5":7,"6":4},"b":{"0":[3,1],"1":[3,1],"2":[3,2],"3":[1,1],"4":[1,1],"5":[1,2],"6":[3,2],"7":[2,1],"8":[2,1],"9":[2,1],"10":[2,1],"11":[2,2],"12":[1,2],"13":[2,1],"14":[1,6],"15":[7,7,6],"16":[1,4],"17":[1,3],"18":[2,1],"19":[1,1],"20":[2,1],"21":[1,3],"22":[4,4],"23":[3,1],"24":[2,1]},"_coverageSchema":"1a1c01bbd47fc00a2c39e90264f33305004495a9","hash":"35c868e87b9953f7967e7461938267161d7efa1a"}
,"/Users/mac/Documents/Rezzy Semester 6/mental health/sales-point-pos/server/routes/profile.js": {"path":"/Users/mac/Documents/Rezzy Semester 6/mental health/sales-point-pos/server/routes/profile.js","statementMap":{"0":{"start":{"line":1,"column":0},"end":{"line":92,"column":2}},"1":{"start":{"line":3,"column":2},"end":{"line":19,"column":5}},"2":{"start":{"line":4,"column":4},"end":{"line":18,"column":5}},"3":{"start":{"line":5,"column":22},"end":{"line":8,"column":7}},"4":{"start":{"line":10,"column":6},"end":{"line":12,"column":7}},"5":{"start":{"line":11,"column":8},"end":{"line":11,"column":67}},"6":{"start":{"line":14,"column":6},"end":{"line":14,"column":25}},"7":{"start":{"line":16,"column":6},"end":{"line":16,"column":54}},"8":{"start":{"line":17,"column":6},"end":{"line":17,"column":56}},"9":{"start":{"line":22,"column":2},"end":{"line":50,"column":5}},"10":{"start":{"line":23,"column":32},"end":{"line":23,"column":40}},"11":{"start":{"line":25,"column":4},"end":{"line":27,"column":5}},"12":{"start":{"line":26,"column":6},"end":{"line":26,"column":82}},"13":{"start":{"line":29,"column":4},"end":{"line":49,"column":5}},"14":{"start":{"line":31,"column":25},"end":{"line":34,"column":7}},"15":{"start":{"line":36,"column":6},"end":{"line":38,"column":7}},"16":{"start":{"line":37,"column":8},"end":{"line":37,"column":85}},"17":{"start":{"line":40,"column":6},"end":{"line":43,"column":8}},"18":{"start":{"line":45,"column":6},"end":{"line":45,"column":87}},"19":{"start":{"line":47,"column":6},"end":{"line":47,"column":54}},"20":{"start":{"line":48,"column":6},"end":{"line":48,"column":56}},"21":{"start":{"line":53,"column":2},"end":{"line":91,"column":5}},"22":{"start":{"line":54,"column":41},"end":{"line":54,"column":49}},"23":{"start":{"line":56,"column":4},"end":{"line":58,"column":5}},"24":{"start":{"line":57,"column":6},"end":{"line":57,"column":93}},"25":{"start":{"line":60,"column":4},"end":{"line":62,"column":5}},"26":{"start":{"line":61,"column":6},"end":{"line":61,"column":93}},"27":{"start":{"line":64,"column":4},"end":{"line":90,"column":5}},"28":{"start":{"line":66,"column":22},"end":{"line":66,"column":96}},"29":{"start":{"line":68,"column":6},"end":{"line":70,"column":7}},"30":{"start":{"line":69,"column":8},"end":{"line":69,"column":67}},"31":{"start":{"line":72,"column":19},"end":{"line":72,"column":27}},"32":{"start":{"line":75,"column":22},"end":{"line":75,"column":70}},"33":{"start":{"line":76,"column":6},"end":{"line":78,"column":7}},"34":{"start":{"line":77,"column":8},"end":{"line":77,"column":72}},"35":{"start":{"line":81,"column":29},"end":{"line":81,"column":63}},"36":{"start":{"line":84,"column":6},"end":{"line":84,"column":100}},"37":{"start":{"line":86,"column":6},"end":{"line":86,"column":61}},"38":{"start":{"line":88,"column":6},"end":{"line":88,"column":55}},"39":{"start":{"line":89,"column":6},"end":{"line":89,"column":56}}},"fnMap":{"0":{"name":"registerProfileRoutes","decl":{"start":{"line":1,"column":26},"end":{"line":1,"column":47}},"loc":{"start":{"line":1,"column":81},"end":{"line":92,"column":1}},"line":1},"1":{"name":"(anonymous_1)","decl":{"start":{"line":3,"column":40},"end":{"line":3,"column":41}},"loc":{"start":{"line":3,"column":60},"end":{"line":19,"column":3}},"line":3},"2":{"name":"(anonymous_2)","decl":{"start":{"line":22,"column":40},"end":{"line":22,"column":41}},"loc":{"start":{"line":22,"column":60},"end":{"line":50,"column":3}},"line":22},"3":{"name":"(anonymous_3)","decl":{"start":{"line":53,"column":49},"end":{"line":53,"column":50}},"loc":{"start":{"line":53,"column":69},"end":{"line":91,"column":3}},"line":53}},"branchMap":{"0":{"loc":{"start":{"line":10,"column":6},"end":{"line":12,"column":7}},"type":"if","locations":[{"start":{"line":10,"column":6},"end":{"line":12,"column":7}},{"start":{},"end":{}}],"line":10},"1":{"loc":{"start":{"line":25,"column":4},"end":{"line":27,"column":5}},"type":"if","locations":[{"start":{"line":25,"column":4},"end":{"line":27,"column":5}},{"start":{},"end":{}}],"line":25},"2":{"loc":{"start":{"line":25,"column":8},"end":{"line":25,"column":27}},"type":"binary-expr","locations":[{"start":{"line":25,"column":8},"end":{"line":25,"column":17}},{"start":{"line":25,"column":21},"end":{"line":25,"column":27}}],"line":25},"3":{"loc":{"start":{"line":36,"column":6},"end":{"line":38,"column":7}},"type":"if","locations":[{"start":{"line":36,"column":6},"end":{"line":38,"column":7}},{"start":{},"end":{}}],"line":36},"4":{"loc":{"start":{"line":56,"column":4},"end":{"line":58,"column":5}},"type":"if","locations":[{"start":{"line":56,"column":4},"end":{"line":58,"column":5}},{"start":{},"end":{}}],"line":56},"5":{"loc":{"start":{"line":56,"column":8},"end":{"line":56,"column":36}},"type":"binary-expr","locations":[{"start":{"line":56,"column":8},"end":{"line":56,"column":20}},{"start":{"line":56,"column":24},"end":{"line":56,"column":36}}],"line":56},"6":{"loc":{"start":{"line":60,"column":4},"end":{"line":62,"column":5}},"type":"if","locations":[{"start":{"line":60,"column":4},"end":{"line":62,"column":5}},{"start":{},"end":{}}],"line":60},"7":{"loc":{"start":{"line":68,"column":6},"end":{"line":70,"column":7}},"type":"if","locations":[{"start":{"line":68,"column":6},"end":{"line":70,"column":7}},{"start":{},"end":{}}],"line":68},"8":{"loc":{"start":{"line":76,"column":6},"end":{"line":78,"column":7}},"type":"if","locations":[{"start":{"line":76,"column":6},"end":{"line":78,"column":7}},{"start":{},"end":{}}],"line":76}},"s":{"0":53,"1":65,"2":3,"3":3,"4":2,"5":1,"6":1,"7":1,"8":1,"9":65,"10":4,"11":4,"12":1,"13":3,"14":3,"15":2,"16":1,"17":1,"18":1,"19":1,"20":1,"21":65,"22":6,"23":6,"24":1,"25":5,"26":1,"27":4,"28":4,"29":3,"30":1,"31":2,"32":2,"33":2,"34":1,"35":1,"36":1,"37":1,"38":1,"39":1},"f":{"0":65,"1":3,"2":4,"3":6},"b":{"0":[1,1],"1":[1,3],"2":[4,4],"3":[1,1],"4":[1,5],"5":[6,6],"6":[1,4],"7":[1,2],"8":[1,1]},"_coverageSchema":"1a1c01bbd47fc00a2c39e90264f33305004495a9","hash":"945eef685db4abe8fb6d70cca9a07d404a75d311"}
,"/Users/mac/Documents/Rezzy Semester 6/mental health/sales-point-pos/server/routes/reports.js": {"path":"/Users/mac/Documents/Rezzy Semester 6/mental health/sales-point-pos/server/routes/reports.js","statementMap":{"0":{"start":{"line":1,"column":0},"end":{"line":230,"column":1}},"1":{"start":{"line":2,"column":2},"end":{"line":86,"column":4}},"2":{"start":{"line":7,"column":28},"end":{"line":7,"column":37}},"3":{"start":{"line":9,"column":4},"end":{"line":11,"column":5}},"4":{"start":{"line":10,"column":6},"end":{"line":10,"column":78}},"5":{"start":{"line":13,"column":4},"end":{"line":84,"column":5}},"6":{"start":{"line":14,"column":25},"end":{"line":14,"column":51}},"7":{"start":{"line":16,"column":28},"end":{"line":19,"column":7}},"8":{"start":{"line":20,"column":27},"end":{"line":20,"column":58}},"9":{"start":{"line":22,"column":25},"end":{"line":31,"column":7}},"10":{"start":{"line":32,"column":24},"end":{"line":32,"column":51}},"11":{"start":{"line":34,"column":27},"end":{"line":42,"column":7}},"12":{"start":{"line":44,"column":29},"end":{"line":44,"column":60}},"13":{"start":{"line":45,"column":25},"end":{"line":45,"column":40}},"14":{"start":{"line":47,"column":28},"end":{"line":47,"column":29}},"15":{"start":{"line":49,"column":6},"end":{"line":49,"column":27}},"16":{"start":{"line":51,"column":6},"end":{"line":80,"column":9}},"17":{"start":{"line":82,"column":6},"end":{"line":82,"column":65}},"18":{"start":{"line":83,"column":6},"end":{"line":83,"column":56}},"19":{"start":{"line":88,"column":2},"end":{"line":161,"column":4}},"20":{"start":{"line":93,"column":35},"end":{"line":93,"column":44}},"21":{"start":{"line":95,"column":4},"end":{"line":99,"column":5}},"22":{"start":{"line":96,"column":6},"end":{"line":98,"column":67}},"23":{"start":{"line":101,"column":4},"end":{"line":159,"column":5}},"24":{"start":{"line":102,"column":25},"end":{"line":102,"column":51}},"25":{"start":{"line":104,"column":29},"end":{"line":112,"column":7}},"26":{"start":{"line":114,"column":29},"end":{"line":114,"column":58}},"27":{"start":{"line":114,"column":53},"end":{"line":114,"column":57}},"28":{"start":{"line":115,"column":18},"end":{"line":115,"column":20}},"29":{"start":{"line":116,"column":6},"end":{"line":127,"column":7}},"30":{"start":{"line":117,"column":27},"end":{"line":125,"column":9}},"31":{"start":{"line":126,"column":8},"end":{"line":126,"column":25}},"32":{"start":{"line":129,"column":36},"end":{"line":132,"column":9}},"33":{"start":{"line":129,"column":61},"end":{"line":132,"column":7}},"34":{"start":{"line":131,"column":35},"end":{"line":131,"column":60}},"35":{"start":{"line":134,"column":27},"end":{"line":134,"column":29}},"36":{"start":{"line":135,"column":6},"end":{"line":141,"column":9}},"37":{"start":{"line":136,"column":21},"end":{"line":136,"column":77}},"38":{"start":{"line":137,"column":8},"end":{"line":139,"column":9}},"39":{"start":{"line":138,"column":10},"end":{"line":138,"column":33}},"40":{"start":{"line":140,"column":8},"end":{"line":140,"column":53}},"41":{"start":{"line":143,"column":24},"end":{"line":148,"column":11}},"42":{"start":{"line":145,"column":24},"end":{"line":148,"column":9}},"43":{"start":{"line":150,"column":6},"end":{"line":150,"column":27}},"44":{"start":{"line":152,"column":6},"end":{"line":155,"column":9}},"45":{"start":{"line":157,"column":6},"end":{"line":157,"column":67}},"46":{"start":{"line":158,"column":6},"end":{"line":158,"column":56}},"47":{"start":{"line":163,"column":2},"end":{"line":229,"column":4}},"48":{"start":{"line":168,"column":4},"end":{"line":227,"column":5}},"49":{"start":{"line":169,"column":25},"end":{"line":169,"column":51}},"50":{"start":{"line":171,"column":25},"end":{"line":173,"column":7}},"51":{"start":{"line":174,"column":19},"end":{"line":174,"column":54}},"52":{"start":{"line":176,"column":30},"end":{"line":178,"column":7}},"53":{"start":{"line":179,"column":24},"end":{"line":179,"column":69}},"54":{"start":{"line":181,"column":26},"end":{"line":181,"column":27}},"55":{"start":{"line":183,"column":26},"end":{"line":183,"column":56}},"56":{"start":{"line":185,"column":23},"end":{"line":185,"column":24}},"57":{"start":{"line":186,"column":30},"end":{"line":186,"column":31}},"58":{"start":{"line":188,"column":31},"end":{"line":188,"column":57}},"59":{"start":{"line":190,"column":25},"end":{"line":196,"column":7}},"60":{"start":{"line":197,"column":24},"end":{"line":197,"column":59}},"61":{"start":{"line":199,"column":31},"end":{"line":199,"column":47}},"62":{"start":{"line":201,"column":28},"end":{"line":201,"column":77}},"63":{"start":{"line":203,"column":6},"end":{"line":203,"column":27}},"64":{"start":{"line":205,"column":6},"end":{"line":223,"column":9}},"65":{"start":{"line":225,"column":6},"end":{"line":225,"column":62}},"66":{"start":{"line":226,"column":6},"end":{"line":226,"column":56}}},"fnMap":{"0":{"name":"registerReportRoutes","decl":{"start":{"line":1,"column":26},"end":{"line":1,"column":46}},"loc":{"start":{"line":1,"column":89},"end":{"line":230,"column":1}},"line":1},"1":{"name":"(anonymous_1)","decl":{"start":{"line":6,"column":4},"end":{"line":6,"column":5}},"loc":{"start":{"line":6,"column":24},"end":{"line":85,"column":5}},"line":6},"2":{"name":"(anonymous_2)","decl":{"start":{"line":92,"column":4},"end":{"line":92,"column":5}},"loc":{"start":{"line":92,"column":24},"end":{"line":160,"column":5}},"line":92},"3":{"name":"(anonymous_3)","decl":{"start":{"line":114,"column":46},"end":{"line":114,"column":47}},"loc":{"start":{"line":114,"column":53},"end":{"line":114,"column":57}},"line":114},"4":{"name":"(anonymous_4)","decl":{"start":{"line":129,"column":53},"end":{"line":129,"column":54}},"loc":{"start":{"line":129,"column":61},"end":{"line":132,"column":7}},"line":129},"5":{"name":"(anonymous_5)","decl":{"start":{"line":131,"column":28},"end":{"line":131,"column":29}},"loc":{"start":{"line":131,"column":35},"end":{"line":131,"column":60}},"line":131},"6":{"name":"(anonymous_6)","decl":{"start":{"line":135,"column":27},"end":{"line":135,"column":28}},"loc":{"start":{"line":135,"column":34},"end":{"line":141,"column":7}},"line":135},"7":{"name":"(anonymous_7)","decl":{"start":{"line":145,"column":13},"end":{"line":145,"column":14}},"loc":{"start":{"line":145,"column":24},"end":{"line":148,"column":9}},"line":145},"8":{"name":"(anonymous_8)","decl":{"start":{"line":167,"column":4},"end":{"line":167,"column":5}},"loc":{"start":{"line":167,"column":24},"end":{"line":228,"column":5}},"line":167}},"branchMap":{"0":{"loc":{"start":{"line":9,"column":4},"end":{"line":11,"column":5}},"type":"if","locations":[{"start":{"line":9,"column":4},"end":{"line":11,"column":5}},{"start":{},"end":{}}],"line":9},"1":{"loc":{"start":{"line":9,"column":8},"end":{"line":9,"column":23}},"type":"binary-expr","locations":[{"start":{"line":9,"column":8},"end":{"line":9,"column":14}},{"start":{"line":9,"column":18},"end":{"line":9,"column":23}}],"line":9},"2":{"loc":{"start":{"line":20,"column":27},"end":{"line":20,"column":58}},"type":"binary-expr","locations":[{"start":{"line":20,"column":27},"end":{"line":20,"column":53}},{"start":{"line":20,"column":57},"end":{"line":20,"column":58}}],"line":20},"3":{"loc":{"start":{"line":32,"column":24},"end":{"line":32,"column":51}},"type":"binary-expr","locations":[{"start":{"line":32,"column":24},"end":{"line":32,"column":46}},{"start":{"line":32,"column":50},"end":{"line":32,"column":51}}],"line":32},"4":{"loc":{"start":{"line":44,"column":29},"end":{"line":44,"column":60}},"type":"binary-expr","locations":[{"start":{"line":44,"column":29},"end":{"line":44,"column":55}},{"start":{"line":44,"column":59},"end":{"line":44,"column":60}}],"line":44},"5":{"loc":{"start":{"line":68,"column":11},"end":{"line":68,"column":42}},"type":"binary-expr","locations":[{"start":{"line":68,"column":11},"end":{"line":68,"column":37}},{"start":{"line":68,"column":41},"end":{"line":68,"column":42}}],"line":68},"6":{"loc":{"start":{"line":77,"column":11},"end":{"line":77,"column":42}},"type":"binary-expr","locations":[{"start":{"line":77,"column":11},"end":{"line":77,"column":37}},{"start":{"line":77,"column":41},"end":{"line":77,"column":42}}],"line":77},"7":{"loc":{"start":{"line":95,"column":4},"end":{"line":99,"column":5}},"type":"if","locations":[{"start":{"line":95,"column":4},"end":{"line":99,"column":5}},{"start":{},"end":{}}],"line":95},"8":{"loc":{"start":{"line":95,"column":8},"end":{"line":95,"column":30}},"type":"binary-expr","locations":[{"start":{"line":95,"column":8},"end":{"line":95,"column":18}},{"start":{"line":95,"column":22},"end":{"line":95,"column":30}}],"line":95},"9":{"loc":{"start":{"line":116,"column":6},"end":{"line":127,"column":7}},"type":"if","locations":[{"start":{"line":116,"column":6},"end":{"line":127,"column":7}},{"start":{},"end":{}}],"line":116},"10":{"loc":{"start":{"line":137,"column":8},"end":{"line":139,"column":9}},"type":"if","locations":[{"start":{"line":137,"column":8},"end":{"line":139,"column":9}},{"start":{},"end":{}}],"line":137},"11":{"loc":{"start":{"line":174,"column":26},"end":{"line":174,"column":53}},"type":"binary-expr","locations":[{"start":{"line":174,"column":26},"end":{"line":174,"column":48}},{"start":{"line":174,"column":52},"end":{"line":174,"column":53}}],"line":174},"12":{"loc":{"start":{"line":179,"column":31},"end":{"line":179,"column":68}},"type":"binary-expr","locations":[{"start":{"line":179,"column":31},"end":{"line":179,"column":63}},{"start":{"line":179,"column":67},"end":{"line":179,"column":68}}],"line":179},"13":{"loc":{"start":{"line":197,"column":31},"end":{"line":197,"column":58}},"type":"binary-expr","locations":[{"start":{"line":197,"column":31},"end":{"line":197,"column":53}},{"start":{"line":197,"column":57},"end":{"line":197,"column":58}}],"line":197}},"s":{"0":53,"1":64,"2":4,"3":4,"4":1,"5":3,"6":3,"7":2,"8":2,"9":2,"10":2,"11":2,"12":2,"13":2,"14":2,"15":2,"16":2,"17":1,"18":1,"19":64,"20":5,"21":5,"22":1,"23":4,"24":4,"25":3,"26":3,"27":4,"28":3,"29":3,"30":2,"31":2,"32":3,"33":4,"34":8,"35":3,"36":3,"37":4,"38":4,"39":3,"40":4,"41":3,"42":3,"43":3,"44":3,"45":1,"46":1,"47":64,"48":3,"49":3,"50":2,"51":2,"52":2,"53":2,"54":2,"55":2,"56":2,"57":2,"58":2,"59":2,"60":2,"61":2,"62":2,"63":2,"64":2,"65":1,"66":1},"f":{"0":64,"1":4,"2":5,"3":4,"4":4,"5":8,"6":4,"7":3,"8":3},"b":{"0":[1,3],"1":[4,3],"2":[2,1],"3":[2,1],"4":[2,1],"5":[2,1],"6":[2,1],"7":[1,4],"8":[5,4],"9":[2,1],"10":[3,1],"11":[2,1],"12":[2,1],"13":[2,1]},"_coverageSchema":"1a1c01bbd47fc00a2c39e90264f33305004495a9","hash":"49fe116102fd639903236a03aa792de7d259aabc"}
,"/Users/mac/Documents/Rezzy Semester 6/mental health/sales-point-pos/server/routes/settings.js": {"path":"/Users/mac/Documents/Rezzy Semester 6/mental health/sales-point-pos/server/routes/settings.js","statementMap":{"0":{"start":{"line":1,"column":0},"end":{"line":47,"column":2}},"1":{"start":{"line":2,"column":2},"end":{"line":18,"column":5}},"2":{"start":{"line":3,"column":4},"end":{"line":17,"column":5}},"3":{"start":{"line":4,"column":25},"end":{"line":4,"column":51}},"4":{"start":{"line":5,"column":21},"end":{"line":5,"column":76}},"5":{"start":{"line":6,"column":6},"end":{"line":6,"column":27}},"6":{"start":{"line":8,"column":23},"end":{"line":8,"column":25}},"7":{"start":{"line":9,"column":6},"end":{"line":11,"column":9}},"8":{"start":{"line":10,"column":8},"end":{"line":10,"column":54}},"9":{"start":{"line":13,"column":6},"end":{"line":13,"column":25}},"10":{"start":{"line":15,"column":6},"end":{"line":15,"column":55}},"11":{"start":{"line":16,"column":6},"end":{"line":16,"column":56}},"12":{"start":{"line":20,"column":2},"end":{"line":46,"column":5}},"13":{"start":{"line":21,"column":40},"end":{"line":21,"column":48}},"14":{"start":{"line":23,"column":4},"end":{"line":45,"column":5}},"15":{"start":{"line":24,"column":25},"end":{"line":24,"column":51}},"16":{"start":{"line":26,"column":6},"end":{"line":31,"column":7}},"17":{"start":{"line":27,"column":8},"end":{"line":30,"column":10}},"18":{"start":{"line":33,"column":6},"end":{"line":38,"column":7}},"19":{"start":{"line":34,"column":8},"end":{"line":37,"column":10}},"20":{"start":{"line":40,"column":6},"end":{"line":40,"column":27}},"21":{"start":{"line":41,"column":6},"end":{"line":41,"column":61}},"22":{"start":{"line":43,"column":6},"end":{"line":43,"column":55}},"23":{"start":{"line":44,"column":6},"end":{"line":44,"column":56}}},"fnMap":{"0":{"name":"registerSettingsRoutes","decl":{"start":{"line":1,"column":26},"end":{"line":1,"column":48}},"loc":{"start":{"line":1,"column":74},"end":{"line":47,"column":1}},"line":1},"1":{"name":"(anonymous_1)","decl":{"start":{"line":2,"column":41},"end":{"line":2,"column":42}},"loc":{"start":{"line":2,"column":61},"end":{"line":18,"column":3}},"line":2},"2":{"name":"(anonymous_2)","decl":{"start":{"line":9,"column":19},"end":{"line":9,"column":20}},"loc":{"start":{"line":9,"column":28},"end":{"line":11,"column":7}},"line":9},"3":{"name":"(anonymous_3)","decl":{"start":{"line":20,"column":41},"end":{"line":20,"column":42}},"loc":{"start":{"line":20,"column":61},"end":{"line":46,"column":3}},"line":20}},"branchMap":{"0":{"loc":{"start":{"line":26,"column":6},"end":{"line":31,"column":7}},"type":"if","locations":[{"start":{"line":26,"column":6},"end":{"line":31,"column":7}},{"start":{},"end":{}}],"line":26},"1":{"loc":{"start":{"line":33,"column":6},"end":{"line":38,"column":7}},"type":"if","locations":[{"start":{"line":33,"column":6},"end":{"line":38,"column":7}},{"start":{},"end":{}}],"line":33}},"s":{"0":53,"1":59,"2":2,"3":2,"4":1,"5":1,"6":1,"7":1,"8":1,"9":1,"10":1,"11":1,"12":59,"13":5,"14":5,"15":5,"16":4,"17":2,"18":4,"19":2,"20":4,"21":4,"22":1,"23":1},"f":{"0":59,"1":2,"2":1,"3":5},"b":{"0":[2,2],"1":[2,2]},"_coverageSchema":"1a1c01bbd47fc00a2c39e90264f33305004495a9","hash":"fe08b0e20b5bacff814cf01bfe4059d083406194"}
[...]
":30},"7":{"loc":{"start":{"line":40,"column":8},"end":{"line":45,"column":9}},"type":"if","locations":[{"start":{"line":40,"column":8},"end":{"line":45,"column":9}},{"start":{},"end":{}}],"line":40},"8":{"loc":{"start":{"line":48,"column":6},"end":{"line":71,"column":7}},"type":"if","locations":[{"start":{"line":48,"column":6},"end":{"line":71,"column":7}},{"start":{"line":64,"column":13},"end":{"line":71,"column":7}}],"line":48},"9":{"loc":{"start":{"line":92,"column":6},"end":{"line":94,"column":7}},"type":"if","locations":[{"start":{"line":92,"column":6},"end":{"line":94,"column":7}},{"start":{},"end":{}}],"line":92},"10":{"loc":{"start":{"line":105,"column":6},"end":{"line":119,"column":7}},"type":"if","locations":[{"start":{"line":105,"column":6},"end":{"line":119,"column":7}},{"start":{"line":111,"column":13},"end":{"line":119,"column":7}}],"line":105},"11":{"loc":{"start":{"line":106,"column":8},"end":{"line":110,"column":9}},"type":"if","locations":[{"start":{"line":106,"column":8},"end":{"line":110,"column":9}},{"start":{"line":108,"column":15},"end":{"line":110,"column":9}}],"line":106},"12":{"loc":{"start":{"line":108,"column":15},"end":{"line":110,"column":9}},"type":"if","locations":[{"start":{"line":108,"column":15},"end":{"line":110,"column":9}},{"start":{},"end":{}}],"line":108},"13":{"loc":{"start":{"line":111,"column":13},"end":{"line":119,"column":7}},"type":"if","locations":[{"start":{"line":111,"column":13},"end":{"line":119,"column":7}},{"start":{"line":113,"column":13},"end":{"line":119,"column":7}}],"line":111},"14":{"loc":{"start":{"line":113,"column":13},"end":{"line":119,"column":7}},"type":"if","locations":[{"start":{"line":113,"column":13},"end":{"line":119,"column":7}},{"start":{"line":115,"column":13},"end":{"line":119,"column":7}}],"line":113},"15":{"loc":{"start":{"line":115,"column":13},"end":{"line":119,"column":7}},"type":"if","locations":[{"start":{"line":115,"column":13},"end":{"line":119,"column":7}},{"start":{"line":117,"column":13},"end":{"line":119,"column":7}}],"line":115},"16":{"loc":{"start":{"line":117,"column":13},"end":{"line":119,"column":7}},"type":"if","locations":[{"start":{"line":117,"column":13},"end":{"line":119,"column":7}},{"start":{},"end":{}}],"line":117},"17":{"loc":{"start":{"line":128,"column":6},"end":{"line":140,"column":7}},"type":"if","locations":[{"start":{"line":128,"column":6},"end":{"line":140,"column":7}},{"start":{},"end":{}}],"line":128},"18":{"loc":{"start":{"line":128,"column":10},"end":{"line":128,"column":85}},"type":"binary-expr","locations":[{"start":{"line":128,"column":10},"end":{"line":128,"column":39}},{"start":{"line":128,"column":43},"end":{"line":128,"column":85}}],"line":128},"19":{"loc":{"start":{"line":166,"column":6},"end":{"line":168,"column":7}},"type":"if","locations":[{"start":{"line":166,"column":6},"end":{"line":168,"column":7}},{"start":{},"end":{}}],"line":166},"20":{"loc":{"start":{"line":173,"column":6},"end":{"line":187,"column":7}},"type":"if","locations":[{"start":{"line":173,"column":6},"end":{"line":187,"column":7}},{"start":{"line":179,"column":13},"end":{"line":187,"column":7}}],"line":173},"21":{"loc":{"start":{"line":174,"column":8},"end":{"line":178,"column":9}},"type":"if","locations":[{"start":{"line":174,"column":8},"end":{"line":178,"column":9}},{"start":{"line":176,"column":15},"end":{"line":178,"column":9}}],"line":174},"22":{"loc":{"start":{"line":176,"column":15},"end":{"line":178,"column":9}},"type":"if","locations":[{"start":{"line":176,"column":15},"end":{"line":178,"column":9}},{"start":{},"end":{}}],"line":176},"23":{"loc":{"start":{"line":179,"column":13},"end":{"line":187,"column":7}},"type":"if","locations":[{"start":{"line":179,"column":13},"end":{"line":187,"column":7}},{"start":{"line":181,"column":13},"end":{"line":187,"column":7}}],"line":179},"24":{"loc":{"start":{"line":181,"column":13},"end":{"line":187,"column":7}},"type":"if","locations":[{"start":{"line":181,"column":13},"end":{"line":187,"column":7}},{"start":{"line":183,"column":13},"end":{"line":187,"column":7}}],"line":181},"25":{"loc":{"start":{"line":183,"column":13},"end":{"line":187,"column":7}},"type":"if","locations":[{"start":{"line":183,"column":13},"end":{"line":187,"column":7}},{"start":{"line":185,"column":13},"end":{"line":187,"column":7}}],"line":183},"26":{"loc":{"start":{"line":185,"column":13},"end":{"line":187,"column":7}},"type":"if","locations":[{"start":{"line":185,"column":13},"end":{"line":187,"column":7}},{"start":{},"end":{}}],"line":185},"27":{"loc":{"start":{"line":196,"column":6},"end":{"line":208,"column":7}},"type":"if","locations":[{"start":{"line":196,"column":6},"end":{"line":208,"column":7}},{"start":{},"end":{}}],"line":196},"28":{"loc":{"start":{"line":196,"column":10},"end":{"line":196,"column":85}},"type":"binary-expr","locations":[{"start":{"line":196,"column":10},"end":{"line":196,"column":39}},{"start":{"line":196,"column":43},"end":{"line":196,"column":85}}],"line":196}},"s":{"0":53,"1":53,"2":81,"3":81,"4":5,"5":5,"6":1,"7":4,"8":4,"9":4,"10":4,"11":4,"12":3,"13":3,"14":3,"15":3,"16":1,"17":3,"18":1,"19":1,"20":1,"21":1,"22":1,"23":2,"24":2,"25":2,"26":1,"27":1,"28":1,"29":4,"30":81,"31":11,"32":11,"33":11,"34":11,"35":10,"36":1,"37":9,"38":9,"39":9,"40":9,"41":9,"42":9,"43":3,"44":1,"45":2,"46":1,"47":6,"48":2,"49":4,"50":1,"51":3,"52":1,"53":2,"54":1,"55":9,"56":9,"57":9,"58":2,"59":2,"60":1,"61":9,"62":9,"63":1,"64":1,"65":1,"66":11,"67":81,"68":11,"69":11,"70":11,"71":11,"72":11,"73":11,"74":11,"75":10,"76":1,"77":9,"78":9,"79":9,"80":3,"81":1,"82":2,"83":1,"84":6,"85":1,"86":5,"87":1,"88":4,"89":1,"90":3,"91":2,"92":9,"93":9,"94":9,"95":2,"96":2,"97":1,"98":9,"99":9,"100":1,"101":1,"102":1,"103":11,"104":81,"105":2,"106":2,"107":1,"108":1,"109":1,"110":1,"111":1,"112":1,"113":1},"f":{"0":81,"1":5,"2":11,"3":11,"4":2},"b":{"0":[1,4],"1":[5,5],"2":[4,3],"3":[4,3],"4":[4,3],"5":[4,1],"6":[1,3],"7":[1,2],"8":[1,2],"9":[1,9],"10":[3,6],"11":[1,2],"12":[1,1],"13":[2,4],"14":[1,3],"15":[1,2],"16":[1,1],"17":[2,7],"18":[9,3],"19":[1,9],"20":[3,6],"21":[1,2],"22":[1,1],"23":[1,5],"24":[1,4],"25":[1,3],"26":[2,1],"27":[2,7],"28":[9,2]},"_coverageSchema":"1a1c01bbd47fc00a2c39e90264f33305004495a9","hash":"21af679d301bc3ac25ef788a25742ce0cd062116"}
,"/Users/mac/Documents/Rezzy Semester 6/mental health/sales-point-pos/server/routes/users.js": {"path":"/Users/mac/Documents/Rezzy Semester 6/mental health/sales-point-pos/server/routes/users.js","statementMap":{"0":{"start":{"line":1,"column":0},"end":{"line":207,"column":2}},"1":{"start":{"line":3,"column":2},"end":{"line":56,"column":4}},"2":{"start":{"line":8,"column":17},"end":{"line":8,"column":46}},"3":{"start":{"line":9,"column":18},"end":{"line":9,"column":49}},"4":{"start":{"line":10,"column":19},"end":{"line":10,"column":41}},"5":{"start":{"line":11,"column":19},"end":{"line":11,"column":37}},"6":{"start":{"line":13,"column":4},"end":{"line":54,"column":5}},"7":{"start":{"line":14,"column":25},"end":{"line":14,"column":51}},"8":{"start":{"line":17,"column":8},"end":{"line":17,"column":87}},"9":{"start":{"line":18,"column":23},"end":{"line":18,"column":62}},"10":{"start":{"line":19,"column":19},"end":{"line":19,"column":21}},"11":{"start":{"line":21,"column":6},"end":{"line":26,"column":7}},"12":{"start":{"line":22,"column":32},"end":{"line":22,"column":93}},"13":{"start":{"line":23,"column":8},"end":{"line":23,"column":33}},"14":{"start":{"line":24,"column":8},"end":{"line":24,"column":38}},"15":{"start":{"line":25,"column":8},"end":{"line":25,"column":65}},"16":{"start":{"line":28,"column":6},"end":{"line":28,"column":62}},"17":{"start":{"line":29,"column":6},"end":{"line":29,"column":33}},"18":{"start":{"line":31,"column":22},"end":{"line":31,"column":59}},"19":{"start":{"line":34,"column":28},"end":{"line":37,"column":7}},"20":{"start":{"line":38,"column":20},"end":{"line":38,"column":40}},"21":{"start":{"line":40,"column":6},"end":{"line":40,"column":27}},"22":{"start":{"line":42,"column":6},"end":{"line":50,"column":9}},"23":{"start":{"line":52,"column":6},"end":{"line":52,"column":52}},"24":{"start":{"line":53,"column":6},"end":{"line":53,"column":56}},"25":{"start":{"line":59,"column":2},"end":{"line":98,"column":4}},"26":{"start":{"line":64,"column":58},"end":{"line":64,"column":66}},"27":{"start":{"line":66,"column":6},"end":{"line":70,"column":7}},"28":{"start":{"line":67,"column":8},"end":{"line":69,"column":81}},"29":{"start":{"line":73,"column":6},"end":{"line":75,"column":7}},"30":{"start":{"line":74,"column":8},"end":{"line":74,"column":77}},"31":{"start":{"line":77,"column":6},"end":{"line":96,"column":7}},"32":{"start":{"line":78,"column":31},"end":{"line":78,"column":62}},"33":{"start":{"line":79,"column":25},"end":{"line":82,"column":9}},"34":{"start":{"line":83,"column":8},"end":{"line":89,"column":11}},"35":{"start":{"line":91,"column":8},"end":{"line":93,"column":9}},"36":{"start":{"line":92,"column":10},"end":{"line":92,"column":87}},"37":{"start":{"line":94,"column":8},"end":{"line":94,"column":53}},"38":{"start":{"line":95,"column":8},"end":{"line":95,"column":58}},"39":{"start":{"line":101,"column":2},"end":{"line":158,"column":4}},"40":{"start":{"line":106,"column":17},"end":{"line":106,"column":40}},"41":{"start":{"line":107,"column":58},"end":{"line":107,"column":66}},"42":{"start":{"line":109,"column":6},"end":{"line":109,"column":70}},"43":{"start":{"line":109,"column":15},"end":{"line":109,"column":70}},"44":{"start":{"line":111,"column":6},"end":{"line":156,"column":7}},"45":{"start":{"line":113,"column":27},"end":{"line":116,"column":9}},"46":{"start":{"line":117,"column":8},"end":{"line":119,"column":9}},"47":{"start":{"line":118,"column":10},"end":{"line":118,"column":69}},"48":{"start":{"line":122,"column":8},"end":{"line":126,"column":9}},"49":{"start":{"line":123,"column":10},"end":{"line":125,"column":59}},"50":{"start":{"line":129,"column":8},"end":{"line":133,"column":9}},"51":{"start":{"line":130,"column":10},"end":{"line":132,"column":63}},"52":{"start":{"line":136,"column":10},"end":{"line":136,"column":74}},"53":{"start":{"line":137,"column":21},"end":{"line":137,"column":64}},"54":{"start":{"line":139,"column":8},"end":{"line":143,"column":9}},"55":{"start":{"line":140,"column":33},"end":{"line":140,"column":64}},"56":{"start":{"line":141,"column":10},"end":{"line":141,"column":36}},"57":{"start":{"line":142,"column":10},"end":{"line":142,"column":38}},"58":{"start":{"line":145,"column":8},"end":{"line":145,"column":33}},"59":{"start":{"line":146,"column":8},"end":{"line":146,"column":24}},"60":{"start":{"line":148,"column":8},"end":{"line":148,"column":40}},"61":{"start":{"line":149,"column":8},"end":{"line":149,"column":59}},"62":{"start":{"line":151,"column":8},"end":{"line":153,"column":9}},"63":{"start":{"line":152,"column":10},"end":{"line":152,"column":87}},"64":{"start":{"line":154,"column":8},"end":{"line":154,"column":53}},"65":{"start":{"line":155,"column":8},"end":{"line":155,"column":58}},"66":{"start":{"line":161,"column":2},"end":{"line":206,"column":4}},"67":{"start":{"line":166,"column":17},"end":{"line":166,"column":40}},"68":{"start":{"line":168,"column":6},"end":{"line":204,"column":7}},"69":{"start":{"line":170,"column":8},"end":{"line":174,"column":9}},"70":{"start":{"line":171,"column":10},"end":{"line":173,"column":65}},"71":{"start":{"line":177,"column":27},"end":{"line":180,"column":9}},"72":{"start":{"line":181,"column":8},"end":{"line":183,"column":9}},"73":{"start":{"line":182,"column":10},"end":{"line":182,"column":69}},"74":{"start":{"line":186,"column":8},"end":{"line":190,"column":9}},"75":{"start":{"line":187,"column":10},"end":{"line":189,"column":59}},"76":{"start":{"line":192,"column":25},"end":{"line":194,"column":10}},"77":{"start":{"line":196,"column":8},"end":{"line":198,"column":9}},"78":{"start":{"line":197,"column":10},"end":{"line":197,"column":69}},"79":{"start":{"line":200,"column":8},"end":{"line":200,"column":59}},"80":{"start":{"line":202,"column":8},"end":{"line":202,"column":53}},"81":{"start":{"line":203,"column":8},"end":{"line":203,"column":58}}},"fnMap":{"0":{"name":"registerUserRoutes","decl":{"start":{"line":1,"column":26},"end":{"line":1,"column":44}},"loc":{"start":{"line":1,"column":95},"end":{"line":207,"column":1}},"line":1},"1":{"name":"(anonymous_1)","decl":{"start":{"line":7,"column":4},"end":{"line":7,"column":5}},"loc":{"start":{"line":7,"column":24},"end":{"line":55,"column":5}},"line":7},"2":{"name":"(anonymous_2)","decl":{"start":{"line":63,"column":4},"end":{"line":63,"column":5}},"loc":{"start":{"line":63,"column":24},"end":{"line":97,"column":5}},"line":63},"3":{"name":"(anonymous_3)","decl":{"start":{"line":105,"column":4},"end":{"line":105,"column":5}},"loc":{"start":{"line":105,"column":24},"end":{"line":157,"column":5}},"line":105},"4":{"name":"(anonymous_4)","decl":{"start":{"line":165,"column":4},"end":{"line":165,"column":5}},"loc":{"start":{"line":165,"column":24},"end":{"line":205,"column":5}},"line":165}},"branchMap":{"0":{"loc":{"start":{"line":8,"column":17},"end":{"line":8,"column":46}},"type":"binary-expr","locations":[{"start":{"line":8,"column":17},"end":{"line":8,"column":41}},{"start":{"line":8,"column":45},"end":{"line":8,"column":46}}],"line":8},"1":{"loc":{"start":{"line":9,"column":18},"end":{"line":9,"column":49}},"type":"binary-expr","locations":[{"start":{"line":9,"column":18},"end":{"line":9,"column":43}},{"start":{"line":9,"column":47},"end":{"line":9,"column":49}}],"line":9},"2":{"loc":{"start":{"line":10,"column":19},"end":{"line":10,"column":41}},"type":"binary-expr","locations":[{"start":{"line":10,"column":19},"end":{"line":10,"column":35}},{"start":{"line":10,"column":39},"end":{"line":10,"column":41}}],"line":10},"3":{"loc":{"start":{"line":21,"column":6},"end":{"line":26,"column":7}},"type":"if","locations":[{"start":{"line":21,"column":6},"end":{"line":26,"column":7}},{"start":{},"end":{}}],"line":21},"4":{"loc":{"start":{"line":36,"column":8},"end":{"line":36,"column":67}},"type":"cond-expr","locations":[{"start":{"line":36,"column":17},"end":{"line":36,"column":62}},{"start":{"line":36,"column":65},"end":{"line":36,"column":67}}],"line":36},"5":{"loc":{"start":{"line":66,"column":6},"end":{"line":70,"column":7}},"type":"if","locations":[{"start":{"line":66,"column":6},"end":{"line":70,"column":7}},{"start":{},"end":{}}],"line":66},"6":{"loc":{"start":{"line":66,"column":10},"end":{"line":66,"column":51}},"type":"binary-expr","locations":[{"start":{"line":66,"column":10},"end":{"line":66,"column":19}},{"start":{"line":66,"column":23},"end":{"line":66,"column":29}},{"start":{"line":66,"column":33},"end":{"line":66,"column":42}},{"start":{"line":66,"column":46},"end":{"line":66,"column":51}}],"line":66},"7":{"loc":{"start":{"line":73,"column":6},"end":{"line":75,"column":7}},"type":"if","locations":[{"start":{"line":73,"column":6},"end":{"line":75,"column":7}},{"start":{},"end":{}}],"line":73},"8":{"loc":{"start":{"line":73,"column":10},"end":{"line":73,"column":65}},"type":"binary-expr","locations":[{"start":{"line":73,"column":10},"end":{"line":73,"column":31}},{"start":{"line":73,"column":35},"end":{"line":73,"column":65}}],"line":73},"9":{"loc":{"start":{"line":81,"column":50},"end":{"line":81,"column":68}},"type":"binary-expr","locations":[{"start":{"line":81,"column":50},"end":{"line":81,"column":56}},{"start":{"line":81,"column":60},"end":{"line":81,"column":68}}],"line":81},"10":{"loc":{"start":{"line":88,"column":18},"end":{"line":88,"column":36}},"type":"binary-expr","locations":[{"start":{"line":88,"column":18},"end":{"line":88,"column":24}},{"start":{"line":88,"column":28},"end":{"line":88,"column":36}}],"line":88},"11":{"loc":{"start":{"line":91,"column":8},"end":{"line":93,"column":9}},"type":"if","locations":[{"start":{"line":91,"column":8},"end":{"line":93,"column":9}},{"start":{},"end":{}}],"line":91},"12":{"loc":{"start":{"line":109,"column":6},"end":{"line":109,"column":70}},"type":"if","locations":[{"start":{"line":109,"column":6},"end":{"line":109,"column":70}},{"start":{},"end":{}}],"line":109},"13":{"loc":{"start":{"line":117,"column":8},"end":{"line":119,"column":9}},"type":"if","locations":[{"start":{"line":117,"column":8},"end":{"line":119,"column":9}},{"start":{},"end":{}}],"line":117},"14":{"loc":{"start":{"line":122,"column":8},"end":{"line":126,"column":9}},"type":"if","locations":[{"start":{"line":122,"column":8},"end":{"line":126,"column":9}},{"start":{},"end":{}}],"line":122},"15":{"loc":{"start":{"line":122,"column":12},"end":{"line":122,"column":79}},"type":"binary-expr","locations":[{"start":{"line":122,"column":12},"end":{"line":122,"column":45}},{"start":{"line":122,"column":49},"end":{"line":122,"column":79}}],"line":122},"16":{"loc":{"start":{"line":129,"column":8},"end":{"line":133,"column":9}},"type":"if","locations":[{"start":{"line":129,"column":8},"end":{"line":133,"column":9}},{"start":{},"end":{}}],"line":129},"17":{"loc":{"start":{"line":129,"column":12},"end":{"line":129,"column":67}},"type":"binary-expr","locations":[{"start":{"line":129,"column":12},"end":{"line":129,"column":33}},{"start":{"line":129,"column":37},"end":{"line":129,"column":67}}],"line":129},"18":{"loc":{"start":{"line":137,"column":45},"end":{"line":137,"column":63}},"type":"binary-expr","locations":[{"start":{"line":137,"column":45},"end":{"line":137,"column":51}},{"start":{"line":137,"column":55},"end":{"line":137,"column":63}}],"line":137},"19":{"loc":{"start":{"line":139,"column":8},"end":{"line":143,"column":9}},"type":"if","locations":[{"start":{"line":139,"column":8},"end":{"line":143,"column":9}},{"start":{},"end":{}}],"line":139},"20":{"loc":{"start":{"line":151,"column":8},"end":{"line":153,"column":9}},"type":"if","locations":[{"start":{"line":151,"column":8},"end":{"line":153,"column":9}},{"start":{},"end":{}}],"line":151},"21":{"loc":{"start":{"line":170,"column":8},"end":{"line":174,"column":9}},"type":"if","locations":[{"start":{"line":170,"column":8},"end":{"line":174,"column":9}},{"start":{},"end":{}}],"line":170},"22":{"loc":{"start":{"line":181,"column":8},"end":{"line":183,"column":9}},"type":"if","locations":[{"start":{"line":181,"column":8},"end":{"line":183,"column":9}},{"start":{},"end":{}}],"line":181},"23":{"loc":{"start":{"line":186,"column":8},"end":{"line":190,"column":9}},"type":"if","locations":[{"start":{"line":186,"column":8},"end":{"line":190,"column":9}},{"start":{},"end":{}}],"line":186},"24":{"loc":{"start":{"line":186,"column":12},"end":{"line":186,"column":79}},"type":"binary-expr","locations":[{"start":{"line":186,"column":12},"end":{"line":186,"column":45}},{"start":{"line":186,"column":49},"end":{"line":186,"column":79}}],"line":186},"25":{"loc":{"start":{"line":196,"column":8},"end":{"line":198,"column":9}},"type":"if","locations":[{"start":{"line":196,"column":8},"end":{"line":198,"column":9}},{"start":{},"end":{}}],"line":196}},"s":{"0":53,"1":74,"2":3,"3":3,"4":3,"5":3,"6":3,"7":3,"8":2,"9":2,"10":2,"11":2,"12":1,"13":1,"14":1,"15":1,"16":2,"17":2,"18":2,"19":2,"20":2,"21":2,"22":2,"23":1,"24":1,"25":74,"26":5,"27":5,"28":1,"29":4,"30":1,"31":3,"32":3,"33":3,"34":1,"35":2,"36":1,"37":1,"38":1,"39":74,"40":8,"41":8,"42":8,"43":1,"44":7,"45":7,"46":7,"47":1,"48":6,"49":1,"50":5,"51":1,"52":4,"53":4,"54":4,"55":1,"56":1,"57":1,"58":4,"59":4,"60":4,"61":2,"62":2,"63":1,"64":1,"65":1,"66":74,"67":6,"68":6,"69":6,"70":1,"71":5,"72":4,"73":1,"74":3,"75":1,"76":2,"77":2,"78":1,"79":1,"80":1,"81":1},"f":{"0":74,"1":3,"2":5,"3":8,"4":6},"b":{"0":[3,1],"1":[3,1],"2":[3,2],"3":[1,1],"4":[1,1],"5":[1,4],"6":[5,5,4,4],"7":[1,3],"8":[4,1],"9":[3,3],"10":[1,1],"11":[1,1],"12":[1,7],"13":[1,6],"14":[1,5],"15":[6,1],"16":[1,4],"17":[5,1],"18":[4,2],"19":[1,3],"20":[1,1],"21":[1,5],"22":[1,3],"23":[1,2],"24":[3,1],"25":[1,1]},"_coverageSchema":"1a1c01bbd47fc00a2c39e90264f33305004495a9","hash":"d4a4965a9a3b88d6b683f3f57b19730352ca33d2"}
}
