{"/Users/mac/Documents/Rezzy Semester 6/mental health/sales-point-pos/server/index.js": {"path":"/Users/mac/Documents/Rezzy Semester 6/mental health/sales-point-pos/server/index.js","statementMap":{"0":{"start":{"line":1,"column":16},"end":{"line":1,"column":34}},"1":{"start":{"line":2,"column":13},"end":{"line":2,"column":28}},"2":{"start":{"line":3,"column":15},"end":{"line":3,"column":32}},"3":{"start":{"line":4,"column":13},"end":{"line":4,"column":28}},"4":{"start":{"line":5,"column":15},"end":{"line":5,"column":34}},"5":{"start":{"line":6,"column":12},"end":{"line":6,"column":35}},"6":{"start":{"line":7,"column":15},"end":{"line":7,"column":32}},"7":{"start":{"line":8,"column":27},"end":{"line":8,"column":52}},"8":{"start":{"line":9,"column":30},"end":{"line":9,"column":58}},"9":{"start":{"line":10,"column":31},"end":{"line":10,"column":59}},"10":{"start":{"line":11,"column":34},"end":{"line":11,"column":66}},"11":{"start":{"line":12,"column":31},"end":{"line":12,"column":60}},"12":{"start":{"line":13,"column":29},"end":{"line":13,"column":56}},"13":{"start":{"line":14,"column":36},"end":{"line":14,"column":70}},"14":{"start":{"line":15,"column":30},"end":{"line":15,"column":57}},"15":{"start":{"line":16,"column":36},"end":{"line":16,"column":70}},"16":{"start":{"line":17,"column":46},"end":{"line":17,"column":91}},"17":{"start":{"line":18,"column":32},"end":{"line":18,"column":61}},"18":{"start":{"line":19,"column":29},"end":{"line":19,"column":56}},"19":{"start":{"line":20,"column":55},"end":{"line":20,"column":87}},"20":{"start":{"line":22,"column":16},"end":{"line":22,"column":50}},"21":{"start":{"line":23,"column":0},"end":{"line":23,"column":43}},"22":{"start":{"line":24,"column":0},"end":{"line":24,"column":33}},"23":{"start":{"line":26,"column":25},"end":{"line":26,"column":40}},"24":{"start":{"line":28,"column":12},"end":{"line":28,"column":21}},"25":{"start":{"line":29,"column":13},"end":{"line":29,"column":37}},"26":{"start":{"line":30,"column":19},"end":{"line":30,"column":68}},"27":{"start":{"line":32,"column":0},"end":{"line":32,"column":16}},"28":{"start":{"line":33,"column":0},"end":{"line":33,"column":24}},"29":{"start":{"line":36,"column":16},"end":{"line":44,"column":2}},"30":{"start":{"line":38,"column":4},"end":{"line":38,"column":46}},"31":{"start":{"line":41,"column":25},"end":{"line":41,"column":75}},"32":{"start":{"line":42,"column":4},"end":{"line":42,"column":61}},"33":{"start":{"line":46,"column":15},"end":{"line":58,"column":2}},"34":{"start":{"line":49,"column":25},"end":{"line":49,"column":48}},"35":{"start":{"line":50,"column":20},"end":{"line":50,"column":84}},"36":{"start":{"line":51,"column":21},"end":{"line":51,"column":53}},"37":{"start":{"line":52,"column":4},"end":{"line":56,"column":5}},"38":{"start":{"line":53,"column":6},"end":{"line":53,"column":28}},"39":{"start":{"line":55,"column":6},"end":{"line":55,"column":56}},"40":{"start":{"line":61,"column":0},"end":{"line":61,"column":69}},"41":{"start":{"line":63,"column":0},"end":{"line":65,"column":3}},"42":{"start":{"line":64,"column":2},"end":{"line":64,"column":32}},"43":{"start":{"line":68,"column":0},"end":{"line":125,"column":3}},"44":{"start":{"line":69,"column":57},"end":{"line":69,"column":65}},"45":{"start":{"line":71,"column":2},"end":{"line":73,"column":3}},"46":{"start":{"line":72,"column":4},"end":{"line":72,"column":90}},"47":{"start":{"line":75,"column":2},"end":{"line":77,"column":3}},"48":{"start":{"line":76,"column":4},"end":{"line":76,"column":93}},"49":{"start":{"line":79,"column":2},"end":{"line":81,"column":3}},"50":{"start":{"line":80,"column":4},"end":{"line":80,"column":76}},"51":{"start":{"line":83,"column":2},"end":{"line":124,"column":3}},"52":{"start":{"line":84,"column":27},"end":{"line":84,"column":58}},"53":{"start":{"line":85,"column":21},"end":{"line":88,"column":5}},"54":{"start":{"line":90,"column":4},"end":{"line":99,"column":7}},"55":{"start":{"line":101,"column":18},"end":{"line":105,"column":5}},"56":{"start":{"line":107,"column":4},"end":{"line":117,"column":7}},"57":{"start":{"line":119,"column":4},"end":{"line":121,"column":5}},"58":{"start":{"line":120,"column":6},"end":{"line":120,"column":86}},"59":{"start":{"line":122,"column":4},"end":{"line":122,"column":44}},"60":{"start":{"line":123,"column":4},"end":{"line":123,"column":54}},"61":{"start":{"line":128,"column":0},"end":{"line":178,"column":3}},"62":{"start":{"line":129,"column":30},"end":{"line":129,"column":38}},"63":{"start":{"line":131,"column":2},"end":{"line":177,"column":3}},"64":{"start":{"line":132,"column":20},"end":{"line":132,"column":84}},"65":{"start":{"line":134,"column":4},"end":{"line":136,"column":5}},"66":{"start":{"line":135,"column":6},"end":{"line":135,"column":70}},"67":{"start":{"line":138,"column":17},"end":{"line":138,"column":25}},"68":{"start":{"line":140,"column":4},"end":{"line":142,"column":5}},"69":{"start":{"line":141,"column":6},"end":{"line":141,"column":129}},"70":{"start":{"line":144,"column":20},"end":{"line":144,"column":65}},"71":{"start":{"line":146,"column":4},"end":{"line":148,"column":5}},"72":{"start":{"line":147,"column":6},"end":{"line":147,"column":70}},"73":{"start":{"line":150,"column":4},"end":{"line":159,"column":7}},"74":{"start":{"line":161,"column":18},"end":{"line":163,"column":5}},"75":{"start":{"line":165,"column":4},"end":{"line":173,"column":7}},"76":{"start":{"line":175,"column":4},"end":{"line":175,"column":41}},"77":{"start":{"line":176,"column":4},"end":{"line":176,"column":54}},"78":{"start":{"line":180,"column":21},"end":{"line":191,"column":1}},"79":{"start":{"line":181,"column":15},"end":{"line":181,"column":46}},"80":{"start":{"line":182,"column":16},"end":{"line":182,"column":65}},"81":{"start":{"line":183,"column":2},"end":{"line":183,"column":71}},"82":{"start":{"line":183,"column":14},"end":{"line":183,"column":71}},"83":{"start":{"line":184,"column":2},"end":{"line":190,"column":3}},"84":{"start":{"line":185,"column":20},"end":{"line":185,"column":49}},"85":{"start":{"line":186,"column":4},"end":{"line":186,"column":23}},"86":{"start":{"line":187,"column":4},"end":{"line":187,"column":11}},"87":{"start":{"line":189,"column":4},"end":{"line":189,"column":61}},"88":{"start":{"line":193,"column":26},"end":{"line":196,"column":1}},"89":{"start":{"line":194,"column":2},"end":{"line":194,"column":93}},"90":{"start":{"line":194,"column":39},"end":{"line":194,"column":93}},"91":{"start":{"line":195,"column":2},"end":{"line":195,"column":9}},"92":{"start":{"line":198,"column":24},"end":{"line":231,"column":1}},"93":{"start":{"line":199,"column":2},"end":{"line":230,"column":4}},"94":{"start":{"line":201,"column":4},"end":{"line":201,"column":134}},"95":{"start":{"line":201,"column":120},"end":{"line":201,"column":134}},"96":{"start":{"line":203,"column":4},"end":{"line":229,"column":5}},"97":{"start":{"line":204,"column":22},"end":{"line":204,"column":94}},"98":{"start":{"line":207,"column":6},"end":{"line":210,"column":7}},"99":{"start":{"line":208,"column":8},"end":{"line":208,"column":58}},"100":{"start":{"line":208,"column":44},"end":{"line":208,"column":58}},"101":{"start":{"line":209,"column":8},"end":{"line":209,"column":62}},"102":{"start":{"line":212,"column":21},"end":{"line":212,"column":32}},"103":{"start":{"line":213,"column":22},"end":{"line":216,"column":7}},"104":{"start":{"line":218,"column":6},"end":{"line":225,"column":7}},"105":{"start":{"line":219,"column":8},"end":{"line":219,"column":15}},"106":{"start":{"line":220,"column":13},"end":{"line":225,"column":7}},"107":{"start":{"line":222,"column":8},"end":{"line":222,"column":15}},"108":{"start":{"line":224,"column":8},"end":{"line":224,"column":55}},"109":{"start":{"line":227,"column":6},"end":{"line":227,"column":50}},"110":{"start":{"line":228,"column":6},"end":{"line":228,"column":56}},"111":{"start":{"line":233,"column":21},"end":{"line":250,"column":1}},"112":{"start":{"line":252,"column":0},"end":{"line":254,"column":3}},"113":{"start":{"line":253,"column":2},"end":{"line":253,"column":25}},"114":{"start":{"line":256,"column":0},"end":{"line":263,"column":3}},"115":{"start":{"line":257,"column":2},"end":{"line":262,"column":3}},"116":{"start":{"line":258,"column":19},"end":{"line":258,"column":83}},"117":{"start":{"line":259,"column":4},"end":{"line":259,"column":19}},"118":{"start":{"line":261,"column":4},"end":{"line":261,"column":54}},"119":{"start":{"line":265,"column":0},"end":{"line":275,"column":3}},"120":{"start":{"line":266,"column":19},"end":{"line":266,"column":27}},"121":{"start":{"line":267,"column":2},"end":{"line":267,"column":74}},"122":{"start":{"line":267,"column":13},"end":{"line":267,"column":74}},"123":{"start":{"line":268,"column":2},"end":{"line":274,"column":3}},"124":{"start":{"line":269,"column":21},"end":{"line":269,"column":84}},"125":{"start":{"line":270,"column":4},"end":{"line":270,"column":56}},"126":{"start":{"line":272,"column":4},"end":{"line":272,"column":91}},"127":{"start":{"line":272,"column":35},"end":{"line":272,"column":91}},"128":{"start":{"line":273,"column":4},"end":{"line":273,"column":54}},"129":{"start":{"line":277,"column":0},"end":{"line":295,"column":3}},"130":{"start":{"line":278,"column":13},"end":{"line":278,"column":36}},"131":{"start":{"line":279,"column":2},"end":{"line":279,"column":66}},"132":{"start":{"line":279,"column":11},"end":{"line":279,"column":66}},"133":{"start":{"line":280,"column":2},"end":{"line":294,"column":3}},"134":{"start":{"line":283,"column":19},"end":{"line":283,"column":80}},"135":{"start":{"line":284,"column":4},"end":{"line":284,"column":86}},"136":{"start":{"line":284,"column":27},"end":{"line":284,"column":86}},"137":{"start":{"line":285,"column":4},"end":{"line":287,"column":5}},"138":{"start":{"line":286,"column":6},"end":{"line":286,"column":80}},"139":{"start":{"line":289,"column":4},"end":{"line":289,"column":61}},"140":{"start":{"line":290,"column":4},"end":{"line":290,"column":77}},"141":{"start":{"line":291,"column":4},"end":{"line":291,"column":55}},"142":{"start":{"line":293,"column":4},"end":{"line":293,"column":54}},"143":{"start":{"line":297,"column":0},"end":{"line":338,"column":3}},"144":{"start":{"line":298,"column":17},"end":{"line":298,"column":47}},"145":{"start":{"line":299,"column":19},"end":{"line":299,"column":37}},"146":{"start":{"line":301,"column":2},"end":{"line":301,"column":100}},"147":{"start":{"line":301,"column":28},"end":{"line":301,"column":100}},"148":{"start":{"line":303,"column":2},"end":{"line":337,"column":3}},"149":{"start":{"line":304,"column":23},"end":{"line":304,"column":29}},"150":{"start":{"line":307,"column":4},"end":{"line":322,"column":5}},"151":{"start":{"line":308,"column":22},"end":{"line":308,"column":89}},"152":{"start":{"line":309,"column":6},"end":{"line":321,"column":7}},"153":{"start":{"line":310,"column":8},"end":{"line":310,"column":35}},"154":{"start":{"line":317,"column":8},"end":{"line":320,"column":13}},"155":{"start":{"line":317,"column":47},"end":{"line":320,"column":9}},"156":{"start":{"line":324,"column":19},"end":{"line":324,"column":125}},"157":{"start":{"line":325,"column":20},"end":{"line":325,"column":53}},"158":{"start":{"line":326,"column":19},"end":{"line":333,"column":6}},"159":{"start":{"line":327,"column":19},"end":{"line":327,"column":32}},"160":{"start":{"line":328,"column":6},"end":{"line":331,"column":9}},"161":{"start":{"line":329,"column":18},"end":{"line":329,"column":66}},"162":{"start":{"line":329,"column":33},"end":{"line":329,"column":65}},"163":{"start":{"line":330,"column":8},"end":{"line":330,"column":42}},"164":{"start":{"line":332,"column":6},"end":{"line":332,"column":18}},"165":{"start":{"line":334,"column":4},"end":{"line":334,"column":21}},"166":{"start":{"line":336,"column":4},"end":{"line":336,"column":54}},"167":{"start":{"line":340,"column":0},"end":{"line":389,"column":3}},"168":{"start":{"line":341,"column":59},"end":{"line":341,"column":67}},"169":{"start":{"line":344,"column":2},"end":{"line":376,"column":3}},"170":{"start":{"line":345,"column":4},"end":{"line":345,"column":80}},"171":{"start":{"line":345,"column":17},"end":{"line":345,"column":80}},"172":{"start":{"line":347,"column":23},"end":{"line":347,"column":49}},"173":{"start":{"line":348,"column":4},"end":{"line":374,"column":5}},"174":{"start":{"line":349,"column":6},"end":{"line":349,"column":42}},"175":{"start":{"line":353,"column":6},"end":{"line":365,"column":7}},"176":{"start":{"line":356,"column":24},"end":{"line":356,"column":60}},"177":{"start":{"line":357,"column":8},"end":{"line":364,"column":9}},"178":{"start":{"line":358,"column":10},"end":{"line":363,"column":11}},"179":{"start":{"line":359,"column":13},"end":{"line":362,"column":14}},"180":{"start":{"line":367,"column":6},"end":{"line":367,"column":32}},"181":{"start":{"line":368,"column":6},"end":{"line":368,"column":64}},"182":{"start":{"line":370,"column":6},"end":{"line":370,"column":34}},"183":{"start":{"line":371,"column":6},"end":{"line":371,"column":56}},"184":{"start":{"line":373,"column":6},"end":{"line":373,"column":27}},"185":{"start":{"line":375,"column":4},"end":{"line":375,"column":11}},"186":{"start":{"line":379,"column":2},"end":{"line":379,"column":97}},"187":{"start":{"line":379,"column":37},"end":{"line":379,"column":97}},"188":{"start":{"line":380,"column":2},"end":{"line":388,"column":3}},"189":{"start":{"line":381,"column":4},"end":{"line":384,"column":6}},"190":{"start":{"line":385,"column":4},"end":{"line":385,"column":61}},"191":{"start":{"line":387,"column":4},"end":{"line":387,"column":54}},"192":{"start":{"line":394,"column":0},"end":{"line":394,"column":67}},"193":{"start":{"line":395,"column":0},"end":{"line":395,"column":113}},"194":{"start":{"line":395,"column":81},"end":{"line":395,"column":111}},"195":{"start":{"line":396,"column":0},"end":{"line":396,"column":47}},"196":{"start":{"line":397,"column":0},"end":{"line":397,"column":99}},"197":{"start":{"line":397,"column":67},"end":{"line":397,"column":97}},"198":{"start":{"line":398,"column":0},"end":{"line":398,"column":108}},"199":{"start":{"line":398,"column":76},"end":{"line":398,"column":106}},"200":{"start":{"line":399,"column":0},"end":{"line":399,"column":92}},"201":{"start":{"line":399,"column":60},"end":{"line":399,"column":90}},"202":{"start":{"line":400,"column":0},"end":{"line":400,"column":112}},"203":{"start":{"line":400,"column":80},"end":{"line":400,"column":110}},"204":{"start":{"line":401,"column":0},"end":{"line":401,"column":109}},"205":{"start":{"line":401,"column":77},"end":{"line":401,"column":107}},"206":{"start":{"line":402,"column":0},"end":{"line":402,"column":63}},"207":{"start":{"line":403,"column":0},"end":{"line":403,"column":70}},"208":{"start":{"line":404,"column":0},"end":{"line":404,"column":80}},"209":{"start":{"line":405,"column":0},"end":{"line":405,"column":118}},"210":{"start":{"line":405,"column":86},"end":{"line":405,"column":116}},"211":{"start":{"line":406,"column":0},"end":{"line":406,"column":107}},"212":{"start":{"line":406,"column":75},"end":{"line":406,"column":105}},"213":{"start":{"line":409,"column":2},"end":{"line":409,"column":17}},"214":{"start":{"line":410,"column":2},"end":{"line":416,"column":3}},"215":{"start":{"line":411,"column":4},"end":{"line":415,"column":7}},"216":{"start":{"line":417,"column":2},"end":{"line":419,"column":5}},"217":{"start":{"line":418,"column":4},"end":{"line":418,"column":53}},"218":{"start":{"line":422,"column":0},"end":{"line":424,"column":1}},"219":{"start":{"line":423,"column":2},"end":{"line":423,"column":68}},"220":{"start":{"line":423,"column":29},"end":{"line":423,"column":66}},"221":{"start":{"line":426,"column":0},"end":{"line":426,"column":94}}},"fnMap":{"0":{"name":"(anonymous_0)","decl":{"start":{"line":37,"column":15},"end":{"line":37,"column":16}},"loc":{"start":{"line":37,"column":34},"end":{"line":39,"column":3}},"line":37},"1":{"name":"(anonymous_1)","decl":{"start":{"line":40,"column":12},"end":{"line":40,"column":13}},"loc":{"start":{"line":40,"column":31},"end":{"line":43,"column":3}},"line":40},"2":{"name":"(anonymous_2)","decl":{"start":{"line":48,"column":14},"end":{"line":48,"column":15}},"loc":{"start":{"line":48,"column":33},"end":{"line":57,"column":3}},"line":48},"3":{"name":"(anonymous_3)","decl":{"start":{"line":63,"column":13},"end":{"line":63,"column":14}},"loc":{"start":{"line":63,"column":27},"end":{"line":65,"column":1}},"line":63},"4":{"name":"(anonymous_4)","decl":{"start":{"line":68,"column":26},"end":{"line":68,"column":27}},"loc":{"start":{"line":68,"column":46},"end":{"line":125,"column":1}},"line":68},"5":{"name":"(anonymous_5)","decl":{"start":{"line":128,"column":23},"end":{"line":128,"column":24}},"loc":{"start":{"line":128,"column":43},"end":{"line":178,"column":1}},"line":128},"6":{"name":"(anonymous_6)","decl":{"start":{"line":180,"column":21},"end":{"line":180,"column":22}},"loc":{"start":{"line":180,"column":47},"end":{"line":191,"column":1}},"line":180},"7":{"name":"(anonymous_7)","decl":{"start":{"line":193,"column":26},"end":{"line":193,"column":27}},"loc":{"start":{"line":193,"column":46},"end":{"line":196,"column":1}},"line":193},"8":{"name":"(anonymous_8)","decl":{"start":{"line":198,"column":24},"end":{"line":198,"column":25}},"loc":{"start":{"line":198,"column":48},"end":{"line":231,"column":1}},"line":198},"9":{"name":"(anonymous_9)","decl":{"start":{"line":199,"column":9},"end":{"line":199,"column":10}},"loc":{"start":{"line":199,"column":35},"end":{"line":230,"column":3}},"line":199},"10":{"name":"(anonymous_10)","decl":{"start":{"line":252,"column":43},"end":{"line":252,"column":44}},"loc":{"start":{"line":252,"column":57},"end":{"line":254,"column":1}},"line":252},"11":{"name":"(anonymous_11)","decl":{"start":{"line":256,"column":41},"end":{"line":256,"column":42}},"loc":{"start":{"line":256,"column":61},"end":{"line":263,"column":1}},"line":256},"12":{"name":"(anonymous_12)","decl":{"start":{"line":265,"column":61},"end":{"line":265,"column":62}},"loc":{"start":{"line":265,"column":81},"end":{"line":275,"column":1}},"line":265},"13":{"name":"(anonymous_13)","decl":{"start":{"line":277,"column":67},"end":{"line":277,"column":68}},"loc":{"start":{"line":277,"column":87},"end":{"line":295,"column":1}},"line":277},"14":{"name":"(anonymous_14)","decl":{"start":{"line":297,"column":47},"end":{"line":297,"column":48}},"loc":{"start":{"line":297,"column":67},"end":{"line":338,"column":1}},"line":297},"15":{"name":"(anonymous_15)","decl":{"start":{"line":317,"column":41},"end":{"line":317,"column":42}},"loc":{"start":{"line":317,"column":47},"end":{"line":320,"column":9}},"line":317},"16":{"name":"(anonymous_16)","decl":{"start":{"line":326,"column":36},"end":{"line":326,"column":37}},"loc":{"start":{"line":326,"column":41},"end":{"line":333,"column":5}},"line":326},"17":{"name":"(anonymous_17)","decl":{"start":{"line":328,"column":22},"end":{"line":328,"column":23}},"loc":{"start":{"line":328,"column":27},"end":{"line":331,"column":7}},"line":328},"18":{"name":"(anonymous_18)","decl":{"start":{"line":329,"column":28},"end":{"line":329,"column":29}},"loc":{"start":{"line":329,"column":33},"end":{"line":329,"column":65}},"line":329},"19":{"name":"(anonymous_19)","decl":{"start":{"line":340,"column":66},"end":{"line":340,"column":67}},"loc":{"start":{"line":340,"column":86},"end":{"line":389,"column":1}},"line":340},"20":{"name":"(anonymous_20)","decl":{"start":{"line":395,"column":69},"end":{"line":395,"column":70}},"loc":{"start":{"line":395,"column":81},"end":{"line":395,"column":111}},"line":395},"21":{"name":"(anonymous_21)","decl":{"start":{"line":397,"column":55},"end":{"line":397,"column":56}},"loc":{"start":{"line":397,"column":67},"end":{"line":397,"column":97}},"line":397},"22":{"name":"(anonymous_22)","decl":{"start":{"line":398,"column":64},"end":{"line":398,"column":65}},"loc":{"start":{"line":398,"column":76},"end":{"line":398,"column":106}},"line":398},"23":{"name":"(anonymous_23)","decl":{"start":{"line":399,"column":48},"end":{"line":399,"column":49}},"loc":{"start":{"line":399,"column":60},"end":{"line":399,"column":90}},"line":399},"24":{"name":"(anonymous_24)","decl":{"start":{"line":400,"column":68},"end":{"line":400,"column":69}},"loc":{"start":{"line":400,"column":80},"end":{"line":400,"column":110}},"line":400},"25":{"name":"(anonymous_25)","decl":{"start":{"line":401,"column":65},"end":{"line":401,"column":66}},"loc":{"start":{"line":401,"column":77},"end":{"line":401,"column":107}},"line":401},"26":{"name":"(anonymous_26)","decl":{"start":{"line":405,"column":74},"end":{"line":405,"column":75}},"loc":{"start":{"line":405,"column":86},"end":{"line":405,"column":116}},"line":405},"27":{"name":"(anonymous_27)","decl":{"start":{"line":406,"column":63},"end":{"line":406,"column":64}},"loc":{"start":{"line":406,"column":75},"end":{"line":406,"column":105}},"line":406},"28":{"name":"startServer","decl":{"start":{"line":408,"column":15},"end":{"line":408,"column":26}},"loc":{"start":{"line":408,"column":29},"end":{"line":420,"column":1}},"line":408},"29":{"name":"(anonymous_29)","decl":{"start":{"line":417,"column":26},"end":{"line":417,"column":27}},"loc":{"start":{"line":417,"column":32},"end":{"line":419,"column":3}},"line":417},"30":{"name":"(anonymous_30)","decl":{"start":{"line":423,"column":22},"end":{"line":423,"column":23}},"loc":{"start":{"line":423,"column":29},"end":{"line":423,"column":66}},"line":423}},"branchMap":{"0":{"loc":{"start":{"line":29,"column":13},"end":{"line":29,"column":37}},"type":"binary-expr","locations":[{"start":{"line":29,"column":13},"end":{"line":29,"column":29}},{"start":{"line":29,"column":33},"end":{"line":29,"column":37}}],"line":29},"1":{"loc":{"start":{"line":30,"column":19},"end":{"line":30,"column":68}},"type":"binary-expr","locations":[{"start":{"line":30,"column":19},"end":{"line":30,"column":41}},{"start":{"line":30,"column":45},"end":{"line":30,"column":68}}],"line":30},"2":{"loc":{"start":{"line":52,"column":4},"end":{"line":56,"column":5}},"type":"if","locations":[{"start":{"line":52,"column":4},"end":{"line":56,"column":5}},{"start":{"line":54,"column":11},"end":{"line":56,"column":5}}],"line":52},"3":{"loc":{"start":{"line":52,"column":8},"end":{"line":52,"column":27}},"type":"binary-expr","locations":[{"start":{"line":52,"column":8},"end":{"line":52,"column":15}},{"start":{"line":52,"column":19},"end":{"line":52,"column":27}}],"line":52},"4":{"loc":{"start":{"line":71,"column":2},"end":{"line":73,"column":3}},"type":"if","locations":[{"start":{"line":71,"column":2},"end":{"line":73,"column":3}},{"start":{},"end":{}}],"line":71},"5":{"loc":{"start":{"line":71,"column":6},"end":{"line":71,"column":38}},"type":"binary-expr","locations":[{"start":{"line":71,"column":6},"end":{"line":71,"column":15}},{"start":{"line":71,"column":19},"end":{"line":71,"column":25}},{"start":{"line":71,"column":29},"end":{"line":71,"column":38}}],"line":71},"6":{"loc":{"start":{"line":75,"column":2},"end":{"line":77,"column":3}},"type":"if","locations":[{"start":{"line":75,"column":2},"end":{"line":77,"column":3}},{"start":{},"end":{}}],"line":75},"7":{"loc":{"start":{"line":79,"column":2},"end":{"line":81,"column":3}},"type":"if","locations":[{"start":{"line":79,"column":2},"end":{"line":81,"column":3}},{"start":{},"end":{}}],"line":79},"8":{"loc":{"start":{"line":119,"column":4},"end":{"line":121,"column":5}},"type":"if","locations":[{"start":{"line":119,"column":4},"end":{"line":121,"column":5}},{"start":{},"end":{}}],"line":119},"9":{"loc":{"start":{"line":134,"column":4},"end":{"line":136,"column":5}},"type":"if","locations":[{"start":{"line":134,"column":4},"end":{"line":136,"column":5}},{"start":{},"end":{}}],"line":134},"10":{"loc":{"start":{"line":140,"column":4},"end":{"line":142,"column":5}},"type":"if","locations":[{"start":{"line":140,"column":4},"end":{"line":142,"column":5}},{"start":{},"end":{}}],"line":140},"11":{"loc":{"start":{"line":146,"column":4},"end":{"line":148,"column":5}},"type":"if","locations":[{"start":{"line":146,"column":4},"end":{"line":148,"column":5}},{"start":{},"end":{}}],"line":146},"12":{"loc":{"start":{"line":181,"column":15},"end":{"line":181,"column":46}},"type":"binary-expr","locations":[{"start":{"line":181,"column":15},"end":{"line":181,"column":40}},{"start":{"line":181,"column":44},"end":{"line":181,"column":46}}],"line":181},"13":{"loc":{"start":{"line":182,"column":16},"end":{"line":182,"column":65}},"type":"cond-expr","locations":[{"start":{"line":182,"column":45},"end":{"line":182,"column":58}},{"start":{"line":182,"column":61},"end":{"line":182,"column":65}}],"line":182},"14":{"loc":{"start":{"line":183,"column":2},"end":{"line":183,"column":71}},"type":"if","locations":[{"start":{"line":183,"column":2},"end":{"line":183,"column":71}},{"start":{},"end":{}}],"line":183},"15":{"loc":{"start":{"line":194,"column":2},"end":{"line":194,"column":93}},"type":"if","locations":[{"start":{"line":194,"column":2},"end":{"line":194,"column":93}},{"start":{},"end":{}}],"line":194},"16":{"loc":{"start":{"line":201,"column":4},"end":{"line":201,"column":134}},"type":"if","locations":[{"start":{"line":201,"column":4},"end":{"line":201,"column":134}},{"start":{},"end":{}}],"line":201},"17":{"loc":{"start":{"line":201,"column":8},"end":{"line":201,"column":118}},"type":"binary-expr","locations":[{"start":{"line":201,"column":8},"end":{"line":201,"column":38}},{"start":{"line":201,"column":43},"end":{"line":201,"column":77}},{"start":{"line":201,"column":81},"end":{"line":201,"column":117}}],"line":201},"18":{"loc":{"start":{"line":207,"column":6},"end":{"line":210,"column":7}},"type":"if","locations":[{"start":{"line":207,"column":6},"end":{"line":210,"column":7}},{"start":{},"end":{}}],"line":207},"19":{"loc":{"start":{"line":208,"column":8},"end":{"line":208,"column":58}},"type":"if","locations":[{"start":{"line":208,"column":8},"end":{"line":208,"column":58}},{"start":{},"end":{}}],"line":208},"20":{"loc":{"start":{"line":218,"column":6},"end":{"line":225,"column":7}},"type":"if","locations":[{"start":{"line":218,"column":6},"end":{"line":225,"column":7}},{"start":{"line":220,"column":13},"end":{"line":225,"column":7}}],"line":218},"21":{"loc":{"start":{"line":218,"column":10},"end":{"line":218,"column":46}},"type":"binary-expr","locations":[{"start":{"line":218,"column":10},"end":{"line":218,"column":26}},{"start":{"line":218,"column":30},"end":{"line":218,"column":46}}],"line":218},"22":{"loc":{"start":{"line":220,"column":13},"end":{"line":225,"column":7}},"type":"if","locations":[{"start":{"line":220,"column":13},"end":{"line":225,"column":7}},{"start":{"line":223,"column":13},"end":{"line":225,"column":7}}],"line":220},"23":{"loc":{"start":{"line":220,"column":17},"end":{"line":220,"column":69}},"type":"binary-expr","locations":[{"start":{"line":220,"column":17},"end":{"line":220,"column":35}},{"start":{"line":220,"column":39},"end":{"line":220,"column":69}}],"line":220},"24":{"loc":{"start":{"line":267,"column":2},"end":{"line":267,"column":74}},"type":"if","locations":[{"start":{"line":267,"column":2},"end":{"line":267,"column":74}},{"start":{},"end":{}}],"line":267},"25":{"loc":{"start":{"line":272,"column":4},"end":{"line":272,"column":91}},"type":"if","locations":[{"start":{"line":272,"column":4},"end":{"line":272,"column":91}},{"start":{},"end":{}}],"line":272},"26":{"loc":{"start":{"line":279,"column":2},"end":{"line":279,"column":66}},"type":"if","locations":[{"start":{"line":279,"column":2},"end":{"line":279,"column":66}},{"start":{},"end":{}}],"line":279},"27":{"loc":{"start":{"line":284,"column":4},"end":{"line":284,"column":86}},"type":"if","locations":[{"start":{"line":284,"column":4},"end":{"line":284,"column":86}},{"start":{},"end":{}}],"line":284},"28":{"loc":{"start":{"line":285,"column":4},"end":{"line":287,"column":5}},"type":"if","locations":[{"start":{"line":285,"column":4},"end":{"line":287,"column":5}},{"start":{},"end":{}}],"line":285},"29":{"loc":{"start":{"line":301,"column":2},"end":{"line":301,"column":100}},"type":"if","locations":[{"start":{"line":301,"column":2},"end":{"line":301,"column":100}},{"start":{},"end":{}}],"line":301},"30":{"loc":{"start":{"line":301,"column":6},"end":{"line":301,"column":26}},"type":"binary-expr","locations":[{"start":{"line":301,"column":6},"end":{"line":301,"column":13}},{"start":{"line":301,"column":17},"end":{"line":301,"column":26}}],"line":301},"31":{"loc":{"start":{"line":307,"column":4},"end":{"line":322,"column":5}},"type":"if","locations":[{"start":{"line":307,"column":4},"end":{"line":322,"column":5}},{"start":{},"end":{}}],"line":307},"32":{"loc":{"start":{"line":307,"column":8},"end":{"line":307,"column":33}},"type":"binary-expr","locations":[{"start":{"line":307,"column":8},"end":{"line":307,"column":21}},{"start":{"line":307,"column":25},"end":{"line":307,"column":33}}],"line":307},"33":{"loc":{"start":{"line":309,"column":6},"end":{"line":321,"column":7}},"type":"if","locations":[{"start":{"line":309,"column":6},"end":{"line":321,"column":7}},{"start":{"line":311,"column":13},"end":{"line":321,"column":7}}],"line":309},"34":{"loc":{"start":{"line":329,"column":33},"end":{"line":329,"column":65}},"type":"binary-expr","locations":[{"start":{"line":329,"column":33},"end":{"line":329,"column":47}},{"start":{"line":329,"column":51},"end":{"line":329,"column":65}}],"line":329},"35":{"loc":{"start":{"line":330,"column":18},"end":{"line":330,"column":41}},"type":"cond-expr","locations":[{"start":{"line":330,"column":22},"end":{"line":330,"column":33}},{"start":{"line":330,"column":36},"end":{"line":330,"column":41}}],"line":330},"36":{"loc":{"start":{"line":344,"column":2},"end":{"line":376,"column":3}},"type":"if","locations":[{"start":{"line":344,"column":2},"end":{"line":376,"column":3}},{"start":{},"end":{}}],"line":344},"37":{"loc":{"start":{"line":344,"column":6},"end":{"line":344,"column":47}},"type":"binary-expr","locations":[{"start":{"line":344,"column":6},"end":{"line":344,"column":17}},{"start":{"line":344,"column":21},"end":{"line":344,"column":47}}],"line":344},"38":{"loc":{"start":{"line":345,"column":4},"end":{"line":345,"column":80}},"type":"if","locations":[{"start":{"line":345,"column":4},"end":{"line":345,"column":80}},{"start":{},"end":{}}],"line":345},"39":{"loc":{"start":{"line":358,"column":10},"end":{"line":363,"column":11}},"type":"if","locations":[{"start":{"line":358,"column":10},"end":{"line":363,"column":11}},{"start":{},"end":{}}],"line":358},"40":{"loc":{"start":{"line":361,"column":38},"end":{"line":361,"column":52}},"type":"cond-expr","locations":[{"start":{"line":361,"column":47},"end":{"line":361,"column":48}},{"start":{"line":361,"column":51},"end":{"line":361,"column":52}}],"line":361},"41":{"loc":{"start":{"line":379,"column":2},"end":{"line":379,"column":97}},"type":"if","locations":[{"start":{"line":379,"column":2},"end":{"line":379,"column":97}},{"start":{},"end":{}}],"line":379},"42":{"loc":{"start":{"line":379,"column":6},"end":{"line":379,"column":35}},"type":"binary-expr","locations":[{"start":{"line":379,"column":6},"end":{"line":379,"column":13}},{"start":{"line":379,"column":17},"end":{"line":379,"column":24}},{"start":{"line":379,"column":28},"end":{"line":379,"column":35}}],"line":379},"43":{"loc":{"start":{"line":383,"column":31},"end":{"line":383,"column":46}},"type":"cond-expr","locations":[{"start":{"line":383,"column":41},"end":{"line":383,"column":42}},{"start":{"line":383,"column":45},"end":{"line":383,"column":46}}],"line":383},"44":{"loc":{"start":{"line":410,"column":2},"end":{"line":416,"column":3}},"type":"if","locations":[{"start":{"line":410,"column":2},"end":{"line":416,"column":3}},{"start":{},"end":{}}],"line":410},"45":{"loc":{"start":{"line":422,"column":0},"end":{"line":424,"column":1}},"type":"if","locations":[{"start":{"line":422,"column":0},"end":{"line":424,"column":1}},{"start":{},"end":{}}],"line":422}},"s":{"0":342,"1":342,"2":342,"3":342,"4":342,"5":342,"6":342,"7":342,"8":342,"9":342,"10":342,"11":342,"12":342,"13":342,"14":342,"15":342,"16":342,"17":342,"18":342,"19":342,"20":342,"21":342,"22":342,"23":342,"24":342,"25":342,"26":342,"27":342,"28":342,"29":342,"30":2,"31":2,"32":2,"33":342,"34":3,"35":3,"36":3,"37":3,"38":2,"39":1,"40":342,"41":342,"42":2,"43":342,"44":19,"45":19,"46":4,"47":15,"48":3,"49":12,"50":3,"51":9,"52":9,"53":9,"54":3,"55":3,"56":3,"57":6,"58":3,"59":3,"60":3,"61":342,"62":16,"63":16,"64":16,"65":12,"66":3,"67":9,"68":9,"69":3,"70":6,"71":6,"72":3,"73":3,"74":3,"75":3,"76":4,"77":4,"78":342,"79":300,"80":300,"81":300,"82":18,"83":282,"84":282,"85":278,"86":278,"87":4,"88":342,"89":67,"90":6,"91":61,"92":342,"93":19254,"94":167,"95":4,"96":163,"97":163,"98":159,"99":63,"100":59,"101":4,"102":96,"103":96,"104":96,"105":38,"106":58,"107":2,"108":56,"109":4,"110":4,"111":342,"112":342,"113":5,"114":342,"115":8,"116":8,"117":4,"118":4,"119":342,"120":15,"121":15,"122":4,"123":11,"124":11,"125":4,"126":7,"127":4,"128":3,"129":342,"130":20,"131":20,"132":4,"133":16,"134":16,"135":12,"136":4,"137":8,"138":4,"139":4,"140":4,"141":4,"142":4,"143":342,"144":20,"145":20,"146":20,"147":4,"148":16,"149":16,"150":16,"151":8,"152":8,"153":4,"154":4,"155":64,"156":12,"157":8,"158":8,"159":128,"160":128,"161":512,"162":512,"163":512,"164":128,"165":8,"166":4,"167":342,"168":26,"169":26,"170":12,"171":4,"172":8,"173":8,"174":8,"175":8,"176":8,"177":8,"178":20,"179":18,"180":4,"181":4,"182":4,"183":4,"184":8,"185":8,"186":14,"187":4,"188":10,"189":10,"190":6,"191":4,"192":342,"193":342,"194":4,"195":342,"196":342,"197":0,"198":342,"199":3,"200":342,"201":0,"202":342,"203":2,"204":342,"205":6,"206":342,"207":342,"208":342,"209":342,"210":2,"211":342,"212":0,"213":1,"214":1,"215":1,"216":1,"217":1,"218":342,"219":0,"220":0,"221":342},"f":{"0":2,"1":2,"2":3,"3":2,"4":19,"5":16,"6":300,"7":67,"8":19254,"9":167,"10":5,"11":8,"12":15,"13":20,"14":20,"15":64,"16":128,"17":512,"18":512,"19":26,"20":4,"21":0,"22":3,"23":0,"24":2,"25":6,"26":2,"27":0,"28":1,"29":1,"30":0},"b":{"0":[342,342],"1":[342,0],"2":[2,1],"3":[3,2],"4":[4,15],"5":[19,15,15],"6":[3,12],"7":[3,9],"8":[3,3],"9":[3,9],"10":[3,6],"11":[3,3],"12":[300,18],"13":[282,18],"14":[18,282],"15":[6,61],"16":[4,163],"17":[167,65,63],"18":[63,96],"19":[59,4],"20":[38,58],"21":[96,90],"22":[2,56],"23":[58,6],"24":[4,11],"25":[4,3],"26":[4,16],"27":[4,8],"28":[4,4],"29":[4,16],"30":[20,12],"31":[8,8],"32":[16,8],"33":[4,4],"34":[512,32],"35":[8,504],"36":[12,14],"37":[26,12],"38":[4,8],"39":[18,2],"40":[12,6],"41":[4,10],"42":[14,10,10],"43":[8,2],"44":[1,0],"45":[0,342]},"_coverageSchema":"1a1c01bbd47fc00a2c39e90264f33305004495a9","hash":"64bf468e04f131751d2067317479694d612ffb41"}
,"/Users/mac/Documents/Rezzy Semester 6/mental health/sales-point-pos/server/routes/audit-trails.js": {"path":"/Users/mac/Documents/Rezzy Semester 6/mental health/sales-point-pos/server/routes/audit-trails.js","statementMap":{"0":{"start":{"line":1,"column":16},"end":{"line":1,"column":34}},"1":{"start":{"line":4,"column":25},"end":{"line":13,"column":1}},"2":{"start":{"line":5,"column":2},"end":{"line":12,"column":3}},"3":{"start":{"line":6,"column":4},"end":{"line":9,"column":6}},"4":{"start":{"line":11,"column":4},"end":{"line":11,"column":56}},"5":{"start":{"line":15,"column":33},"end":{"line":104,"column":1}},"6":{"start":{"line":16,"column":17},"end":{"line":16,"column":33}},"7":{"start":{"line":19,"column":2},"end":{"line":84,"column":5}},"8":{"start":{"line":20,"column":4},"end":{"line":83,"column":5}},"9":{"start":{"line":21,"column":78},"end":{"line":21,"column":87}},"10":{"start":{"line":22,"column":21},"end":{"line":22,"column":39}},"11":{"start":{"line":24,"column":18},"end":{"line":24,"column":56}},"12":{"start":{"line":25,"column":21},"end":{"line":25,"column":23}},"13":{"start":{"line":27,"column":6},"end":{"line":30,"column":7}},"14":{"start":{"line":28,"column":8},"end":{"line":28,"column":35}},"15":{"start":{"line":29,"column":8},"end":{"line":29,"column":28}},"16":{"start":{"line":31,"column":6},"end":{"line":34,"column":7}},"17":{"start":{"line":32,"column":8},"end":{"line":32,"column":36}},"18":{"start":{"line":33,"column":8},"end":{"line":33,"column":29}},"19":{"start":{"line":35,"column":6},"end":{"line":38,"column":7}},"20":{"start":{"line":36,"column":8},"end":{"line":36,"column":40}},"21":{"start":{"line":37,"column":8},"end":{"line":37,"column":32}},"22":{"start":{"line":39,"column":6},"end":{"line":42,"column":7}},"23":{"start":{"line":40,"column":8},"end":{"line":40,"column":40}},"24":{"start":{"line":41,"column":8},"end":{"line":41,"column":30}},"25":{"start":{"line":44,"column":6},"end":{"line":44,"column":60}},"26":{"start":{"line":45,"column":6},"end":{"line":45,"column":53}},"27":{"start":{"line":47,"column":21},"end":{"line":47,"column":52}},"28":{"start":{"line":50,"column":23},"end":{"line":50,"column":77}},"29":{"start":{"line":51,"column":26},"end":{"line":51,"column":28}},"30":{"start":{"line":53,"column":6},"end":{"line":56,"column":7}},"31":{"start":{"line":54,"column":8},"end":{"line":54,"column":40}},"32":{"start":{"line":55,"column":8},"end":{"line":55,"column":33}},"33":{"start":{"line":57,"column":6},"end":{"line":60,"column":7}},"34":{"start":{"line":58,"column":8},"end":{"line":58,"column":41}},"35":{"start":{"line":59,"column":8},"end":{"line":59,"column":34}},"36":{"start":{"line":61,"column":6},"end":{"line":64,"column":7}},"37":{"start":{"line":62,"column":8},"end":{"line":62,"column":45}},"38":{"start":{"line":63,"column":8},"end":{"line":63,"column":37}},"39":{"start":{"line":65,"column":6},"end":{"line":68,"column":7}},"40":{"start":{"line":66,"column":8},"end":{"line":66,"column":45}},"41":{"start":{"line":67,"column":8},"end":{"line":67,"column":35}},"42":{"start":{"line":70,"column":28},"end":{"line":70,"column":69}},"43":{"start":{"line":71,"column":20},"end":{"line":71,"column":40}},"44":{"start":{"line":73,"column":6},"end":{"line":79,"column":9}},"45":{"start":{"line":81,"column":6},"end":{"line":81,"column":59}},"46":{"start":{"line":82,"column":6},"end":{"line":82,"column":70}},"47":{"start":{"line":87,"column":2},"end":{"line":100,"column":5}},"48":{"start":{"line":88,"column":4},"end":{"line":99,"column":5}},"49":{"start":{"line":89,"column":21},"end":{"line":89,"column":97}},"50":{"start":{"line":91,"column":6},"end":{"line":93,"column":7}},"51":{"start":{"line":92,"column":8},"end":{"line":92,"column":72}},"52":{"start":{"line":95,"column":6},"end":{"line":95,"column":24}},"53":{"start":{"line":97,"column":6},"end":{"line":97,"column":58}},"54":{"start":{"line":98,"column":6},"end":{"line":98,"column":69}},"55":{"start":{"line":103,"column":2},"end":{"line":103,"column":39}},"56":{"start":{"line":106,"column":0},"end":{"line":106,"column":64}}},"fnMap":{"0":{"name":"(anonymous_0)","decl":{"start":{"line":4,"column":25},"end":{"line":4,"column":26}},"loc":{"start":{"line":4,"column":123},"end":{"line":13,"column":1}},"line":4},"1":{"name":"(anonymous_1)","decl":{"start":{"line":15,"column":33},"end":{"line":15,"column":34}},"loc":{"start":{"line":15,"column":84},"end":{"line":104,"column":1}},"line":15},"2":{"name":"(anonymous_2)","decl":{"start":{"line":19,"column":72},"end":{"line":19,"column":73}},"loc":{"start":{"line":19,"column":92},"end":{"line":84,"column":3}},"line":19},"3":{"name":"(anonymous_3)","decl":{"start":{"line":87,"column":75},"end":{"line":87,"column":76}},"loc":{"start":{"line":87,"column":95},"end":{"line":100,"column":3}},"line":87}},"branchMap":{"0":{"loc":{"start":{"line":21,"column":14},"end":{"line":21,"column":22}},"type":"default-arg","locations":[{"start":{"line":21,"column":21},"end":{"line":21,"column":22}}],"line":21},"1":{"loc":{"start":{"line":21,"column":24},"end":{"line":21,"column":34}},"type":"default-arg","locations":[{"start":{"line":21,"column":32},"end":{"line":21,"column":34}}],"line":21},"2":{"loc":{"start":{"line":27,"column":6},"end":{"line":30,"column":7}},"type":"if","locations":[{"start":{"line":27,"column":6},"end":{"line":30,"column":7}},{"start":{},"end":{}}],"line":27},"3":{"loc":{"start":{"line":31,"column":6},"end":{"line":34,"column":7}},"type":"if","locations":[{"start":{"line":31,"column":6},"end":{"line":34,"column":7}},{"start":{},"end":{}}],"line":31},"4":{"loc":{"start":{"line":35,"column":6},"end":{"line":38,"column":7}},"type":"if","locations":[{"start":{"line":35,"column":6},"end":{"line":38,"column":7}},{"start":{},"end":{}}],"line":35},"5":{"loc":{"start":{"line":39,"column":6},"end":{"line":42,"column":7}},"type":"if","locations":[{"start":{"line":39,"column":6},"end":{"line":42,"column":7}},{"start":{},"end":{}}],"line":39},"6":{"loc":{"start":{"line":53,"column":6},"end":{"line":56,"column":7}},"type":"if","locations":[{"start":{"line":53,"column":6},"end":{"line":56,"column":7}},{"start":{},"end":{}}],"line":53},"7":{"loc":{"start":{"line":57,"column":6},"end":{"line":60,"column":7}},"type":"if","locations":[{"start":{"line":57,"column":6},"end":{"line":60,"column":7}},{"start":{},"end":{}}],"line":57},"8":{"loc":{"start":{"line":61,"column":6},"end":{"line":64,"column":7}},"type":"if","locations":[{"start":{"line":61,"column":6},"end":{"line":64,"column":7}},{"start":{},"end":{}}],"line":61},"9":{"loc":{"start":{"line":65,"column":6},"end":{"line":68,"column":7}},"type":"if","locations":[{"start":{"line":65,"column":6},"end":{"line":68,"column":7}},{"start":{},"end":{}}],"line":65},"10":{"loc":{"start":{"line":91,"column":6},"end":{"line":93,"column":7}},"type":"if","locations":[{"start":{"line":91,"column":6},"end":{"line":93,"column":7}},{"start":{},"end":{}}],"line":91}},"s":{"0":343,"1":343,"2":26,"3":26,"4":1,"5":343,"6":349,"7":349,"8":4,"9":4,"10":4,"11":4,"12":4,"13":4,"14":1,"15":1,"16":4,"17":1,"18":1,"19":4,"20":1,"21":1,"22":4,"23":1,"24":1,"25":4,"26":4,"27":4,"28":3,"29":3,"30":3,"31":1,"32":1,"33":3,"34":1,"35":1,"36":3,"37":1,"38":1,"39":3,"40":1,"41":1,"42":3,"43":3,"44":3,"45":1,"46":1,"47":349,"48":3,"49":3,"50":2,"51":1,"52":1,"53":1,"54":1,"55":349,"56":343},"f":{"0":26,"1":349,"2":4,"3":3},"b":{"0":[3],"1":[3],"2":[1,3],"3":[1,3],"4":[1,3],"5":[1,3],"6":[1,2],"7":[1,2],"8":[1,2],"9":[1,2],"10":[1,1]},"_coverageSchema":"1a1c01bbd47fc00a2c39e90264f33305004495a9","hash":"53bb2f1cbf1d0a7b1b6b72852015fb122035295f"}
,"/Users/mac/Documents/Rezzy Semester 6/mental health/sales-point-pos/server/routes/inventory.js": {"path":"/Users/mac/Documents/Rezzy Semester 6/mental health/sales-point-pos/server/routes/inventory.js","statementMap":{"0":{"start":{"line":2,"column":31},"end":{"line":2,"column":58}},"1":{"start":{"line":6,"column":2},"end":{"line":53,"column":5}},"2":{"start":{"line":7,"column":4},"end":{"line":52,"column":5}},"3":{"start":{"line":8,"column":28},"end":{"line":8,"column":38}},"4":{"start":{"line":9,"column":21},"end":{"line":15,"column":21}},"5":{"start":{"line":18,"column":6},"end":{"line":46,"column":7}},"6":{"start":{"line":19,"column":8},"end":{"line":27,"column":9}},"7":{"start":{"line":20,"column":31},"end":{"line":23,"column":11}},"8":{"start":{"line":24,"column":10},"end":{"line":24,"column":41}},"9":{"start":{"line":26,"column":10},"end":{"line":26,"column":33}},"10":{"start":{"line":28,"column":8},"end":{"line":36,"column":9}},"11":{"start":{"line":29,"column":28},"end":{"line":32,"column":11}},"12":{"start":{"line":33,"column":10},"end":{"line":33,"column":54}},"13":{"start":{"line":35,"column":10},"end":{"line":35,"column":33}},"14":{"start":{"line":37,"column":8},"end":{"line":45,"column":9}},"15":{"start":{"line":38,"column":32},"end":{"line":41,"column":11}},"16":{"start":{"line":42,"column":10},"end":{"line":42,"column":58}},"17":{"start":{"line":44,"column":10},"end":{"line":44,"column":33}},"18":{"start":{"line":48,"column":6},"end":{"line":48,"column":46}},"19":{"start":{"line":50,"column":6},"end":{"line":50,"column":52}},"20":{"start":{"line":51,"column":6},"end":{"line":51,"column":83}},"21":{"start":{"line":56,"column":2},"end":{"line":116,"column":5}},"22":{"start":{"line":57,"column":4},"end":{"line":115,"column":5}},"23":{"start":{"line":58,"column":26},"end":{"line":58,"column":36}},"24":{"start":{"line":59,"column":62},"end":{"line":59,"column":70}},"25":{"start":{"line":61,"column":6},"end":{"line":63,"column":7}},"26":{"start":{"line":62,"column":8},"end":{"line":62,"column":97}},"27":{"start":{"line":65,"column":25},"end":{"line":65,"column":51}},"28":{"start":{"line":66,"column":6},"end":{"line":100,"column":7}},"29":{"start":{"line":67,"column":8},"end":{"line":67,"column":44}},"30":{"start":{"line":69,"column":28},"end":{"line":69,"column":82}},"31":{"start":{"line":70,"column":23},"end":{"line":70,"column":47}},"32":{"start":{"line":72,"column":8},"end":{"line":75,"column":10}},"33":{"start":{"line":78,"column":28},"end":{"line":81,"column":9}},"34":{"start":{"line":82,"column":28},"end":{"line":82,"column":77}},"35":{"start":{"line":85,"column":27},"end":{"line":85,"column":64}},"36":{"start":{"line":86,"column":8},"end":{"line":92,"column":10}},"37":{"start":{"line":94,"column":8},"end":{"line":94,"column":34}},"38":{"start":{"line":96,"column":8},"end":{"line":96,"column":36}},"39":{"start":{"line":97,"column":8},"end":{"line":97,"column":18}},"40":{"start":{"line":99,"column":8},"end":{"line":99,"column":29}},"41":{"start":{"line":102,"column":6},"end":{"line":109,"column":9}},"42":{"start":{"line":111,"column":6},"end":{"line":111,"column":70}},"43":{"start":{"line":113,"column":6},"end":{"line":113,"column":53}},"44":{"start":{"line":114,"column":6},"end":{"line":114,"column":84}},"45":{"start":{"line":119,"column":2},"end":{"line":139,"column":5}},"46":{"start":{"line":120,"column":4},"end":{"line":138,"column":5}},"47":{"start":{"line":121,"column":28},"end":{"line":121,"column":38}},"48":{"start":{"line":123,"column":6},"end":{"line":123,"column":82}},"49":{"start":{"line":125,"column":6},"end":{"line":132,"column":9}},"50":{"start":{"line":134,"column":6},"end":{"line":134,"column":66}},"51":{"start":{"line":136,"column":6},"end":{"line":136,"column":55}},"52":{"start":{"line":137,"column":6},"end":{"line":137,"column":87}},"53":{"start":{"line":142,"column":2},"end":{"line":170,"column":5}},"54":{"start":{"line":143,"column":4},"end":{"line":169,"column":5}},"55":{"start":{"line":144,"column":21},"end":{"line":150,"column":8}},"56":{"start":{"line":153,"column":6},"end":{"line":163,"column":7}},"57":{"start":{"line":154,"column":8},"end":{"line":162,"column":9}},"58":{"start":{"line":155,"column":31},"end":{"line":158,"column":11}},"59":{"start":{"line":159,"column":10},"end":{"line":159,"column":41}},"60":{"start":{"line":161,"column":10},"end":{"line":161,"column":33}},"61":{"start":{"line":165,"column":6},"end":{"line":165,"column":46}},"62":{"start":{"line":167,"column":6},"end":{"line":167,"column":52}},"63":{"start":{"line":168,"column":6},"end":{"line":168,"column":83}},"64":{"start":{"line":173,"column":2},"end":{"line":220,"column":5}},"65":{"start":{"line":174,"column":4},"end":{"line":219,"column":5}},"66":{"start":{"line":175,"column":21},"end":{"line":175,"column":31}},"67":{"start":{"line":176,"column":30},"end":{"line":176,"column":38}},"68":{"start":{"line":179,"column":22},"end":{"line":179,"column":109}},"69":{"start":{"line":180,"column":6},"end":{"line":182,"column":7}},"70":{"start":{"line":181,"column":8},"end":{"line":181,"column":90}},"71":{"start":{"line":185,"column":6},"end":{"line":187,"column":7}},"72":{"start":{"line":186,"column":8},"end":{"line":186,"column":145}},"73":{"start":{"line":190,"column":6},"end":{"line":202,"column":7}},"74":{"start":{"line":191,"column":26},"end":{"line":194,"column":9}},"75":{"start":{"line":195,"column":30},"end":{"line":195,"column":52}},"76":{"start":{"line":196,"column":8},"end":{"line":201,"column":9}},"77":{"start":{"line":197,"column":10},"end":{"line":200,"column":13}},"78":{"start":{"line":204,"column":6},"end":{"line":204,"column":101}},"79":{"start":{"line":206,"column":6},"end":{"line":213,"column":9}},"80":{"start":{"line":215,"column":6},"end":{"line":215,"column":34}},"81":{"start":{"line":217,"column":6},"end":{"line":217,"column":51}},"82":{"start":{"line":218,"column":6},"end":{"line":218,"column":72}},"83":{"start":{"line":223,"column":2},"end":{"line":238,"column":5}},"84":{"start":{"line":224,"column":4},"end":{"line":237,"column":5}},"85":{"start":{"line":225,"column":21},"end":{"line":232,"column":8}},"86":{"start":{"line":233,"column":6},"end":{"line":233,"column":46}},"87":{"start":{"line":235,"column":6},"end":{"line":235,"column":60}},"88":{"start":{"line":236,"column":6},"end":{"line":236,"column":72}},"89":{"start":{"line":241,"column":21},"end":{"line":246,"column":3}},"90":{"start":{"line":242,"column":4},"end":{"line":242,"column":27}},"91":{"start":{"line":242,"column":15},"end":{"line":242,"column":27}},"92":{"start":{"line":243,"column":14},"end":{"line":243,"column":28}},"93":{"start":{"line":244,"column":4},"end":{"line":244,"column":40}},"94":{"start":{"line":244,"column":28},"end":{"line":244,"column":40}},"95":{"start":{"line":245,"column":4},"end":{"line":245,"column":41}},"96":{"start":{"line":249,"column":2},"end":{"line":358,"column":5}},"97":{"start":{"line":250,"column":4},"end":{"line":357,"column":5}},"98":{"start":{"line":251,"column":155},"end":{"line":251,"column":163}},"99":{"start":{"line":252,"column":24},"end":{"line":252,"column":73}},"100":{"start":{"line":254,"column":36},"end":{"line":254,"column":61}},"101":{"start":{"line":255,"column":35},"end":{"line":255,"column":59}},"102":{"start":{"line":256,"column":31},"end":{"line":256,"column":51}},"103":{"start":{"line":259,"column":26},"end":{"line":259,"column":71}},"104":{"start":{"line":260,"column":28},"end":{"line":260,"column":49}},"105":{"start":{"line":261,"column":21},"end":{"line":261,"column":59}},"106":{"start":{"line":263,"column":23},"end":{"line":281,"column":8}},"107":{"start":{"line":284,"column":22},"end":{"line":284,"column":37}},"108":{"start":{"line":285,"column":6},"end":{"line":294,"column":7}},"109":{"start":{"line":286,"column":8},"end":{"line":293,"column":9}},"110":{"start":{"line":287,"column":10},"end":{"line":290,"column":12}},"111":{"start":{"line":292,"column":10},"end":{"line":292,"column":66}},"112":{"start":{"line":297,"column":6},"end":{"line":342,"column":7}},"113":{"start":{"line":298,"column":27},"end":{"line":298,"column":53}},"114":{"start":{"line":299,"column":8},"end":{"line":341,"column":9}},"115":{"start":{"line":300,"column":10},"end":{"line":300,"column":46}},"116":{"start":{"line":302,"column":10},"end":{"line":306,"column":53}},"117":{"start":{"line":309,"column":28},"end":{"line":309,"column":106}},"118":{"start":{"line":310,"column":30},"end":{"line":310,"column":73}},"119":{"start":{"line":313,"column":31},"end":{"line":315,"column":11}},"120":{"start":{"line":317,"column":10},"end":{"line":326,"column":11}},"121":{"start":{"line":318,"column":12},"end":{"line":318,"column":75}},"122":{"start":{"line":319,"column":17},"end":{"line":326,"column":11}},"123":{"start":{"line":320,"column":12},"end":{"line":323,"column":14}},"124":{"start":{"line":325,"column":12},"end":{"line":325,"column":75}},"125":{"start":{"line":328,"column":10},"end":{"line":331,"column":12}},"126":{"start":{"line":333,"column":10},"end":{"line":333,"column":36}},"127":{"start":{"line":335,"column":10},"end":{"line":335,"column":38}},"128":{"start":{"line":336,"column":10},"end":{"line":336,"column":71}},"129":{"start":{"line":340,"column":10},"end":{"line":340,"column":31}},"130":{"start":{"line":344,"column":6},"end":{"line":351,"column":9}},"131":{"start":{"line":353,"column":6},"end":{"line":353,"column":86}},"132":{"start":{"line":355,"column":6},"end":{"line":355,"column":50}},"133":{"start":{"line":356,"column":6},"end":{"line":356,"column":82}},"134":{"start":{"line":361,"column":2},"end":{"line":520,"column":5}},"135":{"start":{"line":362,"column":4},"end":{"line":519,"column":5}},"136":{"start":{"line":363,"column":21},"end":{"line":363,"column":31}},"137":{"start":{"line":364,"column":163},"end":{"line":364,"column":171}},"138":{"start":{"line":367,"column":25},"end":{"line":367,"column":145}},"139":{"start":{"line":368,"column":6},"end":{"line":370,"column":7}},"140":{"start":{"line":369,"column":8},"end":{"line":369,"column":84}},"141":{"start":{"line":373,"column":6},"end":{"line":375,"column":7}},"142":{"start":{"line":374,"column":8},"end":{"line":374,"column":132}},"143":{"start":{"line":376,"column":6},"end":{"line":378,"column":7}},"144":{"start":{"line":377,"column":8},"end":{"line":377,"column":117}},"145":{"start":{"line":379,"column":21},"end":{"line":379,"column":51}},"146":{"start":{"line":380,"column":25},"end":{"line":380,"column":47}},"147":{"start":{"line":381,"column":32},"end":{"line":381,"column":53}},"148":{"start":{"line":382,"column":24},"end":{"line":382,"column":42}},"149":{"start":{"line":383,"column":28},"end":{"line":383,"column":77}},"150":{"start":{"line":384,"column":24},"end":{"line":384,"column":58}},"151":{"start":{"line":386,"column":36},"end":{"line":386,"column":61}},"152":{"start":{"line":387,"column":35},"end":{"line":387,"column":59}},"153":{"start":{"line":388,"column":31},"end":{"line":388,"column":51}},"154":{"start":{"line":391,"column":26},"end":{"line":391,"column":71}},"155":{"start":{"line":392,"column":19},"end":{"line":392,"column":28}},"156":{"start":{"line":394,"column":6},"end":{"line":403,"column":7}},"157":{"start":{"line":397,"column":8},"end":{"line":399,"column":9}},"158":{"start":{"line":398,"column":10},"end":{"line":398,"column":29}},"159":{"start":{"line":402,"column":8},"end":{"line":402,"column":28}},"160":{"start":{"line":407,"column":25},"end":{"line":407,"column":97}},"161":{"start":{"line":409,"column":6},"end":{"line":428,"column":9}},"162":{"start":{"line":431,"column":25},"end":{"line":431,"column":51}},"163":{"start":{"line":432,"column":6},"end":{"line":504,"column":7}},"164":{"start":{"line":433,"column":8},"end":{"line":433,"column":44}},"165":{"start":{"line":436,"column":8},"end":{"line":455,"column":9}},"166":{"start":{"line":437,"column":23},"end":{"line":437,"column":58}},"167":{"start":{"line":438,"column":10},"end":{"line":442,"column":33}},"168":{"start":{"line":443,"column":15},"end":{"line":455,"column":9}},"169":{"start":{"line":444,"column":10},"end":{"line":448,"column":55}},"170":{"start":{"line":449,"column":15},"end":{"line":455,"column":9}},"171":{"start":{"line":450,"column":10},"end":{"line":454,"column":35}},"172":{"start":{"line":458,"column":8},"end":{"line":496,"column":9}},"173":{"start":{"line":459,"column":28},"end":{"line":459,"column":124}},"174":{"start":{"line":460,"column":30},"end":{"line":460,"column":73}},"175":{"start":{"line":461,"column":25},"end":{"line":461,"column":64}},"176":{"start":{"line":462,"column":33},"end":{"line":462,"column":55}},"177":{"start":{"line":464,"column":10},"end":{"line":495,"column":11}},"178":{"start":{"line":466,"column":34},"end":{"line":466,"column":87}},"179":{"start":{"line":467,"column":13},"end":{"line":471,"column":83}},"180":{"start":{"line":467,"column":41},"end":{"line":467,"column":104}},"181":{"start":{"line":468,"column":18},"end":{"line":471,"column":83}},"182":{"start":{"line":469,"column":15},"end":{"line":469,"column":84}},"183":{"start":{"line":470,"column":15},"end":{"line":470,"column":98}},"184":{"start":{"line":471,"column":20},"end":{"line":471,"column":83}},"185":{"start":{"line":473,"column":13},"end":{"line":476,"column":15}},"186":{"start":{"line":477,"column":17},"end":{"line":495,"column":11}},"187":{"start":{"line":479,"column":12},"end":{"line":494,"column":13}},"188":{"start":{"line":480,"column":31},"end":{"line":482,"column":89}},"189":{"start":{"line":484,"column":14},"end":{"line":493,"column":15}},"190":{"start":{"line":485,"column":37},"end":{"line":488,"column":17}},"191":{"start":{"line":489,"column":16},"end":{"line":492,"column":18}},"192":{"start":{"line":498,"column":8},"end":{"line":498,"column":34}},"193":{"start":{"line":500,"column":8},"end":{"line":500,"column":36}},"194":{"start":{"line":501,"column":8},"end":{"line":501,"column":65}},"195":{"start":{"line":503,"column":8},"end":{"line":503,"column":29}},"196":{"start":{"line":506,"column":6},"end":{"line":513,"column":9}},"197":{"start":{"line":515,"column":6},"end":{"line":515,"column":42}},"198":{"start":{"line":517,"column":6},"end":{"line":517,"column":50}},"199":{"start":{"line":518,"column":6},"end":{"line":518,"column":82}},"200":{"start":{"line":523,"column":2},"end":{"line":553,"column":5}},"201":{"start":{"line":524,"column":4},"end":{"line":552,"column":5}},"202":{"start":{"line":525,"column":21},"end":{"line":525,"column":31}},"203":{"start":{"line":526,"column":22},"end":{"line":526,"column":111}},"204":{"start":{"line":527,"column":6},"end":{"line":547,"column":7}},"205":{"start":{"line":528,"column":27},"end":{"line":528,"column":46}},"206":{"start":{"line":529,"column":20},"end":{"line":529,"column":47}},"207":{"start":{"line":530,"column":8},"end":{"line":530,"column":67}},"208":{"start":{"line":531,"column":8},"end":{"line":535,"column":30}},"209":{"start":{"line":537,"column":8},"end":{"line":544,"column":11}},"210":{"start":{"line":546,"column":8},"end":{"line":546,"column":67}},"211":{"start":{"line":548,"column":6},"end":{"line":548,"column":34}},"212":{"start":{"line":550,"column":6},"end":{"line":550,"column":50}},"213":{"start":{"line":551,"column":6},"end":{"line":551,"column":82}},"214":{"start":{"line":556,"column":2},"end":{"line":607,"column":5}},"215":{"start":{"line":557,"column":19},"end":{"line":557,"column":29}},"216":{"start":{"line":558,"column":23},"end":{"line":558,"column":49}},"217":{"start":{"line":559,"column":4},"end":{"line":606,"column":5}},"218":{"start":{"line":560,"column":6},"end":{"line":560,"column":42}},"219":{"start":{"line":562,"column":26},"end":{"line":562,"column":92}},"220":{"start":{"line":563,"column":6},"end":{"line":566,"column":7}},"221":{"start":{"line":564,"column":8},"end":{"line":564,"column":29}},"222":{"start":{"line":565,"column":8},"end":{"line":565,"column":84}},"223":{"start":{"line":567,"column":20},"end":{"line":567,"column":32}},"224":{"start":{"line":568,"column":18},"end":{"line":568,"column":42}},"225":{"start":{"line":569,"column":6},"end":{"line":572,"column":7}},"226":{"start":{"line":570,"column":8},"end":{"line":570,"column":29}},"227":{"start":{"line":571,"column":8},"end":{"line":571,"column":107}},"228":{"start":{"line":575,"column":6},"end":{"line":575,"column":112}},"229":{"start":{"line":578,"column":6},"end":{"line":578,"column":121}},"230":{"start":{"line":581,"column":24},"end":{"line":581,"column":138}},"231":{"start":{"line":582,"column":26},"end":{"line":582,"column":75}},"232":{"start":{"line":583,"column":21},"end":{"line":583,"column":60}},"233":{"start":{"line":584,"column":31},"end":{"line":584,"column":53}},"234":{"start":{"line":585,"column":27},"end":{"line":585,"column":68}},"235":{"start":{"line":588,"column":27},"end":{"line":591,"column":7}},"236":{"start":{"line":593,"column":6},"end":{"line":596,"column":8}},"237":{"start":{"line":598,"column":6},"end":{"line":598,"column":32}},"238":{"start":{"line":599,"column":6},"end":{"line":599,"column":34}},"239":{"start":{"line":601,"column":6},"end":{"line":601,"column":34}},"240":{"start":{"line":602,"column":6},"end":{"line":602,"column":50}},"241":{"start":{"line":603,"column":6},"end":{"line":603,"column":82}},"242":{"start":{"line":605,"column":6},"end":{"line":605,"column":27}},"243":{"start":{"line":610,"column":2},"end":{"line":681,"column":5}},"244":{"start":{"line":611,"column":4},"end":{"line":680,"column":5}},"245":{"start":{"line":612,"column":21},"end":{"line":612,"column":31}},"246":{"start":{"line":613,"column":26},"end":{"line":613,"column":86}},"247":{"start":{"line":615,"column":6},"end":{"line":615,"column":110}},"248":{"start":{"line":615,"column":34},"end":{"line":615,"column":110}},"249":{"start":{"line":616,"column":20},"end":{"line":616,"column":32}},"250":{"start":{"line":617,"column":6},"end":{"line":617,"column":122}},"251":{"start":{"line":617,"column":39},"end":{"line":617,"column":122}},"252":{"start":{"line":619,"column":25},"end":{"line":619,"column":51}},"253":{"start":{"line":620,"column":6},"end":{"line":665,"column":7}},"254":{"start":{"line":621,"column":8},"end":{"line":621,"column":44}},"255":{"start":{"line":623,"column":8},"end":{"line":623,"column":95}},"256":{"start":{"line":626,"column":8},"end":{"line":626,"column":150}},"257":{"start":{"line":629,"column":26},"end":{"line":629,"column":128}},"258":{"start":{"line":630,"column":28},"end":{"line":630,"column":77}},"259":{"start":{"line":631,"column":23},"end":{"line":631,"column":62}},"260":{"start":{"line":632,"column":31},"end":{"line":632,"column":53}},"261":{"start":{"line":635,"column":28},"end":{"line":635,"column":85}},"262":{"start":{"line":636,"column":29},"end":{"line":638,"column":9}},"263":{"start":{"line":640,"column":8},"end":{"line":649,"column":9}},"264":{"start":{"line":641,"column":10},"end":{"line":641,"column":73}},"265":{"start":{"line":642,"column":15},"end":{"line":649,"column":9}},"266":{"start":{"line":643,"column":10},"end":{"line":646,"column":12}},"267":{"start":{"line":648,"column":10},"end":{"line":648,"column":73}},"268":{"start":{"line":651,"column":29},"end":{"line":651,"column":218}},"269":{"start":{"line":653,"column":8},"end":{"line":656,"column":10}},"270":{"start":{"line":658,"column":8},"end":{"line":658,"column":34}},"271":{"start":{"line":660,"column":8},"end":{"line":660,"column":36}},"272":{"start":{"line":661,"column":8},"end":{"line":661,"column":55}},"273":{"start":{"line":662,"column":8},"end":{"line":662,"column":92}},"274":{"start":{"line":664,"column":8},"end":{"line":664,"column":29}},"275":{"start":{"line":667,"column":6},"end":{"line":674,"column":9}},"276":{"start":{"line":676,"column":6},"end":{"line":676,"column":34}},"277":{"start":{"line":678,"column":6},"end":{"line":678,"column":51}},"278":{"start":{"line":679,"column":6},"end":{"line":679,"column":72}},"279":{"start":{"line":683,"column":2},"end":{"line":707,"column":5}},"280":{"start":{"line":684,"column":4},"end":{"line":706,"column":5}},"281":{"start":{"line":685,"column":21},"end":{"line":685,"column":31}},"282":{"start":{"line":686,"column":22},"end":{"line":686,"column":87}},"283":{"start":{"line":688,"column":6},"end":{"line":688,"column":106}},"284":{"start":{"line":688,"column":30},"end":{"line":688,"column":106}},"285":{"start":{"line":689,"column":6},"end":{"line":689,"column":125}},"286":{"start":{"line":689,"column":42},"end":{"line":689,"column":125}},"287":{"start":{"line":691,"column":6},"end":{"line":691,"column":87}},"288":{"start":{"line":693,"column":6},"end":{"line":700,"column":9}},"289":{"start":{"line":702,"column":6},"end":{"line":702,"column":34}},"290":{"start":{"line":704,"column":6},"end":{"line":704,"column":51}},"291":{"start":{"line":705,"column":6},"end":{"line":705,"column":72}},"292":{"start":{"line":709,"column":2},"end":{"line":729,"column":5}},"293":{"start":{"line":710,"column":4},"end":{"line":728,"column":5}},"294":{"start":{"line":711,"column":21},"end":{"line":711,"column":31}},"295":{"start":{"line":712,"column":24},"end":{"line":712,"column":32}},"296":{"start":{"line":713,"column":6},"end":{"line":713,"column":113}},"297":{"start":{"line":715,"column":6},"end":{"line":722,"column":9}},"298":{"start":{"line":724,"column":6},"end":{"line":724,"column":34}},"299":{"start":{"line":726,"column":6},"end":{"line":726,"column":55}},"300":{"start":{"line":727,"column":6},"end":{"line":727,"column":72}},"301":{"start":{"line":733,"column":2},"end":{"line":764,"column":5}},"302":{"start":{"line":734,"column":4},"end":{"line":763,"column":5}},"303":{"start":{"line":735,"column":21},"end":{"line":741,"column":8}},"304":{"start":{"line":744,"column":37},"end":{"line":744,"column":39}},"305":{"start":{"line":745,"column":6},"end":{"line":757,"column":7}},"306":{"start":{"line":746,"column":24},"end":{"line":751,"column":29}},"307":{"start":{"line":753,"column":8},"end":{"line":756,"column":11}},"308":{"start":{"line":759,"column":6},"end":{"line":759,"column":64}},"309":{"start":{"line":761,"column":6},"end":{"line":761,"column":58}},"310":{"start":{"line":762,"column":6},"end":{"line":762,"column":89}},"311":{"start":{"line":767,"column":2},"end":{"line":805,"column":5}},"312":{"start":{"line":768,"column":4},"end":{"line":804,"column":5}},"313":{"start":{"line":769,"column":97},"end":{"line":769,"column":105}},"314":{"start":{"line":770,"column":24},"end":{"line":770,"column":73}},"315":{"start":{"line":773,"column":28},"end":{"line":773,"column":110}},"316":{"start":{"line":775,"column":23},"end":{"line":778,"column":90}},"317":{"start":{"line":781,"column":6},"end":{"line":789,"column":7}},"318":{"start":{"line":782,"column":28},"end":{"line":782,"column":81}},"319":{"start":{"line":783,"column":8},"end":{"line":788,"column":9}},"320":{"start":{"line":784,"column":10},"end":{"line":787,"column":95}},"321":{"start":{"line":791,"column":6},"end":{"line":798,"column":9}},"322":{"start":{"line":800,"column":6},"end":{"line":800,"column":149}},"323":{"start":{"line":802,"column":6},"end":{"line":802,"column":57}},"324":{"start":{"line":803,"column":6},"end":{"line":803,"column":89}},"325":{"start":{"line":808,"column":2},"end":{"line":859,"column":5}},"326":{"start":{"line":809,"column":4},"end":{"line":858,"column":5}},"327":{"start":{"line":810,"column":21},"end":{"line":810,"column":31}},"328":{"start":{"line":811,"column":97},"end":{"line":811,"column":105}},"329":{"start":{"line":814,"column":28},"end":{"line":814,"column":110}},"330":{"start":{"line":817,"column":25},"end":{"line":817,"column":99}},"331":{"start":{"line":818,"column":22},"end":{"line":818,"column":44}},"332":{"start":{"line":820,"column":6},"end":{"line":822,"column":7}},"333":{"start":{"line":821,"column":8},"end":{"line":821,"column":52}},"334":{"start":{"line":824,"column":6},"end":{"line":828,"column":95}},"335":{"start":{"line":831,"column":6},"end":{"line":843,"column":7}},"336":{"start":{"line":833,"column":8},"end":{"line":833,"column":91}},"337":{"start":{"line":836,"column":28},"end":{"line":836,"column":81}},"338":{"start":{"line":837,"column":8},"end":{"line":842,"column":9}},"339":{"start":{"line":838,"column":10},"end":{"line":841,"column":82}},"340":{"start":{"line":845,"column":6},"end":{"line":852,"column":9}},"341":{"start":{"line":854,"column":6},"end":{"line":854,"column":34}},"342":{"start":{"line":856,"column":6},"end":{"line":856,"column":57}},"343":{"start":{"line":857,"column":6},"end":{"line":857,"column":89}},"344":{"start":{"line":862,"column":2},"end":{"line":882,"column":5}},"345":{"start":{"line":863,"column":4},"end":{"line":881,"column":5}},"346":{"start":{"line":864,"column":21},"end":{"line":864,"column":31}},"347":{"start":{"line":865,"column":6},"end":{"line":865,"column":89}},"348":{"start":{"line":866,"column":6},"end":{"line":866,"column":71}},"349":{"start":{"line":868,"column":6},"end":{"line":875,"column":9}},"350":{"start":{"line":877,"column":6},"end":{"line":877,"column":34}},"351":{"start":{"line":879,"column":6},"end":{"line":879,"column":57}},"352":{"start":{"line":880,"column":6},"end":{"line":880,"column":89}},"353":{"start":{"line":885,"column":0},"end":{"line":885,"column":41}}},"fnMap":{"0":{"name":"registerInventoryRoutes","decl":{"start":{"line":4,"column":9},"end":{"line":4,"column":32}},"loc":{"start":{"line":4,"column":101},"end":{"line":883,"column":1}},"line":4},"1":{"name":"(anonymous_1)","decl":{"start":{"line":6,"column":61},"end":{"line":6,"column":62}},"loc":{"start":{"line":6,"column":81},"end":{"line":53,"column":3}},"line":6},"2":{"name":"(anonymous_2)","decl":{"start":{"line":56,"column":119},"end":{"line":56,"column":120}},"loc":{"start":{"line":56,"column":139},"end":{"line":116,"column":3}},"line":56},"3":{"name":"(anonymous_3)","decl":{"start":{"line":119,"column":132},"end":{"line":119,"column":133}},"loc":{"start":{"line":119,"column":152},"end":{"line":139,"column":3}},"line":119},"4":{"name":"(anonymous_4)","decl":{"start":{"line":142,"column":96},"end":{"line":142,"column":97}},"loc":{"start":{"line":142,"column":116},"end":{"line":170,"column":3}},"line":142},"5":{"name":"(anonymous_5)","decl":{"start":{"line":173,"column":109},"end":{"line":173,"column":110}},"loc":{"start":{"line":173,"column":129},"end":{"line":220,"column":3}},"line":173},"6":{"name":"(anonymous_6)","decl":{"start":{"line":223,"column":102},"end":{"line":223,"column":103}},"loc":{"start":{"line":223,"column":122},"end":{"line":238,"column":3}},"line":223},"7":{"name":"(anonymous_7)","decl":{"start":{"line":241,"column":21},"end":{"line":241,"column":22}},"loc":{"start":{"line":241,"column":31},"end":{"line":246,"column":3}},"line":241},"8":{"name":"(anonymous_8)","decl":{"start":{"line":249,"column":124},"end":{"line":249,"column":125}},"loc":{"start":{"line":249,"column":144},"end":{"line":358,"column":3}},"line":249},"9":{"name":"(anonymous_9)","decl":{"start":{"line":361,"column":125},"end":{"line":361,"column":126}},"loc":{"start":{"line":361,"column":145},"end":{"line":520,"column":3}},"line":361},"10":{"name":"(anonymous_10)","decl":{"start":{"line":523,"column":106},"end":{"line":523,"column":107}},"loc":{"start":{"line":523,"column":126},"end":{"line":553,"column":3}},"line":523},"11":{"name":"(anonymous_11)","decl":{"start":{"line":556,"column":108},"end":{"line":556,"column":109}},"loc":{"start":{"line":556,"column":128},"end":{"line":607,"column":3}},"line":556},"12":{"name":"(anonymous_12)","decl":{"start":{"line":610,"column":106},"end":{"line":610,"column":107}},"loc":{"start":{"line":610,"column":126},"end":{"line":681,"column":3}},"line":610},"13":{"name":"(anonymous_13)","decl":{"start":{"line":683,"column":105},"end":{"line":683,"column":106}},"loc":{"start":{"line":683,"column":125},"end":{"line":707,"column":3}},"line":683},"14":{"name":"(anonymous_14)","decl":{"start":{"line":709,"column":107},"end":{"line":709,"column":108}},"loc":{"start":{"line":709,"column":127},"end":{"line":729,"column":3}},"line":709},"15":{"name":"(anonymous_15)","decl":{"start":{"line":733,"column":97},"end":{"line":733,"column":98}},"loc":{"start":{"line":733,"column":117},"end":{"line":764,"column":3}},"line":733},"16":{"name":"(anonymous_16)","decl":{"start":{"line":767,"column":124},"end":{"line":767,"column":125}},"loc":{"start":{"line":767,"column":144},"end":{"line":805,"column":3}},"line":767},"17":{"name":"(anonymous_17)","decl":{"start":{"line":808,"column":125},"end":{"line":808,"column":126}},"loc":{"start":{"line":808,"column":145},"end":{"line":859,"column":3}},"line":808},"18":{"name":"(anonymous_18)","decl":{"start":{"line":862,"column":106},"end":{"line":862,"column":107}},"loc":{"start":{"line":862,"column":126},"end":{"line":882,"column":3}},"line":862}},"branchMap":{"0":{"loc":{"start":{"line":61,"column":6},"end":{"line":63,"column":7}},"type":"if","locations":[{"start":{"line":61,"column":6},"end":{"line":63,"column":7}},{"start":{},"end":{}}],"line":61},"1":{"loc":{"start":{"line":61,"column":10},"end":{"line":61,"column":32}},"type":"binary-expr","locations":[{"start":{"line":61,"column":10},"end":{"line":61,"column":17}},{"start":{"line":61,"column":21},"end":{"line":61,"column":32}}],"line":61},"2":{"loc":{"start":{"line":69,"column":28},"end":{"line":69,"column":82}},"type":"binary-expr","locations":[{"start":{"line":69,"column":28},"end":{"line":69,"column":40}},{"start":{"line":69,"column":44},"end":{"line":69,"column":82}}],"line":69},"3":{"loc":{"start":{"line":70,"column":23},"end":{"line":70,"column":47}},"type":"binary-expr","locations":[{"start":{"line":70,"column":23},"end":{"line":70,"column":37}},{"start":{"line":70,"column":41},"end":{"line":70,"column":47}}],"line":70},"4":{"loc":{"start":{"line":82,"column":28},"end":{"line":82,"column":77}},"type":"binary-expr","locations":[{"start":{"line":82,"column":28},"end":{"line":82,"column":54}},{"start":{"line":82,"column":58},"end":{"line":82,"column":77}}],"line":82},"5":{"loc":{"start":{"line":85,"column":27},"end":{"line":85,"column":64}},"type":"cond-expr","locations":[{"start":{"line":85,"column":51},"end":{"line":85,"column":56}},{"start":{"line":85,"column":59},"end":{"line":85,"column":64}}],"line":85},"6":{"loc":{"start":{"line":180,"column":6},"end":{"line":182,"column":7}},"type":"if","locations":[{"start":{"line":180,"column":6},"end":{"line":182,"column":7}},{"start":{},"end":{}}],"line":180},"7":{"loc":{"start":{"line":185,"column":6},"end":{"line":187,"column":7}},"type":"if","locations":[{"start":{"line":185,"column":6},"end":{"line":187,"column":7}},{"start":{},"end":{}}],"line":185},"8":{"loc":{"start":{"line":185,"column":10},"end":{"line":185,"column":91}},"type":"binary-expr","locations":[{"start":{"line":185,"column":10},"end":{"line":185,"column":21}},{"start":{"line":185,"column":25},"end":{"line":185,"column":56}},{"start":{"line":185,"column":60},"end":{"line":185,"column":91}}],"line":185},"9":{"loc":{"start":{"line":190,"column":6},"end":{"line":202,"column":7}},"type":"if","locations":[{"start":{"line":190,"column":6},"end":{"line":202,"column":7}},{"start":{},"end":{}}],"line":190},"10":{"loc":{"start":{"line":190,"column":10},"end":{"line":190,"column":56}},"type":"binary-expr","locations":[{"start":{"line":190,"column":10},"end":{"line":190,"column":21}},{"start":{"line":190,"column":25},"end":{"line":190,"column":56}}],"line":190},"11":{"loc":{"start":{"line":196,"column":8},"end":{"line":201,"column":9}},"type":"if","locations":[{"start":{"line":196,"column":8},"end":{"line":201,"column":9}},{"start":{},"end":{}}],"line":196},"12":{"loc":{"start":{"line":204,"column":75},"end":{"line":204,"column":94}},"type":"cond-expr","locations":[{"start":{"line":204,"column":89},"end":{"line":204,"column":90}},{"start":{"line":204,"column":93},"end":{"line":204,"column":94}}],"line":204},"13":{"loc":{"start":{"line":212,"column":24},"end":{"line":212,"column":70}},"type":"cond-expr","locations":[{"start":{"line":212,"column":38},"end":{"line":212,"column":52}},{"start":{"line":212,"column":55},"end":{"line":212,"column":70}}],"line":212},"14":{"loc":{"start":{"line":242,"column":4},"end":{"line":242,"column":27}},"type":"if","locations":[{"start":{"line":242,"column":4},"end":{"line":242,"column":27}},{"start":{},"end":{}}],"line":242},"15":{"loc":{"start":{"line":244,"column":4},"end":{"line":244,"column":40}},"type":"if","locations":[{"start":{"line":244,"column":4},"end":{"line":244,"column":40}},{"start":{},"end":{}}],"line":244},"16":{"loc":{"start":{"line":252,"column":24},"end":{"line":252,"column":73}},"type":"cond-expr","locations":[{"start":{"line":252,"column":35},"end":{"line":252,"column":66}},{"start":{"line":252,"column":69},"end":{"line":252,"column":73}}],"line":252},"17":{"loc":{"start":{"line":261,"column":21},"end":{"line":261,"column":59}},"type":"cond-expr","locations":[{"start":{"line":261,"column":37},"end":{"line":261,"column":46}},{"start":{"line":261,"column":49},"end":{"line":261,"column":59}}],"line":261},"18":{"loc":{"start":{"line":268,"column":8},"end":{"line":268,"column":70}},"type":"cond-expr","locations":[{"start":{"line":268,"column":44},"end":{"line":268,"column":63}},{"start":{"line":268,"column":66},"end":{"line":268,"column":70}}],"line":268},"19":{"loc":{"start":{"line":268,"column":8},"end":{"line":268,"column":41}},"type":"binary-expr","locations":[{"start":{"line":268,"column":8},"end":{"line":268,"column":19}},{"start":{"line":268,"column":23},"end":{"line":268,"column":41}}],"line":268},"20":{"loc":{"start":{"line":269,"column":8},"end":{"line":269,"column":28}},"type":"binary-expr","locations":[{"start":{"line":269,"column":8},"end":{"line":269,"column":20}},{"start":{"line":269,"column":24},"end":{"line":269,"column":28}}],"line":269},"21":{"loc":{"start":{"line":276,"column":8},"end":{"line":276,"column":64}},"type":"cond-expr","locations":[{"start":{"line":276,"column":40},"end":{"line":276,"column":57}},{"start":{"line":276,"column":60},"end":{"line":276,"column":64}}],"line":276},"22":{"loc":{"start":{"line":276,"column":8},"end":{"line":276,"column":37}},"type":"binary-expr","locations":[{"start":{"line":276,"column":8},"end":{"line":276,"column":17}},{"start":{"line":276,"column":21},"end":{"line":276,"column":37}}],"line":276},"23":{"loc":{"start":{"line":280,"column":8},"end":{"line":280,"column":21}},"type":"binary-expr","locations":[{"start":{"line":280,"column":8},"end":{"line":280,"column":13}},{"start":{"line":280,"column":17},"end":{"line":280,"column":21}}],"line":280},"24":{"loc":{"start":{"line":285,"column":6},"end":{"line":294,"column":7}},"type":"if","locations":[{"start":{"line":285,"column":6},"end":{"line":294,"column":7}},{"start":{},"end":{}}],"line":285},"25":{"loc":{"start":{"line":285,"column":10},"end":{"line":285,"column":67}},"type":"binary-expr","locations":[{"start":{"line":285,"column":10},"end":{"line":285,"column":29}},{"start":{"line":285,"column":33},"end":{"line":285,"column":42}},{"start":{"line":285,"column":46},"end":{"line":285,"column":67}}],"line":285},"26":{"loc":{"start":{"line":289,"column":41},"end":{"line":289,"column":104}},"type":"binary-expr","locations":[{"start":{"line":289,"column":41},"end":{"line":289,"column":62}},{"start":{"line":289,"column":66},"end":{"line":289,"column":104}}],"line":289},"27":{"loc":{"start":{"line":297,"column":6},"end":{"line":342,"column":7}},"type":"if","locations":[{"start":{"line":297,"column":6},"end":{"line":342,"column":7}},{"start":{},"end":{}}],"line":297},"28":{"loc":{"start":{"line":310,"column":30},"end":{"line":310,"column":73}},"type":"binary-expr","locations":[{"start":{"line":310,"column":30},"end":{"line":310,"column":46}},{"start":{"line":310,"column":50},"end":{"line":310,"column":73}}],"line":310},"29":{"loc":{"start":{"line":317,"column":10},"end":{"line":326,"column":11}},"type":"if","locations":[{"start":{"line":317,"column":10},"end":{"line":326,"column":11}},{"start":{"line":319,"column":17},"end":{"line":326,"column":11}}],"line":317},"30":{"loc":{"start":{"line":319,"column":17},"end":{"line":326,"column":11}},"type":"if","locations":[{"start":{"line":319,"column":17},"end":{"line":326,"column":11}},{"start":{"line":324,"column":17},"end":{"line":326,"column":11}}],"line":319},"31":{"loc":{"start":{"line":319,"column":21},"end":{"line":319,"column":53}},"type":"binary-expr","locations":[{"start":{"line":319,"column":21},"end":{"line":319,"column":40}},{"start":{"line":319,"column":44},"end":{"line":319,"column":53}}],"line":319},"32":{"loc":{"start":{"line":328,"column":53},"end":{"line":328,"column":116}},"type":"binary-expr","locations":[{"start":{"line":328,"column":53},"end":{"line":328,"column":74}},{"start":{"line":328,"column":78},"end":{"line":328,"column":116}}],"line":328},"33":{"loc":{"start":{"line":368,"column":6},"end":{"line":370,"column":7}},"type":"if","locations":[{"start":{"line":368,"column":6},"end":{"line":370,"column":7}},{"start":{},"end":{}}],"line":368},"34":{"loc":{"start":{"line":373,"column":6},"end":{"line":375,"column":7}},"type":"if","locations":[{"start":{"line":373,"column":6},"end":{"line":375,"column":7}},{"start":{},"end":{}}],"line":373},"35":{"loc":{"start":{"line":373,"column":10},"end":{"line":373,"column":70}},"type":"binary-expr","locations":[{"start":{"line":373,"column":10},"end":{"line":373,"column":44}},{"start":{"line":373,"column":48},"end":{"line":373,"column":70}}],"line":373},"36":{"loc":{"start":{"line":376,"column":6},"end":{"line":378,"colum
[...]
rt":{},"end":{}}],"line":507},"75":{"loc":{"start":{"line":510,"column":42},"end":{"line":510,"column":57}},"type":"binary-expr","locations":[{"start":{"line":510,"column":42},"end":{"line":510,"column":52}},{"start":{"line":510,"column":56},"end":{"line":510,"column":57}}],"line":510},"76":{"loc":{"start":{"line":510,"column":59},"end":{"line":510,"column":75}},"type":"binary-expr","locations":[{"start":{"line":510,"column":59},"end":{"line":510,"column":70}},{"start":{"line":510,"column":74},"end":{"line":510,"column":75}}],"line":510}},"s":{"0":343,"1":343,"2":343,"3":381,"4":381,"5":10,"6":10,"7":2,"8":8,"9":8,"10":8,"11":8,"12":8,"13":8,"14":7,"15":7,"16":7,"17":7,"18":7,"19":7,"20":7,"21":8,"22":8,"23":8,"24":5,"25":5,"26":5,"27":5,"28":5,"29":5,"30":3,"31":3,"32":2,"33":2,"34":8,"35":5,"36":5,"37":5,"38":3,"39":1,"40":2,"41":2,"42":2,"43":5,"44":7,"45":4,"46":4,"47":4,"48":4,"49":4,"50":4,"51":4,"52":4,"53":1,"54":1,"55":4,"56":1,"57":4,"58":1,"59":4,"60":1,"61":4,"62":3,"63":3,"64":4,"65":1,"66":1,"67":4,"68":7,"69":2,"70":2,"71":2,"72":2,"73":2,"74":2,"75":5,"76":5,"77":5,"78":1,"79":1,"80":1,"81":8,"82":381,"83":16,"84":16,"85":16,"86":16,"87":15,"88":2,"89":13,"90":13,"91":13,"92":13,"93":13,"94":13,"95":3,"96":1,"97":2,"98":1,"99":10,"100":6,"101":4,"102":1,"103":3,"104":1,"105":2,"106":1,"107":13,"108":13,"109":13,"110":6,"111":6,"112":6,"113":6,"114":6,"115":6,"116":6,"117":6,"118":6,"119":6,"120":4,"121":1,"122":3,"123":3,"124":3,"125":6,"126":6,"127":6,"128":6,"129":6,"130":6,"131":6,"132":3,"133":3,"134":3,"135":3,"136":6,"137":6,"138":6,"139":6,"140":6,"141":4,"142":4,"143":4,"144":4,"145":4,"146":4,"147":4,"148":3,"149":3,"150":4,"151":2,"152":4,"153":2,"154":4,"155":2,"156":4,"157":3,"158":3,"159":4,"160":2,"161":2,"162":4,"163":20,"164":20,"165":17,"166":13,"167":13,"168":1,"169":1,"170":1,"171":16,"172":381,"173":18,"174":18,"175":18,"176":18,"177":18,"178":18,"179":18,"180":18,"181":1,"182":17,"183":17,"184":16,"185":2,"186":2,"187":14,"188":14,"189":1,"190":1,"191":13,"192":13,"193":3,"194":1,"195":2,"196":1,"197":10,"198":5,"199":5,"200":1,"201":4,"202":1,"203":3,"204":2,"205":13,"206":13,"207":6,"208":6,"209":6,"210":6,"211":6,"212":6,"213":6,"214":6,"215":6,"216":6,"217":4,"218":1,"219":3,"220":3,"221":3,"222":6,"223":6,"224":6,"225":6,"226":6,"227":6,"228":6,"229":3,"230":3,"231":3,"232":3,"233":6,"234":6,"235":6,"236":6,"237":6,"238":4,"239":4,"240":4,"241":4,"242":4,"243":4,"244":4,"245":3,"246":3,"247":4,"248":2,"249":4,"250":2,"251":4,"252":2,"253":4,"254":3,"255":3,"256":4,"257":2,"258":2,"259":4,"260":20,"261":20,"262":17,"263":13,"264":13,"265":1,"266":1,"267":1,"268":18,"269":381,"270":3,"271":3,"272":2,"273":2,"274":2,"275":2,"276":2,"277":1,"278":1},"f":{"0":381,"1":10,"2":16,"3":18,"4":3},"b":{"0":[2,8],"1":[10,10],"2":[8,6],"3":[8,7],"4":[8,6],"5":[8,1],"6":[2,6],"7":[5,3],"8":[5,1],"9":[3,2],"10":[5,3],"11":[1,2],"12":[4,3],"13":[4,3],"14":[4,3],"15":[1,3],"16":[4,4],"17":[1,3],"18":[1,3],"19":[1,3],"20":[3,1],"21":[1,3],"22":[2,5],"23":[2,13],"24":[3,10],"25":[1,2],"26":[1,1],"27":[6,4],"28":[1,3],"29":[1,2],"30":[1,1],"31":[6,7],"32":[13,7],"33":[1,3],"34":[6,1],"35":[3,3],"36":[6,3],"37":[6,4],"38":[4,2],"39":[3,1],"40":[4,4],"41":[2,2],"42":[2,2],"43":[2,2],"44":[3,1],"45":[2,2],"46":[17,3],"47":[17,10],"48":[17,7],"49":[1,17],"50":[2,14],"51":[1,13],"52":[3,10],"53":[1,2],"54":[1,1],"55":[5,5],"56":[1,4],"57":[1,3],"58":[2,1],"59":[13,13],"60":[6,7],"61":[1,3],"62":[6,1],"63":[3,3],"64":[6,3],"65":[6,4],"66":[4,2],"67":[3,1],"68":[4,3],"69":[2,2],"70":[2,2],"71":[2,2],"72":[3,1],"73":[2,2],"74":[17,3],"75":[17,10],"76":[17,7]},"_coverageSchema":"1a1c01bbd47fc00a2c39e90264f33305004495a9","hash":"a65059ae8d11ba94d189c243695cb7b388be1713"}
,"/Users/mac/Documents/Rezzy Semester 6/mental health/sales-point-pos/server/routes/users.js": {"path":"/Users/mac/Documents/Rezzy Semester 6/mental health/sales-point-pos/server/routes/users.js","statementMap":{"0":{"start":{"line":1,"column":0},"end":{"line":253,"column":2}},"1":{"start":{"line":3,"column":2},"end":{"line":67,"column":4}},"2":{"start":{"line":8,"column":17},"end":{"line":8,"column":46}},"3":{"start":{"line":9,"column":18},"end":{"line":9,"column":49}},"4":{"start":{"line":10,"column":19},"end":{"line":10,"column":41}},"5":{"start":{"line":11,"column":19},"end":{"line":11,"column":37}},"6":{"start":{"line":13,"column":4},"end":{"line":65,"column":5}},"7":{"start":{"line":14,"column":25},"end":{"line":14,"column":51}},"8":{"start":{"line":17,"column":8},"end":{"line":17,"column":87}},"9":{"start":{"line":18,"column":23},"end":{"line":18,"column":62}},"10":{"start":{"line":19,"column":19},"end":{"line":19,"column":21}},"11":{"start":{"line":21,"column":6},"end":{"line":26,"column":7}},"12":{"start":{"line":22,"column":32},"end":{"line":22,"column":93}},"13":{"start":{"line":23,"column":8},"end":{"line":23,"column":33}},"14":{"start":{"line":24,"column":8},"end":{"line":24,"column":38}},"15":{"start":{"line":25,"column":8},"end":{"line":25,"column":65}},"16":{"start":{"line":28,"column":6},"end":{"line":28,"column":62}},"17":{"start":{"line":29,"column":6},"end":{"line":29,"column":33}},"18":{"start":{"line":31,"column":22},"end":{"line":31,"column":59}},"19":{"start":{"line":34,"column":28},"end":{"line":37,"column":7}},"20":{"start":{"line":38,"column":20},"end":{"line":38,"column":40}},"21":{"start":{"line":40,"column":6},"end":{"line":40,"column":27}},"22":{"start":{"line":42,"column":6},"end":{"line":51,"column":9}},"23":{"start":{"line":53,"column":6},"end":{"line":61,"column":9}},"24":{"start":{"line":63,"column":6},"end":{"line":63,"column":52}},"25":{"start":{"line":64,"column":6},"end":{"line":64,"column":56}},"26":{"start":{"line":70,"column":2},"end":{"line":121,"column":4}},"27":{"start":{"line":75,"column":58},"end":{"line":75,"column":66}},"28":{"start":{"line":77,"column":6},"end":{"line":81,"column":7}},"29":{"start":{"line":78,"column":8},"end":{"line":80,"column":81}},"30":{"start":{"line":84,"column":6},"end":{"line":86,"column":7}},"31":{"start":{"line":85,"column":8},"end":{"line":85,"column":77}},"32":{"start":{"line":88,"column":6},"end":{"line":119,"column":7}},"33":{"start":{"line":89,"column":31},"end":{"line":89,"column":62}},"34":{"start":{"line":90,"column":25},"end":{"line":93,"column":9}},"35":{"start":{"line":95,"column":8},"end":{"line":104,"column":11}},"36":{"start":{"line":106,"column":8},"end":{"line":112,"column":11}},"37":{"start":{"line":114,"column":8},"end":{"line":116,"column":9}},"38":{"start":{"line":115,"column":10},"end":{"line":115,"column":87}},"39":{"start":{"line":117,"column":8},"end":{"line":117,"column":53}},"40":{"start":{"line":118,"column":8},"end":{"line":118,"column":58}},"41":{"start":{"line":124,"column":2},"end":{"line":193,"column":4}},"42":{"start":{"line":129,"column":17},"end":{"line":129,"column":40}},"43":{"start":{"line":130,"column":58},"end":{"line":130,"column":66}},"44":{"start":{"line":132,"column":6},"end":{"line":132,"column":70}},"45":{"start":{"line":132,"column":15},"end":{"line":132,"column":70}},"46":{"start":{"line":134,"column":6},"end":{"line":191,"column":7}},"47":{"start":{"line":136,"column":27},"end":{"line":139,"column":9}},"48":{"start":{"line":140,"column":8},"end":{"line":142,"column":9}},"49":{"start":{"line":141,"column":10},"end":{"line":141,"column":69}},"50":{"start":{"line":145,"column":8},"end":{"line":149,"column":9}},"51":{"start":{"line":146,"column":10},"end":{"line":148,"column":59}},"52":{"start":{"line":152,"column":8},"end":{"line":156,"column":9}},"53":{"start":{"line":153,"column":10},"end":{"line":155,"column":63}},"54":{"start":{"line":159,"column":10},"end":{"line":159,"column":74}},"55":{"start":{"line":160,"column":21},"end":{"line":160,"column":64}},"56":{"start":{"line":162,"column":8},"end":{"line":166,"column":9}},"57":{"start":{"line":163,"column":33},"end":{"line":163,"column":64}},"58":{"start":{"line":164,"column":10},"end":{"line":164,"column":36}},"59":{"start":{"line":165,"column":10},"end":{"line":165,"column":38}},"60":{"start":{"line":168,"column":8},"end":{"line":168,"column":33}},"61":{"start":{"line":169,"column":8},"end":{"line":169,"column":24}},"62":{"start":{"line":171,"column":8},"end":{"line":171,"column":40}},"63":{"start":{"line":173,"column":8},"end":{"line":182,"column":11}},"64":{"start":{"line":184,"column":8},"end":{"line":184,"column":59}},"65":{"start":{"line":186,"column":8},"end":{"line":188,"column":9}},"66":{"start":{"line":187,"column":10},"end":{"line":187,"column":87}},"67":{"start":{"line":189,"column":8},"end":{"line":189,"column":53}},"68":{"start":{"line":190,"column":8},"end":{"line":190,"column":58}},"69":{"start":{"line":196,"column":2},"end":{"line":252,"column":4}},"70":{"start":{"line":201,"column":17},"end":{"line":201,"column":40}},"71":{"start":{"line":203,"column":6},"end":{"line":250,"column":7}},"72":{"start":{"line":205,"column":8},"end":{"line":209,"column":9}},"73":{"start":{"line":206,"column":10},"end":{"line":208,"column":65}},"74":{"start":{"line":212,"column":27},"end":{"line":215,"column":9}},"75":{"start":{"line":216,"column":8},"end":{"line":218,"column":9}},"76":{"start":{"line":217,"column":10},"end":{"line":217,"column":69}},"77":{"start":{"line":221,"column":8},"end":{"line":225,"column":9}},"78":{"start":{"line":222,"column":10},"end":{"line":224,"column":59}},"79":{"start":{"line":227,"column":25},"end":{"line":229,"column":10}},"80":{"start":{"line":231,"column":8},"end":{"line":233,"column":9}},"81":{"start":{"line":232,"column":10},"end":{"line":232,"column":69}},"82":{"start":{"line":235,"column":8},"end":{"line":244,"column":11}},"83":{"start":{"line":246,"column":8},"end":{"line":246,"column":59}},"84":{"start":{"line":248,"column":8},"end":{"line":248,"column":53}},"85":{"start":{"line":249,"column":8},"end":{"line":249,"column":58}}},"fnMap":{"0":{"name":"registerUserRoutes","decl":{"start":{"line":1,"column":26},"end":{"line":1,"column":44}},"loc":{"start":{"line":1,"column":113},"end":{"line":253,"column":1}},"line":1},"1":{"name":"(anonymous_1)","decl":{"start":{"line":7,"column":4},"end":{"line":7,"column":5}},"loc":{"start":{"line":7,"column":24},"end":{"line":66,"column":5}},"line":7},"2":{"name":"(anonymous_2)","decl":{"start":{"line":74,"column":4},"end":{"line":74,"column":5}},"loc":{"start":{"line":74,"column":24},"end":{"line":120,"column":5}},"line":74},"3":{"name":"(anonymous_3)","decl":{"start":{"line":128,"column":4},"end":{"line":128,"column":5}},"loc":{"start":{"line":128,"column":24},"end":{"line":192,"column":5}},"line":128},"4":{"name":"(anonymous_4)","decl":{"start":{"line":200,"column":4},"end":{"line":200,"column":5}},"loc":{"start":{"line":200,"column":24},"end":{"line":251,"column":5}},"line":200}},"branchMap":{"0":{"loc":{"start":{"line":8,"column":17},"end":{"line":8,"column":46}},"type":"binary-expr","locations":[{"start":{"line":8,"column":17},"end":{"line":8,"column":41}},{"start":{"line":8,"column":45},"end":{"line":8,"column":46}}],"line":8},"1":{"loc":{"start":{"line":9,"column":18},"end":{"line":9,"column":49}},"type":"binary-expr","locations":[{"start":{"line":9,"column":18},"end":{"line":9,"column":43}},{"start":{"line":9,"column":47},"end":{"line":9,"column":49}}],"line":9},"2":{"loc":{"start":{"line":10,"column":19},"end":{"line":10,"column":41}},"type":"binary-expr","locations":[{"start":{"line":10,"column":19},"end":{"line":10,"column":35}},{"start":{"line":10,"column":39},"end":{"line":10,"column":41}}],"line":10},"3":{"loc":{"start":{"line":21,"column":6},"end":{"line":26,"column":7}},"type":"if","locations":[{"start":{"line":21,"column":6},"end":{"line":26,"column":7}},{"start":{},"end":{}}],"line":21},"4":{"loc":{"start":{"line":36,"column":8},"end":{"line":36,"column":67}},"type":"cond-expr","locations":[{"start":{"line":36,"column":17},"end":{"line":36,"column":62}},{"start":{"line":36,"column":65},"end":{"line":36,"column":67}}],"line":36},"5":{"loc":{"start":{"line":48,"column":47},"end":{"line":48,"column":91}},"type":"cond-expr","locations":[{"start":{"line":48,"column":56},"end":{"line":48,"column":86}},{"start":{"line":48,"column":89},"end":{"line":48,"column":91}}],"line":48},"6":{"loc":{"start":{"line":77,"column":6},"end":{"line":81,"column":7}},"type":"if","locations":[{"start":{"line":77,"column":6},"end":{"line":81,"column":7}},{"start":{},"end":{}}],"line":77},"7":{"loc":{"start":{"line":77,"column":10},"end":{"line":77,"column":51}},"type":"binary-expr","locations":[{"start":{"line":77,"column":10},"end":{"line":77,"column":19}},{"start":{"line":77,"column":23},"end":{"line":77,"column":29}},{"start":{"line":77,"column":33},"end":{"line":77,"column":42}},{"start":{"line":77,"column":46},"end":{"line":77,"column":51}}],"line":77},"8":{"loc":{"start":{"line":84,"column":6},"end":{"line":86,"column":7}},"type":"if","locations":[{"start":{"line":84,"column":6},"end":{"line":86,"column":7}},{"start":{},"end":{}}],"line":84},"9":{"loc":{"start":{"line":84,"column":10},"end":{"line":84,"column":65}},"type":"binary-expr","locations":[{"start":{"line":84,"column":10},"end":{"line":84,"column":31}},{"start":{"line":84,"column":35},"end":{"line":84,"column":65}}],"line":84},"10":{"loc":{"start":{"line":92,"column":50},"end":{"line":92,"column":68}},"type":"binary-expr","locations":[{"start":{"line":92,"column":50},"end":{"line":92,"column":56}},{"start":{"line":92,"column":60},"end":{"line":92,"column":68}}],"line":92},"11":{"loc":{"start":{"line":111,"column":18},"end":{"line":111,"column":36}},"type":"binary-expr","locations":[{"start":{"line":111,"column":18},"end":{"line":111,"column":24}},{"start":{"line":111,"column":28},"end":{"line":111,"column":36}}],"line":111},"12":{"loc":{"start":{"line":114,"column":8},"end":{"line":116,"column":9}},"type":"if","locations":[{"start":{"line":114,"column":8},"end":{"line":116,"column":9}},{"start":{},"end":{}}],"line":114},"13":{"loc":{"start":{"line":132,"column":6},"end":{"line":132,"column":70}},"type":"if","locations":[{"start":{"line":132,"column":6},"end":{"line":132,"column":70}},{"start":{},"end":{}}],"line":132},"14":{"loc":{"start":{"line":140,"column":8},"end":{"line":142,"column":9}},"type":"if","locations":[{"start":{"line":140,"column":8},"end":{"line":142,"column":9}},{"start":{},"end":{}}],"line":140},"15":{"loc":{"start":{"line":145,"column":8},"end":{"line":149,"column":9}},"type":"if","locations":[{"start":{"line":145,"column":8},"end":{"line":149,"column":9}},{"start":{},"end":{}}],"line":145},"16":{"loc":{"start":{"line":145,"column":12},"end":{"line":145,"column":79}},"type":"binary-expr","locations":[{"start":{"line":145,"column":12},"end":{"line":145,"column":45}},{"start":{"line":145,"column":49},"end":{"line":145,"column":79}}],"line":145},"17":{"loc":{"start":{"line":152,"column":8},"end":{"line":156,"column":9}},"type":"if","locations":[{"start":{"line":152,"column":8},"end":{"line":156,"column":9}},{"start":{},"end":{}}],"line":152},"18":{"loc":{"start":{"line":152,"column":12},"end":{"line":152,"column":67}},"type":"binary-expr","locations":[{"start":{"line":152,"column":12},"end":{"line":152,"column":33}},{"start":{"line":152,"column":37},"end":{"line":152,"column":67}}],"line":152},"19":{"loc":{"start":{"line":160,"column":45},"end":{"line":160,"column":63}},"type":"binary-expr","locations":[{"start":{"line":160,"column":45},"end":{"line":160,"column":51}},{"start":{"line":160,"column":55},"end":{"line":160,"column":63}}],"line":160},"20":{"loc":{"start":{"line":162,"column":8},"end":{"line":166,"column":9}},"type":"if","locations":[{"start":{"line":162,"column":8},"end":{"line":166,"column":9}},{"start":{},"end":{}}],"line":162},"21":{"loc":{"start":{"line":186,"column":8},"end":{"line":188,"column":9}},"type":"if","locations":[{"start":{"line":186,"column":8},"end":{"line":188,"column":9}},{"start":{},"end":{}}],"line":186},"22":{"loc":{"start":{"line":205,"column":8},"end":{"line":209,"column":9}},"type":"if","locations":[{"start":{"line":205,"column":8},"end":{"line":209,"column":9}},{"start":{},"end":{}}],"line":205},"23":{"loc":{"start":{"line":216,"column":8},"end":{"line":218,"column":9}},"type":"if","locations":[{"start":{"line":216,"column":8},"end":{"line":218,"column":9}},{"start":{},"end":{}}],"line":216},"24":{"loc":{"start":{"line":221,"column":8},"end":{"line":225,"column":9}},"type":"if","locations":[{"start":{"line":221,"column":8},"end":{"line":225,"column":9}},{"start":{},"end":{}}],"line":221},"25":{"loc":{"start":{"line":221,"column":12},"end":{"line":221,"column":79}},"type":"binary-expr","locations":[{"start":{"line":221,"column":12},"end":{"line":221,"column":45}},{"start":{"line":221,"column":49},"end":{"line":221,"column":79}}],"line":221},"26":{"loc":{"start":{"line":231,"column":8},"end":{"line":233,"column":9}},"type":"if","locations":[{"start":{"line":231,"column":8},"end":{"line":233,"column":9}},{"start":{},"end":{}}],"line":231}},"s":{"0":343,"1":364,"2":4,"3":4,"4":4,"5":4,"6":4,"7":4,"8":3,"9":3,"10":3,"11":3,"12":1,"13":1,"14":1,"15":1,"16":3,"17":3,"18":3,"19":3,"20":3,"21":3,"22":3,"23":3,"24":1,"25":1,"26":364,"27":7,"28":7,"29":2,"30":5,"31":1,"32":4,"33":4,"34":4,"35":2,"36":2,"37":2,"38":1,"39":1,"40":1,"41":364,"42":10,"43":10,"44":10,"45":1,"46":9,"47":9,"48":9,"49":2,"50":7,"51":1,"52":6,"53":1,"54":5,"55":5,"56":5,"57":1,"58":1,"59":1,"60":5,"61":5,"62":5,"63":3,"64":3,"65":2,"66":1,"67":1,"68":1,"69":364,"70":8,"71":8,"72":8,"73":2,"74":6,"75":5,"76":1,"77":4,"78":1,"79":3,"80":3,"81":1,"82":2,"83":2,"84":1,"85":1},"f":{"0":364,"1":4,"2":7,"3":10,"4":8},"b":{"0":[4,1],"1":[4,1],"2":[4,3],"3":[1,2],"4":[1,2],"5":[1,2],"6":[2,5],"7":[7,7,5,5],"8":[1,4],"9":[5,1],"10":[4,3],"11":[2,1],"12":[1,1],"13":[1,9],"14":[2,7],"15":[1,6],"16":[7,1],"17":[1,5],"18":[6,1],"19":[5,2],"20":[1,4],"21":[1,1],"22":[2,6],"23":[1,4],"24":[1,3],"25":[4,1],"26":[1,2]},"_coverageSchema":"1a1c01bbd47fc00a2c39e90264f33305004495a9","hash":"cd55b389ab4a6d749d9111d4e7bb5b83493e914f"}
,"/Users/mac/Documents/Rezzy Semester 6/mental health/sales-point-pos/server/utils/journal.js": {"path":"/Users/mac/Documents/Rezzy Semester 6/mental health/sales-point-pos/server/utils/journal.js","statementMap":{"0":{"start":{"line":9,"column":27},"end":{"line":29,"column":1}},"1":{"start":{"line":11,"column":26},"end":{"line":14,"column":3}},"2":{"start":{"line":15,"column":20},"end":{"line":15,"column":42}},"3":{"start":{"line":18,"column":2},"end":{"line":26,"column":3}},"4":{"start":{"line":19,"column":24},"end":{"line":19,"column":108}},"5":{"start":{"line":20,"column":4},"end":{"line":25,"column":5}},"6":{"start":{"line":21,"column":6},"end":{"line":24,"column":8}},"7":{"start":{"line":28,"column":2},"end":{"line":28,"column":19}},"8":{"start":{"line":31,"column":0},"end":{"line":31,"column":40}}},"fnMap":{"0":{"name":"(anonymous_0)","decl":{"start":{"line":9,"column":27},"end":{"line":9,"column":28}},"loc":{"start":{"line":9,"column":90},"end":{"line":29,"column":1}},"line":9}},"branchMap":{"0":{"loc":{"start":{"line":20,"column":4},"end":{"line":25,"column":5}},"type":"if","locations":[{"start":{"line":20,"column":4},"end":{"line":25,"column":5}},{"start":{},"end":{}}],"line":20},"1":{"loc":{"start":{"line":23,"column":37},"end":{"line":23,"column":52}},"type":"binary-expr","locations":[{"start":{"line":23,"column":37},"end":{"line":23,"column":47}},{"start":{"line":23,"column":51},"end":{"line":23,"column":52}}],"line":23},"2":{"loc":{"start":{"line":23,"column":54},"end":{"line":23,"column":70}},"type":"binary-expr","locations":[{"start":{"line":23,"column":54},"end":{"line":23,"column":65}},{"start":{"line":23,"column":69},"end":{"line":23,"column":70}}],"line":23}},"s":{"0":346,"1":10,"2":10,"3":10,"4":26,"5":26,"6":3,"7":10,"8":346},"f":{"0":10},"b":{"0":[3,23],"1":[3,1],"2":[3,2]},"_coverageSchema":"1a1c01bbd47fc00a2c39e90264f33305004495a9","hash":"c7b59878e7402f1c6b902dfe7b66f01ef5a6c05d"}
}
