TN:
SF:index.js
FN:37,(anonymous_0)
FN:40,(anonymous_1)
FN:48,(anonymous_2)
FN:63,(anonymous_3)
FN:68,(anonymous_4)
FN:128,(anonymous_5)
FN:180,(anonymous_6)
FN:193,(anonymous_7)
FN:198,(anonymous_8)
FN:199,(anonymous_9)
FN:252,(anonymous_10)
FN:256,(anonymous_11)
FN:265,(anonymous_12)
FN:277,(anonymous_13)
FN:297,(anonymous_14)
FN:317,(anonymous_15)
FN:326,(anonymous_16)
FN:328,(anonymous_17)
FN:329,(anonymous_18)
FN:340,(anonymous_19)
FN:395,(anonymous_20)
FN:397,(anonymous_21)
FN:398,(anonymous_22)
FN:399,(anonymous_23)
FN:400,(anonymous_24)
FN:401,(anonymous_25)
FN:405,(anonymous_26)
FN:406,(anonymous_27)
FN:408,startServer
FN:417,(anonymous_29)
FN:423,(anonymous_30)
FNF:31
FNH:27
FNDA:2,(anonymous_0)
FNDA:2,(anonymous_1)
FNDA:3,(anonymous_2)
FNDA:2,(anonymous_3)
FNDA:19,(anonymous_4)
FNDA:16,(anonymous_5)
FNDA:300,(anonymous_6)
FNDA:67,(anonymous_7)
FNDA:19254,(anonymous_8)
FNDA:167,(anonymous_9)
FNDA:5,(anonymous_10)
FNDA:8,(anonymous_11)
FNDA:15,(anonymous_12)
FNDA:20,(anonymous_13)
FNDA:20,(anonymous_14)
FNDA:64,(anonymous_15)
FNDA:128,(anonymous_16)
FNDA:512,(anonymous_17)
FNDA:512,(anonymous_18)
FNDA:26,(anonymous_19)
FNDA:4,(anonymous_20)
FNDA:0,(anonymous_21)
FNDA:3,(anonymous_22)
FNDA:0,(anonymous_23)
FNDA:2,(anonymous_24)
FNDA:6,(anonymous_25)
FNDA:2,(anonymous_26)
FNDA:0,(anonymous_27)
FNDA:1,startServer
FNDA:1,(anonymous_29)
FNDA:0,(anonymous_30)
DA:1,342
DA:2,342
DA:3,342
DA:4,342
DA:5,342
DA:6,342
DA:7,342
DA:8,342
DA:9,342
DA:10,342
DA:11,342
DA:12,342
DA:13,342
DA:14,342
DA:15,342
DA:16,342
DA:17,342
DA:18,342
DA:19,342
DA:20,342
DA:22,342
DA:23,342
DA:24,342
DA:26,342
DA:28,342
DA:29,342
DA:30,342
DA:32,342
DA:33,342
DA:36,342
DA:38,2
DA:41,2
DA:42,2
DA:46,342
DA:49,3
DA:50,3
DA:51,3
DA:52,3
DA:53,2
DA:55,1
DA:61,342
DA:63,342
DA:64,2
DA:68,342
DA:69,19
DA:71,19
DA:72,4
DA:75,15
DA:76,3
DA:79,12
DA:80,3
DA:83,9
DA:84,9
DA:85,9
DA:90,3
DA:101,3
DA:107,3
DA:119,6
DA:120,3
DA:122,3
DA:123,3
DA:128,342
DA:129,16
DA:131,16
DA:132,16
DA:134,12
DA:135,3
DA:138,9
DA:140,9
DA:141,3
DA:144,6
DA:146,6
DA:147,3
DA:150,3
DA:161,3
DA:165,3
DA:175,4
DA:176,4
DA:180,342
DA:181,300
DA:182,300
DA:183,300
DA:184,282
DA:185,282
DA:186,278
DA:187,278
DA:189,4
DA:193,342
DA:194,67
DA:195,61
DA:198,342
DA:199,19254
DA:201,167
DA:203,163
DA:204,163
DA:207,159
DA:208,63
DA:209,4
DA:212,96
DA:213,96
DA:218,96
DA:219,38
DA:220,58
DA:222,2
DA:224,56
DA:227,4
DA:228,4
DA:233,342
DA:252,342
DA:253,5
DA:256,342
DA:257,8
DA:258,8
DA:259,4
DA:261,4
DA:265,342
DA:266,15
DA:267,15
DA:268,11
DA:269,11
DA:270,4
DA:272,7
DA:273,3
DA:277,342
DA:278,20
DA:279,20
DA:280,16
DA:283,16
DA:284,12
DA:285,8
DA:286,4
DA:289,4
DA:290,4
DA:291,4
DA:293,4
DA:297,342
DA:298,20
DA:299,20
DA:301,20
DA:303,16
DA:304,16
DA:307,16
DA:308,8
DA:309,8
DA:310,4
DA:317,64
DA:324,12
DA:325,8
DA:326,8
DA:327,128
DA:328,128
DA:329,512
DA:330,512
DA:332,128
DA:334,8
DA:336,4
DA:340,342
DA:341,26
DA:344,26
DA:345,12
DA:347,8
DA:348,8
DA:349,8
DA:353,8
DA:356,8
DA:357,8
DA:358,20
DA:359,18
DA:367,4
DA:368,4
DA:370,4
DA:371,4
DA:373,8
DA:375,8
DA:379,14
DA:380,10
DA:381,10
DA:385,6
DA:387,4
DA:394,342
DA:395,342
DA:396,342
DA:397,342
DA:398,342
DA:399,342
DA:400,342
DA:401,342
DA:402,342
DA:403,342
DA:404,342
DA:405,342
DA:406,342
DA:409,1
DA:410,1
DA:411,1
DA:417,1
DA:418,1
DA:422,342
DA:423,0
DA:426,342
LF:200
LH:199
BRDA:29,0,0,342
BRDA:29,0,1,342
BRDA:30,1,0,342
BRDA:30,1,1,0
BRDA:52,2,0,2
BRDA:52,2,1,1
BRDA:52,3,0,3
BRDA:52,3,1,2
BRDA:71,4,0,4
BRDA:71,4,1,15
BRDA:71,5,0,19
BRDA:71,5,1,15
BRDA:71,5,2,15
BRDA:75,6,0,3
BRDA:75,6,1,12
BRDA:79,7,0,3
BRDA:79,7,1,9
BRDA:119,8,0,3
BRDA:119,8,1,3
BRDA:134,9,0,3
BRDA:134,9,1,9
BRDA:140,10,0,3
BRDA:140,10,1,6
BRDA:146,11,0,3
BRDA:146,11,1,3
BRDA:181,12,0,300
BRDA:181,12,1,18
BRDA:182,13,0,282
BRDA:182,13,1,18
BRDA:183,14,0,18
BRDA:183,14,1,282
BRDA:194,15,0,6
BRDA:194,15,1,61
BRDA:201,16,0,4
BRDA:201,16,1,163
BRDA:201,17,0,167
BRDA:201,17,1,65
BRDA:201,17,2,63
BRDA:207,18,0,63
BRDA:207,18,1,96
BRDA:208,19,0,59
BRDA:208,19,1,4
BRDA:218,20,0,38
BRDA:218,20,1,58
BRDA:218,21,0,96
BRDA:218,21,1,90
BRDA:220,22,0,2
BRDA:220,22,1,56
BRDA:220,23,0,58
BRDA:220,23,1,6
BRDA:267,24,0,4
BRDA:267,24,1,11
BRDA:272,25,0,4
BRDA:272,25,1,3
BRDA:279,26,0,4
BRDA:279,26,1,16
BRDA:284,27,0,4
BRDA:284,27,1,8
BRDA:285,28,0,4
BRDA:285,28,1,4
BRDA:301,29,0,4
BRDA:301,29,1,16
BRDA:301,30,0,20
BRDA:301,30,1,12
BRDA:307,31,0,8
BRDA:307,31,1,8
BRDA:307,32,0,16
BRDA:307,32,1,8
BRDA:309,33,0,4
BRDA:309,33,1,4
BRDA:329,34,0,512
BRDA:329,34,1,32
BRDA:330,35,0,8
BRDA:330,35,1,504
BRDA:344,36,0,12
BRDA:344,36,1,14
BRDA:344,37,0,26
BRDA:344,37,1,12
BRDA:345,38,0,4
BRDA:345,38,1,8
BRDA:358,39,0,18
BRDA:358,39,1,2
BRDA:361,40,0,12
BRDA:361,40,1,6
BRDA:379,41,0,4
BRDA:379,41,1,10
BRDA:379,42,0,14
BRDA:379,42,1,10
BRDA:379,42,2,10
BRDA:383,43,0,8
BRDA:383,43,1,2
BRDA:410,44,0,1
BRDA:410,44,1,0
BRDA:422,45,0,0
BRDA:422,45,1,342
BRF:95
BRH:92
end_of_record
TN:
SF:routes/audit-trails.js
FN:4,(anonymous_0)
FN:15,(anonymous_1)
FN:19,(anonymous_2)
FN:87,(anonymous_3)
FNF:4
FNH:4
FNDA:26,(anonymous_0)
FNDA:349,(anonymous_1)
FNDA:4,(anonymous_2)
FNDA:3,(anonymous_3)
DA:1,343
DA:4,343
DA:5,26
DA:6,26
DA:11,1
DA:15,343
DA:16,349
DA:19,349
DA:20,4
DA:21,4
DA:22,4
DA:24,4
DA:25,4
DA:27,4
DA:28,1
DA:29,1
DA:31,4
DA:32,1
DA:33,1
DA:35,4
DA:36,1
DA:37,1
DA:39,4
DA:40,1
DA:41,1
DA:44,4
DA:45,4
DA:47,4
DA:50,3
DA:51,3
DA:53,3
DA:54,1
DA:55,1
DA:57,3
DA:58,1
DA:59,1
DA:61,3
DA:62,1
DA:63,1
DA:65,3
DA:66,1
DA:67,1
DA:70,3
DA:71,3
DA:73,3
DA:81,1
DA:82,1
DA:87,349
DA:88,3
DA:89,3
DA:91,2
DA:92,1
DA:95,1
DA:97,1
DA:98,1
DA:103,349
DA:106,343
LF:57
LH:57
BRDA:21,0,0,3
BRDA:21,1,0,3
BRDA:27,2,0,1
BRDA:27,2,1,3
BRDA:31,3,0,1
BRDA:31,3,1,3
BRDA:35,4,0,1
BRDA:35,4,1,3
BRDA:39,5,0,1
BRDA:39,5,1,3
BRDA:53,6,0,1
BRDA:53,6,1,2
BRDA:57,7,0,1
BRDA:57,7,1,2
BRDA:61,8,0,1
BRDA:61,8,1,2
BRDA:65,9,0,1
BRDA:65,9,1,2
BRDA:91,10,0,1
BRDA:91,10,1,1
BRF:20
BRH:20
end_of_record
TN:
SF:routes/inventory.js
FN:4,registerInventoryRoutes
FN:6,(anonymous_1)
FN:56,(anonymous_2)
FN:119,(anonymous_3)
FN:142,(anonymous_4)
FN:173,(anonymous_5)
FN:223,(anonymous_6)
FN:241,(anonymous_7)
FN:249,(anonymous_8)
FN:361,(anonymous_9)
FN:523,(anonymous_10)
FN:556,(anonymous_11)
FN:610,(anonymous_12)
FN:683,(anonymous_13)
FN:709,(anonymous_14)
FN:733,(anonymous_15)
FN:767,(anonymous_16)
FN:808,(anonymous_17)
FN:862,(anonymous_18)
FNF:19
FNH:19
FNDA:426,registerInventoryRoutes
FNDA:6,(anonymous_1)
FNDA:6,(anonymous_2)
FNDA:2,(anonymous_3)
FNDA:4,(anonymous_4)
FNDA:7,(anonymous_5)
FNDA:3,(anonymous_6)
FNDA:51,(anonymous_7)
FNDA:8,(anonymous_8)
FNDA:13,(anonymous_9)
FNDA:3,(anonymous_10)
FNDA:5,(anonymous_11)
FNDA:7,(anonymous_12)
FNDA:4,(anonymous_13)
FNDA:3,(anonymous_14)
FNDA:3,(anonymous_15)
FNDA:5,(anonymous_16)
FNDA:6,(anonymous_17)
FNDA:2,(anonymous_18)
DA:2,343
DA:6,426
DA:7,6
DA:8,6
DA:9,6
DA:18,5
DA:19,4
DA:20,4
DA:24,3
DA:26,1
DA:28,4
DA:29,4
DA:33,3
DA:35,1
DA:37,4
DA:38,4
DA:42,3
DA:44,1
DA:48,5
DA:50,1
DA:51,1
DA:56,426
DA:57,6
DA:58,6
DA:59,6
DA:61,6
DA:62,2
DA:65,4
DA:66,4
DA:67,4
DA:69,4
DA:70,4
DA:72,4
DA:78,3
DA:82,3
DA:85,3
DA:86,3
DA:94,3
DA:96,1
DA:97,1
DA:99,4
DA:102,3
DA:111,3
DA:113,1
DA:114,1
DA:119,426
DA:120,2
DA:121,2
DA:123,2
DA:125,1
DA:134,1
DA:136,1
DA:137,1
DA:142,426
DA:143,4
DA:144,4
DA:153,3
DA:154,2
DA:155,2
DA:159,1
DA:161,1
DA:165,3
DA:167,1
DA:168,1
DA:173,426
DA:174,7
DA:175,7
DA:176,7
DA:179,7
DA:180,6
DA:181,1
DA:185,5
DA:186,1
DA:190,4
DA:191,2
DA:195,2
DA:196,2
DA:197,1
DA:204,3
DA:206,3
DA:215,3
DA:217,1
DA:218,1
DA:223,426
DA:224,3
DA:225,3
DA:233,2
DA:235,1
DA:236,1
DA:241,426
DA:242,51
DA:243,17
DA:244,17
DA:245,17
DA:249,426
DA:250,8
DA:251,8
DA:252,8
DA:254,8
DA:255,8
DA:256,8
DA:259,8
DA:260,8
DA:261,8
DA:263,8
DA:284,7
DA:285,7
DA:286,2
DA:287,2
DA:292,1
DA:297,7
DA:298,6
DA:299,6
DA:300,6
DA:302,6
DA:309,5
DA:310,5
DA:313,5
DA:317,5
DA:318,2
DA:319,3
DA:320,2
DA:325,1
DA:328,5
DA:333,5
DA:335,1
DA:336,1
DA:340,6
DA:344,7
DA:353,7
DA:355,1
DA:356,1
DA:361,426
DA:362,13
DA:363,13
DA:364,13
DA:367,13
DA:368,12
DA:369,1
DA:373,11
DA:374,1
DA:376,10
DA:377,1
DA:379,9
DA:380,9
DA:381,9
DA:382,9
DA:383,9
DA:384,9
DA:386,9
DA:387,9
DA:388,9
DA:391,9
DA:392,9
DA:394,9
DA:397,1
DA:398,1
DA:402,8
DA:407,9
DA:409,9
DA:431,9
DA:432,9
DA:433,9
DA:436,9
DA:437,4
DA:438,4
DA:443,5
DA:444,4
DA:449,1
DA:450,0
DA:458,9
DA:459,8
DA:460,7
DA:461,7
DA:462,7
DA:464,7
DA:466,6
DA:467,6
DA:468,2
DA:469,1
DA:470,1
DA:471,1
DA:473,6
DA:477,1
DA:479,1
DA:480,1
DA:484,1
DA:485,1
DA:489,1
DA:498,8
DA:500,1
DA:501,1
DA:503,9
DA:506,9
DA:515,9
DA:517,1
DA:518,1
DA:523,426
DA:524,3
DA:525,3
DA:526,3
DA:527,2
DA:528,1
DA:529,1
DA:530,1
DA:531,1
DA:537,1
DA:546,1
DA:548,2
DA:550,1
DA:551,1
DA:556,426
DA:557,5
DA:558,5
DA:559,5
DA:560,5
DA:562,5
DA:563,4
DA:564,1
DA:565,1
DA:567,3
DA:568,3
DA:569,3
DA:570,1
DA:571,1
DA:575,2
DA:578,2
DA:581,2
DA:582,2
DA:583,2
DA:584,2
DA:585,2
DA:588,2
DA:593,2
DA:598,2
DA:599,2
DA:601,1
DA:602,1
DA:603,1
DA:605,5
DA:610,426
DA:611,7
DA:612,7
DA:613,7
DA:615,6
DA:616,5
DA:617,5
DA:619,4
DA:620,4
DA:621,4
DA:623,4
DA:626,3
DA:629,3
DA:630,3
DA:631,3
DA:632,3
DA:635,3
DA:636,3
DA:640,3
DA:641,1
DA:642,2
DA:643,1
DA:648,1
DA:651,3
DA:653,3
DA:658,3
DA:660,1
DA:661,1
DA:662,1
DA:664,4
DA:667,3
DA:676,3
DA:678,1
DA:679,1
DA:683,426
DA:684,4
DA:685,4
DA:686,4
DA:688,3
DA:689,2
DA:691,1
DA:693,1
DA:702,1
DA:704,1
DA:705,1
DA:709,426
DA:710,3
DA:711,3
DA:712,3
DA:713,2
DA:715,2
DA:724,2
DA:726,1
DA:727,1
DA:733,426
DA:734,3
DA:735,3
DA:744,2
DA:745,2
DA:746,1
DA:753,1
DA:759,2
DA:761,1
DA:762,1
DA:767,426
DA:768,5
DA:769,5
DA:770,5
DA:773,5
DA:775,5
DA:781,4
DA:782,2
DA:783,2
DA:784,3
DA:791,4
DA:800,4
DA:802,1
DA:803,1
DA:808,426
DA:809,6
DA:810,6
DA:811,6
DA:814,6
DA:817,6
DA:818,5
DA:820,5
DA:821,2
DA:824,5
DA:831,5
DA:833,1
DA:836,1
DA:837,1
DA:838,1
DA:845,5
DA:854,5
DA:856,1
DA:857,1
DA:862,426
DA:863,2
DA:864,2
DA:865,2
DA:866,1
DA:868,1
DA:877,1
DA:879,1
DA:880,1
DA:885,343
LF:347
LH:346
BRDA:61,0,0,2
BRDA:61,0,1,4
BRDA:61,1,0,6
BRDA:61,1,1,4
BRDA:69,2,0,4
BRDA:69,2,1,4
BRDA:70,3,0,4
BRDA:70,3,1,2
BRDA:82,4,0,3
BRDA:82,4,1,1
BRDA:85,5,0,1
BRDA:85,5,1,2
BRDA:180,6,0,1
BRDA:180,6,1,5
BRDA:185,7,0,1
BRDA:185,7,1,4
BRDA:185,8,0,5
BRDA:185,8,1,4
BRDA:185,8,2,3
BRDA:190,9,0,2
BRDA:190,9,1,2
BRDA:190,10,0,4
BRDA:190,10,1,3
BRDA:196,11,0,1
BRDA:196,11,1,1
BRDA:204,12,0,2
BRDA:204,12,1,1
BRDA:212,13,0,2
BRDA:212,13,1,1
BRDA:242,14,0,34
BRDA:242,14,1,17
BRDA:244,15,0,0
BRDA:244,15,1,17
BRDA:252,16,0,0
BRDA:252,16,1,8
BRDA:261,17,0,1
BRDA:261,17,1,7
BRDA:268,18,0,7
BRDA:268,18,1,1
BRDA:268,19,0,8
BRDA:268,19,1,7
BRDA:269,20,0,8
BRDA:269,20,1,8
BRDA:276,21,0,2
BRDA:276,21,1,6
BRDA:276,22,0,8
BRDA:276,22,1,2
BRDA:280,23,0,8
BRDA:280,23,1,8
BRDA:285,24,0,2
BRDA:285,24,1,5
BRDA:285,25,0,7
BRDA:285,25,1,2
BRDA:285,25,2,2
BRDA:289,26,0,2
BRDA:289,26,1,0
BRDA:297,27,0,6
BRDA:297,27,1,1
BRDA:310,28,0,5
BRDA:310,28,1,0
BRDA:317,29,0,2
BRDA:317,29,1,3
BRDA:319,30,0,2
BRDA:319,30,1,1
BRDA:319,31,0,3
BRDA:319,31,1,2
BRDA:328,32,0,5
BRDA:328,32,1,0
BRDA:368,33,0,1
BRDA:368,33,1,11
BRDA:373,34,0,1
BRDA:373,34,1,10
BRDA:373,35,0,11
BRDA:373,35,1,1
BRDA:376,36,0,1
BRDA:376,36,1,9
BRDA:376,37,0,10
BRDA:376,37,1,1
BRDA:383,38,0,0
BRDA:383,38,1,9
BRDA:384,39,0,9
BRDA:384,39,1,9
BRDA:394,40,0,1
BRDA:394,40,1,8
BRDA:397,41,0,1
BRDA:397,41,1,0
BRDA:407,42,0,9
BRDA:407,42,1,0
BRDA:407,43,0,9
BRDA:407,43,1,8
BRDA:407,44,0,0
BRDA:407,44,1,0
BRDA:414,45,0,9
BRDA:414,45,1,0
BRDA:414,46,0,9
BRDA:414,46,1,9
BRDA:415,47,0,9
BRDA:415,47,1,9
BRDA:422,48,0,1
BRDA:422,48,1,8
BRDA:422,49,0,9
BRDA:422,49,1,1
BRDA:436,50,0,4
BRDA:436,50,1,5
BRDA:436,51,0,9
BRDA:436,51,1,4
BRDA:443,52,0,4
BRDA:443,52,1,1
BRDA:443,53,0,5
BRDA:443,53,1,5
BRDA:449,54,0,0
BRDA:449,54,1,1
BRDA:449,55,0,1
BRDA:449,55,1,0
BRDA:458,56,0,8
BRDA:458,56,1,1
BRDA:460,57,0,7
BRDA:460,57,1,0
BRDA:462,58,0,5
BRDA:462,58,1,2
BRDA:464,59,0,6
BRDA:464,59,1,1
BRDA:464,60,0,7
BRDA:464,60,1,3
BRDA:467,61,0,4
BRDA:467,61,1,2
BRDA:468,62,0,1
BRDA:468,62,1,1
BRDA:468,63,0,2
BRDA:468,63,1,1
BRDA:473,64,0,6
BRDA:473,64,1,0
BRDA:477,65,0,1
BRDA:477,65,1,0
BRDA:479,66,0,1
BRDA:479,66,1,0
BRDA:479,67,0,1
BRDA:479,67,1,0
BRDA:479,67,2,1
BRDA:480,68,0,0
BRDA:480,68,1,1
BRDA:481,69,0,0
BRDA:481,69,1,0
BRDA:484,70,0,1
BRDA:484,70,1,0
BRDA:527,71,0,1
BRDA:527,71,1,1
BRDA:563,72,0,1
BRDA:563,72,1,3
BRDA:569,73,0,1
BRDA:569,73,1,2
BRDA:582,74,0,2
BRDA:582,74,1,0
BRDA:584,75,0,1
BRDA:584,75,1,1
BRDA:585,76,0,2
BRDA:585,76,1,0
BRDA:615,77,0,1
BRDA:615,77,1,5
BRDA:617,78,0,1
BRDA:617,78,1,4
BRDA:630,79,0,3
BRDA:630,79,1,0
BRDA:632,80,0,2
BRDA:632,80,1,1
BRDA:640,81,0,1
BRDA:640,81,1,2
BRDA:642,82,0,1
BRDA:642,82,1,1
BRDA:642,83,0,2
BRDA:642,83,1,1
BRDA:651,84,0,3
BRDA:651,84,1,0
BRDA:651,85,0,0
BRDA:651,85,1,3
BRDA:688,86,0,1
BRDA:688,86,1,2
BRDA:689,87,0,1
BRDA:689,87,1,1
BRDA:713,88,0,2
BRDA:713,88,1,1
BRDA:770,89,0,1
BRDA:770,89,1,4
BRDA:773,90,0,1
BRDA:773,90,1,4
BRDA:781,91,0,2
BRDA:781,91,1,2
BRDA:782,92,0,1
BRDA:782,92,1,1
BRDA:787,93,0,3
BRDA:787,93,1,1
BRDA:797,94,0,4
BRDA:797,94,1,0
BRDA:814,95,0,0
BRDA:814,95,1,6
BRDA:820,96,0,2
BRDA:820,96,1,3
BRDA:831,97,0,1
BRDA:831,97,1,4
BRDA:836,98,0,0
BRDA:836,98,1,1
BRDA:841,99,0,1
BRDA:841,99,1,0
BRDA:851,100,0,5
BRDA:851,100,1,0
BRF:205
BRH:173
end_of_record
TN:
SF:routes/password-reset.js
FN:4,isValidEmail
FN:11,generateSixDigitCode
FN:16,buildResetCodeEmailHtml
FN:52,registerPasswordResetRoutes
FN:62,(anonymous_4)
FN:107,(anonymous_5)
FN:150,(anonymous_6)
FNF:7
FNH:7
FNDA:27,isValidEmail
FNDA:2,generateSixDigitCode
FNDA:2,buildResetCodeEmailHtml
FNDA:358,registerPasswordResetRoutes
FNDA:6,(anonymous_4)
FNDA:8,(anonymous_5)
FNDA:10,(anonymous_6)
DA:1,343
DA:2,343
DA:5,27
DA:6,26
DA:7,26
DA:8,21
DA:12,2
DA:13,2
DA:17,2
DA:18,2
DA:19,2
DA:20,2
DA:21,2
DA:23,2
DA:54,358
DA:62,358
DA:63,6
DA:64,6
DA:65,2
DA:68,4
DA:69,1
DA:70,1
DA:73,3
DA:74,3
DA:76,2
DA:78,1
DA:81,1
DA:82,1
DA:84,1
DA:90,1
DA:92,1
DA:99,1
DA:100,1
DA:102,1
DA:103,1
DA:107,358
DA:108,8
DA:109,8
DA:110,8
DA:111,5
DA:113,4
DA:114,4
DA:125,3
DA:127,2
DA:128,2
DA:129,2
DA:131,1
DA:132,1
DA:134,1
DA:143,1
DA:145,1
DA:146,1
DA:150,358
DA:151,10
DA:152,10
DA:153,10
DA:155,10
DA:156,8
DA:157,7
DA:159,5
DA:160,5
DA:172,4
DA:174,3
DA:175,3
DA:176,3
DA:178,2
DA:179,2
DA:180,2
DA:182,1
DA:184,1
DA:186,1
DA:187,1
DA:192,343
DA:198,343
LF:74
LH:74
BRDA:5,0,0,1
BRDA:5,0,1,26
BRDA:7,1,0,5
BRDA:7,1,1,21
BRDA:63,2,0,5
BRDA:63,2,1,1
BRDA:64,3,0,2
BRDA:64,3,1,4
BRDA:68,4,0,1
BRDA:68,4,1,3
BRDA:68,5,0,4
BRDA:68,5,1,3
BRDA:76,6,0,1
BRDA:76,6,1,1
BRDA:108,7,0,7
BRDA:108,7,1,1
BRDA:109,8,0,7
BRDA:109,8,1,1
BRDA:110,9,0,3
BRDA:110,9,1,5
BRDA:111,10,0,1
BRDA:111,10,1,4
BRDA:125,11,0,1
BRDA:125,11,1,2
BRDA:129,12,0,1
BRDA:129,12,1,1
BRDA:151,13,0,9
BRDA:151,13,1,1
BRDA:152,14,0,9
BRDA:152,14,1,1
BRDA:153,15,0,9
BRDA:153,15,1,1
BRDA:155,16,0,2
BRDA:155,16,1,8
BRDA:156,17,0,1
BRDA:156,17,1,7
BRDA:157,18,0,2
BRDA:157,18,1,5
BRDA:172,19,0,1
BRDA:172,19,1,3
BRDA:176,20,0,1
BRDA:176,20,1,2
BRDA:180,21,0,1
BRDA:180,21,1,1
BRF:44
BRH:44
end_of_record
TN:
SF:routes/products.js
FN:3,registerProductRoutes
FN:9,(anonymous_1)
FN:85,(anonymous_2)
FN:96,(anonymous_3)
FN:163,(anonymous_4)
FN:169,(anonymous_5)
FN:209,(anonymous_6)
FN:261,(anonymous_7)
FN:332,(anonymous_8)
FNF:9
FNH:9
FNDA:373,registerProductRoutes
FNDA:5,(anonymous_1)
FNDA:8,(anonymous_2)
FNDA:6,(anonymous_3)
FNDA:5,(anonymous_4)
FNDA:4,(anonymous_5)
FNDA:6,(anonymous_6)
FNDA:10,(anonymous_7)
FNDA:8,(anonymous_8)
DA:1,343
DA:3,343
DA:5,373
DA:10,5
DA:11,5
DA:12,5
DA:13,5
DA:15,5
DA:16,5
DA:19,3
DA:40,3
DA:41,3
DA:43,3
DA:44,1
DA:45,1
DA:46,1
DA:48,2
DA:49,2
DA:52,3
DA:53,3
DA:55,3
DA:57,3
DA:61,3
DA:63,3
DA:65,3
DA:75,2
DA:76,2
DA:81,373
DA:87,8
DA:89,8
DA:90,2
DA:96,6
DA:97,6
DA:98,2
DA:99,2
DA:100,1
DA:103,6
DA:106,6
DA:108,6
DA:109,6
DA:126,5
DA:128,5
DA:137,5
DA:153,1
DA:154,1
DA:159,373
DA:164,5
DA:166,5
DA:169,5
DA:170,4
DA:171,2
DA:172,2
DA:173,1
DA:176,5
DA:177,5
DA:180,5
DA:182,4
DA:186,4
DA:188,4
DA:197,4
DA:199,1
DA:200,1
DA:205,373
DA:210,6
DA:212,6
DA:213,6
DA:215,6
DA:219,5
DA:220,2
DA:221,2
DA:224,3
DA:226,3
DA:228,3
DA:232,3
DA:235,3
DA:236,3
DA:238,3
DA:240,3
DA:249,3
DA:251,1
DA:252,1
DA:257,373
DA:262,10
DA:264,10
DA:265,2
DA:268,8
DA:269,8
DA:270,8
DA:272,8
DA:276,7
DA:277,1
DA:278,1
DA:280,6
DA:281,6
DA:282,6
DA:284,6
DA:285,2
DA:286,2
DA:287,4
DA:288,3
DA:289,2
DA:290,2
DA:292,1
DA:293,1
DA:295,1
DA:296,1
DA:299,3
DA:304,3
DA:316,3
DA:317,3
DA:319,1
DA:320,1
DA:321,1
DA:323,8
DA:328,373
DA:333,8
DA:335,8
DA:336,2
DA:339,6
DA:340,6
DA:341,6
DA:342,6
DA:344,6
DA:345,7
DA:346,7
DA:348,7
DA:349,6
DA:356,5
DA:357,5
DA:358,5
DA:359,5
DA:360,5
DA:361,5
DA:364,5
DA:365,5
DA:367,1
DA:373,4
DA:374,4
DA:380,5
DA:385,5
DA:399,5
DA:400,5
DA:402,1
DA:403,1
DA:404,1
DA:406,6
LF:146
LH:146
BRDA:10,0,0,5
BRDA:10,0,1,1
BRDA:11,1,0,5
BRDA:11,1,1,1
BRDA:12,2,0,5
BRDA:12,2,1,4
BRDA:43,3,0,1
BRDA:43,3,1,2
BRDA:59,4,0,1
BRDA:59,4,1,2
BRDA:89,5,0,2
BRDA:89,5,1,6
BRDA:89,6,0,8
BRDA:89,6,1,6
BRDA:97,7,0,4
BRDA:97,7,1,2
BRDA:99,8,0,1
BRDA:99,8,1,1
BRDA:106,9,0,1
BRDA:106,9,1,5
BRDA:114,10,0,6
BRDA:114,10,1,4
BRDA:115,11,0,6
BRDA:115,11,1,4
BRDA:116,12,0,6
BRDA:116,12,1,5
BRDA:117,13,0,6
BRDA:117,13,1,6
BRDA:118,14,0,6
BRDA:118,14,1,5
BRDA:120,15,0,6
BRDA:120,15,1,6
BRDA:121,16,0,6
BRDA:121,16,1,6
BRDA:122,17,0,6
BRDA:122,17,1,6
BRDA:144,18,0,5
BRDA:144,18,1,5
BRDA:148,19,0,5
BRDA:148,19,1,5
BRDA:149,20,0,5
BRDA:149,20,1,5
BRDA:170,21,0,2
BRDA:170,21,1,2
BRDA:172,22,0,1
BRDA:172,22,1,1
BRDA:184,23,0,4
BRDA:184,23,1,4
BRDA:184,24,0,4
BRDA:184,24,1,4
BRDA:184,25,0,4
BRDA:184,25,1,4
BRDA:184,26,0,4
BRDA:184,26,1,4
BRDA:194,27,0,4
BRDA:194,27,1,4
BRDA:219,28,0,2
BRDA:219,28,1,3
BRDA:235,29,0,3
BRDA:235,29,1,1
BRDA:264,30,0,2
BRDA:264,30,1,8
BRDA:264,31,0,10
BRDA:264,31,1,10
BRDA:264,31,2,8
BRDA:276,32,0,1
BRDA:276,32,1,6
BRDA:284,33,0,2
BRDA:284,33,1,4
BRDA:287,34,0,3
BRDA:287,34,1,1
BRDA:288,35,0,2
BRDA:288,35,1,1
BRDA:312,36,0,3
BRDA:312,36,1,1
BRDA:335,37,0,2
BRDA:335,37,1,6
BRDA:335,38,0,8
BRDA:335,38,1,8
BRDA:348,39,0,6
BRDA:348,39,1,1
BRDA:357,40,0,5
BRDA:357,40,1,4
BRDA:359,41,0,1
BRDA:359,41,1,4
BRDA:360,42,0,5
BRDA:360,42,1,4
BRDA:365,43,0,1
BRDA:365,43,1,4
BRDA:381,44,0,1
BRDA:381,44,1,4
BRDA:393,45,0,5
BRDA:393,45,1,1
BRF:93
BRH:93
end_of_record
TN:
SF:routes/profile.js
FN:1,registerProfileRoutes
FN:3,(anonymous_1)
FN:22,(anonymous_2)
FN:53,(anonymous_3)
FNF:4
FNH:4
FNDA:355,registerProfileRoutes
FNDA:4,(anonymous_1)
FNDA:7,(anonymous_2)
FNDA:8,(anonymous_3)
DA:1,343
DA:3,355
DA:4,4
DA:5,4
DA:10,3
DA:11,1
DA:14,2
DA:16,1
DA:17,1
DA:22,355
DA:23,7
DA:25,7
DA:26,2
DA:29,5
DA:31,5
DA:36,4
DA:37,2
DA:40,2
DA:45,2
DA:47,1
DA:48,1
DA:53,355
DA:54,8
DA:56,8
DA:57,1
DA:60,7
DA:61,1
DA:64,6
DA:66,6
DA:68,5
DA:69,1
DA:72,4
DA:75,4
DA:76,4
DA:77,2
DA:81,2
DA:84,2
DA:86,2
DA:88,1
DA:89,1
LF:40
LH:40
BRDA:10,0,0,1
BRDA:10,0,1,2
BRDA:25,1,0,2
BRDA:25,1,1,5
BRDA:25,2,0,7
BRDA:25,2,1,7
BRDA:36,3,0,2
BRDA:36,3,1,2
BRDA:56,4,0,1
BRDA:56,4,1,7
BRDA:56,5,0,8
BRDA:56,5,1,8
BRDA:60,6,0,1
BRDA:60,6,1,6
BRDA:68,7,0,1
BRDA:68,7,1,4
BRDA:76,8,0,2
BRDA:76,8,1,2
BRF:18
BRH:18
end_of_record
TN:
SF:routes/reports.js
FN:1,registerReportRoutes
FN:6,(anonymous_1)
FN:93,(anonymous_2)
FN:135,(anonymous_3)
FN:176,(anonymous_4)
FN:190,(anonymous_5)
FN:237,(anonymous_6)
FN:289,(anonymous_7)
FN:312,(anonymous_8)
FN:327,(anonymous_9)
FN:329,(anonymous_10)
FN:333,(anonymous_11)
FN:343,(anonymous_12)
FN:365,(anonymous_13)
FN:435,(anonymous_14)
FN:488,(anonymous_15)
FNF:16
FNH:16
FNDA:379,registerReportRoutes
FNDA:5,(anonymous_1)
FNDA:3,(anonymous_2)
FNDA:9,(anonymous_3)
FNDA:13,(anonymous_4)
FNDA:12,(anonymous_5)
FNDA:4,(anonymous_6)
FNDA:7,(anonymous_7)
FNDA:6,(anonymous_8)
FNDA:6,(anonymous_9)
FNDA:12,(anonymous_10)
FNDA:6,(anonymous_11)
FNDA:5,(anonymous_12)
FNDA:4,(anonymous_13)
FNDA:5,(anonymous_14)
FNDA:4,(anonymous_15)
DA:1,343
DA:2,379
DA:7,5
DA:9,5
DA:10,2
DA:13,3
DA:14,3
DA:16,2
DA:20,2
DA:22,2
DA:32,2
DA:34,2
DA:44,2
DA:45,2
DA:47,2
DA:49,2
DA:51,2
DA:82,1
DA:83,1
DA:89,379
DA:94,3
DA:95,3
DA:96,1
DA:99,2
DA:100,2
DA:101,1
DA:102,1
DA:105,1
DA:117,1
DA:119,1
DA:124,1
DA:125,1
DA:131,379
DA:136,9
DA:137,9
DA:138,9
DA:139,9
DA:140,9
DA:142,9
DA:143,9
DA:146,8
DA:159,8
DA:173,8
DA:174,8
DA:176,8
DA:177,13
DA:180,13
DA:181,7
DA:182,6
DA:183,5
DA:187,8
DA:190,12
DA:191,8
DA:193,4
DA:194,2
DA:195,1
DA:197,1
DA:200,2
DA:201,1
DA:203,1
DA:208,4
DA:219,8
DA:221,8
DA:226,1
DA:227,1
DA:233,379
DA:238,4
DA:239,4
DA:240,4
DA:241,4
DA:242,4
DA:244,4
DA:245,4
DA:247,3
DA:257,3
DA:259,3
DA:260,1
DA:261,1
DA:264,3
DA:266,3
DA:269,3
DA:271,3
DA:273,3
DA:279,1
DA:280,1
DA:285,379
DA:290,7
DA:292,7
DA:293,2
DA:298,5
DA:299,5
DA:301,4
DA:312,6
DA:313,4
DA:314,4
DA:315,3
DA:324,3
DA:327,6
DA:329,12
DA:332,4
DA:333,4
DA:334,6
DA:335,6
DA:336,5
DA:338,6
DA:341,4
DA:343,5
DA:348,4
DA:350,4
DA:355,1
DA:356,1
DA:361,379
DA:366,4
DA:367,4
DA:369,3
DA:372,3
DA:374,3
DA:377,3
DA:379,3
DA:381,3
DA:383,3
DA:384,3
DA:386,3
DA:388,3
DA:391,3
DA:393,3
DA:400,3
DA:402,3
DA:404,3
DA:406,3
DA:408,3
DA:428,1
DA:429,1
DA:435,379
DA:436,5
DA:437,5
DA:438,5
DA:439,4
DA:448,4
DA:449,4
DA:450,1
DA:451,1
DA:453,4
DA:454,4
DA:455,4
DA:458,4
DA:459,4
DA:460,4
DA:461,3
DA:469,4
DA:470,3
DA:480,4
DA:482,1
DA:483,1
DA:488,379
DA:489,4
DA:490,4
DA:491,1
DA:495,3
DA:496,3
DA:497,3
DA:498,6
DA:499,6
DA:502,3
DA:503,1
DA:506,2
DA:507,2
DA:508,2
DA:510,2
DA:511,2
DA:513,1
DA:514,1
DA:516,1
DA:517,1
DA:518,1
DA:520,2
LF:176
LH:176
BRDA:9,0,0,2
BRDA:9,0,1,3
BRDA:9,1,0,5
BRDA:9,1,1,3
BRDA:20,2,0,2
BRDA:20,2,1,1
BRDA:32,3,0,2
BRDA:32,3,1,1
BRDA:44,4,0,2
BRDA:44,4,1,1
BRDA:68,5,0,2
BRDA:68,5,1,1
BRDA:77,6,0,2
BRDA:77,6,1,1
BRDA:95,7,0,1
BRDA:95,7,1,2
BRDA:95,8,0,3
BRDA:95,8,1,2
BRDA:137,9,0,8
BRDA:137,9,1,1
BRDA:138,10,0,8
BRDA:138,10,1,1
BRDA:177,11,0,6
BRDA:177,11,1,7
BRDA:180,12,0,7
BRDA:180,12,1,6
BRDA:182,13,0,5
BRDA:182,13,1,1
BRDA:191,14,0,4
BRDA:191,14,1,4
BRDA:193,15,0,2
BRDA:193,15,1,2
BRDA:194,16,0,1
BRDA:194,16,1,1
BRDA:200,17,0,1
BRDA:200,17,1,1
BRDA:214,18,0,1
BRDA:214,18,1,3
BRDA:215,19,0,3
BRDA:215,19,1,1
BRDA:239,20,0,3
BRDA:239,20,1,1
BRDA:240,21,0,3
BRDA:240,21,1,1
BRDA:259,22,0,1
BRDA:259,22,1,2
BRDA:292,23,0,2
BRDA:292,23,1,5
BRDA:292,24,0,7
BRDA:292,24,1,5
BRDA:314,25,0,3
BRDA:314,25,1,1
BRDA:335,26,0,5
BRDA:335,26,1,1
BRDA:372,27,0,3
BRDA:372,27,1,1
BRDA:377,28,0,3
BRDA:377,28,1,1
BRDA:391,29,0,3
BRDA:391,29,1,1
BRDA:400,30,0,3
BRDA:400,30,1,1
BRDA:449,31,0,1
BRDA:449,31,1,3
BRDA:449,32,0,4
BRDA:449,32,1,1
BRDA:460,33,0,3
BRDA:460,33,1,1
BRDA:469,34,0,3
BRDA:469,34,1,1
BRDA:472,35,0,3
BRDA:472,35,1,1
BRDA:473,36,0,3
BRDA:473,36,1,2
BRDA:490,37,0,1
BRDA:490,37,1,3
BRDA:490,38,0,4
BRDA:490,38,1,4
BRDA:490,38,2,3
BRDA:490,38,3,3
BRDA:490,38,4,3
BRDA:498,39,0,6
BRDA:498,39,1,3
BRDA:499,40,0,6
BRDA:499,40,1,3
BRDA:502,41,0,1
BRDA:502,41,1,2
BRF:87
BRH:87
end_of_record
TN:
SF:routes/returns.js
FN:3,(anonymous_0)
FN:17,registerReturnRoutes
FN:23,(anonymous_2)
FN:46,(anonymous_3)
FN:61,(anonymous_4)
FN:86,(anonymous_5)
FN:149,(anonymous_6)
FN:206,(anonymous_7)
FN:340,(anonymous_8)
FN:357,(anonymous_9)
FN:388,(anonymous_10)
FN:442,(anonymous_11)
FN:576,(anonymous_12)
FN:640,(anonymous_13)
FN:656,(anonymous_14)
FNF:15
FNH:15
FNDA:17,(anonymous_0)
FNDA:408,registerReturnRoutes
FNDA:16,(anonymous_2)
FNDA:12,(anonymous_3)
FNDA:6,(anonymous_4)
FNDA:4,(anonymous_5)
FNDA:26,(anonymous_6)
FNDA:16,(anonymous_7)
FNDA:3,(anonymous_8)
FNDA:3,(anonymous_9)
FNDA:4,(anonymous_10)
FNDA:18,(anonymous_11)
FNDA:6,(anonymous_12)
FNDA:3,(anonymous_13)
FNDA:3,(anonymous_14)
DA:1,343
DA:3,343
DA:4,17
DA:8,17
DA:9,17
DA:10,1
DA:11,1
DA:12,1
DA:14,17
DA:17,343
DA:23,408
DA:25,16
DA:28,16
DA:31,10
DA:36,10
DA:38,10
DA:42,10
DA:46,408
DA:47,12
DA:51,12
DA:53,10
DA:57,10
DA:61,408
DA:62,6
DA:63,6
DA:64,6
DA:67,5
DA:77,4
DA:79,3
DA:86,4
DA:88,3
DA:89,3
DA:91,4
DA:97,4
DA:100,4
DA:101,4
DA:102,3
DA:106,3
DA:108,1
DA:112,1
DA:115,4
DA:117,4
DA:132,3
DA:143,1
DA:144,1
DA:149,408
DA:150,26
DA:152,26
DA:153,2
DA:156,24
DA:157,1
DA:160,23
DA:161,1
DA:164,22
DA:165,22
DA:166,22
DA:169,22
DA:170,22
DA:171,2
DA:172,2
DA:173,1
DA:177,21
DA:181,20
DA:183,19
DA:186,19
DA:187,17
DA:188,1
DA:192,16
DA:195,16
DA:196,16
DA:198,16
DA:199,17
DA:200,17
DA:201,1
DA:203,16
DA:206,16
DA:207,15
DA:210,14
DA:217,14
DA:218,14
DA:219,14
DA:224,13
DA:225,13
DA:230,12
DA:232,12
DA:233,12
DA:235,12
DA:248,11
DA:249,11
DA:252,11
DA:256,11
DA:259,11
DA:260,11
DA:262,11
DA:263,12
DA:269,12
DA:275,12
DA:281,12
DA:286,12
DA:287,12
DA:288,4
DA:292,11
DA:294,11
DA:295,7
DA:296,7
DA:297,7
DA:298,7
DA:299,7
DA:300,4
DA:301,2
DA:305,2
DA:306,2
DA:307,2
DA:308,2
DA:309,2
DA:310,2
DA:311,2
DA:312,2
DA:313,2
DA:314,2
DA:315,2
DA:318,11
DA:320,11
DA:329,11
DA:331,11
DA:332,11
DA:333,11
DA:335,22
DA:340,408
DA:341,3
DA:342,3
DA:349,2
DA:351,1
DA:352,1
DA:357,408
DA:358,3
DA:359,3
DA:360,3
DA:367,2
DA:369,1
DA:376,1
DA:378,1
DA:379,1
DA:388,408
DA:389,4
DA:390,4
DA:391,4
DA:393,3
DA:398,2
DA:400,1
DA:402,1
DA:411,1
DA:412,1
DA:413,2
DA:417,2
DA:418,2
DA:419,2
DA:426,1
DA:436,1
DA:437,1
DA:442,408
DA:443,18
DA:445,18
DA:446,2
DA:449,16
DA:450,1
DA:453,15
DA:454,15
DA:455,15
DA:457,15
DA:461,14
DA:462,13
DA:464,13
DA:465,13
DA:466,13
DA:467,13
DA:468,13
DA:470,13
DA:471,14
DA:472,14
DA:473,12
DA:475,11
DA:479,11
DA:480,10
DA:481,10
DA:483,9
DA:487,9
DA:488,9
DA:489,9
DA:493,8
DA:494,8
DA:496,8
DA:497,8
DA:498,8
DA:500,8
DA:501,8
DA:502,2
DA:514,8
DA:518,8
DA:519,1
DA:521,7
DA:523,7
DA:538,6
DA:539,6
DA:541,6
DA:545,6
DA:547,6
DA:548,7
DA:554,7
DA:555,7
DA:562,7
DA:569,6
DA:570,6
DA:573,6
DA:576,6
DA:577,6
DA:578,3
DA:579,2
DA:583,6
DA:584,6
DA:587,6
DA:588,4
DA:589,4
DA:591,6
DA:592,2
DA:593,2
DA:596,6
DA:599,6
DA:603,6
DA:604,6
DA:605,6
DA:609,6
DA:610,4
DA:611,4
DA:614,6
DA:615,2
DA:618,6
DA:620,6
DA:629,6
DA:631,9
DA:632,9
DA:633,9
DA:635,15
DA:640,408
DA:641,3
DA:642,3
DA:648,2
DA:650,1
DA:651,1
DA:656,408
DA:657,3
DA:658,3
DA:659,3
DA:665,2
DA:667,1
DA:674,1
DA:676,1
DA:677,1
LF:258
LH:258
BRDA:9,0,0,1
BRDA:9,0,1,16
BRDA:28,1,0,6
BRDA:28,1,1,10
BRDA:36,2,0,10
BRDA:36,2,1,1
BRDA:51,3,0,2
BRDA:51,3,1,10
BRDA:64,4,0,1
BRDA:64,4,1,5
BRDA:77,5,0,1
BRDA:77,5,1,3
BRDA:97,6,0,3
BRDA:97,6,1,1
BRDA:101,7,0,3
BRDA:101,7,1,1
BRDA:136,8,0,3
BRDA:136,8,1,1
BRDA:152,9,0,2
BRDA:152,9,1,24
BRDA:152,10,0,26
BRDA:152,10,1,26
BRDA:152,10,2,25
BRDA:156,11,0,1
BRDA:156,11,1,23
BRDA:156,12,0,24
BRDA:156,12,1,24
BRDA:160,13,0,1
BRDA:160,13,1,22
BRDA:160,14,0,23
BRDA:160,14,1,3
BRDA:170,15,0,2
BRDA:170,15,1,20
BRDA:170,16,0,22
BRDA:170,16,1,2
BRDA:172,17,0,1
BRDA:172,17,1,1
BRDA:181,18,0,1
BRDA:181,18,1,19
BRDA:187,19,0,1
BRDA:187,19,1,16
BRDA:187,20,0,17
BRDA:187,20,1,17
BRDA:187,20,2,3
BRDA:200,21,0,1
BRDA:200,21,1,16
BRDA:200,22,0,17
BRDA:200,22,1,17
BRDA:200,22,2,17
BRDA:203,23,0,1
BRDA:203,23,1,15
BRDA:207,24,0,1
BRDA:207,24,1,14
BRDA:219,25,0,1
BRDA:219,25,1,13
BRDA:225,26,0,1
BRDA:225,26,1,12
BRDA:254,27,0,11
BRDA:254,27,1,10
BRDA:287,28,0,8
BRDA:287,28,1,4
BRDA:294,29,0,7
BRDA:294,29,1,4
BRDA:296,30,0,6
BRDA:296,30,1,1
BRDA:297,31,0,2
BRDA:297,31,1,5
BRDA:300,32,0,2
BRDA:300,32,1,2
BRDA:306,33,0,1
BRDA:306,33,1,1
BRDA:307,34,0,1
BRDA:307,34,1,1
BRDA:310,35,0,2
BRDA:310,35,1,0
BRDA:312,36,0,1
BRDA:312,36,1,1
BRDA:313,37,0,1
BRDA:313,37,1,1
BRDA:367,38,0,1
BRDA:367,38,1,1
BRDA:391,39,0,1
BRDA:391,39,1,3
BRDA:398,40,0,1
BRDA:398,40,1,1
BRDA:445,41,0,2
BRDA:445,41,1,16
BRDA:445,42,0,18
BRDA:445,42,1,18
BRDA:445,42,2,17
BRDA:445,42,3,17
BRDA:445,42,4,17
BRDA:449,43,0,1
BRDA:449,43,1,15
BRDA:461,44,0,1
BRDA:461,44,1,13
BRDA:472,45,0,2
BRDA:472,45,1,12
BRDA:472,46,0,14
BRDA:472,46,1,14
BRDA:473,47,0,1
BRDA:473,47,1,11
BRDA:479,48,0,1
BRDA:479,48,1,10
BRDA:481,49,0,1
BRDA:481,49,1,9
BRDA:489,50,0,1
BRDA:489,50,1,8
BRDA:496,51,0,8
BRDA:496,51,1,1
BRDA:501,52,0,6
BRDA:501,52,1,2
BRDA:518,53,0,1
BRDA:518,53,1,7
BRDA:543,54,0,6
BRDA:543,54,1,5
BRDA:554,55,0,7
BRDA:554,55,1,0
BRDA:577,56,0,3
BRDA:577,56,1,3
BRDA:577,57,0,6
BRDA:577,57,1,4
BRDA:578,58,0,1
BRDA:578,58,1,2
BRDA:578,59,0,3
BRDA:578,59,1,2
BRDA:583,60,0,5
BRDA:583,60,1,1
BRDA:587,61,0,4
BRDA:587,61,1,2
BRDA:591,62,0,2
BRDA:591,62,1,4
BRDA:609,63,0,4
BRDA:609,63,1,2
BRDA:614,64,0,2
BRDA:614,64,1,4
BRDA:665,65,0,1
BRDA:665,65,1,1
BRF:138
BRH:136
end_of_record
TN:
SF:routes/settings.js
FN:1,registerSettingsRoutes
FN:2,(anonymous_1)
FN:9,(anonymous_2)
FN:20,(anonymous_3)
FN:44,(anonymous_4)
FN:72,(anonymous_5)
FN:98,(anonymous_6)
FNF:7
FNH:7
FNDA:361,registerSettingsRoutes
FNDA:3,(anonymous_1)
FNDA:3,(anonymous_2)
FNDA:5,(anonymous_3)
FNDA:6,(anonymous_4)
FNDA:4,(anonymous_5)
FNDA:3,(anonymous_6)
DA:1,343
DA:2,361
DA:3,3
DA:4,3
DA:5,2
DA:6,2
DA:8,2
DA:9,2
DA:10,3
DA:13,2
DA:15,1
DA:16,1
DA:20,361
DA:21,5
DA:23,5
DA:24,2
DA:27,3
DA:28,3
DA:29,2
DA:33,1
DA:34,1
DA:36,2
DA:37,2
DA:38,1
DA:40,1
DA:44,361
DA:45,6
DA:47,6
DA:48,6
DA:50,5
DA:51,3
DA:57,5
DA:58,3
DA:64,5
DA:65,5
DA:67,1
DA:68,1
DA:72,361
DA:73,4
DA:74,4
DA:76,4
DA:77,1
DA:80,3
DA:81,3
DA:82,2
DA:86,2
DA:88,2
DA:89,1
DA:91,1
DA:93,1
DA:94,1
DA:98,361
DA:99,3
DA:101,3
DA:102,3
DA:103,2
DA:107,2
DA:109,2
DA:110,1
DA:112,1
DA:114,1
DA:115,1
LF:62
LH:62
BRDA:23,0,0,2
BRDA:23,0,1,3
BRDA:23,1,0,5
BRDA:23,1,1,4
BRDA:37,2,0,1
BRDA:37,2,1,1
BRDA:50,3,0,3
BRDA:50,3,1,2
BRDA:57,4,0,3
BRDA:57,4,1,2
BRDA:76,5,0,1
BRDA:76,5,1,3
BRDA:88,6,0,1
BRDA:88,6,1,1
BRDA:109,7,0,1
BRDA:109,7,1,1
BRF:16
BRH:16
end_of_record
TN:
SF:routes/stock-forecast.js
FN:9,processBatch
FN:20,imputeMissingValues
FN:44,(anonymous_2)
FN:55,normalizeAnomalies
FN:69,(anonymous_4)
FN:73,(anonymous_5)
FN:91,prepareTimeSeries
FN:98,(anonymous_7)
FN:98,(anonymous_8)
FN:135,createSlidingWindow
FN:144,(anonymous_10)
FN:150,buildGeminiPrompt
FN:169,callGeminiAPI
FN:239,(anonymous_13)
FN:270,computeWeeklyStats
FN:276,(anonymous_15)
FN:280,(anonymous_16)
FN:282,(anonymous_17)
FN:287,computeTrendDirection
FN:296,extractJson
FN:374,validateOutput
FN:432,(anonymous_21)
FN:432,(anonymous_22)
FN:435,(anonymous_23)
FN:533,(anonymous_24)
FN:533,(anonymous_25)
FN:574,fallbackExponentialSmoothing
FN:588,roundUpToMultiple
FN:595,generateStockRecommendation
FN:605,(anonymous_29)
FN:606,(anonymous_30)
FN:745,normalizeDrugName
FN:755,loadMonthlySalesFromXlsx
FN:831,(anonymous_33)
FN:839,buildDailySeriesFromDayMap
FN:854,getDayMapRange
FN:867,diffDaysInclusive
FN:874,runWeeklyForecastJob
FN:887,(anonymous_38)
FN:946,startWeeklyForecastScheduler
FN:948,(anonymous_40)
FN:971,registerStockForecastRoutes
FN:975,(anonymous_42)
FN:996,(anonymous_43)
FN:1018,(anonymous_44)
FN:1068,(anonymous_45)
FNF:46
FNH:46
FNDA:3,processBatch
FNDA:10,imputeMissingValues
FNDA:3234,(anonymous_2)
FNDA:13,normalizeAnomalies
FNDA:16348,(anonymous_4)
FNDA:15261,(anonymous_5)
FNDA:7,prepareTimeSeries
FNDA:4,(anonymous_7)
FNDA:4,(anonymous_8)
FNDA:11,createSlidingWindow
FNDA:5532,(anonymous_10)
FNDA:10,buildGeminiPrompt
FNDA:15,callGeminiAPI
FNDA:3,(anonymous_13)
FNDA:17,computeWeeklyStats
FNDA:952,(anonymous_15)
FNDA:136,(anonymous_16)
FNDA:136,(anonymous_17)
FNDA:4,computeTrendDirection
FNDA:14,extractJson
FNDA:21,validateOutput
FNDA:3,(anonymous_21)
FNDA:3,(anonymous_22)
FNDA:1,(anonymous_23)
FNDA:30,(anonymous_24)
FNDA:210,(anonymous_25)
FNDA:10,fallbackExponentialSmoothing
FNDA:3,roundUpToMultiple
FNDA:8,generateStockRecommendation
FNDA:213,(anonymous_29)
FNDA:883,(anonymous_30)
FNDA:5,normalizeDrugName
FNDA:4,loadMonthlySalesFromXlsx
FNDA:4,(anonymous_33)
FNDA:1,buildDailySeriesFromDayMap
FNDA:3,getDayMapRange
FNDA:3,diffDaysInclusive
FNDA:10,runWeeklyForecastJob
FNDA:2,(anonymous_38)
FNDA:4,startWeeklyForecastScheduler
FNDA:6003,(anonymous_40)
FNDA:350,registerStockForecastRoutes
FNDA:2,(anonymous_42)
FNDA:13,(anonymous_43)
FNDA:4,(anonymous_44)
FNDA:10,(anonymous_45)
DA:2,344
DA:3,344
DA:4,344
DA:5,344
DA:7,344
DA:10,3
DA:11,3
DA:12,4
DA:13,4
DA:14,4
DA:15,4
DA:17,3
DA:21,10
DA:22,9
DA:24,9
DA:25,1109
DA:27,1100
DA:28,1100
DA:29,3264
DA:30,3264
DA:34,1100
DA:35,1100
DA:36,3273
DA:37,13
DA:41,1100
DA:42,11
DA:43,1089
DA:44,3234
DA:45,7
DA:46,1
DA:48,6
DA:52,9
DA:56,13
DA:58,7
DA:59,7
DA:61,7
DA:62,1116
DA:63,1116
DA:65,1113
DA:66,1113
DA:68,1113
DA:69,16348
DA:71,1113
DA:73,15261
DA:75,1112
DA:76,1112
DA:77,1112
DA:79,1112
DA:80,1112
DA:82,1112
DA:83,2
DA:84,2
DA:88,7
DA:92,7
DA:95,7
DA:96,2
DA:97,5
DA:98,4
DA:99,4
DA:100,3
DA:102,1
DA:105,1
DA:108,7
DA:109,7
DA:111,7
DA:112,7
DA:113,7
DA:114,7
DA:115,5
DA:116,5
DA:117,5
DA:120,7
DA:121,7
DA:122,1102
DA:123,1102
DA:124,1102
DA:125,1102
DA:126,1102
DA:129,7
DA:130,7
DA:132,7
DA:136,11
DA:137,11
DA:139,11
DA:141,9
DA:142,9
DA:143,791
DA:144,5532
DA:145,791
DA:147,9
DA:151,10
DA:166,10
DA:170,15
DA:181,15
DA:182,5
DA:183,5
DA:184,5
DA:187,10
DA:188,10
DA:189,10
DA:191,10
DA:192,10
DA:193,10
DA:194,10
DA:195,10
DA:196,10
DA:198,10
DA:199,16
DA:203,16
DA:204,16
DA:206,16
DA:207,16
DA:228,16
DA:233,4
DA:234,4
DA:235,4
DA:237,4
DA:238,4
DA:239,3
DA:242,4
DA:243,4
DA:244,4
DA:246,4
DA:248,12
DA:249,12
DA:250,12
DA:251,12
DA:252,2
DA:253,2
DA:254,2
DA:255,10
DA:256,2
DA:258,8
DA:260,12
DA:265,6
DA:266,6
DA:267,6
DA:271,17
DA:272,17
DA:274,15
DA:275,15
DA:276,952
DA:277,136
DA:280,136
DA:282,136
DA:283,15
DA:284,15
DA:288,4
DA:289,3
DA:290,3
DA:291,3
DA:292,3
DA:293,3
DA:297,14
DA:299,13
DA:300,13
DA:302,13
DA:307,13
DA:309,13
DA:310,13
DA:311,3
DA:314,13
DA:315,10
DA:316,10
DA:317,10
DA:318,3
DA:322,13
DA:323,7
DA:326,6
DA:333,6
DA:335,4
DA:336,4
DA:338,4
DA:339,2
DA:340,2
DA:341,1
DA:343,2
DA:344,2
DA:348,4
DA:349,4
DA:350,14
DA:351,3
DA:352,3
DA:353,1
DA:355,3
DA:356,3
DA:357,3
DA:362,4
DA:363,3
DA:367,1
DA:369,2
DA:370,2
DA:375,21
DA:376,21
DA:377,21
DA:378,21
DA:380,21
DA:382,21
DA:383,21
DA:384,14
DA:386,14
DA:387,1
DA:388,13
DA:389,13
DA:392,7
DA:395,21
DA:396,7
DA:397,7
DA:398,7
DA:401,21
DA:402,6
DA:403,6
DA:415,6
DA:416,38
DA:417,38
DA:418,2
DA:419,2
DA:420,2
DA:421,2
DA:422,2
DA:428,21
DA:429,4
DA:430,4
DA:431,4
DA:432,3
DA:434,2
DA:435,2
DA:437,2
DA:438,3
DA:439,1
DA:440,1
DA:441,1
DA:445,2
DA:446,1
DA:447,1
DA:453,21
DA:454,2
DA:455,2
DA:458,19
DA:459,19
DA:460,5
DA:462,19
DA:463,4
DA:465,19
DA:466,3
DA:467,3
DA:468,3
DA:469,3
DA:470,1
DA:471,1
DA:473,2
DA:474,2
DA:475,2
DA:476,1
DA:477,1
DA:483,19
DA:484,1
DA:487,18
DA:488,1
DA:489,1
DA:490,1
DA:494,17
DA:495,1
DA:498,16
DA:499,16
DA:501,16
DA:504,16
DA:508,16
DA:509,1
DA:512,16
DA:513,16
DA:515,16
DA:516,16
DA:518,16
DA:519,16
DA:520,16
DA:522,16
DA:523,16
DA:524,16
DA:525,16
DA:526,16
DA:527,16
DA:528,16
DA:529,16
DA:531,16
DA:532,16
DA:533,210
DA:535,15
DA:536,15
DA:538,15
DA:540,15
DA:541,15
DA:543,15
DA:544,15
DA:545,15
DA:546,15
DA:547,15
DA:548,15
DA:550,15
DA:552,15
DA:558,2
DA:559,2
DA:563,14
DA:564,1
DA:565,1
DA:568,13
DA:569,13
DA:570,13
DA:571,13
DA:575,10
DA:576,9
DA:577,9
DA:578,9
DA:579,876
DA:580,876
DA:583,9
DA:584,9
DA:585,9
DA:589,3
DA:590,3
DA:591,3
DA:592,2
DA:596,8
DA:597,8
DA:599,8
DA:600,8
DA:602,8
DA:603,8
DA:604,8
DA:605,213
DA:606,883
DA:608,8
DA:609,8
DA:610,8
DA:611,8
DA:612,8
DA:613,8
DA:614,8
DA:615,8
DA:617,8
DA:618,8
DA:633,8
DA:670,8
DA:671,2
DA:672,2
DA:674,2
DA:680,2
DA:681,1
DA:682,1
DA:683,1
DA:685,1
DA:686,1
DA:688,1
DA:689,1
DA:692,6
DA:693,6
DA:694,6
DA:697,8
DA:698,7
DA:699,1
DA:701,7
DA:704,8
DA:705,8
DA:706,8
DA:708,8
DA:736,8
DA:737,8
DA:738,8
DA:739,8
DA:740,8
DA:742,8
DA:746,5
DA:756,4
DA:757,4
DA:759,4
DA:760,3
DA:762,2
DA:763,2
DA:764,2
DA:766,2
DA:767,6
DA:768,5
DA:769,5
DA:771,4
DA:772,4
DA:774,3
DA:775,3
DA:776,3
DA:777,10
DA:778,10
DA:779,10
DA:781,10
DA:783,4
DA:784,4
DA:785,4
DA:786,1
DA:787,1
DA:788,1
DA:789,1
DA:791,4
DA:792,4
DA:797,3
DA:798,4
DA:799,4
DA:800,4
DA:801,4
DA:803,3
DA:804,3
DA:805,2
DA:806,2
DA:809,3
DA:810,4
DA:811,4
DA:812,4
DA:813,2
DA:814,2
DA:815,2
DA:816,2
DA:817,2
DA:818,2
DA:821,4
DA:822,4
DA:828,2
DA:829,2
DA:830,2
DA:831,4
DA:832,2
DA:833,2
DA:836,2
DA:840,1
DA:842,1
DA:843,3
DA:844,3
DA:845,3
DA:848,1
DA:849,1
DA:851,1
DA:855,3
DA:856,2
DA:857,2
DA:858,2
DA:859,4
DA:860,4
DA:861,3
DA:862,3
DA:864,2
DA:868,3
DA:869,2
DA:870,2
DA:871,1
DA:875,10
DA:876,10
DA:878,10
DA:880,2
DA:881,2
DA:882,2
DA:887,2
DA:888,2
DA:892,2
DA:893,2
DA:895,2
DA:910,2
DA:913,2
DA:915,2
DA:916,2
DA:938,2
DA:943,2
DA:947,4
DA:948,4
DA:949,6003
DA:950,6003
DA:953,8
DA:954,8
DA:955,8
DA:956,8
DA:957,7
DA:959,6002
DA:960,6002
DA:967,4
DA:968,4
DA:971,344
DA:972,350
DA:976,2
DA:977,2
DA:978,2
DA:983,1
DA:984,1
DA:986,1
DA:987,1
DA:992,350
DA:997,13
DA:998,13
DA:999,13
DA:1000,13
DA:1001,13
DA:1002,1
DA:1003,1
DA:1005,13
DA:1006,13
DA:1007,12
DA:1009,1
DA:1014,350
DA:1019,4
DA:1020,4
DA:1021,4
DA:1022,4
DA:1051,4
DA:1052,1
DA:1053,1
DA:1055,4
DA:1056,4
DA:1057,3
DA:1059,1
DA:1064,350
DA:1069,10
DA:1071,10
DA:1072,2
DA:1075,8
DA:1076,8
DA:1079,8
DA:1080,2
DA:1083,6
DA:1085,6
DA:1090,5
DA:1091,2
DA:1094,3
DA:1096,3
DA:1123,3
DA:1125,1
DA:1126,1
DA:1132,344
DA:1133,344
DA:1134,344
DA:1135,344
DA:1136,344
DA:1137,344
DA:1138,344
DA:1139,344
DA:1140,344
DA:1141,344
DA:1142,344
DA:1143,344
DA:1145,344
LF:543
LH:543
BRDA:20,0,0,10
BRDA:21,1,0,1
BRDA:21,1,1,9
BRDA:25,2,0,9
BRDA:25,2,1,1100
BRDA:29,3,0,3264
BRDA:29,3,1,0
BRDA:36,4,0,13
BRDA:36,4,1,3260
BRDA:41,5,0,11
BRDA:41,5,1,1089
BRDA:41,6,0,1100
BRDA:41,6,1,1093
BRDA:43,7,0,1082
BRDA:43,7,1,7
BRDA:45,8,0,1
BRDA:45,8,1,6
BRDA:55,9,0,1
BRDA:56,10,0,6
BRDA:56,10,1,7
BRDA:56,11,0,13
BRDA:56,11,1,13
BRDA:63,12,0,3
BRDA:63,12,1,1113
BRDA:71,13,0,1
BRDA:71,13,1,1112
BRDA:82,14,0,2
BRDA:82,14,1,1110
BRDA:82,15,0,1112
BRDA:82,15,1,1112
BRDA:91,16,0,1
BRDA:92,17,0,6
BRDA:92,17,1,1
BRDA:95,18,0,2
BRDA:95,18,1,5
BRDA:97,19,0,4
BRDA:97,19,1,1
BRDA:97,20,0,5
BRDA:97,20,1,5
BRDA:99,21,0,3
BRDA:99,21,1,1
BRDA:112,22,0,7
BRDA:112,22,1,1
BRDA:113,23,0,7
BRDA:113,23,1,0
BRDA:114,24,0,2
BRDA:114,24,1,5
BRDA:114,25,0,7
BRDA:114,25,1,7
BRDA:116,26,0,5
BRDA:116,26,1,1
BRDA:117,27,0,5
BRDA:117,27,1,5
BRDA:117,28,0,5
BRDA:117,28,1,0
BRDA:126,29,0,5
BRDA:126,29,1,1097
BRDA:135,30,0,1
BRDA:135,31,0,9
BRDA:136,32,0,11
BRDA:136,32,1,0
BRDA:137,33,0,11
BRDA:137,33,1,0
BRDA:139,34,0,2
BRDA:139,34,1,9
BRDA:139,35,0,11
BRDA:139,35,1,11
BRDA:144,36,0,5532
BRDA:144,36,1,0
BRDA:150,37,0,1
BRDA:159,38,0,10
BRDA:159,38,1,9
BRDA:160,39,0,10
BRDA:160,39,1,9
BRDA:181,40,0,5
BRDA:181,40,1,10
BRDA:238,41,0,3
BRDA:238,41,1,1
BRDA:238,42,0,4
BRDA:238,42,1,4
BRDA:239,43,0,3
BRDA:239,43,1,0
BRDA:251,44,0,2
BRDA:251,44,1,10
BRDA:255,45,0,2
BRDA:255,45,1,8
BRDA:266,46,0,6
BRDA:266,46,1,3
BRDA:270,47,0,0
BRDA:271,48,0,17
BRDA:271,48,1,0
BRDA:272,49,0,2
BRDA:272,49,1,15
BRDA:272,50,0,17
BRDA:272,50,1,17
BRDA:276,51,0,952
BRDA:276,51,1,0
BRDA:282,52,0,15
BRDA:282,52,1,0
BRDA:288,53,0,1
BRDA:288,53,1,3
BRDA:288,54,0,4
BRDA:288,54,1,4
BRDA:293,55,0,1
BRDA:293,55,1,2
BRDA:293,56,0,1
BRDA:293,56,1,1
BRDA:297,57,0,1
BRDA:297,57,1,13
BRDA:310,58,0,3
BRDA:310,58,1,10
BRDA:314,59,0,10
BRDA:314,59,1,3
BRDA:317,60,0,3
BRDA:317,60,1,7
BRDA:317,61,0,10
BRDA:317,61,1,4
BRDA:317,61,2,3
BRDA:322,62,0,7
BRDA:322,62,1,6
BRDA:335,63,0,4
BRDA:335,63,1,0
BRDA:335,64,0,4
BRDA:335,64,1,4
BRDA:338,65,0,2
BRDA:338,65,1,2
BRDA:338,66,0,4
BRDA:338,66,1,2
BRDA:340,67,0,1
BRDA:340,67,1,1
BRDA:343,68,0,2
BRDA:343,68,1,0
BRDA:343,69,0,2
BRDA:343,69,1,2
BRDA:343,69,2,2
BRDA:350,70,0,3
BRDA:350,70,1,11
BRDA:350,71,0,14
BRDA:350,71,1,3
BRDA:352,72,0,1
BRDA:352,72,1,2
BRDA:355,73,0,3
BRDA:355,73,1,0
BRDA:355,74,0,3
BRDA:355,74,1,3
BRDA:355,74,2,3
BRDA:362,75,0,3
BRDA:362,75,1,1
BRDA:386,76,0,1
BRDA:386,76,1,13
BRDA:388,77,0,13
BRDA:388,77,1,0
BRDA:388,78,0,13
BRDA:388,78,1,13
BRDA:395,79,0,7
BRDA:395,79,1,14
BRDA:398,80,0,1
BRDA:398,80,1,6
BRDA:401,81,0,6
BRDA:401,81,1,15
BRDA:417,82,0,2
BRDA:417,82,1,36
BRDA:417,83,0,38
BRDA:417,83,1,2
BRDA:419,84,0,2
BRDA:419,84,1,0
BRDA:419,85,0,2
BRDA:419,85,1,2
BRDA:419,85,2,2
BRDA:428,86,0,4
BRDA:428,86,1,17
BRDA:431,87,0,2
BRDA:431,87,1,2
BRDA:431,88,0,4
BRDA:431,88,1,2
BRDA:432,89,0,3
BRDA:432,89,1,3
BRDA:432,89,2,3
BRDA:434,90,0,2
BRDA:434,90,1,0
BRDA:438,91,0,1
BRDA:438,91,1,2
BRDA:445,92,0,1
BRDA:445,92,1,1
BRDA:453,93,0,2
BRDA:453,93,1,19
BRDA:459,94,0,5
BRDA:459,94,1,14
BRDA:459,95,0,19
BRDA:459,95,1,14
BRDA:462,96,0,4
BRDA:462,96,1,15
BRDA:462,97,0,19
BRDA:462,97,1,15
BRDA:465,98,0,3
BRDA:465,98,1,16
BRDA:465,99,0,19
BRDA:465,99,1,16
BRDA:469,100,0,1
BRDA:469,100,1,2
BRDA:469,101,0,3
BRDA:469,101,1,1
BRDA:473,102,0,2
BRDA:473,102,1,0
BRDA:475,103,0,1
BRDA:475,103,1,1
BRDA:483,104,0,1
BRDA:483,104,1,18
BRDA:483,105,0,19
BRDA:483,105,1,18
BRDA:487,106,0,1
BRDA:487,106,1,17
BRDA:489,107,0,1
BRDA:489,107,1,0
BRDA:494,108,0,1
BRDA:494,108,1,16
BRDA:501,109,0,16
BRDA:501,109,1,16
BRDA:504,110,0,3
BRDA:504,110,1,13
BRDA:508,111,0,1
BRDA:508,111,1,15
BRDA:515,112,0,16
BRDA:515,112,1,0
BRDA:515,113,0,16
BRDA:515,113,1,0
BRDA:531,114,0,16
BRDA:531,114,1,0
BRDA:532,115,0,15
BRDA:532,115,1,1
BRDA:533,116,0,210
BRDA:533,116,1,0
BRDA:552,117,0,2
BRDA:552,117,1,13
BRDA:553,118,0,15
BRDA:553,118,1,2
BRDA:553,118,2,2
BRDA:553,118,3,2
BRDA:563,119,0,1
BRDA:563,119,1,13
BRDA:563,120,0,14
BRDA:563,120,1,13
BRDA:574,121,0,0
BRDA:575,122,0,1
BRDA:575,122,1,9
BRDA:575,123,0,10
BRDA:575,123,1,10
BRDA:576,124,0,9
BRDA:576,124,1,0
BRDA:577,125,0,8
BRDA:577,125,1,1
BRDA:579,126,0,875
BRDA:579,126,1,1
BRDA:583,127,0,9
BRDA:583,127,1,0
BRDA:591,128,0,1
BRDA:591,128,1,2
BRDA:596,129,0,8
BRDA:596,129,1,0
BRDA:597,130,0,8
BRDA:597,130,1,0
BRDA:599,131,0,8
BRDA:599,131,1,0
BRDA:602,132,0,8
BRDA:602,132,1,6
BRDA:605,133,0,213
BRDA:605,133,1,0
BRDA:606,134,0,883
BRDA:606,134,1,0
BRDA:615,135,0,2
BRDA:615,135,1,6
BRDA:615,136,0,8
BRDA:615,136,1,4
BRDA:660,137,0,1
BRDA:660,137,1,7
BRDA:680,138,0,1
BRDA:680,138,1,1
BRDA:685,139,0,1
BRDA:685,139,1,0
BRDA:685,140,0,1
BRDA:685,140,1,1
BRDA:693,141,0,6
BRDA:693,141,1,0
BRDA:697,142,0,7
BRDA:697,142,1,1
BRDA:698,143,0,1
BRDA:698,143,1,6
BRDA:698,144,0,7
BRDA:698,144,1,2
BRDA:705,145,0,8
BRDA:705,145,1,7
BRDA:706,146,0,1
BRDA:706,146,1,7
BRDA:717,147,0,8
BRDA:717,147,1,7
BRDA:718,148,0,1
BRDA:718,148,1,7
BRDA:727,149,0,1
BRDA:727,149,1,7
BRDA:727,150,0,8
BRDA:727,150,1,1
BRDA:728,151,0,1
BRDA:728,151,1,7
BRDA:746,152,0,5
BRDA:746,152,1,1
BRDA:759,153,0,1
BRDA:759,153,1,3
BRDA:760,154,0,1
BRDA:760,154,1,2
BRDA:767,155,0,1
BRDA:767,155,1,5
BRDA:769,156,0,1
BRDA:769,156,1,4
BRDA:772,157,0,1
BRDA:772,157,1,3
BRDA:772,158,0,4
BRDA:772,158,1,4
BRDA:774,159,0,3
BRDA:774,159,1,0
BRDA:778,160,0,10
BRDA:778,160,1,0
BRDA:781,161,0,4
BRDA:781,161,1,6
BRDA:781,162,0,10
BRDA:781,162,1,7
BRDA:785,163,0,1
BRDA:785,163,1,3
BRDA:798,164,0,4
BRDA:798,164,1,0
BRDA:801,165,0,1
BRDA:801,165,1,3
BRDA:804,166,0,2
BRDA:804,166,1,1
BRDA:812,167,0,2
BRDA:812,167,1,2
BRDA:814,168,0,2
BRDA:814,168,1,0
BRDA:814,169,0,2
BRDA:814,169,1,2
BRDA:817,170,0,2
BRDA:817,170,1,0
BRDA:821,171,0,4
BRDA:821,171,1,0
BRDA:821,172,0,4
BRDA:821,172,1,4
BRDA:822,173,0,4
BRDA:822,173,1,4
BRDA:830,174,0,2
BRDA:830,174,1,0
BRDA:845,175,0,2
BRDA:845,175,1,1
BRDA:855,176,0,1
BRDA:855,176,1,2
BRDA:855,177,0,3
BRDA:855,177,1,3
BRDA:860,178,0,1
BRDA:860,178,1,3
BRDA:861,179,0,2
BRDA:861,179,1,1
BRDA:861,180,0,3
BRDA:861,180,1,1
BRDA:862,181,0,3
BRDA:862,181,1,0
BRDA:862,182,0,3
BRDA:862,182,1,1
BRDA:868,183,0,1
BRDA:868,183,1,2
BRDA:868,184,0,3
BRDA:868,184,1,2
BRDA:870,185,0,1
BRDA:870,185,1,1
BRDA:870,186,0,2
BRDA:870,186,1,2
BRDA:874,187,0,0
BRDA:875,188,0,3
BRDA:875,188,1,7
BRDA:876,189,0,3
BRDA:876,189,1,7
BRDA:893,190,0,2
BRDA:893,190,1,0
BRDA:902,191,0,2
BRDA:902,191,1,0
BRDA:903,192,0,2
BRDA:903,192,1,0
BRDA:913,193,0,2
BRDA:913,193,1,0
BRDA:928,194,0,2
BRDA:928,194,1,0
BRDA:929,195,0,2
BRDA:929,195,1,0
BRDA:930,196,0,2
BRDA:930,196,1,0
BRDA:931,197,0,2
BRDA:931,197,1,0
BRDA:931,197,2,0
BRDA:932,198,0,2
BRDA:932,198,1,2
BRDA:933,199,0,2
BRDA:933,199,1,2
BRDA:943,200,0,2
BRDA:943,200,1,0
BRDA:946,201,0,0
BRDA:947,202,0,3
BRDA:947,202,1,1
BRDA:953,203,0,2
BRDA:953,203,1,6
BRDA:955,204,0,8
BRDA:955,204,1,2
BRDA:956,205,0,1
BRDA:956,205,1,7
BRDA:962,206,0,6002
BRDA:962,206,1,0
BRDA:997,207,0,13
BRDA:997,207,1,12
BRDA:1001,208,0,1
BRDA:1001,208,1,12
BRDA:1007,209,0,12
BRDA:1007,209,1,0
BRDA:1019,210,0,4
BRDA:1019,210,1,3
BRDA:1051,211,0,1
BRDA:1051,211,1,3
BRDA:1057,212,0,3
BRDA:1057,212,1,0
BRDA:1071,213,0,2
BRDA:1071,213,1,8
BRDA:1071,214,0,10
BRDA:1071,214,1,10
BRDA:1079,215,0,2
BRDA:1079,215,1,6
BRDA:1079,216,0,8
BRDA:1079,216,1,8
BRDA:1090,217,0,2
BRDA:1090,217,1,3
BRDA:1102,218,0,3
BRDA:1102,218,1,0
BRDA:1103,219,0,3
BRDA:1103,219,1,0
BRF:438
BRH:380
end_of_record
TN:
SF:routes/suppliers.js
FN:1,registerSupplierRoutes
FN:6,(anonymous_1)
FN:94,(anonymous_2)
FN:144,(anonymous_3)
FN:177,(anonymous_4)
FN:211,(anonymous_5)
FNF:6
FNH:6
FNDA:342,registerSupplierRoutes
FNDA:5,(anonymous_1)
FNDA:4,(anonymous_2)
FNDA:5,(anonymous_3)
FNDA:3,(anonymous_4)
FNDA:3,(anonymous_5)
DA:1,342
DA:2,342
DA:7,5
DA:8,5
DA:9,5
DA:12,4
DA:13,4
DA:14,1
DA:15,1
DA:19,3
DA:25,3
DA:34,3
DA:35,2
DA:36,2
DA:40,1
DA:42,1
DA:47,3
DA:57,3
DA:58,3
DA:59,1
DA:66,1
DA:73,1
DA:76,3
DA:78,3
DA:85,1
DA:86,1
DA:90,342
DA:95,4
DA:96,4
DA:97,4
DA:98,4
DA:100,4
DA:101,4
DA:102,3
DA:103,3
DA:104,3
DA:106,3
DA:107,1
DA:108,1
DA:109,1
DA:112,3
DA:113,3
DA:115,3
DA:116,3
DA:120,3
DA:122,3
DA:124,3
DA:134,1
DA:135,1
DA:140,342
DA:145,5
DA:146,5
DA:148,3
DA:149,3
DA:154,2
DA:163,2
DA:167,1
DA:168,1
DA:173,342
DA:178,3
DA:179,3
DA:181,3
DA:183,3
DA:185,2
DA:190,2
DA:199,2
DA:201,1
DA:202,1
DA:207,342
DA:212,3
DA:214,3
DA:216,3
DA:218,2
DA:220,2
DA:229,2
DA:231,1
DA:232,1
LF:77
LH:77
BRDA:13,0,0,1
BRDA:13,0,1,3
BRDA:95,1,0,4
BRDA:95,1,1,1
BRDA:96,2,0,4
BRDA:96,2,1,1
BRDA:97,3,0,4
BRDA:97,3,1,3
BRDA:106,4,0,1
BRDA:106,4,1,2
BRDA:118,5,0,1
BRDA:118,5,1,2
BRDA:146,6,0,2
BRDA:146,6,1,3
BRDA:196,7,0,2
BRDA:196,7,1,2
BRDA:226,8,0,2
BRDA:226,8,1,2
BRF:18
BRH:18
end_of_record
TN:
SF:routes/transactions.js
FN:4,registerTransactionRoutes
FN:15,(anonymous_1)
FN:191,(anonymous_2)
FN:359,(anonymous_3)
FN:528,(anonymous_4)
FNF:5
FNH:5
FNDA:381,registerTransactionRoutes
FNDA:10,(anonymous_1)
FNDA:16,(anonymous_2)
FNDA:18,(anonymous_3)
FNDA:3,(anonymous_4)
DA:1,343
DA:2,343
DA:4,343
DA:5,381
DA:11,381
DA:17,10
DA:19,10
DA:20,2
DA:23,8
DA:24,8
DA:25,8
DA:27,8
DA:28,8
DA:30,8
DA:34,7
DA:37,7
DA:38,7
DA:39,7
DA:40,7
DA:41,7
DA:43,7
DA:44,8
DA:50,8
DA:51,8
DA:52,5
DA:53,5
DA:54,5
DA:55,5
DA:57,5
DA:58,5
DA:59,3
DA:60,3
DA:62,2
DA:63,2
DA:67,8
DA:69,5
DA:72,5
DA:77,5
DA:78,3
DA:80,2
DA:83,2
DA:88,2
DA:92,5
DA:100,7
DA:101,4
DA:107,4
DA:108,4
DA:111,4
DA:116,4
DA:117,4
DA:118,4
DA:120,4
DA:121,1
DA:122,1
DA:125,4
DA:126,4
DA:127,4
DA:129,4
DA:130,3
DA:131,3
DA:133,4
DA:134,1
DA:135,1
DA:138,4
DA:141,7
DA:142,2
DA:152,2
DA:153,2
DA:155,2
DA:157,2
DA:166,2
DA:168,5
DA:170,5
DA:179,5
DA:182,1
DA:183,1
DA:184,1
DA:186,8
DA:191,381
DA:192,16
DA:193,16
DA:194,16
DA:196,16
DA:201,15
DA:202,2
DA:205,13
DA:207,13
DA:209,13
DA:210,13
DA:212,13
DA:214,13
DA:215,3
DA:216,1
DA:217,2
DA:218,1
DA:220,10
DA:221,6
DA:222,4
DA:223,1
DA:224,3
DA:225,1
DA:226,2
DA:227,1
DA:230,13
DA:232,13
DA:237,13
DA:238,6
DA:243,6
DA:244,6
DA:245,6
DA:246,6
DA:247,6
DA:249,6
DA:251,6
DA:254,6
DA:259,6
DA:260,4
DA:262,3
DA:265,3
DA:270,3
DA:274,6
DA:279,6
DA:280,6
DA:281,6
DA:282,6
DA:284,6
DA:285,6
DA:286,3
DA:287,3
DA:289,3
DA:290,3
DA:295,6
DA:296,6
DA:299,6
DA:300,6
DA:301,6
DA:303,4
DA:307,4
DA:309,4
DA:314,4
DA:315,4
DA:316,4
DA:318,4
DA:319,3
DA:320,3
DA:323,4
DA:324,4
DA:325,4
DA:327,4
DA:328,3
DA:329,3
DA:331,4
DA:332,2
DA:333,2
DA:336,4
DA:337,20
DA:338,20
DA:339,17
DA:348,13
DA:349,13
DA:351,1
DA:352,1
DA:353,1
DA:355,16
DA:359,381
DA:360,18
DA:361,18
DA:362,18
DA:363,18
DA:364,18
DA:365,18
DA:366,18
DA:368,18
DA:369,1
DA:372,17
DA:374,17
DA:379,16
DA:380,2
DA:381,2
DA:384,14
DA:387,14
DA:388,1
DA:389,1
DA:392,13
DA:393,13
DA:394,3
DA:395,1
DA:396,2
DA:397,1
DA:399,10
DA:400,5
DA:401,5
DA:402,1
DA:403,4
DA:404,1
DA:405,3
DA:406,2
DA:409,13
DA:414,13
DA:415,6
DA:420,6
DA:421,6
DA:422,6
DA:423,6
DA:424,6
DA:426,6
DA:427,6
DA:429,6
DA:434,6
DA:435,4
DA:437,3
DA:439,3
DA:444,3
DA:447,6
DA:452,6
DA:453,6
DA:454,6
DA:455,6
DA:457,6
DA:458,6
DA:459,3
DA:460,3
DA:462,3
DA:463,3
DA:467,6
DA:468,6
DA:470,6
DA:471,6
DA:472,6
DA:473,4
DA:477,4
DA:479,4
DA:483,4
DA:484,4
DA:485,4
DA:487,4
DA:488,3
DA:489,3
DA:492,4
DA:493,4
DA:494,4
DA:496,4
DA:497,3
DA:498,3
DA:500,4
DA:501,2
DA:502,2
DA:505,4
DA:506,20
DA:507,20
DA:508,17
DA:517,13
DA:518,13
DA:520,1
DA:521,1
DA:522,1
DA:524,18
DA:528,381
DA:529,3
DA:530,3
DA:532,2
DA:550,2
DA:560,2
DA:566,2
DA:568,2
DA:574,1
DA:575,1
LF:267
LH:267
BRDA:19,0,0,2
BRDA:19,0,1,8
BRDA:19,1,0,10
BRDA:19,1,1,10
BRDA:32,2,0,8
BRDA:32,2,1,6
BRDA:32,3,0,8
BRDA:32,3,1,7
BRDA:32,4,0,8
BRDA:32,4,1,6
BRDA:32,5,0,8
BRDA:32,5,1,1
BRDA:32,6,0,2
BRDA:32,6,1,6
BRDA:51,7,0,5
BRDA:51,7,1,3
BRDA:52,8,0,5
BRDA:52,8,1,1
BRDA:58,9,0,3
BRDA:58,9,1,2
BRDA:67,10,0,5
BRDA:67,10,1,3
BRDA:78,11,0,1
BRDA:78,11,1,2
BRDA:100,12,0,4
BRDA:100,12,1,3
BRDA:107,13,0,4
BRDA:107,13,1,3
BRDA:108,14,0,4
BRDA:108,14,1,3
BRDA:120,15,0,1
BRDA:120,15,1,3
BRDA:120,16,0,4
BRDA:120,16,1,4
BRDA:125,17,0,1
BRDA:125,17,1,3
BRDA:126,18,0,1
BRDA:126,18,1,3
BRDA:127,19,0,1
BRDA:127,19,1,3
BRDA:129,20,0,3
BRDA:129,20,1,1
BRDA:133,21,0,1
BRDA:133,21,1,3
BRDA:141,22,0,2
BRDA:141,22,1,5
BRDA:201,23,0,2
BRDA:201,23,1,13
BRDA:214,24,0,3
BRDA:214,24,1,10
BRDA:215,25,0,1
BRDA:215,25,1,2
BRDA:217,26,0,1
BRDA:217,26,1,1
BRDA:220,27,0,6
BRDA:220,27,1,4
BRDA:222,28,0,1
BRDA:222,28,1,3
BRDA:224,29,0,1
BRDA:224,29,1,2
BRDA:226,30,0,1
BRDA:226,30,1,1
BRDA:237,31,0,6
BRDA:237,31,1,7
BRDA:237,32,0,13
BRDA:237,32,1,7
BRDA:260,33,0,1
BRDA:260,33,1,3
BRDA:279,34,0,6
BRDA:279,34,1,1
BRDA:285,35,0,3
BRDA:285,35,1,3
BRDA:295,36,0,6
BRDA:295,36,1,3
BRDA:296,37,0,6
BRDA:296,37,1,4
BRDA:301,38,0,4
BRDA:301,38,1,2
BRDA:318,39,0,3
BRDA:318,39,1,1
BRDA:318,40,0,4
BRDA:318,40,1,4
BRDA:323,41,0,2
BRDA:323,41,1,2
BRDA:324,42,0,2
BRDA:324,42,1,2
BRDA:325,43,0,2
BRDA:325,43,1,2
BRDA:327,44,0,3
BRDA:327,44,1,1
BRDA:331,45,0,2
BRDA:331,45,1,2
BRDA:338,46,0,17
BRDA:338,46,1,3
BRDA:341,47,0,17
BRDA:341,47,1,10
BRDA:341,48,0,17
BRDA:341,48,1,7
BRDA:368,49,0,1
BRDA:368,49,1,17
BRDA:379,50,0,2
BRDA:379,50,1,14
BRDA:387,51,0,1
BRDA:387,51,1,13
BRDA:393,52,0,3
BRDA:393,52,1,10
BRDA:394,53,0,1
BRDA:394,53,1,2
BRDA:396,54,0,1
BRDA:396,54,1,1
BRDA:399,55,0,5
BRDA:399,55,1,5
BRDA:401,56,0,1
BRDA:401,56,1,4
BRDA:403,57,0,1
BRDA:403,57,1,3
BRDA:405,58,0,2
BRDA:405,58,1,1
BRDA:411,59,0,13
BRDA:411,59,1,13
BRDA:414,60,0,6
BRDA:414,60,1,7
BRDA:435,61,0,1
BRDA:435,61,1,3
BRDA:452,62,0,6
BRDA:452,62,1,1
BRDA:458,63,0,3
BRDA:458,63,1,3
BRDA:467,64,0,6
BRDA:467,64,1,3
BRDA:468,65,0,6
BRDA:468,65,1,4
BRDA:472,66,0,4
BRDA:472,66,1,2
BRDA:487,67,0,3
BRDA:487,67,1,1
BRDA:487,68,0,4
BRDA:487,68,1,3
BRDA:492,69,0,2
BRDA:492,69,1,2
BRDA:493,70,0,2
BRDA:493,70,1,2
BRDA:494,71,0,2
BRDA:494,71,1,2
BRDA:496,72,0,3
BRDA:496,72,1,1
BRDA:500,73,0,2
BRDA:500,73,1,2
BRDA:507,74,0,17
BRDA:507,74,1,3
BRDA:510,75,0,17
BRDA:510,75,1,10
BRDA:510,76,0,17
BRDA:510,76,1,7
BRF:154
BRH:154
end_of_record
TN:
SF:routes/users.js
FN:1,registerUserRoutes
FN:7,(anonymous_1)
FN:74,(anonymous_2)
FN:128,(anonymous_3)
FN:200,(anonymous_4)
FNF:5
FNH:5
FNDA:364,registerUserRoutes
FNDA:4,(anonymous_1)
FNDA:7,(anonymous_2)
FNDA:10,(anonymous_3)
FNDA:8,(anonymous_4)
DA:1,343
DA:3,364
DA:8,4
DA:9,4
DA:10,4
DA:11,4
DA:13,4
DA:14,4
DA:17,3
DA:18,3
DA:19,3
DA:21,3
DA:22,1
DA:23,1
DA:24,1
DA:25,1
DA:28,3
DA:29,3
DA:31,3
DA:34,3
DA:38,3
DA:40,3
DA:42,3
DA:53,3
DA:63,1
DA:64,1
DA:70,364
DA:75,7
DA:77,7
DA:78,2
DA:84,5
DA:85,1
DA:88,4
DA:89,4
DA:90,4
DA:95,2
DA:106,2
DA:114,2
DA:115,1
DA:117,1
DA:118,1
DA:124,364
DA:129,10
DA:130,10
DA:132,10
DA:134,9
DA:136,9
DA:140,9
DA:141,2
DA:145,7
DA:146,1
DA:152,6
DA:153,1
DA:159,5
DA:160,5
DA:162,5
DA:163,1
DA:164,1
DA:165,1
DA:168,5
DA:169,5
DA:171,5
DA:173,3
DA:184,3
DA:186,2
DA:187,1
DA:189,1
DA:190,1
DA:196,364
DA:201,8
DA:203,8
DA:205,8
DA:206,2
DA:212,6
DA:216,5
DA:217,1
DA:221,4
DA:222,1
DA:227,3
DA:231,3
DA:232,1
DA:235,2
DA:246,2
DA:248,1
DA:249,1
LF:85
LH:85
BRDA:8,0,0,4
BRDA:8,0,1,1
BRDA:9,1,0,4
BRDA:9,1,1,1
BRDA:10,2,0,4
BRDA:10,2,1,3
BRDA:21,3,0,1
BRDA:21,3,1,2
BRDA:36,4,0,1
BRDA:36,4,1,2
BRDA:48,5,0,1
BRDA:48,5,1,2
BRDA:77,6,0,2
BRDA:77,6,1,5
BRDA:77,7,0,7
BRDA:77,7,1,7
BRDA:77,7,2,5
BRDA:77,7,3,5
BRDA:84,8,0,1
BRDA:84,8,1,4
BRDA:84,9,0,5
BRDA:84,9,1,1
BRDA:92,10,0,4
BRDA:92,10,1,3
BRDA:111,11,0,2
BRDA:111,11,1,1
BRDA:114,12,0,1
BRDA:114,12,1,1
BRDA:132,13,0,1
BRDA:132,13,1,9
BRDA:140,14,0,2
BRDA:140,14,1,7
BRDA:145,15,0,1
BRDA:145,15,1,6
BRDA:145,16,0,7
BRDA:145,16,1,1
BRDA:152,17,0,1
BRDA:152,17,1,5
BRDA:152,18,0,6
BRDA:152,18,1,1
BRDA:160,19,0,5
BRDA:160,19,1,2
BRDA:162,20,0,1
BRDA:162,20,1,4
BRDA:186,21,0,1
BRDA:186,21,1,1
BRDA:205,22,0,2
BRDA:205,22,1,6
BRDA:216,23,0,1
BRDA:216,23,1,4
BRDA:221,24,0,1
BRDA:221,24,1,3
BRDA:221,25,0,4
BRDA:221,25,1,1
BRDA:231,26,0,1
BRDA:231,26,1,2
BRF:56
BRH:56
end_of_record
TN:
SF:utils/journal.js
FN:9,(anonymous_0)
FNF:1
FNH:1
FNDA:10,(anonymous_0)
DA:9,346
DA:11,10
DA:15,10
DA:18,10
DA:19,26
DA:20,26
DA:21,3
DA:28,10
DA:31,346
LF:9
LH:9
BRDA:20,0,0,3
BRDA:20,0,1,23
BRDA:23,1,0,3
BRDA:23,1,1,1
BRDA:23,2,0,3
BRDA:23,2,1,2
BRF:6
BRH:6
end_of_record
