TN:
SF:index.js
FN:31,(anonymous_0)
FN:36,(anonymous_1)
FN:85,(anonymous_2)
FN:126,(anonymous_3)
FN:139,(anonymous_4)
FN:144,(anonymous_5)
FN:145,(anonymous_6)
FN:182,(anonymous_7)
FN:186,(anonymous_8)
FN:195,(anonymous_9)
FN:207,(anonymous_10)
FN:227,(anonymous_11)
FN:247,(anonymous_12)
FN:256,(anonymous_13)
FN:258,(anonymous_14)
FN:259,(anonymous_15)
FN:270,(anonymous_16)
FN:335,startServer
FN:344,(anonymous_18)
FN:350,(anonymous_19)
FNF:20
FNH:19
FNDA:1,(anonymous_0)
FNDA:6,(anonymous_1)
FNDA:5,(anonymous_2)
FNDA:39,(anonymous_3)
FNDA:15,(anonymous_4)
FNDA:1248,(anonymous_5)
FNDA:14,(anonymous_6)
FNDA:1,(anonymous_7)
FNDA:2,(anonymous_8)
FNDA:4,(anonymous_9)
FNDA:5,(anonymous_10)
FNDA:5,(anonymous_11)
FNDA:9,(anonymous_12)
FNDA:18,(anonymous_13)
FNDA:72,(anonymous_14)
FNDA:72,(anonymous_15)
FNDA:6,(anonymous_16)
FNDA:1,startServer
FNDA:1,(anonymous_18)
FNDA:0,(anonymous_19)
DA:1,52
DA:2,52
DA:3,52
DA:4,52
DA:5,52
DA:6,52
DA:7,52
DA:8,52
DA:9,52
DA:10,52
DA:11,52
DA:12,52
DA:13,52
DA:14,52
DA:15,52
DA:16,52
DA:18,52
DA:19,52
DA:20,52
DA:22,52
DA:24,52
DA:25,52
DA:26,52
DA:28,52
DA:29,52
DA:31,52
DA:32,1
DA:36,52
DA:37,6
DA:39,6
DA:40,1
DA:43,5
DA:44,1
DA:47,4
DA:48,1
DA:51,3
DA:52,3
DA:53,3
DA:58,1
DA:64,1
DA:76,2
DA:77,1
DA:79,1
DA:80,1
DA:85,52
DA:86,5
DA:88,5
DA:89,5
DA:91,4
DA:92,1
DA:95,3
DA:97,3
DA:98,1
DA:101,2
DA:103,2
DA:104,1
DA:107,1
DA:111,1
DA:121,1
DA:122,1
DA:126,52
DA:127,39
DA:128,39
DA:129,39
DA:130,38
DA:131,38
DA:132,37
DA:133,37
DA:135,1
DA:139,52
DA:140,15
DA:141,15
DA:144,52
DA:145,1248
DA:146,14
DA:148,4
DA:149,4
DA:150,3
DA:152,2
DA:153,2
DA:158,2
DA:159,1
DA:161,1
DA:164,1
DA:165,1
DA:170,52
DA:182,52
DA:183,1
DA:186,52
DA:187,2
DA:188,2
DA:189,1
DA:191,1
DA:195,52
DA:196,4
DA:197,4
DA:198,3
DA:199,3
DA:200,1
DA:202,2
DA:203,1
DA:207,52
DA:208,5
DA:209,5
DA:210,4
DA:213,4
DA:214,3
DA:215,2
DA:216,1
DA:219,1
DA:220,1
DA:221,1
DA:223,1
DA:227,52
DA:228,5
DA:229,5
DA:231,5
DA:233,4
DA:234,4
DA:237,4
DA:238,2
DA:239,2
DA:240,1
DA:247,9
DA:254,3
DA:255,2
DA:256,2
DA:257,18
DA:258,18
DA:259,72
DA:260,72
DA:262,18
DA:264,2
DA:266,1
DA:270,52
DA:271,6
DA:274,6
DA:275,3
DA:277,2
DA:278,2
DA:279,2
DA:283,2
DA:286,2
DA:287,2
DA:288,5
DA:289,5
DA:297,1
DA:298,1
DA:300,1
DA:301,1
DA:303,2
DA:305,2
DA:309,3
DA:310,2
DA:311,2
DA:315,1
DA:317,1
DA:324,52
DA:325,52
DA:326,52
DA:327,52
DA:328,52
DA:329,52
DA:330,52
DA:331,52
DA:332,52
DA:333,52
DA:336,1
DA:337,1
DA:338,1
DA:344,1
DA:345,1
DA:349,52
DA:350,0
DA:353,52
LF:175
LH:174
BRDA:25,0,0,52
BRDA:25,0,1,52
BRDA:26,1,0,52
BRDA:26,1,1,0
BRDA:39,2,0,1
BRDA:39,2,1,5
BRDA:39,3,0,6
BRDA:39,3,1,5
BRDA:39,3,2,5
BRDA:43,4,0,1
BRDA:43,4,1,4
BRDA:47,5,0,1
BRDA:47,5,1,3
BRDA:76,6,0,1
BRDA:76,6,1,1
BRDA:91,7,0,1
BRDA:91,7,1,3
BRDA:97,8,0,1
BRDA:97,8,1,2
BRDA:103,9,0,1
BRDA:103,9,1,1
BRDA:127,10,0,39
BRDA:127,10,1,1
BRDA:128,11,0,38
BRDA:128,11,1,1
BRDA:129,12,0,1
BRDA:129,12,1,38
BRDA:140,13,0,0
BRDA:140,13,1,15
BRDA:146,14,0,10
BRDA:146,14,1,4
BRDA:150,15,0,1
BRDA:150,15,1,2
BRDA:158,16,0,1
BRDA:158,16,1,1
BRDA:158,17,0,2
BRDA:158,17,1,1
BRDA:197,18,0,1
BRDA:197,18,1,3
BRDA:202,19,0,1
BRDA:202,19,1,1
BRDA:209,20,0,1
BRDA:209,20,1,4
BRDA:214,21,0,1
BRDA:214,21,1,2
BRDA:215,22,0,1
BRDA:215,22,1,1
BRDA:231,23,0,1
BRDA:231,23,1,4
BRDA:231,24,0,5
BRDA:231,24,1,3
BRDA:237,25,0,2
BRDA:237,25,1,2
BRDA:237,26,0,4
BRDA:237,26,1,2
BRDA:239,27,0,1
BRDA:239,27,1,1
BRDA:259,28,0,72
BRDA:259,28,1,8
BRDA:260,29,0,2
BRDA:260,29,1,70
BRDA:274,30,0,3
BRDA:274,30,1,3
BRDA:274,31,0,6
BRDA:274,31,1,3
BRDA:275,32,0,1
BRDA:275,32,1,2
BRDA:288,33,0,5
BRDA:288,33,1,0
BRDA:291,34,0,3
BRDA:291,34,1,2
BRDA:309,35,0,1
BRDA:309,35,1,2
BRDA:309,36,0,3
BRDA:309,36,1,2
BRDA:309,36,2,2
BRDA:313,37,0,2
BRDA:313,37,1,0
BRDA:337,38,0,1
BRDA:337,38,1,0
BRDA:349,39,0,0
BRDA:349,39,1,52
BRF:82
BRH:76
end_of_record
TN:
SF:routes/password-reset.js
FN:4,isValidEmail
FN:11,generateSixDigitCode
FN:16,buildResetCodeEmailHtml
FN:52,registerPasswordResetRoutes
FN:62,(anonymous_4)
FN:107,(anonymous_5)
FN:150,(anonymous_6)
FNF:7
FNH:7
FNDA:25,isValidEmail
FNDA:2,generateSixDigitCode
FNDA:2,buildResetCodeEmailHtml
FNDA:68,registerPasswordResetRoutes
FNDA:6,(anonymous_4)
FNDA:7,(anonymous_5)
FNDA:9,(anonymous_6)
DA:1,53
DA:2,53
DA:5,25
DA:6,24
DA:7,24
DA:8,19
DA:12,2
DA:13,2
DA:17,2
DA:18,2
DA:19,2
DA:20,2
DA:21,2
DA:23,2
DA:54,68
DA:62,68
DA:63,6
DA:64,6
DA:65,2
DA:68,4
DA:69,1
DA:70,1
DA:73,3
DA:74,3
DA:76,2
DA:78,1
DA:81,1
DA:82,1
DA:84,1
DA:90,1
DA:92,1
DA:99,1
DA:100,1
DA:102,1
DA:103,1
DA:107,68
DA:108,7
DA:109,7
DA:110,7
DA:111,5
DA:113,4
DA:114,4
DA:125,3
DA:127,2
DA:128,2
DA:129,2
DA:131,1
DA:132,1
DA:134,1
DA:143,1
DA:145,1
DA:146,1
DA:150,68
DA:151,9
DA:152,9
DA:153,9
DA:155,9
DA:156,7
DA:157,6
DA:159,5
DA:160,5
DA:172,4
DA:174,3
DA:175,3
DA:176,3
DA:178,2
DA:179,2
DA:180,2
DA:182,1
DA:184,1
DA:186,1
DA:187,1
DA:192,53
DA:198,53
LF:74
LH:74
BRDA:5,0,0,1
BRDA:5,0,1,24
BRDA:7,1,0,5
BRDA:7,1,1,19
BRDA:63,2,0,5
BRDA:63,2,1,1
BRDA:64,3,0,2
BRDA:64,3,1,4
BRDA:68,4,0,1
BRDA:68,4,1,3
BRDA:68,5,0,4
BRDA:68,5,1,3
BRDA:76,6,0,1
BRDA:76,6,1,1
BRDA:108,7,0,6
BRDA:108,7,1,1
BRDA:109,8,0,6
BRDA:109,8,1,1
BRDA:110,9,0,2
BRDA:110,9,1,5
BRDA:111,10,0,1
BRDA:111,10,1,4
BRDA:125,11,0,1
BRDA:125,11,1,2
BRDA:129,12,0,1
BRDA:129,12,1,1
BRDA:151,13,0,8
BRDA:151,13,1,1
BRDA:152,14,0,8
BRDA:152,14,1,1
BRDA:153,15,0,8
BRDA:153,15,1,1
BRDA:155,16,0,2
BRDA:155,16,1,7
BRDA:156,17,0,1
BRDA:156,17,1,6
BRDA:157,18,0,1
BRDA:157,18,1,5
BRDA:172,19,0,1
BRDA:172,19,1,3
BRDA:176,20,0,1
BRDA:176,20,1,2
BRDA:180,21,0,1
BRDA:180,21,1,1
BRF:44
BRH:44
end_of_record
TN:
SF:routes/products.js
FN:1,registerProductRoutes
FN:6,(anonymous_1)
FN:59,(anonymous_2)
FN:106,(anonymous_3)
FN:131,(anonymous_4)
FN:172,(anonymous_5)
FN:243,(anonymous_6)
FNF:7
FNH:7
FNDA:75,registerProductRoutes
FNDA:3,(anonymous_1)
FNDA:3,(anonymous_2)
FNDA:2,(anonymous_3)
FNDA:4,(anonymous_4)
FNDA:7,(anonymous_5)
FNDA:4,(anonymous_6)
DA:1,53
DA:2,75
DA:7,3
DA:8,3
DA:9,3
DA:10,3
DA:12,3
DA:13,3
DA:15,2
DA:16,2
DA:17,2
DA:19,2
DA:20,1
DA:21,1
DA:22,1
DA:23,1
DA:26,2
DA:27,2
DA:29,2
DA:31,2
DA:35,2
DA:37,2
DA:39,2
DA:49,1
DA:50,1
DA:55,75
DA:61,3
DA:63,3
DA:64,1
DA:69,2
DA:70,2
DA:71,2
DA:83,1
DA:85,1
DA:96,1
DA:97,1
DA:102,75
DA:107,2
DA:109,2
DA:111,2
DA:112,2
DA:113,2
DA:117,1
DA:119,1
DA:121,1
DA:122,1
DA:127,75
DA:132,4
DA:134,4
DA:135,4
DA:137,4
DA:141,3
DA:142,1
DA:143,1
DA:146,2
DA:148,2
DA:152,2
DA:155,2
DA:156,2
DA:158,2
DA:160,2
DA:162,1
DA:163,1
DA:168,75
DA:173,7
DA:175,7
DA:176,1
DA:179,6
DA:180,6
DA:181,6
DA:183,6
DA:187,5
DA:188,1
DA:189,1
DA:191,4
DA:192,4
DA:193,4
DA:195,4
DA:196,1
DA:197,1
DA:198,3
DA:199,2
DA:200,1
DA:201,1
DA:203,1
DA:204,1
DA:206,1
DA:207,1
DA:210,2
DA:215,2
DA:227,2
DA:228,2
DA:230,1
DA:231,1
DA:232,1
DA:234,6
DA:239,75
DA:244,4
DA:246,4
DA:247,1
DA:250,3
DA:251,3
DA:252,3
DA:254,3
DA:255,4
DA:256,4
DA:258,4
DA:259,3
DA:264,2
DA:278,2
DA:279,2
DA:281,1
DA:282,1
DA:283,1
DA:285,3
LF:115
LH:115
BRDA:7,0,0,3
BRDA:7,0,1,1
BRDA:8,1,0,3
BRDA:8,1,1,1
BRDA:9,2,0,3
BRDA:9,2,1,2
BRDA:19,3,0,1
BRDA:19,3,1,1
BRDA:33,4,0,1
BRDA:33,4,1,1
BRDA:63,5,0,1
BRDA:63,5,1,2
BRDA:63,6,0,3
BRDA:63,6,1,2
BRDA:76,7,0,2
BRDA:76,7,1,1
BRDA:77,8,0,2
BRDA:77,8,1,1
BRDA:78,9,0,2
BRDA:78,9,1,1
BRDA:79,10,0,2
BRDA:79,10,1,1
BRDA:80,11,0,2
BRDA:80,11,1,2
BRDA:141,12,0,1
BRDA:141,12,1,2
BRDA:155,13,0,2
BRDA:155,13,1,1
BRDA:175,14,0,1
BRDA:175,14,1,6
BRDA:175,15,0,7
BRDA:175,15,1,7
BRDA:175,15,2,6
BRDA:187,16,0,1
BRDA:187,16,1,4
BRDA:195,17,0,1
BRDA:195,17,1,3
BRDA:198,18,0,2
BRDA:198,18,1,1
BRDA:199,19,0,1
BRDA:199,19,1,1
BRDA:223,20,0,2
BRDA:223,20,1,1
BRDA:246,21,0,1
BRDA:246,21,1,3
BRDA:246,22,0,4
BRDA:246,22,1,4
BRDA:258,23,0,3
BRDA:258,23,1,1
BRDA:272,24,0,2
BRDA:272,24,1,1
BRF:51
BRH:51
end_of_record
TN:
SF:routes/profile.js
FN:1,registerProfileRoutes
FN:3,(anonymous_1)
FN:22,(anonymous_2)
FN:53,(anonymous_3)
FNF:4
FNH:4
FNDA:65,registerProfileRoutes
FNDA:3,(anonymous_1)
FNDA:4,(anonymous_2)
FNDA:6,(anonymous_3)
DA:1,53
DA:3,65
DA:4,3
DA:5,3
DA:10,2
DA:11,1
DA:14,1
DA:16,1
DA:17,1
DA:22,65
DA:23,4
DA:25,4
DA:26,1
DA:29,3
DA:31,3
DA:36,2
DA:37,1
DA:40,1
DA:45,1
DA:47,1
DA:48,1
DA:53,65
DA:54,6
DA:56,6
DA:57,1
DA:60,5
DA:61,1
DA:64,4
DA:66,4
DA:68,3
DA:69,1
DA:72,2
DA:75,2
DA:76,2
DA:77,1
DA:81,1
DA:84,1
DA:86,1
DA:88,1
DA:89,1
LF:40
LH:40
BRDA:10,0,0,1
BRDA:10,0,1,1
BRDA:25,1,0,1
BRDA:25,1,1,3
BRDA:25,2,0,4
BRDA:25,2,1,4
BRDA:36,3,0,1
BRDA:36,3,1,1
BRDA:56,4,0,1
BRDA:56,4,1,5
BRDA:56,5,0,6
BRDA:56,5,1,6
BRDA:60,6,0,1
BRDA:60,6,1,4
BRDA:68,7,0,1
BRDA:68,7,1,2
BRDA:76,8,0,1
BRDA:76,8,1,1
BRF:18
BRH:18
end_of_record
TN:
SF:routes/reports.js
FN:1,registerReportRoutes
FN:6,(anonymous_1)
FN:92,(anonymous_2)
FN:114,(anonymous_3)
FN:129,(anonymous_4)
FN:131,(anonymous_5)
FN:135,(anonymous_6)
FN:145,(anonymous_7)
FN:167,(anonymous_8)
FNF:9
FNH:9
FNDA:64,registerReportRoutes
FNDA:4,(anonymous_1)
FNDA:5,(anonymous_2)
FNDA:4,(anonymous_3)
FNDA:4,(anonymous_4)
FNDA:8,(anonymous_5)
FNDA:4,(anonymous_6)
FNDA:3,(anonymous_7)
FNDA:3,(anonymous_8)
DA:1,53
DA:2,64
DA:7,4
DA:9,4
DA:10,1
DA:13,3
DA:14,3
DA:16,2
DA:20,2
DA:22,2
DA:32,2
DA:34,2
DA:44,2
DA:45,2
DA:47,2
DA:49,2
DA:51,2
DA:82,1
DA:83,1
DA:88,64
DA:93,5
DA:95,5
DA:96,1
DA:101,4
DA:102,4
DA:104,3
DA:114,4
DA:115,3
DA:116,3
DA:117,2
DA:126,2
DA:129,4
DA:131,8
DA:134,3
DA:135,3
DA:136,4
DA:137,4
DA:138,3
DA:140,4
DA:143,3
DA:145,3
DA:150,3
DA:152,3
DA:157,1
DA:158,1
DA:163,64
DA:168,3
DA:169,3
DA:171,2
DA:174,2
DA:176,2
DA:179,2
DA:181,2
DA:183,2
DA:185,2
DA:186,2
DA:188,2
DA:190,2
DA:197,2
DA:199,2
DA:201,2
DA:203,2
DA:205,2
DA:225,1
DA:226,1
LF:65
LH:65
BRDA:9,0,0,1
BRDA:9,0,1,3
BRDA:9,1,0,4
BRDA:9,1,1,3
BRDA:20,2,0,2
BRDA:20,2,1,1
BRDA:32,3,0,2
BRDA:32,3,1,1
BRDA:44,4,0,2
BRDA:44,4,1,1
BRDA:68,5,0,2
BRDA:68,5,1,1
BRDA:77,6,0,2
BRDA:77,6,1,1
BRDA:95,7,0,1
BRDA:95,7,1,4
BRDA:95,8,0,5
BRDA:95,8,1,4
BRDA:116,9,0,2
BRDA:116,9,1,1
BRDA:137,10,0,3
BRDA:137,10,1,1
BRDA:174,11,0,2
BRDA:174,11,1,1
BRDA:179,12,0,2
BRDA:179,12,1,1
BRDA:197,13,0,2
BRDA:197,13,1,1
BRF:28
BRH:28
end_of_record
TN:
SF:routes/settings.js
FN:1,registerSettingsRoutes
FN:2,(anonymous_1)
FN:9,(anonymous_2)
FN:20,(anonymous_3)
FNF:4
FNH:4
FNDA:59,registerSettingsRoutes
FNDA:2,(anonymous_1)
FNDA:1,(anonymous_2)
FNDA:5,(anonymous_3)
DA:1,53
DA:2,59
DA:3,2
DA:4,2
DA:5,1
DA:6,1
DA:8,1
DA:9,1
DA:10,1
DA:13,1
DA:15,1
DA:16,1
DA:20,59
DA:21,5
DA:23,5
DA:24,5
DA:26,4
DA:27,2
DA:33,4
DA:34,2
DA:40,4
DA:41,4
DA:43,1
DA:44,1
LF:24
LH:24
BRDA:26,0,0,2
BRDA:26,0,1,2
BRDA:33,1,0,2
BRDA:33,1,1,2
BRF:4
BRH:4
end_of_record
TN:
SF:routes/stock-forecast.js
FN:9,processBatch
FN:20,imputeMissingValues
FN:61,normalizeAnomalies
FN:75,(anonymous_3)
FN:79,(anonymous_4)
FN:97,prepareTimeSeries
FN:104,(anonymous_6)
FN:104,(anonymous_7)
FN:141,createSlidingWindow
FN:150,(anonymous_9)
FN:156,buildGeminiPrompt
FN:175,callGeminiAPI
FN:245,(anonymous_12)
FN:276,computeWeeklyStats
FN:282,(anonymous_14)
FN:286,(anonymous_15)
FN:288,(anonymous_16)
FN:293,computeTrendDirection
FN:302,extractJson
FN:380,validateOutput
FN:438,(anonymous_20)
FN:438,(anonymous_21)
FN:441,(anonymous_22)
FN:539,(anonymous_23)
FN:539,(anonymous_24)
FN:580,fallbackExponentialSmoothing
FN:594,roundUpToMultiple
FN:601,generateStockRecommendation
FN:611,(anonymous_28)
FN:612,(anonymous_29)
FN:752,normalizeDrugName
FN:762,loadMonthlySalesFromXlsx
FN:823,buildDailySeriesFromDayMap
FN:838,getDayMapRange
FN:851,diffDaysInclusive
FN:858,runWeeklyForecastJob
FN:871,(anonymous_36)
FN:930,startWeeklyForecastScheduler
FN:932,(anonymous_38)
FN:955,registerStockForecastRoutes
FN:959,(anonymous_40)
FN:980,(anonymous_41)
FN:1002,(anonymous_42)
FN:1052,(anonymous_43)
FNF:44
FNH:44
FNDA:3,processBatch
FNDA:10,imputeMissingValues
FNDA:13,normalizeAnomalies
FNDA:16348,(anonymous_3)
FNDA:15261,(anonymous_4)
FNDA:7,prepareTimeSeries
FNDA:4,(anonymous_6)
FNDA:4,(anonymous_7)
FNDA:11,createSlidingWindow
FNDA:5532,(anonymous_9)
FNDA:10,buildGeminiPrompt
FNDA:15,callGeminiAPI
FNDA:3,(anonymous_12)
FNDA:16,computeWeeklyStats
FNDA:896,(anonymous_14)
FNDA:128,(anonymous_15)
FNDA:128,(anonymous_16)
FNDA:4,computeTrendDirection
FNDA:14,extractJson
FNDA:20,validateOutput
FNDA:3,(anonymous_20)
FNDA:3,(anonymous_21)
FNDA:1,(anonymous_22)
FNDA:28,(anonymous_23)
FNDA:196,(anonymous_24)
FNDA:10,fallbackExponentialSmoothing
FNDA:3,roundUpToMultiple
FNDA:8,generateStockRecommendation
FNDA:213,(anonymous_28)
FNDA:883,(anonymous_29)
FNDA:4,normalizeDrugName
FNDA:3,loadMonthlySalesFromXlsx
FNDA:1,buildDailySeriesFromDayMap
FNDA:3,getDayMapRange
FNDA:3,diffDaysInclusive
FNDA:10,runWeeklyForecastJob
FNDA:2,(anonymous_36)
FNDA:4,startWeeklyForecastScheduler
FNDA:6003,(anonymous_38)
FNDA:60,registerStockForecastRoutes
FNDA:2,(anonymous_40)
FNDA:4,(anonymous_41)
FNDA:3,(anonymous_42)
FNDA:6,(anonymous_43)
DA:2,53
DA:3,53
DA:4,53
DA:5,53
DA:7,53
DA:10,3
DA:11,3
DA:12,4
DA:13,4
DA:14,4
DA:15,4
DA:17,3
DA:21,10
DA:23,9
DA:25,9
DA:26,1109
DA:28,1100
DA:29,1100
DA:30,1093
DA:31,1093
DA:32,1093
DA:36,1100
DA:37,1100
DA:38,199294
DA:39,1095
DA:40,1095
DA:44,1100
DA:46,1100
DA:47,1091
DA:48,1091
DA:49,9
DA:50,2
DA:51,7
DA:52,4
DA:55,1100
DA:58,9
DA:62,13
DA:64,7
DA:65,7
DA:67,7
DA:68,1116
DA:69,1116
DA:71,1113
DA:72,1113
DA:74,1113
DA:75,16348
DA:77,1113
DA:79,15261
DA:81,1112
DA:82,1112
DA:83,1112
DA:85,1112
DA:86,1112
DA:88,1112
DA:89,2
DA:90,2
DA:94,7
DA:98,7
DA:101,7
DA:102,2
DA:103,5
DA:104,4
DA:105,4
DA:106,3
DA:108,1
DA:111,1
DA:114,7
DA:115,7
DA:117,7
DA:118,7
DA:119,7
DA:120,7
DA:121,5
DA:122,5
DA:123,5
DA:126,7
DA:127,7
DA:128,1102
DA:129,1102
DA:130,1102
DA:131,1102
DA:132,1102
DA:135,7
DA:136,7
DA:138,7
DA:142,11
DA:143,11
DA:145,11
DA:147,9
DA:148,9
DA:149,791
DA:150,5532
DA:151,791
DA:153,9
DA:157,10
DA:172,10
DA:176,15
DA:187,15
DA:188,5
DA:189,5
DA:190,5
DA:193,10
DA:194,10
DA:195,10
DA:197,10
DA:198,10
DA:199,10
DA:200,10
DA:201,10
DA:202,10
DA:204,10
DA:205,16
DA:209,16
DA:210,16
DA:212,16
DA:213,16
DA:234,16
DA:239,4
DA:240,4
DA:241,4
DA:243,4
DA:244,4
DA:245,3
DA:248,4
DA:249,4
DA:250,4
DA:252,4
DA:254,12
DA:255,12
DA:256,12
DA:257,12
DA:258,2
DA:259,2
DA:260,2
DA:261,10
DA:262,2
DA:264,8
DA:266,12
DA:271,6
DA:272,6
DA:273,6
DA:277,16
DA:278,16
DA:280,14
DA:281,14
DA:282,896
DA:283,128
DA:286,128
DA:288,128
DA:289,14
DA:290,14
DA:294,4
DA:295,3
DA:296,3
DA:297,3
DA:298,3
DA:299,3
DA:303,14
DA:305,13
DA:306,13
DA:308,13
DA:313,13
DA:315,13
DA:316,13
DA:317,3
DA:320,13
DA:321,10
DA:322,10
DA:323,10
DA:324,3
DA:328,13
DA:329,7
DA:332,6
DA:339,6
DA:341,4
DA:342,4
DA:344,4
DA:345,2
DA:346,2
DA:347,1
DA:349,2
DA:350,2
DA:354,4
DA:355,4
DA:356,14
DA:357,3
DA:358,3
DA:359,1
DA:361,3
DA:362,3
DA:363,3
DA:368,4
DA:369,3
DA:373,1
DA:375,2
DA:376,2
DA:381,20
DA:382,20
DA:383,20
DA:384,20
DA:386,20
DA:388,20
DA:389,20
DA:390,13
DA:392,13
DA:393,1
DA:394,12
DA:395,12
DA:398,7
DA:401,20
DA:402,7
DA:403,7
DA:404,7
DA:407,20
DA:408,6
DA:409,6
DA:421,6
DA:422,38
DA:423,38
DA:424,2
DA:425,2
DA:426,2
DA:427,2
DA:428,2
DA:434,20
DA:435,4
DA:436,4
DA:437,4
DA:438,3
DA:440,2
DA:441,2
DA:443,2
DA:444,3
DA:445,1
DA:446,1
DA:447,1
DA:451,2
DA:452,1
DA:453,1
DA:459,20
DA:460,2
DA:461,2
DA:464,18
DA:465,18
DA:466,5
DA:468,18
DA:469,4
DA:471,18
DA:472,3
DA:473,3
DA:474,3
DA:475,3
DA:476,1
DA:477,1
DA:479,2
DA:480,2
DA:481,2
DA:482,1
DA:483,1
DA:489,18
DA:490,1
DA:493,17
DA:494,1
DA:495,1
DA:496,1
DA:500,16
DA:501,1
DA:504,15
DA:505,15
DA:507,15
DA:510,15
DA:514,15
DA:515,1
DA:518,15
DA:519,15
DA:521,15
DA:522,15
DA:524,15
DA:525,15
DA:526,15
DA:528,15
DA:529,15
DA:530,15
DA:531,15
DA:532,15
DA:533,15
DA:534,15
DA:535,15
DA:537,15
DA:538,15
DA:539,196
DA:541,14
DA:542,14
DA:544,14
DA:546,14
DA:547,14
DA:549,14
DA:550,14
DA:551,14
DA:552,14
DA:553,14
DA:554,14
DA:556,14
DA:558,14
DA:564,1
DA:565,1
DA:569,14
DA:570,1
DA:571,1
DA:574,13
DA:575,13
DA:576,13
DA:577,13
DA:581,10
DA:582,9
DA:583,9
DA:584,9
DA:585,876
DA:586,876
DA:589,9
DA:590,9
DA:591,9
DA:595,3
DA:596,3
DA:597,3
DA:598,2
DA:602,8
DA:603,8
DA:605,8
DA:606,8
DA:608,8
DA:609,8
DA:610,8
DA:611,213
DA:612,883
DA:614,8
DA:615,8
DA:616,8
DA:617,8
DA:618,8
DA:619,8
DA:620,8
DA:621,8
DA:623,8
DA:624,8
DA:639,8
DA:677,8
DA:678,2
DA:679,2
DA:681,2
DA:687,2
DA:688,1
DA:689,1
DA:690,1
DA:692,1
DA:693,1
DA:695,1
DA:696,1
DA:699,6
DA:700,6
DA:701,6
DA:704,8
DA:705,7
DA:706,1
DA:708,7
DA:711,8
DA:712,8
DA:713,8
DA:715,8
DA:743,8
DA:744,8
DA:745,8
DA:746,8
DA:747,8
DA:749,8
DA:753,4
DA:763,3
DA:764,3
DA:766,3
DA:767,2
DA:769,1
DA:770,1
DA:772,1
DA:773,5
DA:774,4
DA:775,4
DA:777,3
DA:778,3
DA:780,2
DA:781,2
DA:782,2
DA:783,7
DA:784,7
DA:785,3
DA:789,2
DA:790,3
DA:791,3
DA:792,3
DA:793,3
DA:795,2
DA:796,2
DA:797,1
DA:798,1
DA:801,2
DA:802,3
DA:803,3
DA:804,3
DA:805,1
DA:806,2
DA:807,2
DA:808,2
DA:809,2
DA:810,2
DA:813,3
DA:814,3
DA:820,1
DA:824,1
DA:826,1
DA:827,3
DA:828,3
DA:829,3
DA:832,1
DA:833,1
DA:835,1
DA:839,3
DA:840,2
DA:841,2
DA:842,2
DA:843,4
DA:844,4
DA:845,3
DA:846,3
DA:848,2
DA:852,3
DA:853,2
DA:854,2
DA:855,1
DA:859,10
DA:860,10
DA:862,10
DA:864,2
DA:865,2
DA:866,2
DA:871,2
DA:872,2
DA:876,2
DA:877,2
DA:879,2
DA:894,2
DA:897,2
DA:899,2
DA:900,2
DA:922,2
DA:927,2
DA:931,4
DA:932,4
DA:933,6003
DA:934,6003
DA:937,8
DA:938,8
DA:939,8
DA:940,8
DA:941,7
DA:943,6002
DA:944,6002
DA:951,4
DA:952,4
DA:955,53
DA:956,60
DA:960,2
DA:961,2
DA:962,2
DA:967,1
DA:968,1
DA:970,1
DA:971,1
DA:976,60
DA:981,4
DA:982,4
DA:983,4
DA:984,4
DA:985,4
DA:986,1
DA:987,1
DA:989,4
DA:990,4
DA:991,3
DA:993,1
DA:998,60
DA:1003,3
DA:1004,3
DA:1005,3
DA:1006,3
DA:1035,3
DA:1036,1
DA:1037,1
DA:1039,3
DA:1040,3
DA:1041,2
DA:1043,1
DA:1048,60
DA:1053,6
DA:1055,6
DA:1056,1
DA:1059,5
DA:1060,5
DA:1063,5
DA:1064,1
DA:1067,4
DA:1069,4
DA:1074,3
DA:1075,1
DA:1078,2
DA:1080,2
DA:1107,2
DA:1109,1
DA:1110,1
DA:1116,53
DA:1117,53
DA:1118,53
DA:1119,53
DA:1120,53
DA:1121,53
DA:1122,53
DA:1123,53
DA:1124,53
DA:1125,53
DA:1126,53
DA:1127,53
DA:1129,53
LF:530
LH:530
BRDA:21,0,0,1
BRDA:21,0,1,9
BRDA:21,1,0,10
BRDA:21,1,1,9
BRDA:26,2,0,9
BRDA:26,2,1,1100
BRDA:26,3,0,1109
BRDA:26,3,1,9
BRDA:30,4,0,1093
BRDA:30,4,1,0
BRDA:38,5,0,1095
BRDA:38,5,1,198199
BRDA:46,6,0,1091
BRDA:46,6,1,9
BRDA:46,7,0,1100
BRDA:46,7,1,1093
BRDA:49,8,0,2
BRDA:49,8,1,7
BRDA:51,9,0,4
BRDA:51,9,1,3
BRDA:61,10,0,1
BRDA:62,11,0,6
BRDA:62,11,1,7
BRDA:62,12,0,13
BRDA:62,12,1,13
BRDA:69,13,0,3
BRDA:69,13,1,1113
BRDA:77,14,0,1
BRDA:77,14,1,1112
BRDA:88,15,0,2
BRDA:88,15,1,1110
BRDA:88,16,0,1112
BRDA:88,16,1,1112
BRDA:97,17,0,1
BRDA:98,18,0,6
BRDA:98,18,1,1
BRDA:101,19,0,2
BRDA:101,19,1,5
BRDA:103,20,0,4
BRDA:103,20,1,1
BRDA:103,21,0,5
BRDA:103,21,1,5
BRDA:105,22,0,3
BRDA:105,22,1,1
BRDA:118,23,0,7
BRDA:118,23,1,1
BRDA:119,24,0,7
BRDA:119,24,1,0
BRDA:120,25,0,2
BRDA:120,25,1,5
BRDA:120,26,0,7
BRDA:120,26,1,7
BRDA:122,27,0,5
BRDA:122,27,1,1
BRDA:123,28,0,5
BRDA:123,28,1,5
BRDA:123,29,0,5
BRDA:123,29,1,0
BRDA:132,30,0,5
BRDA:132,30,1,1097
BRDA:141,31,0,1
BRDA:141,32,0,9
BRDA:142,33,0,11
BRDA:142,33,1,0
BRDA:143,34,0,11
BRDA:143,34,1,0
BRDA:145,35,0,2
BRDA:145,35,1,9
BRDA:145,36,0,11
BRDA:145,36,1,11
BRDA:150,37,0,5532
BRDA:150,37,1,0
BRDA:156,38,0,1
BRDA:165,39,0,10
BRDA:165,39,1,9
BRDA:166,40,0,10
BRDA:166,40,1,9
BRDA:187,41,0,5
BRDA:187,41,1,10
BRDA:244,42,0,3
BRDA:244,42,1,1
BRDA:244,43,0,4
BRDA:244,43,1,4
BRDA:245,44,0,3
BRDA:245,44,1,0
BRDA:257,45,0,2
BRDA:257,45,1,10
BRDA:261,46,0,2
BRDA:261,46,1,8
BRDA:272,47,0,6
BRDA:272,47,1,3
BRDA:276,48,0,0
BRDA:277,49,0,16
BRDA:277,49,1,0
BRDA:278,50,0,2
BRDA:278,50,1,14
BRDA:278,51,0,16
BRDA:278,51,1,16
BRDA:282,52,0,896
BRDA:282,52,1,0
BRDA:288,53,0,14
BRDA:288,53,1,0
BRDA:294,54,0,1
BRDA:294,54,1,3
BRDA:294,55,0,4
BRDA:294,55,1,4
BRDA:299,56,0,1
BRDA:299,56,1,2
BRDA:299,57,0,1
BRDA:299,57,1,1
BRDA:303,58,0,1
BRDA:303,58,1,13
BRDA:316,59,0,3
BRDA:316,59,1,10
BRDA:320,60,0,10
BRDA:320,60,1,3
BRDA:323,61,0,3
BRDA:323,61,1,7
BRDA:323,62,0,10
BRDA:323,62,1,4
BRDA:323,62,2,3
BRDA:328,63,0,7
BRDA:328,63,1,6
BRDA:341,64,0,4
BRDA:341,64,1,0
BRDA:341,65,0,4
BRDA:341,65,1,4
BRDA:344,66,0,2
BRDA:344,66,1,2
BRDA:344,67,0,4
BRDA:344,67,1,2
BRDA:346,68,0,1
BRDA:346,68,1,1
BRDA:349,69,0,2
BRDA:349,69,1,0
BRDA:349,70,0,2
BRDA:349,70,1,2
BRDA:349,70,2,2
BRDA:356,71,0,3
BRDA:356,71,1,11
BRDA:356,72,0,14
BRDA:356,72,1,3
BRDA:358,73,0,1
BRDA:358,73,1,2
BRDA:361,74,0,3
BRDA:361,74,1,0
BRDA:361,75,0,3
BRDA:361,75,1,3
BRDA:361,75,2,3
BRDA:368,76,0,3
BRDA:368,76,1,1
BRDA:392,77,0,1
BRDA:392,77,1,12
BRDA:394,78,0,12
BRDA:394,78,1,0
BRDA:394,79,0,12
BRDA:394,79,1,12
BRDA:401,80,0,7
BRDA:401,80,1,13
BRDA:404,81,0,1
BRDA:404,81,1,6
BRDA:407,82,0,6
BRDA:407,82,1,14
BRDA:423,83,0,2
BRDA:423,83,1,36
BRDA:423,84,0,38
BRDA:423,84,1,2
BRDA:425,85,0,2
BRDA:425,85,1,0
BRDA:425,86,0,2
BRDA:425,86,1,2
BRDA:425,86,2,2
BRDA:434,87,0,4
BRDA:434,87,1,16
BRDA:437,88,0,2
BRDA:437,88,1,2
BRDA:437,89,0,4
BRDA:437,89,1,2
BRDA:438,90,0,3
BRDA:438,90,1,3
BRDA:438,90,2,3
BRDA:440,91,0,2
BRDA:440,91,1,0
BRDA:444,92,0,1
BRDA:444,92,1,2
BRDA:451,93,0,1
BRDA:451,93,1,1
BRDA:459,94,0,2
BRDA:459,94,1,18
BRDA:465,95,0,5
BRDA:465,95,1,13
BRDA:465,96,0,18
BRDA:465,96,1,13
BRDA:468,97,0,4
BRDA:468,97,1,14
BRDA:468,98,0,18
BRDA:468,98,1,14
BRDA:471,99,0,3
BRDA:471,99,1,15
BRDA:471,100,0,18
BRDA:471,100,1,15
BRDA:475,101,0,1
BRDA:475,101,1,2
BRDA:475,102,0,3
BRDA:475,102,1,1
BRDA:479,103,0,2
BRDA:479,103,1,0
BRDA:481,104,0,1
BRDA:481,104,1,1
BRDA:489,105,0,1
BRDA:489,105,1,17
BRDA:489,106,0,18
BRDA:489,106,1,17
BRDA:493,107,0,1
BRDA:493,107,1,16
BRDA:495,108,0,1
BRDA:495,108,1,0
BRDA:500,109,0,1
BRDA:500,109,1,15
BRDA:507,110,0,15
BRDA:507,110,1,15
BRDA:510,111,0,3
BRDA:510,111,1,12
BRDA:514,112,0,1
BRDA:514,112,1,14
BRDA:521,113,0,15
BRDA:521,113,1,0
BRDA:521,114,0,15
BRDA:521,114,1,0
BRDA:537,115,0,15
BRDA:537,115,1,0
BRDA:538,116,0,14
BRDA:538,116,1,1
BRDA:539,117,0,196
BRDA:539,117,1,0
BRDA:558,118,0,1
BRDA:558,118,1,13
BRDA:559,119,0,14
BRDA:559,119,1,1
BRDA:559,119,2,1
BRDA:559,119,3,1
BRDA:569,120,0,1
BRDA:569,120,1,13
BRDA:569,121,0,14
BRDA:569,121,1,13
BRDA:580,122,0,0
BRDA:581,123,0,1
BRDA:581,123,1,9
BRDA:581,124,0,10
BRDA:581,124,1,10
BRDA:582,125,0,9
BRDA:582,125,1,0
BRDA:583,126,0,8
BRDA:583,126,1,1
BRDA:585,127,0,875
BRDA:585,127,1,1
BRDA:589,128,0,9
BRDA:589,128,1,0
BRDA:597,129,0,1
BRDA:597,129,1,2
BRDA:602,130,0,8
BRDA:602,130,1,0
BRDA:603,131,0,8
BRDA:603,131,1,0
BRDA:605,132,0,8
BRDA:605,132,1,0
BRDA:608,133,0,8
BRDA:608,133,1,6
BRDA:611,134,0,213
BRDA:611,134,1,0
BRDA:612,135,0,883
BRDA:612,135,1,0
BRDA:621,136,0,2
BRDA:621,136,1,6
BRDA:621,137,0,8
BRDA:621,137,1,4
BRDA:666,138,0,1
BRDA:666,138,1,7
BRDA:687,139,0,1
BRDA:687,139,1,1
BRDA:692,140,0,1
BRDA:692,140,1,0
BRDA:692,141,0,1
BRDA:692,141,1,1
BRDA:700,142,0,6
BRDA:700,142,1,0
BRDA:704,143,0,7
BRDA:704,143,1,1
BRDA:705,144,0,1
BRDA:705,144,1,6
BRDA:705,145,0,7
BRDA:705,145,1,2
BRDA:712,146,0,8
BRDA:712,146,1,7
BRDA:713,147,0,1
BRDA:713,147,1,7
BRDA:724,148,0,8
BRDA:724,148,1,7
BRDA:725,149,0,1
BRDA:725,149,1,7
BRDA:734,150,0,1
BRDA:734,150,1,7
BRDA:734,151,0,8
BRDA:734,151,1,1
BRDA:735,152,0,1
BRDA:735,152,1,7
BRDA:753,153,0,4
BRDA:753,153,1,1
BRDA:766,154,0,1
BRDA:766,154,1,2
BRDA:767,155,0,1
BRDA:767,155,1,1
BRDA:773,156,0,1
BRDA:773,156,1,4
BRDA:775,157,0,1
BRDA:775,157,1,3
BRDA:778,158,0,1
BRDA:778,158,1,2
BRDA:778,159,0,3
BRDA:778,159,1,3
BRDA:780,160,0,2
BRDA:780,160,1,0
BRDA:784,161,0,3
BRDA:784,161,1,4
BRDA:784,162,0,7
BRDA:784,162,1,7
BRDA:790,163,0,3
BRDA:790,163,1,0
BRDA:793,164,0,1
BRDA:793,164,1,2
BRDA:796,165,0,1
BRDA:796,165,1,1
BRDA:804,166,0,1
BRDA:804,166,1,2
BRDA:806,167,0,2
BRDA:806,167,1,0
BRDA:806,168,0,2
BRDA:806,168,1,2
BRDA:809,169,0,2
BRDA:809,169,1,0
BRDA:813,170,0,3
BRDA:813,170,1,0
BRDA:813,171,0,3
BRDA:813,171,1,3
BRDA:814,172,0,3
BRDA:814,172,1,3
BRDA:829,173,0,2
BRDA:829,173,1,1
BRDA:839,174,0,1
BRDA:839,174,1,2
BRDA:839,175,0,3
BRDA:839,175,1,3
BRDA:844,176,0,1
BRDA:844,176,1,3
BRDA:845,177,0,2
BRDA:845,177,1,1
BRDA:845,178,0,3
BRDA:845,178,1,1
BRDA:846,179,0,3
BRDA:846,179,1,0
BRDA:846,180,0,3
BRDA:846,180,1,1
BRDA:852,181,0,1
BRDA:852,181,1,2
BRDA:852,182,0,3
BRDA:852,182,1,2
BRDA:854,183,0,1
BRDA:854,183,1,1
BRDA:854,184,0,2
BRDA:854,184,1,2
BRDA:858,185,0,0
BRDA:859,186,0,3
BRDA:859,186,1,7
BRDA:860,187,0,3
BRDA:860,187,1,7
BRDA:877,188,0,2
BRDA:877,188,1,0
BRDA:886,189,0,2
BRDA:886,189,1,0
BRDA:887,190,0,2
BRDA:887,190,1,0
BRDA:897,191,0,2
BRDA:897,191,1,0
BRDA:912,192,0,2
BRDA:912,192,1,0
BRDA:913,193,0,2
BRDA:913,193,1,0
BRDA:914,194,0,2
BRDA:914,194,1,0
BRDA:915,195,0,2
BRDA:915,195,1,0
BRDA:915,195,2,0
BRDA:916,196,0,2
BRDA:916,196,1,2
BRDA:917,197,0,2
BRDA:917,197,1,2
BRDA:927,198,0,2
BRDA:927,198,1,0
BRDA:930,199,0,0
BRDA:931,200,0,3
BRDA:931,200,1,1
BRDA:937,201,0,2
BRDA:937,201,1,6
BRDA:939,202,0,8
BRDA:939,202,1,2
BRDA:940,203,0,1
BRDA:940,203,1,7
BRDA:946,204,0,6002
BRDA:946,204,1,0
BRDA:981,205,0,4
BRDA:981,205,1,3
BRDA:985,206,0,1
BRDA:985,206,1,3
BRDA:991,207,0,3
BRDA:991,207,1,0
BRDA:1003,208,0,3
BRDA:1003,208,1,2
BRDA:1035,209,0,1
BRDA:1035,209,1,2
BRDA:1041,210,0,2
BRDA:1041,210,1,0
BRDA:1055,211,0,1
BRDA:1055,211,1,5
BRDA:1055,212,0,6
BRDA:1055,212,1,6
BRDA:1063,213,0,1
BRDA:1063,213,1,4
BRDA:1063,214,0,5
BRDA:1063,214,1,5
BRDA:1074,215,0,1
BRDA:1074,215,1,2
BRDA:1086,216,0,2
BRDA:1086,216,1,0
BRDA:1087,217,0,2
BRDA:1087,217,1,0
BRF:435
BRH:379
end_of_record
TN:
SF:routes/suppliers.js
FN:1,registerSupplierRoutes
FN:6,(anonymous_1)
FN:56,(anonymous_2)
FN:79,(anonymous_3)
FN:100,(anonymous_4)
FNF:5
FNH:5
FNDA:52,registerSupplierRoutes
FNDA:3,(anonymous_1)
FNDA:3,(anonymous_2)
FNDA:2,(anonymous_3)
FNDA:2,(anonymous_4)
DA:1,52
DA:2,52
DA:7,3
DA:8,3
DA:9,3
DA:10,3
DA:12,3
DA:13,3
DA:14,2
DA:15,2
DA:16,2
DA:18,2
DA:19,1
DA:20,1
DA:21,1
DA:24,2
DA:25,2
DA:27,2
DA:28,2
DA:32,2
DA:34,2
DA:36,2
DA:46,1
DA:47,1
DA:52,52
DA:57,3
DA:58,3
DA:60,2
DA:61,2
DA:65,1
DA:69,1
DA:70,1
DA:75,52
DA:80,2
DA:81,2
DA:83,2
DA:84,2
DA:88,1
DA:90,1
DA:91,1
DA:96,52
DA:101,2
DA:103,2
DA:104,2
DA:105,1
DA:107,1
DA:108,1
LF:47
LH:47
BRDA:7,0,0,3
BRDA:7,0,1,1
BRDA:8,1,0,3
BRDA:8,1,1,1
BRDA:9,2,0,3
BRDA:9,2,1,2
BRDA:18,3,0,1
BRDA:18,3,1,1
BRDA:30,4,0,1
BRDA:30,4,1,1
BRDA:58,5,0,1
BRDA:58,5,1,2
BRF:12
BRH:12
end_of_record
TN:
SF:routes/transactions.js
FN:3,registerTransactionRoutes
FN:14,(anonymous_1)
FN:82,(anonymous_2)
FN:153,(anonymous_3)
FN:221,(anonymous_4)
FNF:5
FNH:5
FNDA:81,registerTransactionRoutes
FNDA:5,(anonymous_1)
FNDA:11,(anonymous_2)
FNDA:11,(anonymous_3)
FNDA:2,(anonymous_4)
DA:1,53
DA:3,53
DA:4,81
DA:10,81
DA:16,5
DA:18,5
DA:19,1
DA:22,4
DA:23,4
DA:24,4
DA:26,4
DA:28,4
DA:32,3
DA:34,3
DA:35,3
DA:40,3
DA:41,1
DA:48,3
DA:49,1
DA:59,1
DA:60,1
DA:62,1
DA:63,1
DA:65,2
DA:69,2
DA:70,2
DA:73,1
DA:74,1
DA:75,1
DA:77,4
DA:82,81
DA:83,11
DA:84,11
DA:85,11
DA:87,11
DA:92,10
DA:93,1
DA:96,9
DA:98,9
DA:100,9
DA:101,9
DA:103,9
DA:105,9
DA:106,3
DA:107,1
DA:108,2
DA:109,1
DA:111,6
DA:112,2
DA:113,4
DA:114,1
DA:115,3
DA:116,1
DA:117,2
DA:118,1
DA:121,9
DA:123,9
DA:128,9
DA:129,2
DA:134,2
DA:135,1
DA:142,9
DA:143,9
DA:145,1
DA:146,1
DA:147,1
DA:149,11
DA:153,81
DA:154,11
DA:155,11
DA:156,11
DA:157,11
DA:158,11
DA:159,11
DA:161,11
DA:166,10
DA:167,1
DA:170,9
DA:171,9
DA:173,9
DA:174,3
DA:175,1
DA:176,2
DA:177,1
DA:179,6
DA:180,1
DA:181,5
DA:182,1
DA:183,4
DA:184,1
DA:185,3
DA:186,2
DA:189,9
DA:191,9
DA:196,9
DA:197,2
DA:202,2
DA:203,1
DA:210,9
DA:211,9
DA:213,1
DA:214,1
DA:215,1
DA:217,11
DA:221,81
DA:222,2
DA:223,2
DA:225,1
DA:232,1
DA:242,1
DA:248,1
DA:250,1
DA:256,1
DA:257,1
LF:114
LH:114
BRDA:18,0,0,1
BRDA:18,0,1,4
BRDA:18,1,0,5
BRDA:18,1,1,5
BRDA:30,2,0,4
BRDA:30,2,1,3
BRDA:30,3,0,4
BRDA:30,3,1,3
BRDA:30,4,0,4
BRDA:30,4,1,3
BRDA:30,5,0,4
BRDA:30,5,1,1
BRDA:30,6,0,1
BRDA:30,6,1,3
BRDA:40,7,0,1
BRDA:40,7,1,2
BRDA:48,8,0,1
BRDA:48,8,1,2
BRDA:92,9,0,1
BRDA:92,9,1,9
BRDA:105,10,0,3
BRDA:105,10,1,6
BRDA:106,11,0,1
BRDA:106,11,1,2
BRDA:108,12,0,1
BRDA:108,12,1,1
BRDA:111,13,0,2
BRDA:111,13,1,4
BRDA:113,14,0,1
BRDA:113,14,1,3
BRDA:115,15,0,1
BRDA:115,15,1,2
BRDA:117,16,0,1
BRDA:117,16,1,1
BRDA:128,17,0,2
BRDA:128,17,1,7
BRDA:128,18,0,9
BRDA:128,18,1,3
BRDA:166,19,0,1
BRDA:166,19,1,9
BRDA:173,20,0,3
BRDA:173,20,1,6
BRDA:174,21,0,1
BRDA:174,21,1,2
BRDA:176,22,0,1
BRDA:176,22,1,1
BRDA:179,23,0,1
BRDA:179,23,1,5
BRDA:181,24,0,1
BRDA:181,24,1,4
BRDA:183,25,0,1
BRDA:183,25,1,3
BRDA:185,26,0,2
BRDA:185,26,1,1
BRDA:196,27,0,2
BRDA:196,27,1,7
BRDA:196,28,0,9
BRDA:196,28,1,2
BRF:58
BRH:58
end_of_record
TN:
SF:routes/users.js
FN:1,registerUserRoutes
FN:7,(anonymous_1)
FN:63,(anonymous_2)
FN:105,(anonymous_3)
FN:165,(anonymous_4)
FNF:5
FNH:5
FNDA:74,registerUserRoutes
FNDA:3,(anonymous_1)
FNDA:5,(anonymous_2)
FNDA:8,(anonymous_3)
FNDA:6,(anonymous_4)
DA:1,53
DA:3,74
DA:8,3
DA:9,3
DA:10,3
DA:11,3
DA:13,3
DA:14,3
DA:17,2
DA:18,2
DA:19,2
DA:21,2
DA:22,1
DA:23,1
DA:24,1
DA:25,1
DA:28,2
DA:29,2
DA:31,2
DA:34,2
DA:38,2
DA:40,2
DA:42,2
DA:52,1
DA:53,1
DA:59,74
DA:64,5
DA:66,5
DA:67,1
DA:73,4
DA:74,1
DA:77,3
DA:78,3
DA:79,3
DA:83,1
DA:91,2
DA:92,1
DA:94,1
DA:95,1
DA:101,74
DA:106,8
DA:107,8
DA:109,8
DA:111,7
DA:113,7
DA:117,7
DA:118,1
DA:122,6
DA:123,1
DA:129,5
DA:130,1
DA:136,4
DA:137,4
DA:139,4
DA:140,1
DA:141,1
DA:142,1
DA:145,4
DA:146,4
DA:148,4
DA:149,2
DA:151,2
DA:152,1
DA:154,1
DA:155,1
DA:161,74
DA:166,6
DA:168,6
DA:170,6
DA:171,1
DA:177,5
DA:181,4
DA:182,1
DA:186,3
DA:187,1
DA:192,2
DA:196,2
DA:197,1
DA:200,1
DA:202,1
DA:203,1
LF:81
LH:81
BRDA:8,0,0,3
BRDA:8,0,1,1
BRDA:9,1,0,3
BRDA:9,1,1,1
BRDA:10,2,0,3
BRDA:10,2,1,2
BRDA:21,3,0,1
BRDA:21,3,1,1
BRDA:36,4,0,1
BRDA:36,4,1,1
BRDA:66,5,0,1
BRDA:66,5,1,4
BRDA:66,6,0,5
BRDA:66,6,1,5
BRDA:66,6,2,4
BRDA:66,6,3,4
BRDA:73,7,0,1
BRDA:73,7,1,3
BRDA:73,8,0,4
BRDA:73,8,1,1
BRDA:81,9,0,3
BRDA:81,9,1,3
BRDA:88,10,0,1
BRDA:88,10,1,1
BRDA:91,11,0,1
BRDA:91,11,1,1
BRDA:109,12,0,1
BRDA:109,12,1,7
BRDA:117,13,0,1
BRDA:117,13,1,6
BRDA:122,14,0,1
BRDA:122,14,1,5
BRDA:122,15,0,6
BRDA:122,15,1,1
BRDA:129,16,0,1
BRDA:129,16,1,4
BRDA:129,17,0,5
BRDA:129,17,1,1
BRDA:137,18,0,4
BRDA:137,18,1,2
BRDA:139,19,0,1
BRDA:139,19,1,3
BRDA:151,20,0,1
BRDA:151,20,1,1
BRDA:170,21,0,1
BRDA:170,21,1,5
BRDA:181,22,0,1
BRDA:181,22,1,3
BRDA:186,23,0,1
BRDA:186,23,1,2
BRDA:186,24,0,3
BRDA:186,24,1,1
BRDA:196,25,0,1
BRDA:196,25,1,1
BRF:54
BRH:54
end_of_record
